{"/Users/john/work/job-tracker/src/App.tsx": {"path":"/Users/john/work/job-tracker/src/App.tsx","statementMap":{"0":{"start":{"line":40,"column":42},"end":{"line":45,"column":null}},"1":{"start":{"line":48,"column":22},"end":{"line":48,"column":null}},"2":{"start":{"line":49,"column":22},"end":{"line":49,"column":null}},"3":{"start":{"line":50,"column":24},"end":{"line":50,"column":null}},"4":{"start":{"line":51,"column":38},"end":{"line":51,"column":null}},"5":{"start":{"line":52,"column":34},"end":{"line":52,"column":null}},"6":{"start":{"line":53,"column":48},"end":{"line":53,"column":null}},"7":{"start":{"line":55,"column":34},"end":{"line":55,"column":null}},"8":{"start":{"line":56,"column":32},"end":{"line":56,"column":null}},"9":{"start":{"line":57,"column":36},"end":{"line":57,"column":null}},"10":{"start":{"line":58,"column":42},"end":{"line":58,"column":null}},"11":{"start":{"line":59,"column":38},"end":{"line":59,"column":null}},"12":{"start":{"line":60,"column":42},"end":{"line":60,"column":null}},"13":{"start":{"line":61,"column":42},"end":{"line":61,"column":null}},"14":{"start":{"line":62,"column":52},"end":{"line":62,"column":null}},"15":{"start":{"line":63,"column":52},"end":{"line":63,"column":null}},"16":{"start":{"line":64,"column":34},"end":{"line":64,"column":null}},"17":{"start":{"line":65,"column":40},"end":{"line":65,"column":null}},"18":{"start":{"line":66,"column":34},"end":{"line":66,"column":null}},"19":{"start":{"line":67,"column":36},"end":{"line":67,"column":null}},"20":{"start":{"line":68,"column":30},"end":{"line":68,"column":null}},"21":{"start":{"line":69,"column":8},"end":{"line":69,"column":null}},"22":{"start":{"line":70,"column":8},"end":{"line":70,"column":null}},"23":{"start":{"line":71,"column":8},"end":{"line":71,"column":null}},"24":{"start":{"line":74,"column":61},"end":{"line":74,"column":null}},"25":{"start":{"line":77,"column":74},"end":{"line":78,"column":null}},"26":{"start":{"line":80,"column":2},"end":{"line":102,"column":null}},"27":{"start":{"line":81,"column":21},"end":{"line":81,"column":null}},"28":{"start":{"line":84,"column":21},"end":{"line":84,"column":null}},"29":{"start":{"line":85,"column":6},"end":{"line":87,"column":null}},"30":{"start":{"line":86,"column":8},"end":{"line":86,"column":null}},"31":{"start":{"line":89,"column":6},"end":{"line":89,"column":null}},"32":{"start":{"line":90,"column":6},"end":{"line":90,"column":null}},"33":{"start":{"line":92,"column":6},"end":{"line":94,"column":null}},"34":{"start":{"line":93,"column":8},"end":{"line":93,"column":null}},"35":{"start":{"line":97,"column":4},"end":{"line":97,"column":null}},"36":{"start":{"line":99,"column":4},"end":{"line":101,"column":null}},"37":{"start":{"line":100,"column":6},"end":{"line":100,"column":null}},"38":{"start":{"line":104,"column":2},"end":{"line":134,"column":null}},"39":{"start":{"line":105,"column":4},"end":{"line":107,"column":null}},"40":{"start":{"line":106,"column":6},"end":{"line":106,"column":null}},"41":{"start":{"line":109,"column":22},"end":{"line":109,"column":null}},"42":{"start":{"line":110,"column":4},"end":{"line":110,"column":null}},"43":{"start":{"line":111,"column":22},"end":{"line":111,"column":null}},"44":{"start":{"line":113,"column":4},"end":{"line":113,"column":null}},"45":{"start":{"line":116,"column":6},"end":{"line":126,"column":null}},"46":{"start":{"line":117,"column":8},"end":{"line":117,"column":null}},"47":{"start":{"line":119,"column":8},"end":{"line":121,"column":null}},"48":{"start":{"line":120,"column":10},"end":{"line":120,"column":null}},"49":{"start":{"line":123,"column":8},"end":{"line":125,"column":null}},"50":{"start":{"line":124,"column":10},"end":{"line":124,"column":null}},"51":{"start":{"line":129,"column":4},"end":{"line":129,"column":null}},"52":{"start":{"line":131,"column":4},"end":{"line":133,"column":null}},"53":{"start":{"line":132,"column":6},"end":{"line":132,"column":null}},"54":{"start":{"line":137,"column":37},"end":{"line":145,"column":null}},"55":{"start":{"line":148,"column":8},"end":{"line":151,"column":null}},"56":{"start":{"line":154,"column":56},"end":{"line":157,"column":null}},"57":{"start":{"line":160,"column":30},"end":{"line":160,"column":null}},"58":{"start":{"line":162,"column":2},"end":{"line":164,"column":null}},"59":{"start":{"line":163,"column":4},"end":{"line":163,"column":null}},"60":{"start":{"line":163,"column":32},"end":{"line":163,"column":61}},"61":{"start":{"line":166,"column":8},"end":{"line":166,"column":null}},"62":{"start":{"line":166,"column":40},"end":{"line":166,"column":81}},"63":{"start":{"line":166,"column":72},"end":{"line":166,"column":78}},"64":{"start":{"line":167,"column":8},"end":{"line":170,"column":null}},"65":{"start":{"line":168,"column":10},"end":{"line":168,"column":null}},"66":{"start":{"line":168,"column":41},"end":{"line":168,"column":60}},"67":{"start":{"line":171,"column":8},"end":{"line":174,"column":null}},"68":{"start":{"line":172,"column":10},"end":{"line":172,"column":null}},"69":{"start":{"line":175,"column":29},"end":{"line":175,"column":null}},"70":{"start":{"line":176,"column":30},"end":{"line":176,"column":null}},"71":{"start":{"line":178,"column":2},"end":{"line":182,"column":null}},"72":{"start":{"line":179,"column":4},"end":{"line":181,"column":null}},"73":{"start":{"line":180,"column":6},"end":{"line":180,"column":null}},"74":{"start":{"line":184,"column":2},"end":{"line":186,"column":null}},"75":{"start":{"line":185,"column":4},"end":{"line":185,"column":null}},"76":{"start":{"line":189,"column":28},"end":{"line":189,"column":null}},"77":{"start":{"line":190,"column":4},"end":{"line":192,"column":null}},"78":{"start":{"line":191,"column":6},"end":{"line":191,"column":null}},"79":{"start":{"line":194,"column":4},"end":{"line":198,"column":null}},"80":{"start":{"line":195,"column":6},"end":{"line":195,"column":null}},"81":{"start":{"line":195,"column":27},"end":{"line":195,"column":84}},"82":{"start":{"line":197,"column":6},"end":{"line":197,"column":null}},"83":{"start":{"line":197,"column":27},"end":{"line":197,"column":73}},"84":{"start":{"line":199,"column":4},"end":{"line":199,"column":null}},"85":{"start":{"line":203,"column":4},"end":{"line":203,"column":null}},"86":{"start":{"line":207,"column":4},"end":{"line":207,"column":null}},"87":{"start":{"line":207,"column":25},"end":{"line":207,"column":58}},"88":{"start":{"line":208,"column":4},"end":{"line":210,"column":null}},"89":{"start":{"line":209,"column":6},"end":{"line":209,"column":null}},"90":{"start":{"line":211,"column":4},"end":{"line":213,"column":null}},"91":{"start":{"line":212,"column":6},"end":{"line":212,"column":null}},"92":{"start":{"line":217,"column":4},"end":{"line":217,"column":null}},"93":{"start":{"line":217,"column":25},"end":{"line":217,"column":76}},"94":{"start":{"line":221,"column":4},"end":{"line":229,"column":null}},"95":{"start":{"line":222,"column":19},"end":{"line":222,"column":null}},"96":{"start":{"line":223,"column":6},"end":{"line":227,"column":null}},"97":{"start":{"line":224,"column":8},"end":{"line":224,"column":null}},"98":{"start":{"line":226,"column":8},"end":{"line":226,"column":null}},"99":{"start":{"line":228,"column":6},"end":{"line":228,"column":null}},"100":{"start":{"line":233,"column":4},"end":{"line":235,"column":null}},"101":{"start":{"line":234,"column":6},"end":{"line":234,"column":null}},"102":{"start":{"line":237,"column":4},"end":{"line":251,"column":null}},"103":{"start":{"line":238,"column":19},"end":{"line":238,"column":null}},"104":{"start":{"line":240,"column":6},"end":{"line":248,"column":null}},"105":{"start":{"line":241,"column":8},"end":{"line":243,"column":null}},"106":{"start":{"line":242,"column":10},"end":{"line":242,"column":null}},"107":{"start":{"line":245,"column":8},"end":{"line":247,"column":null}},"108":{"start":{"line":246,"column":10},"end":{"line":246,"column":null}},"109":{"start":{"line":250,"column":6},"end":{"line":250,"column":null}},"110":{"start":{"line":255,"column":4},"end":{"line":255,"column":null}},"111":{"start":{"line":255,"column":41},"end":{"line":255,"column":null}},"112":{"start":{"line":257,"column":32},"end":{"line":257,"column":null}},"113":{"start":{"line":258,"column":4},"end":{"line":258,"column":null}},"114":{"start":{"line":258,"column":30},"end":{"line":258,"column":48}},"115":{"start":{"line":259,"column":4},"end":{"line":259,"column":null}},"116":{"start":{"line":259,"column":25},"end":{"line":259,"column":75}},"117":{"start":{"line":260,"column":4},"end":{"line":266,"column":null}},"118":{"start":{"line":261,"column":19},"end":{"line":261,"column":null}},"119":{"start":{"line":262,"column":6},"end":{"line":264,"column":null}},"120":{"start":{"line":263,"column":8},"end":{"line":263,"column":null}},"121":{"start":{"line":265,"column":6},"end":{"line":265,"column":null}},"122":{"start":{"line":267,"column":4},"end":{"line":270,"column":null}},"123":{"start":{"line":274,"column":4},"end":{"line":274,"column":null}},"124":{"start":{"line":274,"column":32},"end":{"line":274,"column":null}},"125":{"start":{"line":276,"column":4},"end":{"line":283,"column":null}},"126":{"start":{"line":277,"column":19},"end":{"line":277,"column":null}},"127":{"start":{"line":278,"column":23},"end":{"line":278,"column":null}},"128":{"start":{"line":279,"column":6},"end":{"line":281,"column":null}},"129":{"start":{"line":280,"column":8},"end":{"line":280,"column":null}},"130":{"start":{"line":282,"column":6},"end":{"line":282,"column":null}},"131":{"start":{"line":284,"column":4},"end":{"line":284,"column":null}},"132":{"start":{"line":288,"column":4},"end":{"line":295,"column":null}},"133":{"start":{"line":289,"column":22},"end":{"line":289,"column":null}},"134":{"start":{"line":290,"column":12},"end":{"line":290,"column":null}},"135":{"start":{"line":291,"column":6},"end":{"line":291,"column":null}},"136":{"start":{"line":292,"column":6},"end":{"line":292,"column":null}},"137":{"start":{"line":294,"column":6},"end":{"line":294,"column":null}},"138":{"start":{"line":299,"column":4},"end":{"line":299,"column":null}},"139":{"start":{"line":303,"column":18},"end":{"line":303,"column":null}},"140":{"start":{"line":304,"column":17},"end":{"line":304,"column":null}},"141":{"start":{"line":305,"column":4},"end":{"line":305,"column":null}},"142":{"start":{"line":305,"column":15},"end":{"line":305,"column":null}},"143":{"start":{"line":307,"column":19},"end":{"line":307,"column":null}},"144":{"start":{"line":308,"column":4},"end":{"line":332,"column":null}},"145":{"start":{"line":309,"column":6},"end":{"line":331,"column":null}},"146":{"start":{"line":310,"column":24},"end":{"line":310,"column":null}},"147":{"start":{"line":311,"column":14},"end":{"line":311,"column":null}},"148":{"start":{"line":312,"column":8},"end":{"line":315,"column":null}},"149":{"start":{"line":313,"column":10},"end":{"line":313,"column":null}},"150":{"start":{"line":314,"column":10},"end":{"line":314,"column":null}},"151":{"start":{"line":317,"column":14},"end":{"line":317,"column":null}},"152":{"start":{"line":318,"column":8},"end":{"line":318,"column":null}},"153":{"start":{"line":318,"column":34},"end":{"line":318,"column":52}},"154":{"start":{"line":319,"column":8},"end":{"line":319,"column":null}},"155":{"start":{"line":320,"column":8},"end":{"line":320,"column":null}},"156":{"start":{"line":321,"column":8},"end":{"line":321,"column":null}},"157":{"start":{"line":322,"column":8},"end":{"line":325,"column":null}},"158":{"start":{"line":327,"column":8},"end":{"line":327,"column":null}},"159":{"start":{"line":330,"column":8},"end":{"line":330,"column":null}},"160":{"start":{"line":333,"column":4},"end":{"line":333,"column":null}},"161":{"start":{"line":337,"column":4},"end":{"line":337,"column":null}},"162":{"start":{"line":338,"column":4},"end":{"line":338,"column":null}},"163":{"start":{"line":342,"column":4},"end":{"line":342,"column":null}},"164":{"start":{"line":346,"column":4},"end":{"line":346,"column":null}},"165":{"start":{"line":350,"column":4},"end":{"line":350,"column":null}},"166":{"start":{"line":351,"column":4},"end":{"line":351,"column":null}},"167":{"start":{"line":352,"column":4},"end":{"line":352,"column":null}},"168":{"start":{"line":353,"column":4},"end":{"line":353,"column":null}},"169":{"start":{"line":354,"column":4},"end":{"line":354,"column":null}},"170":{"start":{"line":355,"column":4},"end":{"line":355,"column":null}},"171":{"start":{"line":359,"column":4},"end":{"line":362,"column":null}},"172":{"start":{"line":360,"column":6},"end":{"line":360,"column":null}},"173":{"start":{"line":360,"column":37},"end":{"line":360,"column":72}},"174":{"start":{"line":361,"column":6},"end":{"line":361,"column":null}},"175":{"start":{"line":364,"column":4},"end":{"line":364,"column":null}},"176":{"start":{"line":365,"column":4},"end":{"line":365,"column":null}},"177":{"start":{"line":368,"column":2},"end":{"line":539,"column":null}},"178":{"start":{"line":396,"column":46},"end":{"line":396,"column":93}},"179":{"start":{"line":416,"column":69},"end":{"line":416,"column":91}},"180":{"start":{"line":419,"column":69},"end":{"line":419,"column":90}},"181":{"start":{"line":428,"column":37},"end":{"line":428,"column":null}},"182":{"start":{"line":435,"column":69},"end":{"line":435,"column":98}},"183":{"start":{"line":460,"column":16},"end":{"line":467,"column":null}},"184":{"start":{"line":463,"column":33},"end":{"line":463,"column":null}},"185":{"start":{"line":474,"column":45},"end":{"line":474,"column":null}},"186":{"start":{"line":474,"column":81},"end":{"line":474,"column":89}}},"fnMap":{"0":{"name":"App","decl":{"start":{"line":47,"column":9},"end":{"line":47,"column":15}},"loc":{"start":{"line":47,"column":15},"end":{"line":541,"column":null}},"line":47},"1":{"name":"(anonymous_1)","decl":{"start":{"line":80,"column":12},"end":{"line":80,"column":18}},"loc":{"start":{"line":80,"column":18},"end":{"line":102,"column":5}},"line":80},"2":{"name":"hydrateFromStorage","decl":{"start":{"line":83,"column":19},"end":{"line":83,"column":55}},"loc":{"start":{"line":83,"column":55},"end":{"line":95,"column":null}},"line":83},"3":{"name":"(anonymous_3)","decl":{"start":{"line":99,"column":11},"end":{"line":99,"column":17}},"loc":{"start":{"line":99,"column":17},"end":{"line":101,"column":null}},"line":99},"4":{"name":"(anonymous_4)","decl":{"start":{"line":104,"column":12},"end":{"line":104,"column":18}},"loc":{"start":{"line":104,"column":18},"end":{"line":134,"column":5}},"line":104},"5":{"name":"persistJobs","decl":{"start":{"line":115,"column":19},"end":{"line":115,"column":48}},"loc":{"start":{"line":115,"column":48},"end":{"line":127,"column":null}},"line":115},"6":{"name":"(anonymous_6)","decl":{"start":{"line":131,"column":11},"end":{"line":131,"column":17}},"loc":{"start":{"line":131,"column":17},"end":{"line":133,"column":null}},"line":131},"7":{"name":"(anonymous_7)","decl":{"start":{"line":162,"column":12},"end":{"line":162,"column":18}},"loc":{"start":{"line":162,"column":18},"end":{"line":164,"column":5}},"line":162},"8":{"name":"(anonymous_8)","decl":{"start":{"line":163,"column":19},"end":{"line":163,"column":20}},"loc":{"start":{"line":163,"column":32},"end":{"line":163,"column":61}},"line":163},"9":{"name":"(anonymous_9)","decl":{"start":{"line":166,"column":34},"end":{"line":166,"column":40}},"loc":{"start":{"line":166,"column":40},"end":{"line":166,"column":81}},"line":166},"10":{"name":"(anonymous_10)","decl":{"start":{"line":166,"column":63},"end":{"line":166,"column":64}},"loc":{"start":{"line":166,"column":72},"end":{"line":166,"column":78}},"line":166},"11":{"name":"(anonymous_11)","decl":{"start":{"line":168,"column":4},"end":{"line":168,"column":10}},"loc":{"start":{"line":168,"column":10},"end":{"line":168,"column":null}},"line":168},"12":{"name":"(anonymous_12)","decl":{"start":{"line":168,"column":33},"end":{"line":168,"column":34}},"loc":{"start":{"line":168,"column":41},"end":{"line":168,"column":60}},"line":168},"13":{"name":"(anonymous_13)","decl":{"start":{"line":172,"column":4},"end":{"line":172,"column":10}},"loc":{"start":{"line":172,"column":10},"end":{"line":172,"column":null}},"line":172},"14":{"name":"(anonymous_14)","decl":{"start":{"line":178,"column":12},"end":{"line":178,"column":18}},"loc":{"start":{"line":178,"column":18},"end":{"line":182,"column":5}},"line":178},"15":{"name":"(anonymous_15)","decl":{"start":{"line":184,"column":12},"end":{"line":184,"column":18}},"loc":{"start":{"line":184,"column":18},"end":{"line":186,"column":5}},"line":184},"16":{"name":"handleSubmitJob","decl":{"start":{"line":188,"column":11},"end":{"line":188,"column":27}},"loc":{"start":{"line":188,"column":74},"end":{"line":200,"column":null}},"line":188},"17":{"name":"(anonymous_17)","decl":{"start":{"line":195,"column":14},"end":{"line":195,"column":15}},"loc":{"start":{"line":195,"column":27},"end":{"line":195,"column":84}},"line":195},"18":{"name":"(anonymous_18)","decl":{"start":{"line":197,"column":14},"end":{"line":197,"column":15}},"loc":{"start":{"line":197,"column":27},"end":{"line":197,"column":73}},"line":197},"19":{"name":"handleEditJob","decl":{"start":{"line":202,"column":11},"end":{"line":202,"column":25}},"loc":{"start":{"line":202,"column":41},"end":{"line":204,"column":null}},"line":202},"20":{"name":"handleRemoveJob","decl":{"start":{"line":206,"column":11},"end":{"line":206,"column":27}},"loc":{"start":{"line":206,"column":45},"end":{"line":214,"column":null}},"line":206},"21":{"name":"(anonymous_21)","decl":{"start":{"line":207,"column":12},"end":{"line":207,"column":13}},"loc":{"start":{"line":207,"column":25},"end":{"line":207,"column":58}},"line":207},"22":{"name":"handleQuickMove","decl":{"start":{"line":216,"column":11},"end":{"line":216,"column":27}},"loc":{"start":{"line":216,"column":68},"end":{"line":218,"column":null}},"line":216},"23":{"name":"(anonymous_23)","decl":{"start":{"line":217,"column":12},"end":{"line":217,"column":13}},"loc":{"start":{"line":217,"column":25},"end":{"line":217,"column":76}},"line":217},"24":{"name":"toggleJobSelection","decl":{"start":{"line":220,"column":11},"end":{"line":220,"column":30}},"loc":{"start":{"line":220,"column":48},"end":{"line":230,"column":null}},"line":220},"25":{"name":"(anonymous_25)","decl":{"start":{"line":221,"column":19},"end":{"line":221,"column":20}},"loc":{"start":{"line":221,"column":32},"end":{"line":229,"column":5}},"line":221},"26":{"name":"toggleSelectAllVisible","decl":{"start":{"line":232,"column":11},"end":{"line":232,"column":42}},"loc":{"start":{"line":232,"column":42},"end":{"line":252,"column":null}},"line":232},"27":{"name":"(anonymous_27)","decl":{"start":{"line":237,"column":19},"end":{"line":237,"column":20}},"loc":{"start":{"line":237,"column":32},"end":{"line":251,"column":5}},"line":237},"28":{"name":"bulkDeleteSelected","decl":{"start":{"line":254,"column":11},"end":{"line":254,"column":38}},"loc":{"start":{"line":254,"column":38},"end":{"line":271,"column":null}},"line":254},"29":{"name":"(anonymous_29)","decl":{"start":{"line":258,"column":17},"end":{"line":258,"column":18}},"loc":{"start":{"line":258,"column":30},"end":{"line":258,"column":48}},"line":258},"30":{"name":"(anonymous_30)","decl":{"start":{"line":259,"column":12},"end":{"line":259,"column":13}},"loc":{"start":{"line":259,"column":25},"end":{"line":259,"column":75}},"line":259},"31":{"name":"(anonymous_31)","decl":{"start":{"line":260,"column":19},"end":{"line":260,"column":20}},"loc":{"start":{"line":260,"column":32},"end":{"line":266,"column":5}},"line":260},"32":{"name":"undo","decl":{"start":{"line":273,"column":11},"end":{"line":273,"column":24}},"loc":{"start":{"line":273,"column":24},"end":{"line":285,"column":null}},"line":273},"33":{"name":"(anonymous_33)","decl":{"start":{"line":276,"column":17},"end":{"line":276,"column":18}},"loc":{"start":{"line":276,"column":30},"end":{"line":283,"column":5}},"line":276},"34":{"name":"handleExport","decl":{"start":{"line":287,"column":11},"end":{"line":287,"column":24}},"loc":{"start":{"line":287,"column":54},"end":{"line":296,"column":null}},"line":287},"35":{"name":"handleImportClick","decl":{"start":{"line":298,"column":11},"end":{"line":298,"column":37}},"loc":{"start":{"line":298,"column":37},"end":{"line":300,"column":null}},"line":298},"36":{"name":"handleImportFile","decl":{"start":{"line":302,"column":11},"end":{"line":302,"column":28}},"loc":{"start":{"line":302,"column":78},"end":{"line":334,"column":null}},"line":302},"37":{"name":"(anonymous_37)","decl":{"start":{"line":308,"column":20},"end":{"line":308,"column":21}},"loc":{"start":{"line":308,"column":27},"end":{"line":332,"column":null}},"line":308},"38":{"name":"(anonymous_38)","decl":{"start":{"line":318,"column":21},"end":{"line":318,"column":22}},"loc":{"start":{"line":318,"column":34},"end":{"line":318,"column":52}},"line":318},"39":{"name":"showOverdueOnly","decl":{"start":{"line":336,"column":11},"end":{"line":336,"column":35}},"loc":{"start":{"line":336,"column":35},"end":{"line":339,"column":null}},"line":336},"40":{"name":"openViewOnly","decl":{"start":{"line":341,"column":11},"end":{"line":341,"column":24}},"loc":{"start":{"line":341,"column":40},"end":{"line":343,"column":null}},"line":341},"41":{"name":"closeViewOnly","decl":{"start":{"line":345,"column":11},"end":{"line":345,"column":33}},"loc":{"start":{"line":345,"column":33},"end":{"line":347,"column":null}},"line":345},"42":{"name":"clearAdvancedFilters","decl":{"start":{"line":349,"column":11},"end":{"line":349,"column":40}},"loc":{"start":{"line":349,"column":40},"end":{"line":356,"column":null}},"line":349},"43":{"name":"handleSort","decl":{"start":{"line":358,"column":11},"end":{"line":358,"column":22}},"loc":{"start":{"line":358,"column":48},"end":{"line":366,"column":null}},"line":358},"44":{"name":"(anonymous_44)","decl":{"start":{"line":360,"column":23},"end":{"line":360,"column":24}},"loc":{"start":{"line":360,"column":37},"end":{"line":360,"column":72}},"line":360},"45":{"name":"(anonymous_45)","decl":{"start":{"line":396,"column":37},"end":{"line":396,"column":38}},"loc":{"start":{"line":396,"column":46},"end":{"line":396,"column":93}},"line":396},"46":{"name":"(anonymous_46)","decl":{"start":{"line":416,"column":63},"end":{"line":416,"column":69}},"loc":{"start":{"line":416,"column":69},"end":{"line":416,"column":91}},"line":416},"47":{"name":"(anonymous_47)","decl":{"start":{"line":419,"column":63},"end":{"line":419,"column":69}},"loc":{"start":{"line":419,"column":69},"end":{"line":419,"column":90}},"line":419},"48":{"name":"(anonymous_48)","decl":{"start":{"line":428,"column":26},"end":{"line":428,"column":27}},"loc":{"start":{"line":428,"column":37},"end":{"line":428,"column":null}},"line":428},"49":{"name":"(anonymous_49)","decl":{"start":{"line":435,"column":69},"end":{"line":435,"column":75}},"loc":{"start":{"line":435,"column":69},"end":{"line":435,"column":98}},"line":435},"50":{"name":"(anonymous_50)","decl":{"start":{"line":459,"column":56},"end":{"line":459,"column":57}},"loc":{"start":{"line":460,"column":16},"end":{"line":467,"column":null}},"line":460},"51":{"name":"(anonymous_51)","decl":{"start":{"line":463,"column":27},"end":{"line":463,"column":33}},"loc":{"start":{"line":463,"column":33},"end":{"line":463,"column":null}},"line":463},"52":{"name":"(anonymous_52)","decl":{"start":{"line":474,"column":39},"end":{"line":474,"column":45}},"loc":{"start":{"line":474,"column":45},"end":{"line":474,"column":null}},"line":474},"53":{"name":"(anonymous_53)","decl":{"start":{"line":474,"column":68},"end":{"line":474,"column":69}},"loc":{"start":{"line":474,"column":81},"end":{"line":474,"column":89}},"line":474}},"branchMap":{"0":{"loc":{"start":{"line":85,"column":6},"end":{"line":87,"column":null}},"type":"if","locations":[{"start":{"line":85,"column":6},"end":{"line":87,"column":null}},{"start":{},"end":{}}],"line":85},"1":{"loc":{"start":{"line":92,"column":6},"end":{"line":94,"column":null}},"type":"if","locations":[{"start":{"line":92,"column":6},"end":{"line":94,"column":null}},{"start":{},"end":{}}],"line":92},"2":{"loc":{"start":{"line":105,"column":4},"end":{"line":107,"column":null}},"type":"if","locations":[{"start":{"line":105,"column":4},"end":{"line":107,"column":null}},{"start":{},"end":{}}],"line":105},"3":{"loc":{"start":{"line":119,"column":8},"end":{"line":121,"column":null}},"type":"if","locations":[{"start":{"line":119,"column":8},"end":{"line":121,"column":null}},{"start":{},"end":{}}],"line":119},"4":{"loc":{"start":{"line":123,"column":8},"end":{"line":125,"column":null}},"type":"if","locations":[{"start":{"line":123,"column":8},"end":{"line":125,"column":null}},{"start":{},"end":{}}],"line":123},"5":{"loc":{"start":{"line":123,"column":12},"end":{"line":123,"column":68}},"type":"binary-expr","locations":[{"start":{"line":123,"column":12},"end":{"line":123,"column":28}},{"start":{"line":123,"column":28},"end":{"line":123,"column":68}}],"line":123},"6":{"loc":{"start":{"line":175,"column":29},"end":{"line":175,"column":null}},"type":"binary-expr","locations":[{"start":{"line":175,"column":29},"end":{"line":175,"column":59}},{"start":{"line":175,"column":59},"end":{"line":175,"column":null}}],"line":175},"7":{"loc":{"start":{"line":176,"column":30},"end":{"line":176,"column":null}},"type":"binary-expr","locations":[{"start":{"line":176,"column":30},"end":{"line":176,"column":58}},{"start":{"line":176,"column":58},"end":{"line":176,"column":null}}],"line":176},"8":{"loc":{"start":{"line":179,"column":4},"end":{"line":181,"column":null}},"type":"if","locations":[{"start":{"line":179,"column":4},"end":{"line":181,"column":null}},{"start":{},"end":{}}],"line":179},"9":{"loc":{"start":{"line":190,"column":4},"end":{"line":192,"column":null}},"type":"if","locations":[{"start":{"line":190,"column":4},"end":{"line":192,"column":null}},{"start":{},"end":{}}],"line":190},"10":{"loc":{"start":{"line":194,"column":4},"end":{"line":198,"column":null}},"type":"if","locations":[{"start":{"line":194,"column":4},"end":{"line":198,"column":null}},{"start":{"line":196,"column":11},"end":{"line":198,"column":null}}],"line":194},"11":{"loc":{"start":{"line":208,"column":4},"end":{"line":210,"column":null}},"type":"if","locations":[{"start":{"line":208,"column":4},"end":{"line":210,"column":null}},{"start":{},"end":{}}],"line":208},"12":{"loc":{"start":{"line":211,"column":4},"end":{"line":213,"column":null}},"type":"if","locations":[{"start":{"line":211,"column":4},"end":{"line":213,"column":null}},{"start":{},"end":{}}],"line":211},"13":{"loc":{"start":{"line":223,"column":6},"end":{"line":227,"column":null}},"type":"if","locations":[{"start":{"line":223,"column":6},"end":{"line":227,"column":null}},{"start":{"line":225,"column":13},"end":{"line":227,"column":null}}],"line":223},"14":{"loc":{"start":{"line":233,"column":4},"end":{"line":235,"column":null}},"type":"if","locations":[{"start":{"line":233,"column":4},"end":{"line":235,"column":null}},{"start":{},"end":{}}],"line":233},"15":{"loc":{"start":{"line":240,"column":6},"end":{"line":248,"column":null}},"type":"if","locations":[{"start":{"line":240,"column":6},"end":{"line":248,"column":null}},{"start":{"line":244,"column":13},"end":{"line":248,"column":null}}],"line":240},"16":{"loc":{"start":{"line":255,"column":4},"end":{"line":255,"column":null}},"type":"if","locations":[{"start":{"line":255,"column":4},"end":{"line":255,"column":null}},{"start":{},"end":{}}],"line":255},"17":{"loc":{"start":{"line":268,"column":62},"end":{"line":268,"column":143}},"type":"cond-expr","locations":[{"start":{"line":268,"column":88},"end":{"line":268,"column":141}},{"start":{"line":268,"column":141},"end":{"line":268,"column":143}}],"line":268},"18":{"loc":{"start":{"line":274,"column":4},"end":{"line":274,"column":null}},"type":"if","locations":[{"start":{"line":274,"column":4},"end":{"line":274,"column":null}},{"start":{},"end":{}}],"line":274},"19":{"loc":{"start":{"line":279,"column":6},"end":{"line":281,"column":null}},"type":"if","locations":[{"start":{"line":279,"column":6},"end":{"line":281,"column":null}},{"start":{},"end":{}}],"line":279},"20":{"loc":{"start":{"line":289,"column":22},"end":{"line":289,"column":null}},"type":"cond-expr","locations":[{"start":{"line":289,"column":33},"end":{"line":289,"column":63}},{"start":{"line":289,"column":59},"end":{"line":289,"column":null}}],"line":289},"21":{"loc":{"start":{"line":305,"column":4},"end":{"line":305,"column":null}},"type":"if","locations":[{"start":{"line":305,"column":4},"end":{"line":305,"column":null}},{"start":{},"end":{}}],"line":305},"22":{"loc":{"start":{"line":312,"column":8},"end":{"line":315,"column":null}},"type":"if","locations":[{"start":{"line":312,"column":8},"end":{"line":315,"column":null}},{"start":{},"end":{}}],"line":312},"23":{"loc":{"start":{"line":323,"column":61},"end":{"line":323,"column":110}},"type":"cond-expr","locations":[{"start":{"line":323,"column":77},"end":{"line":323,"column":108}},{"start":{"line":323,"column":108},"end":{"line":323,"column":110}}],"line":323},"24":{"loc":{"start":{"line":359,"column":4},"end":{"line":362,"column":null}},"type":"if","locations":[{"start":{"line":359,"column":4},"end":{"line":362,"column":null}},{"start":{},"end":{}}],"line":359},"25":{"loc":{"start":{"line":360,"column":37},"end":{"line":360,"column":72}},"type":"cond-expr","locations":[{"start":{"line":360,"column":57},"end":{"line":360,"column":66}},{"start":{"line":360,"column":66},"end":{"line":360,"column":72}}],"line":360},"26":{"loc":{"start":{"line":365,"column":21},"end":{"line":365,"column":100}},"type":"cond-expr","locations":[{"start":{"line":365,"column":86},"end":{"line":365,"column":95}},{"start":{"line":365,"column":95},"end":{"line":365,"column":100}}],"line":365},"27":{"loc":{"start":{"line":365,"column":21},"end":{"line":365,"column":86}},"type":"binary-expr","locations":[{"start":{"line":365,"column":21},"end":{"line":365,"column":53}},{"start":{"line":365,"column":53},"end":{"line":365,"column":86}}],"line":365},"28":{"loc":{"start":{"line":412,"column":19},"end":{"line":412,"column":54}},"type":"cond-expr","locations":[{"start":{"line":412,"column":31},"end":{"line":412,"column":44}},{"start":{"line":412,"column":44},"end":{"line":412,"column":54}}],"line":412},"29":{"loc":{"start":{"line":413,"column":15},"end":{"line":413,"column":null}},"type":"binary-expr","locations":[{"start":{"line":413,"column":15},"end":{"line":413,"column":43}},{"start":{"line":413,"column":43},"end":{"line":413,"column":null}}],"line":413},"30":{"loc":{"start":{"line":438,"column":15},"end":{"line":441,"column":null}},"type":"binary-expr","locations":[{"start":{"line":438,"column":15},"end":{"line":438,"column":null}},{"start":{"line":439,"column":16},"end":{"line":441,"column":null}}],"line":438},"31":{"loc":{"start":{"line":462,"column":29},"end":{"line":462,"column":null}},"type":"cond-expr","locations":[{"start":{"line":462,"column":44},"end":{"line":462,"column":55}},{"start":{"line":462,"column":55},"end":{"line":462,"column":null}}],"line":462},"32":{"loc":{"start":{"line":491,"column":11},"end":{"line":515,"column":null}},"type":"binary-expr","locations":[{"start":{"line":491,"column":11},"end":{"line":491,"column":null}},{"start":{"line":492,"column":12},"end":{"line":515,"column":null}}],"line":491},"33":{"loc":{"start":{"line":518,"column":11},"end":{"line":525,"column":null}},"type":"binary-expr","locations":[{"start":{"line":518,"column":11},"end":{"line":518,"column":null}},{"start":{"line":519,"column":12},"end":{"line":525,"column":null}}],"line":518},"34":{"loc":{"start":{"line":528,"column":11},"end":{"line":528,"column":null}},"type":"binary-expr","locations":[{"start":{"line":528,"column":11},"end":{"line":528,"column":34}},{"start":{"line":528,"column":34},"end":{"line":528,"column":null}}],"line":528},"35":{"loc":{"start":{"line":530,"column":11},"end":{"line":530,"column":null}},"type":"binary-expr","locations":[{"start":{"line":530,"column":11},"end":{"line":530,"column":35}},{"start":{"line":530,"column":35},"end":{"line":530,"column":null}}],"line":530},"36":{"loc":{"start":{"line":534,"column":7},"end":{"line":534,"column":null}},"type":"binary-expr","locations":[{"start":{"line":534,"column":7},"end":{"line":534,"column":21}},{"start":{"line":534,"column":21},"end":{"line":534,"column":null}}],"line":534}},"s":{"0":1,"1":128,"2":128,"3":128,"4":128,"5":128,"6":128,"7":128,"8":128,"9":128,"10":128,"11":128,"12":128,"13":128,"14":128,"15":128,"16":128,"17":128,"18":128,"19":128,"20":128,"21":128,"22":128,"23":128,"24":128,"25":128,"26":128,"27":5,"28":5,"29":5,"30":0,"31":5,"32":5,"33":5,"34":1,"35":5,"36":5,"37":5,"38":128,"39":13,"40":6,"41":7,"42":7,"43":7,"44":7,"45":7,"46":7,"47":0,"48":0,"49":7,"50":7,"51":7,"52":7,"53":7,"54":128,"55":128,"56":128,"57":128,"58":128,"59":6,"60":6,"61":128,"62":14,"63":17,"64":128,"65":14,"66":17,"67":128,"68":14,"69":128,"70":128,"71":128,"72":5,"73":0,"74":128,"75":6,"76":3,"77":3,"78":0,"79":3,"80":0,"81":0,"82":3,"83":3,"84":3,"85":0,"86":0,"87":0,"88":0,"89":0,"90":0,"91":0,"92":0,"93":0,"94":0,"95":0,"96":0,"97":0,"98":0,"99":0,"100":0,"101":0,"102":0,"103":0,"104":0,"105":0,"106":0,"107":0,"108":0,"109":0,"110":0,"111":0,"112":0,"113":0,"114":0,"115":0,"116":0,"117":0,"118":0,"119":0,"120":0,"121":0,"122":0,"123":0,"124":0,"125":0,"126":0,"127":0,"128":0,"129":0,"130":0,"131":0,"132":0,"133":0,"134":0,"135":0,"136":0,"137":0,"138":0,"139":0,"140":0,"141":0,"142":0,"143":0,"144":0,"145":0,"146":0,"147":0,"148":0,"149":0,"150":0,"151":0,"152":0,"153":0,"154":0,"155":0,"156":0,"157":0,"158":0,"159":0,"160":0,"161":0,"162":0,"163":0,"164":0,"165":0,"166":0,"167":0,"168":0,"169":0,"170":0,"171":0,"172":0,"173":0,"174":0,"175":0,"176":0,"177":128,"178":69,"179":0,"180":0,"181":0,"182":0,"183":512,"184":0,"185":0,"186":0},"f":{"0":128,"1":5,"2":5,"3":5,"4":13,"5":7,"6":7,"7":6,"8":6,"9":14,"10":17,"11":14,"12":17,"13":14,"14":5,"15":6,"16":3,"17":0,"18":3,"19":0,"20":0,"21":0,"22":0,"23":0,"24":0,"25":0,"26":0,"27":0,"28":0,"29":0,"30":0,"31":0,"32":0,"33":0,"34":0,"35":0,"36":0,"37":0,"38":0,"39":0,"40":0,"41":0,"42":0,"43":0,"44":0,"45":69,"46":0,"47":0,"48":0,"49":0,"50":512,"51":0,"52":0,"53":0},"b":{"0":[0,5],"1":[1,4],"2":[6,7],"3":[0,0],"4":[7,0],"5":[7,7],"6":[128,40],"7":[128,0],"8":[0,5],"9":[0,3],"10":[0,3],"11":[0,0],"12":[0,0],"13":[0,0],"14":[0,0],"15":[0,0],"16":[0,0],"17":[0,0],"18":[0,0],"19":[0,0],"20":[0,0],"21":[0,0],"22":[0,0],"23":[0,0],"24":[0,0],"25":[0,0],"26":[0,0],"27":[0,0],"28":[0,128],"29":[128,3],"30":[128,0],"31":[128,384],"32":[128,0],"33":[128,0],"34":[128,0],"35":[128,128],"36":[128,0]},"meta":{"lastBranch":37,"lastFunction":54,"lastStatement":187,"seen":{"s:40:42:45:Infinity":0,"f:47:9:47:15":0,"s:48:22:48:Infinity":1,"s:49:22:49:Infinity":2,"s:50:24:50:Infinity":3,"s:51:38:51:Infinity":4,"s:52:34:52:Infinity":5,"s:53:48:53:Infinity":6,"s:55:34:55:Infinity":7,"s:56:32:56:Infinity":8,"s:57:36:57:Infinity":9,"s:58:42:58:Infinity":10,"s:59:38:59:Infinity":11,"s:60:42:60:Infinity":12,"s:61:42:61:Infinity":13,"s:62:52:62:Infinity":14,"s:63:52:63:Infinity":15,"s:64:34:64:Infinity":16,"s:65:40:65:Infinity":17,"s:66:34:66:Infinity":18,"s:67:36:67:Infinity":19,"s:68:30:68:Infinity":20,"s:69:8:69:Infinity":21,"s:70:8:70:Infinity":22,"s:71:8:71:Infinity":23,"s:74:61:74:Infinity":24,"s:77:74:78:Infinity":25,"s:80:2:102:Infinity":26,"f:80:12:80:18":1,"s:81:21:81:Infinity":27,"f:83:19:83:55":2,"s:84:21:84:Infinity":28,"b:85:6:87:Infinity:undefined:undefined:undefined:undefined":0,"s:85:6:87:Infinity":29,"s:86:8:86:Infinity":30,"s:89:6:89:Infinity":31,"s:90:6:90:Infinity":32,"b:92:6:94:Infinity:undefined:undefined:undefined:undefined":1,"s:92:6:94:Infinity":33,"s:93:8:93:Infinity":34,"s:97:4:97:Infinity":35,"s:99:4:101:Infinity":36,"f:99:11:99:17":3,"s:100:6:100:Infinity":37,"s:104:2:134:Infinity":38,"f:104:12:104:18":4,"b:105:4:107:Infinity:undefined:undefined:undefined:undefined":2,"s:105:4:107:Infinity":39,"s:106:6:106:Infinity":40,"s:109:22:109:Infinity":41,"s:110:4:110:Infinity":42,"s:111:22:111:Infinity":43,"s:113:4:113:Infinity":44,"f:115:19:115:48":5,"s:116:6:126:Infinity":45,"s:117:8:117:Infinity":46,"b:119:8:121:Infinity:undefined:undefined:undefined:undefined":3,"s:119:8:121:Infinity":47,"s:120:10:120:Infinity":48,"b:123:8:125:Infinity:undefined:undefined:undefined:undefined":4,"s:123:8:125:Infinity":49,"b:123:12:123:28:123:28:123:68":5,"s:124:10:124:Infinity":50,"s:129:4:129:Infinity":51,"s:131:4:133:Infinity":52,"f:131:11:131:17":6,"s:132:6:132:Infinity":53,"s:137:37:145:Infinity":54,"s:148:8:151:Infinity":55,"s:154:56:157:Infinity":56,"s:160:30:160:Infinity":57,"s:162:2:164:Infinity":58,"f:162:12:162:18":7,"s:163:4:163:Infinity":59,"f:163:19:163:20":8,"s:163:32:163:61":60,"s:166:8:166:Infinity":61,"f:166:34:166:40":9,"s:166:40:166:81":62,"f:166:63:166:64":10,"s:166:72:166:78":63,"s:167:8:170:Infinity":64,"f:168:4:168:10":11,"s:168:10:168:Infinity":65,"f:168:33:168:34":12,"s:168:41:168:60":66,"s:171:8:174:Infinity":67,"f:172:4:172:10":13,"s:172:10:172:Infinity":68,"s:175:29:175:Infinity":69,"b:175:29:175:59:175:59:175:Infinity":6,"s:176:30:176:Infinity":70,"b:176:30:176:58:176:58:176:Infinity":7,"s:178:2:182:Infinity":71,"f:178:12:178:18":14,"b:179:4:181:Infinity:undefined:undefined:undefined:undefined":8,"s:179:4:181:Infinity":72,"s:180:6:180:Infinity":73,"s:184:2:186:Infinity":74,"f:184:12:184:18":15,"s:185:4:185:Infinity":75,"f:188:11:188:27":16,"s:189:28:189:Infinity":76,"b:190:4:192:Infinity:undefined:undefined:undefined:undefined":9,"s:190:4:192:Infinity":77,"s:191:6:191:Infinity":78,"b:194:4:198:Infinity:196:11:198:Infinity":10,"s:194:4:198:Infinity":79,"s:195:6:195:Infinity":80,"f:195:14:195:15":17,"s:195:27:195:84":81,"s:197:6:197:Infinity":82,"f:197:14:197:15":18,"s:197:27:197:73":83,"s:199:4:199:Infinity":84,"f:202:11:202:25":19,"s:203:4:203:Infinity":85,"f:206:11:206:27":20,"s:207:4:207:Infinity":86,"f:207:12:207:13":21,"s:207:25:207:58":87,"b:208:4:210:Infinity:undefined:undefined:undefined:undefined":11,"s:208:4:210:Infinity":88,"s:209:6:209:Infinity":89,"b:211:4:213:Infinity:undefined:undefined:undefined:undefined":12,"s:211:4:213:Infinity":90,"s:212:6:212:Infinity":91,"f:216:11:216:27":22,"s:217:4:217:Infinity":92,"f:217:12:217:13":23,"s:217:25:217:76":93,"f:220:11:220:30":24,"s:221:4:229:Infinity":94,"f:221:19:221:20":25,"s:222:19:222:Infinity":95,"b:223:6:227:Infinity:225:13:227:Infinity":13,"s:223:6:227:Infinity":96,"s:224:8:224:Infinity":97,"s:226:8:226:Infinity":98,"s:228:6:228:Infinity":99,"f:232:11:232:42":26,"b:233:4:235:Infinity:undefined:undefined:undefined:undefined":14,"s:233:4:235:Infinity":100,"s:234:6:234:Infinity":101,"s:237:4:251:Infinity":102,"f:237:19:237:20":27,"s:238:19:238:Infinity":103,"b:240:6:248:Infinity:244:13:248:Infinity":15,"s:240:6:248:Infinity":104,"s:241:8:243:Infinity":105,"s:242:10:242:Infinity":106,"s:245:8:247:Infinity":107,"s:246:10:246:Infinity":108,"s:250:6:250:Infinity":109,"f:254:11:254:38":28,"b:255:4:255:Infinity:undefined:undefined:undefined:undefined":16,"s:255:4:255:Infinity":110,"s:255:41:255:Infinity":111,"s:257:32:257:Infinity":112,"s:258:4:258:Infinity":113,"f:258:17:258:18":29,"s:258:30:258:48":114,"s:259:4:259:Infinity":115,"f:259:12:259:13":30,"s:259:25:259:75":116,"s:260:4:266:Infinity":117,"f:260:19:260:20":31,"s:261:19:261:Infinity":118,"s:262:6:264:Infinity":119,"s:263:8:263:Infinity":120,"s:265:6:265:Infinity":121,"s:267:4:270:Infinity":122,"b:268:88:268:141:268:141:268:143":17,"f:273:11:273:24":32,"b:274:4:274:Infinity:undefined:undefined:undefined:undefined":18,"s:274:4:274:Infinity":123,"s:274:32:274:Infinity":124,"s:276:4:283:Infinity":125,"f:276:17:276:18":33,"s:277:19:277:Infinity":126,"s:278:23:278:Infinity":127,"b:279:6:281:Infinity:undefined:undefined:undefined:undefined":19,"s:279:6:281:Infinity":128,"s:280:8:280:Infinity":129,"s:282:6:282:Infinity":130,"s:284:4:284:Infinity":131,"f:287:11:287:24":34,"s:288:4:295:Infinity":132,"s:289:22:289:Infinity":133,"b:289:33:289:63:289:59:289:Infinity":20,"s:290:12:290:Infinity":134,"s:291:6:291:Infinity":135,"s:292:6:292:Infinity":136,"s:294:6:294:Infinity":137,"f:298:11:298:37":35,"s:299:4:299:Infinity":138,"f:302:11:302:28":36,"s:303:18:303:Infinity":139,"s:304:17:304:Infinity":140,"b:305:4:305:Infinity:undefined:undefined:undefined:undefined":21,"s:305:4:305:Infinity":141,"s:305:15:305:Infinity":142,"s:307:19:307:Infinity":143,"s:308:4:332:Infinity":144,"f:308:20:308:21":37,"s:309:6:331:Infinity":145,"s:310:24:310:Infinity":146,"s:311:14:311:Infinity":147,"b:312:8:315:Infinity:undefined:undefined:undefined:undefined":22,"s:312:8:315:Infinity":148,"s:313:10:313:Infinity":149,"s:314:10:314:Infinity":150,"s:317:14:317:Infinity":151,"s:318:8:318:Infinity":152,"f:318:21:318:22":38,"s:318:34:318:52":153,"s:319:8:319:Infinity":154,"s:320:8:320:Infinity":155,"s:321:8:321:Infinity":156,"s:322:8:325:Infinity":157,"b:323:77:323:108:323:108:323:110":23,"s:327:8:327:Infinity":158,"s:330:8:330:Infinity":159,"s:333:4:333:Infinity":160,"f:336:11:336:35":39,"s:337:4:337:Infinity":161,"s:338:4:338:Infinity":162,"f:341:11:341:24":40,"s:342:4:342:Infinity":163,"f:345:11:345:33":41,"s:346:4:346:Infinity":164,"f:349:11:349:40":42,"s:350:4:350:Infinity":165,"s:351:4:351:Infinity":166,"s:352:4:352:Infinity":167,"s:353:4:353:Infinity":168,"s:354:4:354:Infinity":169,"s:355:4:355:Infinity":170,"f:358:11:358:22":43,"b:359:4:362:Infinity:undefined:undefined:undefined:undefined":24,"s:359:4:362:Infinity":171,"s:360:6:360:Infinity":172,"f:360:23:360:24":44,"s:360:37:360:72":173,"b:360:57:360:66:360:66:360:72":25,"s:361:6:361:Infinity":174,"s:364:4:364:Infinity":175,"s:365:4:365:Infinity":176,"b:365:86:365:95:365:95:365:100":26,"b:365:21:365:53:365:53:365:86":27,"s:368:2:539:Infinity":177,"f:396:37:396:38":45,"s:396:46:396:93":178,"b:412:31:412:44:412:44:412:54":28,"b:413:15:413:43:413:43:413:Infinity":29,"f:416:63:416:69":46,"s:416:69:416:91":179,"f:419:63:419:69":47,"s:419:69:419:90":180,"f:428:26:428:27":48,"s:428:37:428:Infinity":181,"f:435:69:435:75":49,"s:435:69:435:98":182,"b:438:15:438:Infinity:439:16:441:Infinity":30,"f:459:56:459:57":50,"s:460:16:467:Infinity":183,"b:462:44:462:55:462:55:462:Infinity":31,"f:463:27:463:33":51,"s:463:33:463:Infinity":184,"f:474:39:474:45":52,"s:474:45:474:Infinity":185,"f:474:68:474:69":53,"s:474:81:474:89":186,"b:491:11:491:Infinity:492:12:515:Infinity":32,"b:518:11:518:Infinity:519:12:525:Infinity":33,"b:528:11:528:34:528:34:528:Infinity":34,"b:530:11:530:35:530:35:530:Infinity":35,"b:534:7:534:21:534:21:534:Infinity":36}}}
,"/Users/john/work/job-tracker/src/KanbanBoard.tsx": {"path":"/Users/john/work/job-tracker/src/KanbanBoard.tsx","statementMap":{"0":{"start":{"line":13,"column":2},"end":{"line":26,"column":null}},"1":{"start":{"line":16,"column":8},"end":{"line":24,"column":null}}},"fnMap":{"0":{"name":"KanbanBoard","decl":{"start":{"line":12,"column":16},"end":{"line":12,"column":28}},"loc":{"start":{"line":12,"column":98},"end":{"line":28,"column":null}},"line":12},"1":{"name":"(anonymous_1)","decl":{"start":{"line":15,"column":24},"end":{"line":15,"column":25}},"loc":{"start":{"line":16,"column":8},"end":{"line":24,"column":null}},"line":16}},"branchMap":{"0":{"loc":{"start":{"line":19,"column":16},"end":{"line":19,"column":null}},"type":"binary-expr","locations":[{"start":{"line":19,"column":16},"end":{"line":19,"column":36}},{"start":{"line":19,"column":36},"end":{"line":19,"column":null}}],"line":19}},"s":{"0":0,"1":0},"f":{"0":0,"1":0},"b":{"0":[0,0]},"meta":{"lastBranch":1,"lastFunction":2,"lastStatement":2,"seen":{"f:12:16:12:28":0,"s:13:2:26:Infinity":0,"f:15:24:15:25":1,"s:16:8:24:Infinity":1,"b:19:16:19:36:19:36:19:Infinity":0}}}
,"/Users/john/work/job-tracker/src/KanbanCard.tsx": {"path":"/Users/john/work/job-tracker/src/KanbanCard.tsx","statementMap":{"0":{"start":{"line":12,"column":26},"end":{"line":15,"column":null}},"1":{"start":{"line":13,"column":4},"end":{"line":13,"column":null}},"2":{"start":{"line":14,"column":4},"end":{"line":14,"column":null}},"3":{"start":{"line":17,"column":24},"end":{"line":19,"column":null}},"4":{"start":{"line":18,"column":4},"end":{"line":18,"column":null}},"5":{"start":{"line":21,"column":2},"end":{"line":62,"column":null}},"6":{"start":{"line":27,"column":21},"end":{"line":27,"column":null}},"7":{"start":{"line":31,"column":8},"end":{"line":34,"column":null}},"8":{"start":{"line":32,"column":10},"end":{"line":32,"column":null}},"9":{"start":{"line":33,"column":10},"end":{"line":33,"column":null}},"10":{"start":{"line":42,"column":29},"end":{"line":42,"column":null}},"11":{"start":{"line":43,"column":24},"end":{"line":43,"column":null}},"12":{"start":{"line":55,"column":63},"end":{"line":55,"column":76}},"13":{"start":{"line":58,"column":69},"end":{"line":58,"column":87}}},"fnMap":{"0":{"name":"KanbanCard","decl":{"start":{"line":11,"column":16},"end":{"line":11,"column":27}},"loc":{"start":{"line":11,"column":95},"end":{"line":64,"column":null}},"line":11},"1":{"name":"(anonymous_1)","decl":{"start":{"line":12,"column":26},"end":{"line":12,"column":27}},"loc":{"start":{"line":12,"column":70},"end":{"line":15,"column":null}},"line":12},"2":{"name":"(anonymous_2)","decl":{"start":{"line":17,"column":24},"end":{"line":17,"column":25}},"loc":{"start":{"line":17,"column":68},"end":{"line":19,"column":null}},"line":17},"3":{"name":"(anonymous_3)","decl":{"start":{"line":27,"column":15},"end":{"line":27,"column":21}},"loc":{"start":{"line":27,"column":21},"end":{"line":27,"column":null}},"line":27},"4":{"name":"(anonymous_4)","decl":{"start":{"line":30,"column":17},"end":{"line":30,"column":18}},"loc":{"start":{"line":30,"column":24},"end":{"line":35,"column":null}},"line":30},"5":{"name":"(anonymous_5)","decl":{"start":{"line":42,"column":18},"end":{"line":42,"column":19}},"loc":{"start":{"line":42,"column":29},"end":{"line":42,"column":null}},"line":42},"6":{"name":"(anonymous_6)","decl":{"start":{"line":43,"column":17},"end":{"line":43,"column":18}},"loc":{"start":{"line":43,"column":24},"end":{"line":43,"column":null}},"line":43},"7":{"name":"(anonymous_7)","decl":{"start":{"line":55,"column":57},"end":{"line":55,"column":63}},"loc":{"start":{"line":55,"column":63},"end":{"line":55,"column":76}},"line":55},"8":{"name":"(anonymous_8)","decl":{"start":{"line":58,"column":63},"end":{"line":58,"column":69}},"loc":{"start":{"line":58,"column":69},"end":{"line":58,"column":87}},"line":58}},"branchMap":{"0":{"loc":{"start":{"line":31,"column":8},"end":{"line":34,"column":null}},"type":"if","locations":[{"start":{"line":31,"column":8},"end":{"line":34,"column":null}},{"start":{},"end":{}}],"line":31},"1":{"loc":{"start":{"line":31,"column":12},"end":{"line":31,"column":48}},"type":"binary-expr","locations":[{"start":{"line":31,"column":12},"end":{"line":31,"column":33}},{"start":{"line":31,"column":33},"end":{"line":31,"column":48}}],"line":31}},"s":{"0":0,"1":0,"2":0,"3":0,"4":0,"5":0,"6":0,"7":0,"8":0,"9":0,"10":0,"11":0,"12":0,"13":0},"f":{"0":0,"1":0,"2":0,"3":0,"4":0,"5":0,"6":0,"7":0,"8":0},"b":{"0":[0,0],"1":[0,0]},"meta":{"lastBranch":2,"lastFunction":9,"lastStatement":14,"seen":{"f:11:16:11:27":0,"s:12:26:15:Infinity":0,"f:12:26:12:27":1,"s:13:4:13:Infinity":1,"s:14:4:14:Infinity":2,"s:17:24:19:Infinity":3,"f:17:24:17:25":2,"s:18:4:18:Infinity":4,"s:21:2:62:Infinity":5,"f:27:15:27:21":3,"s:27:21:27:Infinity":6,"f:30:17:30:18":4,"b:31:8:34:Infinity:undefined:undefined:undefined:undefined":0,"s:31:8:34:Infinity":7,"b:31:12:31:33:31:33:31:48":1,"s:32:10:32:Infinity":8,"s:33:10:33:Infinity":9,"f:42:18:42:19":5,"s:42:29:42:Infinity":10,"f:43:17:43:18":6,"s:43:24:43:Infinity":11,"f:55:57:55:63":7,"s:55:63:55:76":12,"f:58:63:58:69":8,"s:58:69:58:87":13}}}
,"/Users/john/work/job-tracker/src/KanbanColumn.tsx": {"path":"/Users/john/work/job-tracker/src/KanbanColumn.tsx","statementMap":{"0":{"start":{"line":22,"column":34},"end":{"line":22,"column":null}},"1":{"start":{"line":24,"column":25},"end":{"line":28,"column":null}},"2":{"start":{"line":25,"column":4},"end":{"line":25,"column":null}},"3":{"start":{"line":26,"column":4},"end":{"line":26,"column":null}},"4":{"start":{"line":27,"column":4},"end":{"line":27,"column":null}},"5":{"start":{"line":30,"column":26},"end":{"line":35,"column":null}},"6":{"start":{"line":32,"column":4},"end":{"line":34,"column":null}},"7":{"start":{"line":33,"column":6},"end":{"line":33,"column":null}},"8":{"start":{"line":37,"column":21},"end":{"line":51,"column":null}},"9":{"start":{"line":38,"column":4},"end":{"line":38,"column":null}},"10":{"start":{"line":39,"column":4},"end":{"line":39,"column":null}},"11":{"start":{"line":41,"column":4},"end":{"line":50,"column":null}},"12":{"start":{"line":42,"column":19},"end":{"line":42,"column":null}},"13":{"start":{"line":43,"column":18},"end":{"line":43,"column":null}},"14":{"start":{"line":45,"column":6},"end":{"line":47,"column":null}},"15":{"start":{"line":46,"column":8},"end":{"line":46,"column":null}},"16":{"start":{"line":49,"column":6},"end":{"line":49,"column":null}},"17":{"start":{"line":53,"column":2},"end":{"line":75,"column":null}},"18":{"start":{"line":65,"column":8},"end":{"line":72,"column":null}}},"fnMap":{"0":{"name":"KanbanColumn","decl":{"start":{"line":14,"column":16},"end":{"line":14,"column":29}},"loc":{"start":{"line":21,"column":22},"end":{"line":77,"column":null}},"line":21},"1":{"name":"(anonymous_1)","decl":{"start":{"line":24,"column":25},"end":{"line":24,"column":26}},"loc":{"start":{"line":24,"column":69},"end":{"line":28,"column":null}},"line":24},"2":{"name":"(anonymous_2)","decl":{"start":{"line":30,"column":26},"end":{"line":30,"column":27}},"loc":{"start":{"line":30,"column":70},"end":{"line":35,"column":null}},"line":30},"3":{"name":"(anonymous_3)","decl":{"start":{"line":37,"column":21},"end":{"line":37,"column":22}},"loc":{"start":{"line":37,"column":65},"end":{"line":51,"column":null}},"line":37},"4":{"name":"(anonymous_4)","decl":{"start":{"line":64,"column":16},"end":{"line":64,"column":17}},"loc":{"start":{"line":65,"column":8},"end":{"line":72,"column":null}},"line":65}},"branchMap":{"0":{"loc":{"start":{"line":32,"column":4},"end":{"line":34,"column":null}},"type":"if","locations":[{"start":{"line":32,"column":4},"end":{"line":34,"column":null}},{"start":{},"end":{}}],"line":32},"1":{"loc":{"start":{"line":45,"column":6},"end":{"line":47,"column":null}},"type":"if","locations":[{"start":{"line":45,"column":6},"end":{"line":47,"column":null}},{"start":{},"end":{}}],"line":45},"2":{"loc":{"start":{"line":55,"column":34},"end":{"line":55,"column":63}},"type":"cond-expr","locations":[{"start":{"line":55,"column":47},"end":{"line":55,"column":61}},{"start":{"line":55,"column":61},"end":{"line":55,"column":63}}],"line":55},"3":{"loc":{"start":{"line":74,"column":7},"end":{"line":74,"column":null}},"type":"binary-expr","locations":[{"start":{"line":74,"column":7},"end":{"line":74,"column":23}},{"start":{"line":74,"column":23},"end":{"line":74,"column":null}}],"line":74}},"s":{"0":0,"1":0,"2":0,"3":0,"4":0,"5":0,"6":0,"7":0,"8":0,"9":0,"10":0,"11":0,"12":0,"13":0,"14":0,"15":0,"16":0,"17":0,"18":0},"f":{"0":0,"1":0,"2":0,"3":0,"4":0},"b":{"0":[0,0],"1":[0,0],"2":[0,0],"3":[0,0]},"meta":{"lastBranch":4,"lastFunction":5,"lastStatement":19,"seen":{"f:14:16:14:29":0,"s:22:34:22:Infinity":0,"s:24:25:28:Infinity":1,"f:24:25:24:26":1,"s:25:4:25:Infinity":2,"s:26:4:26:Infinity":3,"s:27:4:27:Infinity":4,"s:30:26:35:Infinity":5,"f:30:26:30:27":2,"b:32:4:34:Infinity:undefined:undefined:undefined:undefined":0,"s:32:4:34:Infinity":6,"s:33:6:33:Infinity":7,"s:37:21:51:Infinity":8,"f:37:21:37:22":3,"s:38:4:38:Infinity":9,"s:39:4:39:Infinity":10,"s:41:4:50:Infinity":11,"s:42:19:42:Infinity":12,"s:43:18:43:Infinity":13,"b:45:6:47:Infinity:undefined:undefined:undefined:undefined":1,"s:45:6:47:Infinity":14,"s:46:8:46:Infinity":15,"s:49:6:49:Infinity":16,"s:53:2:75:Infinity":17,"b:55:47:55:61:55:61:55:63":2,"f:64:16:64:17":4,"s:65:8:72:Infinity":18,"b:74:7:74:23:74:23:74:Infinity":3}}}
,"/Users/john/work/job-tracker/src/Toast.tsx": {"path":"/Users/john/work/job-tracker/src/Toast.tsx","statementMap":{"0":{"start":{"line":11,"column":2},"end":{"line":17,"column":null}},"1":{"start":{"line":12,"column":18},"end":{"line":14,"column":null}},"2":{"start":{"line":13,"column":6},"end":{"line":13,"column":null}},"3":{"start":{"line":16,"column":4},"end":{"line":16,"column":null}},"4":{"start":{"line":16,"column":17},"end":{"line":16,"column":null}},"5":{"start":{"line":19,"column":2},"end":{"line":22,"column":null}},"6":{"start":{"line":32,"column":2},"end":{"line":37,"column":null}},"7":{"start":{"line":35,"column":8},"end":{"line":35,"column":null}}},"fnMap":{"0":{"name":"Toast","decl":{"start":{"line":10,"column":9},"end":{"line":10,"column":15}},"loc":{"start":{"line":10,"column":55},"end":{"line":24,"column":null}},"line":10},"1":{"name":"(anonymous_1)","decl":{"start":{"line":11,"column":12},"end":{"line":11,"column":18}},"loc":{"start":{"line":11,"column":18},"end":{"line":17,"column":5}},"line":11},"2":{"name":"(anonymous_2)","decl":{"start":{"line":12,"column":29},"end":{"line":12,"column":35}},"loc":{"start":{"line":12,"column":35},"end":{"line":14,"column":7}},"line":12},"3":{"name":"(anonymous_3)","decl":{"start":{"line":16,"column":11},"end":{"line":16,"column":17}},"loc":{"start":{"line":16,"column":17},"end":{"line":16,"column":null}},"line":16},"4":{"name":"ToastContainer","decl":{"start":{"line":31,"column":16},"end":{"line":31,"column":31}},"loc":{"start":{"line":31,"column":81},"end":{"line":39,"column":null}},"line":31},"5":{"name":"(anonymous_5)","decl":{"start":{"line":34,"column":25},"end":{"line":34,"column":26}},"loc":{"start":{"line":35,"column":8},"end":{"line":35,"column":null}},"line":35}},"branchMap":{},"s":{"0":1,"1":1,"2":0,"3":1,"4":1,"5":1,"6":123,"7":1},"f":{"0":1,"1":1,"2":0,"3":1,"4":123,"5":1},"b":{},"meta":{"lastBranch":0,"lastFunction":6,"lastStatement":8,"seen":{"f:10:9:10:15":0,"s:11:2:17:Infinity":0,"f:11:12:11:18":1,"s:12:18:14:Infinity":1,"f:12:29:12:35":2,"s:13:6:13:Infinity":2,"s:16:4:16:Infinity":3,"f:16:11:16:17":3,"s:16:17:16:Infinity":4,"s:19:2:22:Infinity":5,"f:31:16:31:31":4,"s:32:2:37:Infinity":6,"f:34:25:34:26":5,"s:35:8:35:Infinity":7}}}
,"/Users/john/work/job-tracker/src/domain.ts": {"path":"/Users/john/work/job-tracker/src/domain.ts","statementMap":{"0":{"start":{"line":1,"column":28},"end":{"line":9,"column":null}},"1":{"start":{"line":32,"column":41},"end":{"line":44,"column":null}},"2":{"start":{"line":47,"column":8},"end":{"line":47,"column":null}},"3":{"start":{"line":49,"column":2},"end":{"line":54,"column":null}}},"fnMap":{"0":{"name":"createJobFromDraft","decl":{"start":{"line":46,"column":16},"end":{"line":46,"column":35}},"loc":{"start":{"line":46,"column":57},"end":{"line":55,"column":null}},"line":46}},"branchMap":{},"s":{"0":4,"1":4,"2":6,"3":6},"f":{"0":6},"b":{},"meta":{"lastBranch":0,"lastFunction":1,"lastStatement":4,"seen":{"s:1:28:9:Infinity":0,"s:32:41:44:Infinity":1,"f:46:16:46:35":0,"s:47:8:47:Infinity":2,"s:49:2:54:Infinity":3}}}
,"/Users/john/work/job-tracker/src/exportImport.ts": {"path":"/Users/john/work/job-tracker/src/exportImport.ts","statementMap":{"0":{"start":{"line":15,"column":2},"end":{"line":15,"column":null}},"1":{"start":{"line":19,"column":2},"end":{"line":21,"column":null}},"2":{"start":{"line":20,"column":4},"end":{"line":20,"column":null}},"3":{"start":{"line":23,"column":18},"end":{"line":33,"column":null}},"4":{"start":{"line":35,"column":15},"end":{"line":45,"column":null}},"5":{"start":{"line":35,"column":33},"end":{"line":45,"column":3}},"6":{"start":{"line":47,"column":2},"end":{"line":47,"column":null}},"7":{"start":{"line":47,"column":50},"end":{"line":47,"column":63}},"8":{"start":{"line":51,"column":15},"end":{"line":51,"column":null}},"9":{"start":{"line":52,"column":14},"end":{"line":52,"column":null}},"10":{"start":{"line":53,"column":15},"end":{"line":53,"column":null}},"11":{"start":{"line":54,"column":2},"end":{"line":54,"column":null}},"12":{"start":{"line":55,"column":2},"end":{"line":55,"column":null}},"13":{"start":{"line":56,"column":2},"end":{"line":56,"column":null}},"14":{"start":{"line":57,"column":2},"end":{"line":57,"column":null}},"15":{"start":{"line":58,"column":2},"end":{"line":58,"column":null}},"16":{"start":{"line":59,"column":2},"end":{"line":59,"column":null}},"17":{"start":{"line":63,"column":2},"end":{"line":81,"column":null}},"18":{"start":{"line":64,"column":19},"end":{"line":64,"column":null}},"19":{"start":{"line":65,"column":4},"end":{"line":67,"column":null}},"20":{"start":{"line":66,"column":6},"end":{"line":66,"column":null}},"21":{"start":{"line":69,"column":4},"end":{"line":78,"column":null}},"22":{"start":{"line":71,"column":8},"end":{"line":77,"column":null}},"23":{"start":{"line":80,"column":4},"end":{"line":80,"column":null}},"24":{"start":{"line":85,"column":27},"end":{"line":85,"column":null}},"25":{"start":{"line":86,"column":22},"end":{"line":86,"column":null}},"26":{"start":{"line":87,"column":14},"end":{"line":87,"column":null}},"27":{"start":{"line":88,"column":17},"end":{"line":88,"column":null}},"28":{"start":{"line":90,"column":2},"end":{"line":124,"column":null}},"29":{"start":{"line":90,"column":15},"end":{"line":90,"column":18}},"30":{"start":{"line":91,"column":17},"end":{"line":91,"column":null}},"31":{"start":{"line":92,"column":17},"end":{"line":92,"column":null}},"32":{"start":{"line":94,"column":4},"end":{"line":102,"column":null}},"33":{"start":{"line":95,"column":6},"end":{"line":100,"column":null}},"34":{"start":{"line":96,"column":8},"end":{"line":96,"column":null}},"35":{"start":{"line":97,"column":8},"end":{"line":97,"column":null}},"36":{"start":{"line":99,"column":8},"end":{"line":99,"column":null}},"37":{"start":{"line":101,"column":6},"end":{"line":101,"column":null}},"38":{"start":{"line":104,"column":4},"end":{"line":108,"column":null}},"39":{"start":{"line":105,"column":6},"end":{"line":105,"column":null}},"40":{"start":{"line":106,"column":6},"end":{"line":106,"column":null}},"41":{"start":{"line":107,"column":6},"end":{"line":107,"column":null}},"42":{"start":{"line":110,"column":4},"end":{"line":121,"column":null}},"43":{"start":{"line":111,"column":6},"end":{"line":113,"column":null}},"44":{"start":{"line":112,"column":8},"end":{"line":112,"column":null}},"45":{"start":{"line":114,"column":6},"end":{"line":114,"column":null}},"46":{"start":{"line":115,"column":6},"end":{"line":117,"column":null}},"47":{"start":{"line":115,"column":30},"end":{"line":115,"column":46}},"48":{"start":{"line":116,"column":8},"end":{"line":116,"column":null}},"49":{"start":{"line":118,"column":6},"end":{"line":118,"column":null}},"50":{"start":{"line":119,"column":6},"end":{"line":119,"column":null}},"51":{"start":{"line":120,"column":6},"end":{"line":120,"column":null}},"52":{"start":{"line":123,"column":4},"end":{"line":123,"column":null}},"53":{"start":{"line":126,"column":2},"end":{"line":126,"column":null}},"54":{"start":{"line":127,"column":2},"end":{"line":129,"column":null}},"55":{"start":{"line":127,"column":26},"end":{"line":127,"column":42}},"56":{"start":{"line":128,"column":4},"end":{"line":128,"column":null}},"57":{"start":{"line":131,"column":2},"end":{"line":131,"column":null}},"58":{"start":{"line":135,"column":2},"end":{"line":135,"column":null}},"59":{"start":{"line":139,"column":2},"end":{"line":142,"column":null}},"60":{"start":{"line":140,"column":4},"end":{"line":140,"column":null}},"61":{"start":{"line":141,"column":4},"end":{"line":141,"column":null}},"62":{"start":{"line":146,"column":2},"end":{"line":151,"column":null}},"63":{"start":{"line":147,"column":18},"end":{"line":147,"column":null}},"64":{"start":{"line":148,"column":4},"end":{"line":150,"column":null}},"65":{"start":{"line":149,"column":6},"end":{"line":149,"column":null}},"66":{"start":{"line":152,"column":2},"end":{"line":152,"column":null}},"67":{"start":{"line":156,"column":18},"end":{"line":156,"column":null}},"68":{"start":{"line":157,"column":2},"end":{"line":159,"column":null}},"69":{"start":{"line":158,"column":4},"end":{"line":158,"column":null}},"70":{"start":{"line":160,"column":2},"end":{"line":160,"column":null}},"71":{"start":{"line":164,"column":15},"end":{"line":164,"column":null}},"72":{"start":{"line":165,"column":2},"end":{"line":167,"column":null}},"73":{"start":{"line":166,"column":4},"end":{"line":166,"column":null}},"74":{"start":{"line":169,"column":22},"end":{"line":169,"column":null}},"75":{"start":{"line":170,"column":8},"end":{"line":170,"column":null}},"76":{"start":{"line":171,"column":26},"end":{"line":171,"column":null}},"77":{"start":{"line":173,"column":2},"end":{"line":201,"column":null}},"78":{"start":{"line":174,"column":16},"end":{"line":174,"column":null}},"79":{"start":{"line":175,"column":20},"end":{"line":175,"column":null}},"80":{"start":{"line":176,"column":22},"end":{"line":176,"column":null}},"81":{"start":{"line":177,"column":28},"end":{"line":177,"column":null}},"82":{"start":{"line":178,"column":22},"end":{"line":178,"column":null}},"83":{"start":{"line":179,"column":19},"end":{"line":179,"column":null}},"84":{"start":{"line":181,"column":4},"end":{"line":183,"column":null}},"85":{"start":{"line":182,"column":6},"end":{"line":182,"column":null}},"86":{"start":{"line":185,"column":4},"end":{"line":200,"column":null}},"87":{"start":{"line":203,"column":2},"end":{"line":203,"column":null}},"88":{"start":{"line":207,"column":16},"end":{"line":207,"column":null}},"89":{"start":{"line":209,"column":2},"end":{"line":211,"column":null}},"90":{"start":{"line":210,"column":4},"end":{"line":210,"column":null}},"91":{"start":{"line":213,"column":2},"end":{"line":213,"column":null}},"92":{"start":{"line":217,"column":2},"end":{"line":223,"column":null}},"93":{"start":{"line":218,"column":4},"end":{"line":222,"column":null}},"94":{"start":{"line":225,"column":2},"end":{"line":231,"column":null}},"95":{"start":{"line":226,"column":4},"end":{"line":230,"column":null}},"96":{"start":{"line":233,"column":17},"end":{"line":233,"column":null}},"97":{"start":{"line":233,"column":47},"end":{"line":233,"column":60}},"98":{"start":{"line":234,"column":17},"end":{"line":234,"column":null}},"99":{"start":{"line":235,"column":16},"end":{"line":235,"column":null}},"100":{"start":{"line":237,"column":2},"end":{"line":244,"column":null}},"101":{"start":{"line":238,"column":4},"end":{"line":242,"column":null}},"102":{"start":{"line":239,"column":6},"end":{"line":239,"column":null}},"103":{"start":{"line":241,"column":6},"end":{"line":241,"column":null}},"104":{"start":{"line":243,"column":4},"end":{"line":243,"column":null}},"105":{"start":{"line":246,"column":2},"end":{"line":250,"column":null}}},"fnMap":{"0":{"name":"exportToJson","decl":{"start":{"line":14,"column":16},"end":{"line":14,"column":29}},"loc":{"start":{"line":14,"column":50},"end":{"line":16,"column":null}},"line":14},"1":{"name":"exportToCsv","decl":{"start":{"line":18,"column":16},"end":{"line":18,"column":28}},"loc":{"start":{"line":18,"column":49},"end":{"line":48,"column":null}},"line":18},"2":{"name":"(anonymous_2)","decl":{"start":{"line":35,"column":24},"end":{"line":35,"column":25}},"loc":{"start":{"line":35,"column":33},"end":{"line":45,"column":3}},"line":35},"3":{"name":"(anonymous_3)","decl":{"start":{"line":47,"column":41},"end":{"line":47,"column":42}},"loc":{"start":{"line":47,"column":50},"end":{"line":47,"column":63}},"line":47},"4":{"name":"downloadFile","decl":{"start":{"line":50,"column":16},"end":{"line":50,"column":29}},"loc":{"start":{"line":50,"column":88},"end":{"line":60,"column":null}},"line":50},"5":{"name":"importFromJson","decl":{"start":{"line":62,"column":16},"end":{"line":62,"column":31}},"loc":{"start":{"line":62,"column":58},"end":{"line":82,"column":null}},"line":62},"6":{"name":"(anonymous_6)","decl":{"start":{"line":70,"column":6},"end":{"line":70,"column":7}},"loc":{"start":{"line":71,"column":8},"end":{"line":77,"column":null}},"line":71},"7":{"name":"parseCsv","decl":{"start":{"line":84,"column":9},"end":{"line":84,"column":18}},"loc":{"start":{"line":84,"column":43},"end":{"line":132,"column":null}},"line":84},"8":{"name":"(anonymous_8)","decl":{"start":{"line":115,"column":19},"end":{"line":115,"column":20}},"loc":{"start":{"line":115,"column":30},"end":{"line":115,"column":46}},"line":115},"9":{"name":"(anonymous_9)","decl":{"start":{"line":127,"column":15},"end":{"line":127,"column":16}},"loc":{"start":{"line":127,"column":26},"end":{"line":127,"column":42}},"line":127},"10":{"name":"normalizeHeader","decl":{"start":{"line":134,"column":9},"end":{"line":134,"column":25}},"loc":{"start":{"line":134,"column":49},"end":{"line":136,"column":null}},"line":134},"11":{"name":"toRowObject","decl":{"start":{"line":138,"column":9},"end":{"line":138,"column":21}},"loc":{"start":{"line":138,"column":66},"end":{"line":143,"column":null}},"line":138},"12":{"name":"(anonymous_12)","decl":{"start":{"line":139,"column":35},"end":{"line":139,"column":36}},"loc":{"start":{"line":139,"column":59},"end":{"line":142,"column":5}},"line":139},"13":{"name":"pickValue","decl":{"start":{"line":145,"column":9},"end":{"line":145,"column":19}},"loc":{"start":{"line":145,"column":59},"end":{"line":153,"column":null}},"line":145},"14":{"name":"coerceToJobStatus","decl":{"start":{"line":155,"column":9},"end":{"line":155,"column":27}},"loc":{"start":{"line":155,"column":53},"end":{"line":161,"column":null}},"line":155},"15":{"name":"importFromCsv","decl":{"start":{"line":163,"column":16},"end":{"line":163,"column":30}},"loc":{"start":{"line":163,"column":56},"end":{"line":204,"column":null}},"line":163},"16":{"name":"importJobsFromFile","decl":{"start":{"line":206,"column":16},"end":{"line":206,"column":35}},"loc":{"start":{"line":206,"column":77},"end":{"line":214,"column":null}},"line":206},"17":{"name":"mergeImportedJobs","decl":{"start":{"line":216,"column":16},"end":{"line":216,"column":34}},"loc":{"start":{"line":216,"column":105},"end":{"line":251,"column":null}},"line":216},"18":{"name":"(anonymous_18)","decl":{"start":{"line":233,"column":38},"end":{"line":233,"column":39}},"loc":{"start":{"line":233,"column":47},"end":{"line":233,"column":60}},"line":233}},"branchMap":{"0":{"loc":{"start":{"line":19,"column":2},"end":{"line":21,"column":null}},"type":"if","locations":[{"start":{"line":19,"column":2},"end":{"line":21,"column":null}},{"start":{},"end":{}}],"line":19},"1":{"loc":{"start":{"line":65,"column":4},"end":{"line":67,"column":null}},"type":"if","locations":[{"start":{"line":65,"column":4},"end":{"line":67,"column":null}},{"start":{},"end":{}}],"line":65},"2":{"loc":{"start":{"line":71,"column":8},"end":{"line":77,"column":null}},"type":"binary-expr","locations":[{"start":{"line":71,"column":8},"end":{"line":71,"column":null}},{"start":{"line":72,"column":8},"end":{"line":72,"column":null}},{"start":{"line":73,"column":8},"end":{"line":73,"column":null}},{"start":{"line":74,"column":8},"end":{"line":74,"column":null}},{"start":{"line":75,"column":8},"end":{"line":75,"column":null}},{"start":{"line":76,"column":8},"end":{"line":76,"column":null}},{"start":{"line":77,"column":8},"end":{"line":77,"column":null}}],"line":71},"3":{"loc":{"start":{"line":94,"column":4},"end":{"line":102,"column":null}},"type":"if","locations":[{"start":{"line":94,"column":4},"end":{"line":102,"column":null}},{"start":{},"end":{}}],"line":94},"4":{"loc":{"start":{"line":95,"column":6},"end":{"line":100,"column":null}},"type":"if","locations":[{"start":{"line":95,"column":6},"end":{"line":100,"column":null}},{"start":{"line":98,"column":13},"end":{"line":100,"column":null}}],"line":95},"5":{"loc":{"start":{"line":95,"column":10},"end":{"line":95,"column":36}},"type":"binary-expr","locations":[{"start":{"line":95,"column":10},"end":{"line":95,"column":22}},{"start":{"line":95,"column":22},"end":{"line":95,"column":36}}],"line":95},"6":{"loc":{"start":{"line":104,"column":4},"end":{"line":108,"column":null}},"type":"if","locations":[{"start":{"line":104,"column":4},"end":{"line":108,"column":null}},{"start":{},"end":{}}],"line":104},"7":{"loc":{"start":{"line":104,"column":8},"end":{"line":104,"column":35}},"type":"binary-expr","locations":[{"start":{"line":104,"column":8},"end":{"line":104,"column":21}},{"start":{"line":104,"column":21},"end":{"line":104,"column":35}}],"line":104},"8":{"loc":{"start":{"line":110,"column":4},"end":{"line":121,"column":null}},"type":"if","locations":[{"start":{"line":110,"column":4},"end":{"line":121,"column":null}},{"start":{},"end":{}}],"line":110},"9":{"loc":{"start":{"line":110,"column":8},"end":{"line":110,"column":55}},"type":"binary-expr","locations":[{"start":{"line":110,"column":8},"end":{"line":110,"column":22}},{"start":{"line":110,"column":22},"end":{"line":110,"column":39}},{"start":{"line":110,"column":39},"end":{"line":110,"column":55}}],"line":110},"10":{"loc":{"start":{"line":111,"column":6},"end":{"line":113,"column":null}},"type":"if","locations":[{"start":{"line":111,"column":6},"end":{"line":113,"column":null}},{"start":{},"end":{}}],"line":111},"11":{"loc":{"start":{"line":111,"column":10},"end":{"line":111,"column":42}},"type":"binary-expr","locations":[{"start":{"line":111,"column":10},"end":{"line":111,"column":27}},{"start":{"line":111,"column":27},"end":{"line":111,"column":42}}],"line":111},"12":{"loc":{"start":{"line":115,"column":6},"end":{"line":117,"column":null}},"type":"if","locations":[{"start":{"line":115,"column":6},"end":{"line":117,"column":null}},{"start":{},"end":{}}],"line":115},"13":{"loc":{"start":{"line":127,"column":2},"end":{"line":129,"column":null}},"type":"if","locations":[{"start":{"line":127,"column":2},"end":{"line":129,"column":null}},{"start":{},"end":{}}],"line":127},"14":{"loc":{"start":{"line":140,"column":18},"end":{"line":140,"column":null}},"type":"binary-expr","locations":[{"start":{"line":140,"column":18},"end":{"line":140,"column":32}},{"start":{"line":140,"column":32},"end":{"line":140,"column":null}}],"line":140},"15":{"loc":{"start":{"line":148,"column":4},"end":{"line":150,"column":null}},"type":"if","locations":[{"start":{"line":148,"column":4},"end":{"line":150,"column":null}},{"start":{},"end":{}}],"line":148},"16":{"loc":{"start":{"line":148,"column":8},"end":{"line":148,"column":55}},"type":"binary-expr","locations":[{"start":{"line":148,"column":8},"end":{"line":148,"column":37}},{"start":{"line":148,"column":37},"end":{"line":148,"column":55}}],"line":148},"17":{"loc":{"start":{"line":157,"column":2},"end":{"line":159,"column":null}},"type":"if","locations":[{"start":{"line":157,"column":2},"end":{"line":159,"column":null}},{"start":{},"end":{}}],"line":157},"18":{"loc":{"start":{"line":165,"column":2},"end":{"line":167,"column":null}},"type":"if","locations":[{"start":{"line":165,"column":2},"end":{"line":167,"column":null}},{"start":{},"end":{}}],"line":165},"19":{"loc":{"start":{"line":178,"column":22},"end":{"line":178,"column":null}},"type":"binary-expr","locations":[{"start":{"line":178,"column":22},"end":{"line":178,"column":52}},{"start":{"line":178,"column":52},"end":{"line":178,"column":null}}],"line":178},"20":{"loc":{"start":{"line":181,"column":4},"end":{"line":183,"column":null}},"type":"if","locations":[{"start":{"line":181,"column":4},"end":{"line":183,"column":null}},{"start":{},"end":{}}],"line":181},"21":{"loc":{"start":{"line":181,"column":8},"end":{"line":181,"column":52}},"type":"binary-expr","locations":[{"start":{"line":181,"column":8},"end":{"line":181,"column":20}},{"start":{"line":181,"column":20},"end":{"line":181,"column":34}},{"start":{"line":181,"column":34},"end":{"line":181,"column":52}}],"line":181},"22":{"loc":{"start":{"line":186,"column":10},"end":{"line":186,"column":null}},"type":"binary-expr","locations":[{"start":{"line":186,"column":10},"end":{"line":186,"column":36}},{"start":{"line":186,"column":36},"end":{"line":186,"column":null}}],"line":186},"23":{"loc":{"start":{"line":198,"column":17},"end":{"line":198,"column":null}},"type":"binary-expr","locations":[{"start":{"line":198,"column":17},"end":{"line":198,"column":50}},{"start":{"line":198,"column":50},"end":{"line":198,"column":null}}],"line":198},"24":{"loc":{"start":{"line":199,"column":17},"end":{"line":199,"column":null}},"type":"binary-expr","locations":[{"start":{"line":199,"column":17},"end":{"line":199,"column":50}},{"start":{"line":199,"column":50},"end":{"line":199,"column":null}}],"line":199},"25":{"loc":{"start":{"line":209,"column":2},"end":{"line":211,"column":null}},"type":"if","locations":[{"start":{"line":209,"column":2},"end":{"line":211,"column":null}},{"start":{},"end":{}}],"line":209},"26":{"loc":{"start":{"line":217,"column":2},"end":{"line":223,"column":null}},"type":"if","locations":[{"start":{"line":217,"column":2},"end":{"line":223,"column":null}},{"start":{},"end":{}}],"line":217},"27":{"loc":{"start":{"line":225,"column":2},"end":{"line":231,"column":null}},"type":"if","locations":[{"start":{"line":225,"column":2},"end":{"line":231,"column":null}},{"start":{},"end":{}}],"line":225},"28":{"loc":{"start":{"line":238,"column":4},"end":{"line":242,"column":null}},"type":"if","locations":[{"start":{"line":238,"column":4},"end":{"line":242,"column":null}},{"start":{"line":240,"column":11},"end":{"line":242,"column":null}}],"line":238}},"s":{"0":0,"1":0,"2":0,"3":0,"4":0,"5":0,"6":0,"7":0,"8":0,"9":0,"10":0,"11":0,"12":0,"13":0,"14":0,"15":0,"16":0,"17":1,"18":1,"19":1,"20":0,"21":1,"22":1,"23":0,"24":3,"25":3,"26":3,"27":3,"28":3,"29":3,"30":472,"31":472,"32":472,"33":50,"34":0,"35":0,"36":50,"37":50,"38":422,"39":34,"40":34,"41":34,"42":388,"43":5,"44":0,"45":5,"46":5,"47":6,"48":5,"49":5,"50":5,"51":5,"52":383,"53":472,"54":472,"55":3,"56":3,"57":3,"58":17,"59":5,"60":25,"61":25,"62":50,"63":55,"64":55,"65":23,"66":27,"67":5,"68":5,"69":5,"70":0,"71":3,"72":3,"73":0,"74":3,"75":3,"76":3,"77":3,"78":5,"79":5,"80":5,"81":5,"82":5,"83":5,"84":5,"85":2,"86":3,"87":3,"88":2,"89":2,"90":1,"91":1,"92":3,"93":1,"94":2,"95":1,"96":1,"97":2,"98":1,"99":1,"100":1,"101":2,"102":1,"103":1,"104":2,"105":1},"f":{"0":0,"1":0,"2":0,"3":0,"4":0,"5":1,"6":1,"7":3,"8":6,"9":3,"10":17,"11":5,"12":25,"13":50,"14":5,"15":3,"16":2,"17":3,"18":2},"b":{"0":[0,0],"1":[0,1],"2":[1,1,1,1,1,1,1],"3":[50,422],"4":[0,50],"5":[50,25],"6":[34,388],"7":[422,213],"8":[5,383],"9":[388,179,174],"10":[0,5],"11":[5,0],"12":[5,0],"13":[3,469],"14":[25,0],"15":[23,32],"16":[55,25],"17":[5,0],"18":[0,3],"19":[5,0],"20":[2,3],"21":[5,4,3],"22":[3,3],"23":[5,3],"24":[5,3],"25":[1,1],"26":[1,2],"27":[1,1],"28":[1,1]},"meta":{"lastBranch":29,"lastFunction":19,"lastStatement":106,"seen":{"f:14:16:14:29":0,"s:15:2:15:Infinity":0,"f:18:16:18:28":1,"b:19:2:21:Infinity:undefined:undefined:undefined:undefined":0,"s:19:2:21:Infinity":1,"s:20:4:20:Infinity":2,"s:23:18:33:Infinity":3,"s:35:15:45:Infinity":4,"f:35:24:35:25":2,"s:35:33:45:3":5,"s:47:2:47:Infinity":6,"f:47:41:47:42":3,"s:47:50:47:63":7,"f:50:16:50:29":4,"s:51:15:51:Infinity":8,"s:52:14:52:Infinity":9,"s:53:15:53:Infinity":10,"s:54:2:54:Infinity":11,"s:55:2:55:Infinity":12,"s:56:2:56:Infinity":13,"s:57:2:57:Infinity":14,"s:58:2:58:Infinity":15,"s:59:2:59:Infinity":16,"f:62:16:62:31":5,"s:63:2:81:Infinity":17,"s:64:19:64:Infinity":18,"b:65:4:67:Infinity:undefined:undefined:undefined:undefined":1,"s:65:4:67:Infinity":19,"s:66:6:66:Infinity":20,"s:69:4:78:Infinity":21,"f:70:6:70:7":6,"s:71:8:77:Infinity":22,"b:71:8:71:Infinity:72:8:72:Infinity:73:8:73:Infinity:74:8:74:Infinity:75:8:75:Infinity:76:8:76:Infinity:77:8:77:Infinity":2,"s:80:4:80:Infinity":23,"f:84:9:84:18":7,"s:85:27:85:Infinity":24,"s:86:22:86:Infinity":25,"s:87:14:87:Infinity":26,"s:88:17:88:Infinity":27,"s:90:2:124:Infinity":28,"s:90:15:90:18":29,"s:91:17:91:Infinity":30,"s:92:17:92:Infinity":31,"b:94:4:102:Infinity:undefined:undefined:undefined:undefined":3,"s:94:4:102:Infinity":32,"b:95:6:100:Infinity:98:13:100:Infinity":4,"s:95:6:100:Infinity":33,"b:95:10:95:22:95:22:95:36":5,"s:96:8:96:Infinity":34,"s:97:8:97:Infinity":35,"s:99:8:99:Infinity":36,"s:101:6:101:Infinity":37,"b:104:4:108:Infinity:undefined:undefined:undefined:undefined":6,"s:104:4:108:Infinity":38,"b:104:8:104:21:104:21:104:35":7,"s:105:6:105:Infinity":39,"s:106:6:106:Infinity":40,"s:107:6:107:Infinity":41,"b:110:4:121:Infinity:undefined:undefined:undefined:undefined":8,"s:110:4:121:Infinity":42,"b:110:8:110:22:110:22:110:39:110:39:110:55":9,"b:111:6:113:Infinity:undefined:undefined:undefined:undefined":10,"s:111:6:113:Infinity":43,"b:111:10:111:27:111:27:111:42":11,"s:112:8:112:Infinity":44,"s:114:6:114:Infinity":45,"b:115:6:117:Infinity:undefined:undefined:undefined:undefined":12,"s:115:6:117:Infinity":46,"f:115:19:115:20":8,"s:115:30:115:46":47,"s:116:8:116:Infinity":48,"s:118:6:118:Infinity":49,"s:119:6:119:Infinity":50,"s:120:6:120:Infinity":51,"s:123:4:123:Infinity":52,"s:126:2:126:Infinity":53,"b:127:2:129:Infinity:undefined:undefined:undefined:undefined":13,"s:127:2:129:Infinity":54,"f:127:15:127:16":9,"s:127:26:127:42":55,"s:128:4:128:Infinity":56,"s:131:2:131:Infinity":57,"f:134:9:134:25":10,"s:135:2:135:Infinity":58,"f:138:9:138:21":11,"s:139:2:142:Infinity":59,"f:139:35:139:36":12,"s:140:4:140:Infinity":60,"b:140:18:140:32:140:32:140:Infinity":14,"s:141:4:141:Infinity":61,"f:145:9:145:19":13,"s:146:2:151:Infinity":62,"s:147:18:147:Infinity":63,"b:148:4:150:Infinity:undefined:undefined:undefined:undefined":15,"s:148:4:150:Infinity":64,"b:148:8:148:37:148:37:148:55":16,"s:149:6:149:Infinity":65,"s:152:2:152:Infinity":66,"f:155:9:155:27":14,"s:156:18:156:Infinity":67,"b:157:2:159:Infinity:undefined:undefined:undefined:undefined":17,"s:157:2:159:Infinity":68,"s:158:4:158:Infinity":69,"s:160:2:160:Infinity":70,"f:163:16:163:30":15,"s:164:15:164:Infinity":71,"b:165:2:167:Infinity:undefined:undefined:undefined:undefined":18,"s:165:2:167:Infinity":72,"s:166:4:166:Infinity":73,"s:169:22:169:Infinity":74,"s:170:8:170:Infinity":75,"s:171:26:171:Infinity":76,"s:173:2:201:Infinity":77,"s:174:16:174:Infinity":78,"s:175:20:175:Infinity":79,"s:176:22:176:Infinity":80,"s:177:28:177:Infinity":81,"s:178:22:178:Infinity":82,"b:178:22:178:52:178:52:178:Infinity":19,"s:179:19:179:Infinity":83,"b:181:4:183:Infinity:undefined:undefined:undefined:undefined":20,"s:181:4:183:Infinity":84,"b:181:8:181:20:181:20:181:34:181:34:181:52":21,"s:182:6:182:Infinity":85,"s:185:4:200:Infinity":86,"b:186:10:186:36:186:36:186:Infinity":22,"b:198:17:198:50:198:50:198:Infinity":23,"b:199:17:199:50:199:50:199:Infinity":24,"s:203:2:203:Infinity":87,"f:206:16:206:35":16,"s:207:16:207:Infinity":88,"b:209:2:211:Infinity:undefined:undefined:undefined:undefined":25,"s:209:2:211:Infinity":89,"s:210:4:210:Infinity":90,"s:213:2:213:Infinity":91,"f:216:16:216:34":17,"b:217:2:223:Infinity:undefined:undefined:undefined:undefined":26,"s:217:2:223:Infinity":92,"s:218:4:222:Infinity":93,"b:225:2:231:Infinity:undefined:undefined:undefined:undefined":27,"s:225:2:231:Infinity":94,"s:226:4:230:Infinity":95,"s:233:17:233:Infinity":96,"f:233:38:233:39":18,"s:233:47:233:60":97,"s:234:17:234:Infinity":98,"s:235:16:235:Infinity":99,"s:237:2:244:Infinity":100,"b:238:4:242:Infinity:240:11:242:Infinity":28,"s:238:4:242:Infinity":101,"s:239:6:239:Infinity":102,"s:241:6:241:Infinity":103,"s:243:4:243:Infinity":104,"s:246:2:250:Infinity":105}}}
,"/Users/john/work/job-tracker/src/main.tsx": {"path":"/Users/john/work/job-tracker/src/main.tsx","statementMap":{"0":{"start":{"line":6,"column":0},"end":{"line":10,"column":null}}},"fnMap":{},"branchMap":{},"s":{"0":0},"f":{},"b":{},"meta":{"lastBranch":0,"lastFunction":0,"lastStatement":1,"seen":{"s:6:0:10:Infinity":0}}}
[...]
:{"name":"(anonymous_7)","decl":{"start":{"line":59,"column":19},"end":{"line":59,"column":25}},"loc":{"start":{"line":59,"column":25},"end":{"line":61,"column":null}},"line":59},"8":{"name":"(anonymous_8)","decl":{"start":{"line":73,"column":24},"end":{"line":73,"column":25}},"loc":{"start":{"line":73,"column":41},"end":{"line":79,"column":null}},"line":73},"9":{"name":"(anonymous_9)","decl":{"start":{"line":82,"column":24},"end":{"line":82,"column":25}},"loc":{"start":{"line":82,"column":41},"end":{"line":85,"column":null}},"line":82},"10":{"name":"(anonymous_10)","decl":{"start":{"line":88,"column":24},"end":{"line":88,"column":25}},"loc":{"start":{"line":88,"column":41},"end":{"line":93,"column":null}},"line":88},"11":{"name":"(anonymous_11)","decl":{"start":{"line":112,"column":22},"end":{"line":112,"column":23}},"loc":{"start":{"line":113,"column":10},"end":{"line":115,"column":null}},"line":113},"12":{"name":"(anonymous_12)","decl":{"start":{"line":118,"column":26},"end":{"line":118,"column":27}},"loc":{"start":{"line":118,"column":42},"end":{"line":162,"column":9}},"line":118},"13":{"name":"(anonymous_13)","decl":{"start":{"line":136,"column":48},"end":{"line":136,"column":49}},"loc":{"start":{"line":137,"column":22},"end":{"line":152,"column":null}},"line":137},"14":{"name":"(anonymous_14)","decl":{"start":{"line":140,"column":33},"end":{"line":140,"column":39}},"loc":{"start":{"line":140,"column":39},"end":{"line":140,"column":null}},"line":140},"15":{"name":"(anonymous_15)","decl":{"start":{"line":143,"column":35},"end":{"line":143,"column":36}},"loc":{"start":{"line":143,"column":42},"end":{"line":148,"column":null}},"line":143}},"branchMap":{"0":{"loc":{"start":{"line":21,"column":4},"end":{"line":25,"column":null}},"type":"if","locations":[{"start":{"line":21,"column":4},"end":{"line":25,"column":null}},{"start":{},"end":{}}],"line":21},"1":{"loc":{"start":{"line":84,"column":11},"end":{"line":84,"column":null}},"type":"binary-expr","locations":[{"start":{"line":84,"column":11},"end":{"line":84,"column":38}},{"start":{"line":84,"column":38},"end":{"line":84,"column":null}}],"line":84},"2":{"loc":{"start":{"line":119,"column":29},"end":{"line":119,"column":null}},"type":"cond-expr","locations":[{"start":{"line":119,"column":35},"end":{"line":119,"column":56}},{"start":{"line":119,"column":56},"end":{"line":119,"column":null}}],"line":119},"3":{"loc":{"start":{"line":121,"column":26},"end":{"line":121,"column":null}},"type":"cond-expr","locations":[{"start":{"line":121,"column":32},"end":{"line":121,"column":53}},{"start":{"line":121,"column":53},"end":{"line":121,"column":null}}],"line":121},"4":{"loc":{"start":{"line":122,"column":36},"end":{"line":122,"column":null}},"type":"binary-expr","locations":[{"start":{"line":122,"column":36},"end":{"line":122,"column":47}},{"start":{"line":122,"column":47},"end":{"line":122,"column":null}}],"line":122},"5":{"loc":{"start":{"line":127,"column":42},"end":{"line":127,"column":61}},"type":"cond-expr","locations":[{"start":{"line":127,"column":49},"end":{"line":127,"column":59}},{"start":{"line":127,"column":59},"end":{"line":127,"column":61}}],"line":127},"6":{"loc":{"start":{"line":127,"column":65},"end":{"line":127,"column":90}},"type":"cond-expr","locations":[{"start":{"line":127,"column":75},"end":{"line":127,"column":88}},{"start":{"line":127,"column":88},"end":{"line":127,"column":90}}],"line":127},"7":{"loc":{"start":{"line":127,"column":94},"end":{"line":127,"column":128}},"type":"cond-expr","locations":[{"start":{"line":127,"column":114},"end":{"line":127,"column":126}},{"start":{"line":127,"column":126},"end":{"line":127,"column":128}}],"line":127},"8":{"loc":{"start":{"line":129,"column":15},"end":{"line":158,"column":null}},"type":"binary-expr","locations":[{"start":{"line":129,"column":15},"end":{"line":129,"column":null}},{"start":{"line":130,"column":16},"end":{"line":158,"column":null}}],"line":129},"9":{"loc":{"start":{"line":133,"column":21},"end":{"line":133,"column":null}},"type":"binary-expr","locations":[{"start":{"line":133,"column":21},"end":{"line":133,"column":42}},{"start":{"line":133,"column":42},"end":{"line":133,"column":null}}],"line":133},"10":{"loc":{"start":{"line":144,"column":26},"end":{"line":147,"column":null}},"type":"if","locations":[{"start":{"line":144,"column":26},"end":{"line":147,"column":null}},{"start":{},"end":{}}],"line":144},"11":{"loc":{"start":{"line":144,"column":30},"end":{"line":144,"column":66}},"type":"binary-expr","locations":[{"start":{"line":144,"column":30},"end":{"line":144,"column":51}},{"start":{"line":144,"column":51},"end":{"line":144,"column":66}}],"line":144},"12":{"loc":{"start":{"line":154,"column":21},"end":{"line":155,"column":null}},"type":"binary-expr","locations":[{"start":{"line":154,"column":21},"end":{"line":154,"column":null}},{"start":{"line":155,"column":22},"end":{"line":155,"column":null}}],"line":154},"13":{"loc":{"start":{"line":165,"column":7},"end":{"line":165,"column":null}},"type":"binary-expr","locations":[{"start":{"line":165,"column":7},"end":{"line":165,"column":33}},{"start":{"line":165,"column":33},"end":{"line":165,"column":null}}],"line":165}},"s":{"0":0,"1":0,"2":0,"3":0,"4":0,"5":0,"6":0,"7":0,"8":0,"9":0,"10":0,"11":0,"12":0,"13":0,"14":0,"15":0,"16":0,"17":0,"18":0,"19":0,"20":0,"21":0,"22":0,"23":0,"24":0,"25":0,"26":0,"27":0,"28":0,"29":0,"30":0,"31":0,"32":0,"33":0,"34":0,"35":0,"36":0,"37":0,"38":0,"39":0,"40":0,"41":0,"42":0,"43":0,"44":0,"45":0,"46":0,"47":0,"48":0,"49":0,"50":0,"51":0,"52":0,"53":0,"54":0,"55":0,"56":0,"57":0,"58":0,"59":0,"60":0,"61":0,"62":0},"f":{"0":0,"1":0,"2":0,"3":0,"4":0,"5":0,"6":0,"7":0,"8":0,"9":0,"10":0,"11":0,"12":0,"13":0,"14":0,"15":0},"b":{"0":[0,0],"1":[0,0],"2":[0,0],"3":[0,0],"4":[0,0],"5":[0,0],"6":[0,0],"7":[0,0],"8":[0,0],"9":[0,0],"10":[0,0],"11":[0,0],"12":[0,0],"13":[0,0]},"meta":{"lastBranch":14,"lastFunction":16,"lastStatement":63,"seen":{"f:9:16:9:29":0,"s:11:8:17:Infinity":0,"f:11:29:11:35":1,"s:12:16:12:Infinity":1,"s:13:4:15:Infinity":2,"s:14:6:14:Infinity":3,"s:16:4:16:Infinity":4,"s:20:18:27:Infinity":5,"f:20:30:20:36":2,"b:21:4:25:Infinity:undefined:undefined:undefined:undefined":0,"s:21:4:25:Infinity":6,"s:22:20:22:Infinity":7,"s:23:22:23:Infinity":8,"s:24:6:24:Infinity":9,"s:26:4:26:Infinity":10,"s:30:20:33:Infinity":11,"f:30:20:30:21":3,"s:31:31:31:Infinity":12,"s:32:4:32:Infinity":13,"s:35:21:35:Infinity":14,"s:36:38:36:Infinity":15,"s:39:25:41:Infinity":16,"f:39:25:39:26":4,"s:40:4:40:Infinity":17,"s:44:29:46:Infinity":18,"f:44:29:44:30":5,"s:45:4:45:Infinity":19,"s:48:22:48:Infinity":20,"s:49:19:49:Infinity":21,"s:50:15:50:Infinity":22,"s:51:16:51:Infinity":23,"s:52:20:52:Infinity":24,"s:55:23:57:Infinity":25,"f:55:23:55:29":6,"s:56:4:56:Infinity":26,"s:59:19:61:Infinity":27,"f:59:19:59:25":7,"s:60:4:60:Infinity":28,"s:64:42:64:Infinity":29,"s:65:2:67:Infinity":30,"s:65:15:65:18":31,"s:66:4:66:Infinity":32,"s:68:2:70:Infinity":33,"s:68:15:68:18":34,"s:69:4:69:Infinity":35,"s:73:24:79:Infinity":36,"f:73:24:73:25":8,"s:74:20:74:Infinity":37,"s:75:14:75:Infinity":38,"s:76:14:76:Infinity":39,"s:77:14:77:Infinity":40,"s:78:4:78:Infinity":41,"s:82:24:85:Infinity":42,"f:82:24:82:25":9,"s:83:20:83:Infinity":43,"s:84:4:84:Infinity":44,"b:84:11:84:38:84:38:84:Infinity":1,"s:88:24:93:Infinity":45,"f:88:24:88:25":10,"s:89:20:89:Infinity":46,"s:90:18:90:Infinity":47,"s:91:21:91:Infinity":48,"s:92:4:92:Infinity":49,"s:95:19:95:Infinity":50,"s:97:2:166:Infinity":51,"f:112:22:112:23":11,"s:113:10:115:Infinity":52,"f:118:26:118:27":12,"s:119:29:119:Infinity":53,"b:119:35:119:56:119:56:119:Infinity":2,"s:120:26:120:Infinity":54,"s:121:26:121:Infinity":55,"b:121:32:121:53:121:53:121:Infinity":3,"s:122:36:122:Infinity":56,"b:122:36:122:47:122:47:122:Infinity":4,"s:124:10:160:Infinity":57,"b:127:49:127:59:127:59:127:61":5,"b:127:75:127:88:127:88:127:90":6,"b:127:114:127:126:127:126:127:128":7,"b:129:15:129:Infinity:130:16:158:Infinity":8,"b:133:21:133:42:133:42:133:Infinity":9,"f:136:48:136:49":13,"s:137:22:152:Infinity":58,"f:140:33:140:39":14,"s:140:39:140:Infinity":59,"f:143:35:143:36":15,"b:144:26:147:Infinity:undefined:undefined:undefined:undefined":10,"s:144:26:147:Infinity":60,"b:144:30:144:51:144:51:144:66":11,"s:145:28:145:Infinity":61,"s:146:28:146:Infinity":62,"b:154:21:154:Infinity:155:22:155:Infinity":12,"b:165:7:165:33:165:33:165:Infinity":13}}}
,"/Users/john/work/job-tracker/src/views/DashboardView.tsx": {"path":"/Users/john/work/job-tracker/src/views/DashboardView.tsx","statementMap":{"0":{"start":{"line":8,"column":2},"end":{"line":16,"column":null}},"1":{"start":{"line":11,"column":8},"end":{"line":14,"column":null}}},"fnMap":{"0":{"name":"DashboardView","decl":{"start":{"line":7,"column":16},"end":{"line":7,"column":30}},"loc":{"start":{"line":7,"column":64},"end":{"line":18,"column":null}},"line":7},"1":{"name":"(anonymous_1)","decl":{"start":{"line":10,"column":24},"end":{"line":10,"column":25}},"loc":{"start":{"line":11,"column":8},"end":{"line":14,"column":null}},"line":11}},"branchMap":{"0":{"loc":{"start":{"line":13,"column":19},"end":{"line":13,"column":53}},"type":"binary-expr","locations":[{"start":{"line":13,"column":19},"end":{"line":13,"column":51}},{"start":{"line":13,"column":51},"end":{"line":13,"column":53}}],"line":13}},"s":{"0":123,"1":861},"f":{"0":123,"1":861},"b":{"0":[861,0]},"meta":{"lastBranch":1,"lastFunction":2,"lastStatement":2,"seen":{"f:7:16:7:30":0,"s:8:2:16:Infinity":0,"f:10:24:10:25":1,"s:11:8:14:Infinity":1,"b:13:19:13:51:13:51:13:53":0}}}
,"/Users/john/work/job-tracker/src/views/TableView.tsx": {"path":"/Users/john/work/job-tracker/src/views/TableView.tsx","statementMap":{"0":{"start":{"line":54,"column":4},"end":{"line":56,"column":null}},"1":{"start":{"line":55,"column":6},"end":{"line":55,"column":null}},"2":{"start":{"line":57,"column":4},"end":{"line":57,"column":null}},"3":{"start":{"line":60,"column":8},"end":{"line":60,"column":null}},"4":{"start":{"line":62,"column":2},"end":{"line":238,"column":null}},"5":{"start":{"line":95,"column":51},"end":{"line":95,"column":70}},"6":{"start":{"line":100,"column":51},"end":{"line":100,"column":72}},"7":{"start":{"line":105,"column":51},"end":{"line":105,"column":69}},"8":{"start":{"line":110,"column":51},"end":{"line":110,"column":78}},"9":{"start":{"line":115,"column":51},"end":{"line":115,"column":80}},"10":{"start":{"line":124,"column":12},"end":{"line":192,"column":null}},"11":{"start":{"line":127,"column":29},"end":{"line":127,"column":null}},"12":{"start":{"line":133,"column":38},"end":{"line":133,"column":null}},"13":{"start":{"line":134,"column":34},"end":{"line":134,"column":null}},"14":{"start":{"line":143,"column":38},"end":{"line":143,"column":null}},"15":{"start":{"line":144,"column":39},"end":{"line":144,"column":null}},"16":{"start":{"line":147,"column":20},"end":{"line":149,"column":null}},"17":{"start":{"line":166,"column":20},"end":{"line":166,"column":null}},"18":{"start":{"line":167,"column":20},"end":{"line":167,"column":null}},"19":{"start":{"line":175,"column":20},"end":{"line":175,"column":null}},"20":{"start":{"line":176,"column":20},"end":{"line":176,"column":null}},"21":{"start":{"line":185,"column":20},"end":{"line":185,"column":null}},"22":{"start":{"line":186,"column":20},"end":{"line":186,"column":null}},"23":{"start":{"line":205,"column":29},"end":{"line":205,"column":null}},"24":{"start":{"line":213,"column":29},"end":{"line":213,"column":null}},"25":{"start":{"line":223,"column":18},"end":{"line":223,"column":null}},"26":{"start":{"line":224,"column":18},"end":{"line":224,"column":null}}},"fnMap":{"0":{"name":"TableView","decl":{"start":{"line":30,"column":16},"end":{"line":30,"column":26}},"loc":{"start":{"line":52,"column":19},"end":{"line":240,"column":null}},"line":52},"1":{"name":"sortMarker","decl":{"start":{"line":53,"column":11},"end":{"line":53,"column":22}},"loc":{"start":{"line":53,"column":50},"end":{"line":58,"column":null}},"line":53},"2":{"name":"(anonymous_2)","decl":{"start":{"line":95,"column":45},"end":{"line":95,"column":51}},"loc":{"start":{"line":95,"column":51},"end":{"line":95,"column":70}},"line":95},"3":{"name":"(anonymous_3)","decl":{"start":{"line":100,"column":45},"end":{"line":100,"column":51}},"loc":{"start":{"line":100,"column":51},"end":{"line":100,"column":72}},"line":100},"4":{"name":"(anonymous_4)","decl":{"start":{"line":105,"column":45},"end":{"line":105,"column":51}},"loc":{"start":{"line":105,"column":51},"end":{"line":105,"column":69}},"line":105},"5":{"name":"(anonymous_5)","decl":{"start":{"line":110,"column":45},"end":{"line":110,"column":51}},"loc":{"start":{"line":110,"column":51},"end":{"line":110,"column":78}},"line":110},"6":{"name":"(anonymous_6)","decl":{"start":{"line":115,"column":45},"end":{"line":115,"column":51}},"loc":{"start":{"line":115,"column":51},"end":{"line":115,"column":80}},"line":115},"7":{"name":"(anonymous_7)","decl":{"start":{"line":123,"column":29},"end":{"line":123,"column":30}},"loc":{"start":{"line":124,"column":12},"end":{"line":192,"column":null}},"line":124},"8":{"name":"(anonymous_8)","decl":{"start":{"line":127,"column":23},"end":{"line":127,"column":29}},"loc":{"start":{"line":127,"column":29},"end":{"line":127,"column":null}},"line":127},"9":{"name":"(anonymous_9)","decl":{"start":{"line":133,"column":27},"end":{"line":133,"column":28}},"loc":{"start":{"line":133,"column":38},"end":{"line":133,"column":null}},"line":133},"10":{"name":"(anonymous_10)","decl":{"start":{"line":134,"column":28},"end":{"line":134,"column":34}},"loc":{"start":{"line":134,"column":34},"end":{"line":134,"column":null}},"line":134},"11":{"name":"(anonymous_11)","decl":{"start":{"line":143,"column":27},"end":{"line":143,"column":28}},"loc":{"start":{"line":143,"column":38},"end":{"line":143,"column":null}},"line":143},"12":{"name":"(anonymous_12)","decl":{"start":{"line":144,"column":28},"end":{"line":144,"column":29}},"loc":{"start":{"line":144,"column":39},"end":{"line":144,"column":null}},"line":144},"13":{"name":"(anonymous_13)","decl":{"start":{"line":146,"column":36},"end":{"line":146,"column":37}},"loc":{"start":{"line":147,"column":20},"end":{"line":149,"column":null}},"line":147},"14":{"name":"(anonymous_14)","decl":{"start":{"line":165,"column":27},"end":{"line":165,"column":28}},"loc":{"start":{"line":165,"column":38},"end":{"line":168,"column":null}},"line":165},"15":{"name":"(anonymous_15)","decl":{"start":{"line":174,"column":27},"end":{"line":174,"column":28}},"loc":{"start":{"line":174,"column":38},"end":{"line":177,"column":null}},"line":174},"16":{"name":"(anonymous_16)","decl":{"start":{"line":184,"column":27},"end":{"line":184,"column":28}},"loc":{"start":{"line":184,"column":38},"end":{"line":187,"column":null}},"line":184},"17":{"name":"(anonymous_17)","decl":{"start":{"line":205,"column":23},"end":{"line":205,"column":29}},"loc":{"start":{"line":205,"column":29},"end":{"line":205,"column":null}},"line":205},"18":{"name":"(anonymous_18)","decl":{"start":{"line":213,"column":23},"end":{"line":213,"column":29}},"loc":{"start":{"line":213,"column":29},"end":{"line":213,"column":null}},"line":213},"19":{"name":"(anonymous_19)","decl":{"start":{"line":222,"column":26},"end":{"line":222,"column":27}},"loc":{"start":{"line":222,"column":37},"end":{"line":225,"column":null}},"line":222}},"branchMap":{"0":{"loc":{"start":{"line":54,"column":4},"end":{"line":56,"column":null}},"type":"if","locations":[{"start":{"line":54,"column":4},"end":{"line":56,"column":null}},{"start":{},"end":{}}],"line":54},"1":{"loc":{"start":{"line":57,"column":11},"end":{"line":57,"column":null}},"type":"cond-expr","locations":[{"start":{"line":57,"column":37},"end":{"line":57,"column":43}},{"start":{"line":57,"column":43},"end":{"line":57,"column":null}}],"line":57},"2":{"loc":{"start":{"line":64,"column":7},"end":{"line":80,"column":null}},"type":"binary-expr","locations":[{"start":{"line":64,"column":7},"end":{"line":64,"column":null}},{"start":{"line":65,"column":8},"end":{"line":80,"column":null}}],"line":64},"3":{"loc":{"start":{"line":68,"column":13},"end":{"line":70,"column":null}},"type":"cond-expr","locations":[{"start":{"line":69,"column":16},"end":{"line":69,"column":null}},{"start":{"line":70,"column":16},"end":{"line":70,"column":null}}],"line":68},"4":{"loc":{"start":{"line":126,"column":14},"end":{"line":126,"column":null}},"type":"cond-expr","locations":[{"start":{"line":126,"column":57},"end":{"line":126,"column":73}},{"start":{"line":126,"column":73},"end":{"line":126,"column":null}}],"line":126},"5":{"loc":{"start":{"line":155,"column":17},"end":{"line":155,"column":null}},"type":"binary-expr","locations":[{"start":{"line":155,"column":17},"end":{"line":155,"column":35}},{"start":{"line":155,"column":35},"end":{"line":155,"column":null}}],"line":155},"6":{"loc":{"start":{"line":156,"column":17},"end":{"line":156,"column":null}},"type":"cond-expr","locations":[{"start":{"line":156,"column":41},"end":{"line":156,"column":85}},{"start":{"line":156,"column":85},"end":{"line":156,"column":null}}],"line":156},"7":{"loc":{"start":{"line":156,"column":85},"end":{"line":158,"column":null}},"type":"binary-expr","locations":[{"start":{"line":156,"column":85},"end":{"line":157,"column":null}},{"start":{"line":158,"column":18},"end":{"line":158,"column":null}}],"line":156},"8":{"loc":{"start":{"line":196,"column":7},"end":{"line":233,"column":null}},"type":"binary-expr","locations":[{"start":{"line":196,"column":7},"end":{"line":196,"column":null}},{"start":{"line":197,"column":8},"end":{"line":233,"column":null}}],"line":196},"9":{"loc":{"start":{"line":235,"column":7},"end":{"line":236,"column":null}},"type":"binary-expr","locations":[{"start":{"line":235,"column":7},"end":{"line":235,"column":32}},{"start":{"line":235,"column":32},"end":{"line":235,"column":null}},{"start":{"line":236,"column":8},"end":{"line":236,"column":null}}],"line":235}},"s":{"0":0,"1":0,"2":0,"3":0,"4":0,"5":0,"6":0,"7":0,"8":0,"9":0,"10":0,"11":0,"12":0,"13":0,"14":0,"15":0,"16":0,"17":0,"18":0,"19":0,"20":0,"21":0,"22":0,"23":0,"24":0,"25":0,"26":0},"f":{"0":0,"1":0,"2":0,"3":0,"4":0,"5":0,"6":0,"7":0,"8":0,"9":0,"10":0,"11":0,"12":0,"13":0,"14":0,"15":0,"16":0,"17":0,"18":0,"19":0},"b":{"0":[0,0],"1":[0,0],"2":[0,0],"3":[0,0],"4":[0,0],"5":[0,0],"6":[0,0],"7":[0,0],"8":[0,0],"9":[0,0,0]},"meta":{"lastBranch":10,"lastFunction":20,"lastStatement":27,"seen":{"f:30:16:30:26":0,"f:53:11:53:22":1,"b:54:4:56:Infinity:undefined:undefined:undefined:undefined":0,"s:54:4:56:Infinity":0,"s:55:6:55:Infinity":1,"s:57:4:57:Infinity":2,"b:57:37:57:43:57:43:57:Infinity":1,"s:60:8:60:Infinity":3,"s:62:2:238:Infinity":4,"b:64:7:64:Infinity:65:8:80:Infinity":2,"b:69:16:69:Infinity:70:16:70:Infinity":3,"f:95:45:95:51":2,"s:95:51:95:70":5,"f:100:45:100:51":3,"s:100:51:100:72":6,"f:105:45:105:51":4,"s:105:51:105:69":7,"f:110:45:110:51":5,"s:110:51:110:78":8,"f:115:45:115:51":6,"s:115:51:115:80":9,"f:123:29:123:30":7,"s:124:12:192:Infinity":10,"b:126:57:126:73:126:73:126:Infinity":4,"f:127:23:127:29":8,"s:127:29:127:Infinity":11,"f:133:27:133:28":9,"s:133:38:133:Infinity":12,"f:134:28:134:34":10,"s:134:34:134:Infinity":13,"f:143:27:143:28":11,"s:143:38:143:Infinity":14,"f:144:28:144:29":12,"s:144:39:144:Infinity":15,"f:146:36:146:37":13,"s:147:20:149:Infinity":16,"b:155:17:155:35:155:35:155:Infinity":5,"b:156:41:156:85:156:85:156:Infinity":6,"b:156:85:157:Infinity:158:18:158:Infinity":7,"f:165:27:165:28":14,"s:166:20:166:Infinity":17,"s:167:20:167:Infinity":18,"f:174:27:174:28":15,"s:175:20:175:Infinity":19,"s:176:20:176:Infinity":20,"f:184:27:184:28":16,"s:185:20:185:Infinity":21,"s:186:20:186:Infinity":22,"b:196:7:196:Infinity:197:8:233:Infinity":8,"f:205:23:205:29":17,"s:205:29:205:Infinity":23,"f:213:23:213:29":18,"s:213:29:213:Infinity":24,"f:222:26:222:27":19,"s:223:18:223:Infinity":25,"s:224:18:224:Infinity":26,"b:235:7:235:32:235:32:235:Infinity:236:8:236:Infinity":9}}}
}
