{"/Users/john/work/job-tracker/src/App.tsx": {"path":"/Users/john/work/job-tracker/src/App.tsx","statementMap":{"0":{"start":{"line":35,"column":22},"end":{"line":35,"column":null}},"1":{"start":{"line":36,"column":48},"end":{"line":36,"column":null}},"2":{"start":{"line":37,"column":8},"end":{"line":37,"column":null}},"3":{"start":{"line":40,"column":8},"end":{"line":40,"column":null}},"4":{"start":{"line":41,"column":55},"end":{"line":41,"column":null}},"5":{"start":{"line":42,"column":8},"end":{"line":42,"column":null}},"6":{"start":{"line":43,"column":8},"end":{"line":43,"column":null}},"7":{"start":{"line":44,"column":8},"end":{"line":44,"column":null}},"8":{"start":{"line":45,"column":61},"end":{"line":45,"column":null}},"9":{"start":{"line":46,"column":21},"end":{"line":46,"column":null}},"10":{"start":{"line":47,"column":74},"end":{"line":47,"column":null}},"11":{"start":{"line":48,"column":8},"end":{"line":48,"column":null}},"12":{"start":{"line":51,"column":37},"end":{"line":54,"column":null}},"13":{"start":{"line":55,"column":8},"end":{"line":55,"column":null}},"14":{"start":{"line":56,"column":37},"end":{"line":59,"column":null}},"15":{"start":{"line":62,"column":133},"end":{"line":63,"column":null}},"16":{"start":{"line":66,"column":8},"end":{"line":69,"column":null}},"17":{"start":{"line":71,"column":36},"end":{"line":74,"column":null}},"18":{"start":{"line":77,"column":78},"end":{"line":83,"column":null}},"19":{"start":{"line":93,"column":2},"end":{"line":100,"column":null}},"20":{"start":{"line":103,"column":30},"end":{"line":103,"column":null}},"21":{"start":{"line":104,"column":8},"end":{"line":104,"column":null}},"22":{"start":{"line":106,"column":8},"end":{"line":106,"column":null}},"23":{"start":{"line":106,"column":29},"end":{"line":106,"column":63}},"24":{"start":{"line":107,"column":8},"end":{"line":107,"column":null}},"25":{"start":{"line":107,"column":32},"end":{"line":107,"column":69}},"26":{"start":{"line":108,"column":8},"end":{"line":108,"column":null}},"27":{"start":{"line":108,"column":39},"end":{"line":108,"column":81}},"28":{"start":{"line":109,"column":8},"end":{"line":109,"column":null}},"29":{"start":{"line":109,"column":35},"end":{"line":109,"column":73}},"30":{"start":{"line":112,"column":88},"end":{"line":113,"column":null}},"31":{"start":{"line":116,"column":2},"end":{"line":127,"column":null}},"32":{"start":{"line":117,"column":4},"end":{"line":117,"column":null}},"33":{"start":{"line":129,"column":26},"end":{"line":135,"column":null}},"34":{"start":{"line":148,"column":2},"end":{"line":164,"column":null}},"35":{"start":{"line":163,"column":29},"end":{"line":163,"column":null}},"36":{"start":{"line":166,"column":65},"end":{"line":170,"column":null}},"37":{"start":{"line":172,"column":36},"end":{"line":176,"column":null}},"38":{"start":{"line":173,"column":4},"end":{"line":173,"column":null}},"39":{"start":{"line":174,"column":4},"end":{"line":174,"column":null}},"40":{"start":{"line":175,"column":4},"end":{"line":175,"column":null}},"41":{"start":{"line":178,"column":38},"end":{"line":180,"column":null}},"42":{"start":{"line":179,"column":4},"end":{"line":179,"column":null}},"43":{"start":{"line":182,"column":25},"end":{"line":201,"column":null}},"44":{"start":{"line":183,"column":4},"end":{"line":187,"column":null}},"45":{"start":{"line":184,"column":6},"end":{"line":184,"column":null}},"46":{"start":{"line":185,"column":6},"end":{"line":185,"column":null}},"47":{"start":{"line":186,"column":6},"end":{"line":186,"column":null}},"48":{"start":{"line":189,"column":19},"end":{"line":189,"column":null}},"49":{"start":{"line":189,"column":51},"end":{"line":189,"column":71}},"50":{"start":{"line":190,"column":4},"end":{"line":192,"column":null}},"51":{"start":{"line":191,"column":6},"end":{"line":191,"column":null}},"52":{"start":{"line":194,"column":4},"end":{"line":194,"column":null}},"53":{"start":{"line":195,"column":4},"end":{"line":195,"column":null}},"54":{"start":{"line":196,"column":4},"end":{"line":196,"column":null}},"55":{"start":{"line":197,"column":4},"end":{"line":197,"column":null}},"56":{"start":{"line":198,"column":4},"end":{"line":198,"column":null}},"57":{"start":{"line":199,"column":4},"end":{"line":199,"column":null}},"58":{"start":{"line":200,"column":4},"end":{"line":200,"column":null}},"59":{"start":{"line":203,"column":26},"end":{"line":221,"column":null}},"60":{"start":{"line":204,"column":24},"end":{"line":206,"column":null}},"61":{"start":{"line":205,"column":40},"end":{"line":205,"column":75}},"62":{"start":{"line":207,"column":17},"end":{"line":207,"column":null}},"63":{"start":{"line":208,"column":4},"end":{"line":210,"column":null}},"64":{"start":{"line":209,"column":6},"end":{"line":209,"column":null}},"65":{"start":{"line":212,"column":20},"end":{"line":218,"column":null}},"66":{"start":{"line":219,"column":4},"end":{"line":219,"column":null}},"67":{"start":{"line":220,"column":4},"end":{"line":220,"column":null}},"68":{"start":{"line":223,"column":26},"end":{"line":240,"column":null}},"69":{"start":{"line":224,"column":4},"end":{"line":226,"column":null}},"70":{"start":{"line":225,"column":6},"end":{"line":225,"column":null}},"71":{"start":{"line":228,"column":20},"end":{"line":228,"column":null}},"72":{"start":{"line":228,"column":52},"end":{"line":228,"column":87}},"73":{"start":{"line":229,"column":4},"end":{"line":231,"column":null}},"74":{"start":{"line":230,"column":6},"end":{"line":230,"column":null}},"75":{"start":{"line":233,"column":21},"end":{"line":233,"column":null}},"76":{"start":{"line":234,"column":4},"end":{"line":236,"column":null}},"77":{"start":{"line":235,"column":6},"end":{"line":235,"column":null}},"78":{"start":{"line":238,"column":4},"end":{"line":238,"column":null}},"79":{"start":{"line":239,"column":4},"end":{"line":239,"column":null}},"80":{"start":{"line":242,"column":26},"end":{"line":260,"column":null}},"81":{"start":{"line":243,"column":4},"end":{"line":245,"column":null}},"82":{"start":{"line":244,"column":6},"end":{"line":244,"column":null}},"83":{"start":{"line":247,"column":20},"end":{"line":247,"column":null}},"84":{"start":{"line":247,"column":52},"end":{"line":247,"column":87}},"85":{"start":{"line":248,"column":4},"end":{"line":250,"column":null}},"86":{"start":{"line":249,"column":6},"end":{"line":249,"column":null}},"87":{"start":{"line":252,"column":22},"end":{"line":252,"column":null}},"88":{"start":{"line":253,"column":4},"end":{"line":255,"column":null}},"89":{"start":{"line":254,"column":6},"end":{"line":254,"column":null}},"90":{"start":{"line":257,"column":4},"end":{"line":257,"column":null}},"91":{"start":{"line":258,"column":4},"end":{"line":258,"column":null}},"92":{"start":{"line":259,"column":4},"end":{"line":259,"column":null}},"93":{"start":{"line":262,"column":29},"end":{"line":265,"column":null}},"94":{"start":{"line":263,"column":4},"end":{"line":263,"column":null}},"95":{"start":{"line":263,"column":25},"end":{"line":263,"column":69}},"96":{"start":{"line":264,"column":4},"end":{"line":264,"column":null}},"97":{"start":{"line":267,"column":27},"end":{"line":270,"column":null}},"98":{"start":{"line":268,"column":4},"end":{"line":268,"column":null}},"99":{"start":{"line":268,"column":25},"end":{"line":268,"column":73}},"100":{"start":{"line":269,"column":4},"end":{"line":269,"column":null}},"101":{"start":{"line":272,"column":35},"end":{"line":274,"column":null}},"102":{"start":{"line":273,"column":4},"end":{"line":273,"column":null}},"103":{"start":{"line":273,"column":25},"end":{"line":273,"column":79}},"104":{"start":{"line":276,"column":35},"end":{"line":279,"column":null}},"105":{"start":{"line":277,"column":4},"end":{"line":277,"column":null}},"106":{"start":{"line":277,"column":25},"end":{"line":277,"column":88}},"107":{"start":{"line":278,"column":4},"end":{"line":278,"column":null}},"108":{"start":{"line":282,"column":8},"end":{"line":306,"column":null}},"109":{"start":{"line":308,"column":2},"end":{"line":368,"column":null}},"110":{"start":{"line":344,"column":45},"end":{"line":344,"column":80}},"111":{"start":{"line":373,"column":2},"end":{"line":376,"column":null}}},"fnMap":{"0":{"name":"AppContent","decl":{"start":{"line":34,"column":9},"end":{"line":34,"column":22}},"loc":{"start":{"line":34,"column":22},"end":{"line":370,"column":null}},"line":34},"1":{"name":"(anonymous_1)","decl":{"start":{"line":106,"column":29},"end":{"line":106,"column":35}},"loc":{"start":{"line":106,"column":29},"end":{"line":106,"column":63}},"line":106},"2":{"name":"(anonymous_2)","decl":{"start":{"line":107,"column":32},"end":{"line":107,"column":38}},"loc":{"start":{"line":107,"column":32},"end":{"line":107,"column":69}},"line":107},"3":{"name":"(anonymous_3)","decl":{"start":{"line":108,"column":39},"end":{"line":108,"column":45}},"loc":{"start":{"line":108,"column":39},"end":{"line":108,"column":81}},"line":108},"4":{"name":"(anonymous_4)","decl":{"start":{"line":109,"column":35},"end":{"line":109,"column":41}},"loc":{"start":{"line":109,"column":35},"end":{"line":109,"column":73}},"line":109},"5":{"name":"(anonymous_5)","decl":{"start":{"line":116,"column":12},"end":{"line":116,"column":18}},"loc":{"start":{"line":116,"column":18},"end":{"line":118,"column":5}},"line":116},"6":{"name":"(anonymous_6)","decl":{"start":{"line":163,"column":23},"end":{"line":163,"column":29}},"loc":{"start":{"line":163,"column":29},"end":{"line":163,"column":null}},"line":163},"7":{"name":"(anonymous_7)","decl":{"start":{"line":172,"column":36},"end":{"line":172,"column":37}},"loc":{"start":{"line":172,"column":62},"end":{"line":176,"column":null}},"line":172},"8":{"name":"(anonymous_8)","decl":{"start":{"line":178,"column":38},"end":{"line":178,"column":39}},"loc":{"start":{"line":178,"column":52},"end":{"line":180,"column":null}},"line":178},"9":{"name":"(anonymous_9)","decl":{"start":{"line":182,"column":25},"end":{"line":182,"column":26}},"loc":{"start":{"line":182,"column":41},"end":{"line":201,"column":null}},"line":182},"10":{"name":"(anonymous_10)","decl":{"start":{"line":189,"column":35},"end":{"line":189,"column":36}},"loc":{"start":{"line":189,"column":51},"end":{"line":189,"column":71}},"line":189},"11":{"name":"(anonymous_11)","decl":{"start":{"line":203,"column":26},"end":{"line":203,"column":32}},"loc":{"start":{"line":203,"column":32},"end":{"line":221,"column":null}},"line":203},"12":{"name":"(anonymous_12)","decl":{"start":{"line":205,"column":24},"end":{"line":205,"column":25}},"loc":{"start":{"line":205,"column":40},"end":{"line":205,"column":75}},"line":205},"13":{"name":"(anonymous_13)","decl":{"start":{"line":223,"column":26},"end":{"line":223,"column":32}},"loc":{"start":{"line":223,"column":32},"end":{"line":240,"column":null}},"line":223},"14":{"name":"(anonymous_14)","decl":{"start":{"line":228,"column":36},"end":{"line":228,"column":37}},"loc":{"start":{"line":228,"column":52},"end":{"line":228,"column":87}},"line":228},"15":{"name":"(anonymous_15)","decl":{"start":{"line":242,"column":26},"end":{"line":242,"column":32}},"loc":{"start":{"line":242,"column":32},"end":{"line":260,"column":null}},"line":242},"16":{"name":"(anonymous_16)","decl":{"start":{"line":247,"column":36},"end":{"line":247,"column":37}},"loc":{"start":{"line":247,"column":52},"end":{"line":247,"column":87}},"line":247},"17":{"name":"(anonymous_17)","decl":{"start":{"line":262,"column":29},"end":{"line":262,"column":30}},"loc":{"start":{"line":262,"column":48},"end":{"line":265,"column":null}},"line":262},"18":{"name":"(anonymous_18)","decl":{"start":{"line":263,"column":12},"end":{"line":263,"column":13}},"loc":{"start":{"line":263,"column":25},"end":{"line":263,"column":69}},"line":263},"19":{"name":"(anonymous_19)","decl":{"start":{"line":267,"column":27},"end":{"line":267,"column":28}},"loc":{"start":{"line":267,"column":60},"end":{"line":270,"column":null}},"line":267},"20":{"name":"(anonymous_20)","decl":{"start":{"line":268,"column":12},"end":{"line":268,"column":13}},"loc":{"start":{"line":268,"column":25},"end":{"line":268,"column":73}},"line":268},"21":{"name":"(anonymous_21)","decl":{"start":{"line":272,"column":35},"end":{"line":272,"column":36}},"loc":{"start":{"line":272,"column":77},"end":{"line":274,"column":null}},"line":272},"22":{"name":"(anonymous_22)","decl":{"start":{"line":273,"column":12},"end":{"line":273,"column":13}},"loc":{"start":{"line":273,"column":25},"end":{"line":273,"column":79}},"line":273},"23":{"name":"(anonymous_23)","decl":{"start":{"line":276,"column":35},"end":{"line":276,"column":36}},"loc":{"start":{"line":276,"column":87},"end":{"line":279,"column":null}},"line":276},"24":{"name":"(anonymous_24)","decl":{"start":{"line":277,"column":12},"end":{"line":277,"column":13}},"loc":{"start":{"line":277,"column":25},"end":{"line":277,"column":88}},"line":277},"25":{"name":"(anonymous_25)","decl":{"start":{"line":344,"column":33},"end":{"line":344,"column":34}},"loc":{"start":{"line":344,"column":45},"end":{"line":344,"column":80}},"line":344},"26":{"name":"App","decl":{"start":{"line":372,"column":9},"end":{"line":372,"column":15}},"loc":{"start":{"line":372,"column":15},"end":{"line":378,"column":null}},"line":372}},"branchMap":{"0":{"loc":{"start":{"line":183,"column":4},"end":{"line":187,"column":null}},"type":"if","locations":[{"start":{"line":183,"column":4},"end":{"line":187,"column":null}},{"start":{},"end":{}}],"line":183},"1":{"loc":{"start":{"line":190,"column":4},"end":{"line":192,"column":null}},"type":"if","locations":[{"start":{"line":190,"column":4},"end":{"line":192,"column":null}},{"start":{},"end":{}}],"line":190},"2":{"loc":{"start":{"line":204,"column":24},"end":{"line":206,"column":null}},"type":"cond-expr","locations":[{"start":{"line":205,"column":8},"end":{"line":205,"column":null}},{"start":{"line":206,"column":8},"end":{"line":206,"column":null}}],"line":204},"3":{"loc":{"start":{"line":205,"column":8},"end":{"line":205,"column":null}},"type":"binary-expr","locations":[{"start":{"line":205,"column":8},"end":{"line":205,"column":86}},{"start":{"line":205,"column":86},"end":{"line":205,"column":null}}],"line":205},"4":{"loc":{"start":{"line":208,"column":4},"end":{"line":210,"column":null}},"type":"if","locations":[{"start":{"line":208,"column":4},"end":{"line":210,"column":null}},{"start":{},"end":{}}],"line":208},"5":{"loc":{"start":{"line":213,"column":10},"end":{"line":213,"column":null}},"type":"binary-expr","locations":[{"start":{"line":213,"column":10},"end":{"line":213,"column":31}},{"start":{"line":213,"column":31},"end":{"line":213,"column":null}}],"line":213},"6":{"loc":{"start":{"line":224,"column":4},"end":{"line":226,"column":null}},"type":"if","locations":[{"start":{"line":224,"column":4},"end":{"line":226,"column":null}},{"start":{},"end":{}}],"line":224},"7":{"loc":{"start":{"line":229,"column":4},"end":{"line":231,"column":null}},"type":"if","locations":[{"start":{"line":229,"column":4},"end":{"line":231,"column":null}},{"start":{},"end":{}}],"line":229},"8":{"loc":{"start":{"line":234,"column":4},"end":{"line":236,"column":null}},"type":"if","locations":[{"start":{"line":234,"column":4},"end":{"line":236,"column":null}},{"start":{},"end":{}}],"line":234},"9":{"loc":{"start":{"line":243,"column":4},"end":{"line":245,"column":null}},"type":"if","locations":[{"start":{"line":243,"column":4},"end":{"line":245,"column":null}},{"start":{},"end":{}}],"line":243},"10":{"loc":{"start":{"line":248,"column":4},"end":{"line":250,"column":null}},"type":"if","locations":[{"start":{"line":248,"column":4},"end":{"line":250,"column":null}},{"start":{},"end":{}}],"line":248},"11":{"loc":{"start":{"line":253,"column":4},"end":{"line":255,"column":null}},"type":"if","locations":[{"start":{"line":253,"column":4},"end":{"line":255,"column":null}},{"start":{},"end":{}}],"line":253}},"s":{"0":174,"1":174,"2":174,"3":174,"4":174,"5":174,"6":174,"7":174,"8":174,"9":174,"10":174,"11":174,"12":174,"13":174,"14":174,"15":174,"16":174,"17":174,"18":174,"19":174,"20":174,"21":174,"22":174,"23":16,"24":174,"25":16,"26":174,"27":16,"28":174,"29":16,"30":174,"31":174,"32":8,"33":174,"34":174,"35":0,"36":174,"37":174,"38":0,"39":0,"40":0,"41":174,"42":0,"43":174,"44":0,"45":0,"46":0,"47":0,"48":0,"49":0,"50":0,"51":0,"52":0,"53":0,"54":0,"55":0,"56":0,"57":0,"58":0,"59":174,"60":0,"61":0,"62":0,"63":0,"64":0,"65":0,"66":0,"67":0,"68":174,"69":0,"70":0,"71":0,"72":0,"73":0,"74":0,"75":0,"76":0,"77":0,"78":0,"79":0,"80":174,"81":0,"82":0,"83":0,"84":0,"85":0,"86":0,"87":0,"88":0,"89":0,"90":0,"91":0,"92":0,"93":174,"94":0,"95":0,"96":0,"97":174,"98":0,"99":0,"100":0,"101":174,"102":0,"103":0,"104":174,"105":0,"106":0,"107":0,"108":174,"109":174,"110":0,"111":5},"f":{"0":174,"1":16,"2":16,"3":16,"4":16,"5":8,"6":0,"7":0,"8":0,"9":0,"10":0,"11":0,"12":0,"13":0,"14":0,"15":0,"16":0,"17":0,"18":0,"19":0,"20":0,"21":0,"22":0,"23":0,"24":0,"25":0,"26":5},"b":{"0":[0,0],"1":[0,0],"2":[0,0],"3":[0,0],"4":[0,0],"5":[0,0],"6":[0,0],"7":[0,0],"8":[0,0],"9":[0,0],"10":[0,0],"11":[0,0]},"meta":{"lastBranch":12,"lastFunction":27,"lastStatement":112,"seen":{"f:34:9:34:22":0,"s:35:22:35:Infinity":0,"s:36:48:36:Infinity":1,"s:37:8:37:Infinity":2,"s:40:8:40:Infinity":3,"s:41:55:41:Infinity":4,"s:42:8:42:Infinity":5,"s:43:8:43:Infinity":6,"s:44:8:44:Infinity":7,"s:45:61:45:Infinity":8,"s:46:21:46:Infinity":9,"s:47:74:47:Infinity":10,"s:48:8:48:Infinity":11,"s:51:37:54:Infinity":12,"s:55:8:55:Infinity":13,"s:56:37:59:Infinity":14,"s:62:133:63:Infinity":15,"s:66:8:69:Infinity":16,"s:71:36:74:Infinity":17,"s:77:78:83:Infinity":18,"s:93:2:100:Infinity":19,"s:103:30:103:Infinity":20,"s:104:8:104:Infinity":21,"s:106:8:106:Infinity":22,"f:106:29:106:35":1,"s:106:29:106:63":23,"s:107:8:107:Infinity":24,"f:107:32:107:38":2,"s:107:32:107:69":25,"s:108:8:108:Infinity":26,"f:108:39:108:45":3,"s:108:39:108:81":27,"s:109:8:109:Infinity":28,"f:109:35:109:41":4,"s:109:35:109:73":29,"s:112:88:113:Infinity":30,"s:116:2:127:Infinity":31,"f:116:12:116:18":5,"s:117:4:117:Infinity":32,"s:129:26:135:Infinity":33,"s:148:2:164:Infinity":34,"f:163:23:163:29":6,"s:163:29:163:Infinity":35,"s:166:65:170:Infinity":36,"s:172:36:176:Infinity":37,"f:172:36:172:37":7,"s:173:4:173:Infinity":38,"s:174:4:174:Infinity":39,"s:175:4:175:Infinity":40,"s:178:38:180:Infinity":41,"f:178:38:178:39":8,"s:179:4:179:Infinity":42,"s:182:25:201:Infinity":43,"f:182:25:182:26":9,"b:183:4:187:Infinity:undefined:undefined:undefined:undefined":0,"s:183:4:187:Infinity":44,"s:184:6:184:Infinity":45,"s:185:6:185:Infinity":46,"s:186:6:186:Infinity":47,"s:189:19:189:Infinity":48,"f:189:35:189:36":10,"s:189:51:189:71":49,"b:190:4:192:Infinity:undefined:undefined:undefined:undefined":1,"s:190:4:192:Infinity":50,"s:191:6:191:Infinity":51,"s:194:4:194:Infinity":52,"s:195:4:195:Infinity":53,"s:196:4:196:Infinity":54,"s:197:4:197:Infinity":55,"s:198:4:198:Infinity":56,"s:199:4:199:Infinity":57,"s:200:4:200:Infinity":58,"s:203:26:221:Infinity":59,"f:203:26:203:32":11,"s:204:24:206:Infinity":60,"b:205:8:205:Infinity:206:8:206:Infinity":2,"b:205:8:205:86:205:86:205:Infinity":3,"f:205:24:205:25":12,"s:205:40:205:75":61,"s:207:17:207:Infinity":62,"b:208:4:210:Infinity:undefined:undefined:undefined:undefined":4,"s:208:4:210:Infinity":63,"s:209:6:209:Infinity":64,"s:212:20:218:Infinity":65,"b:213:10:213:31:213:31:213:Infinity":5,"s:219:4:219:Infinity":66,"s:220:4:220:Infinity":67,"s:223:26:240:Infinity":68,"f:223:26:223:32":13,"b:224:4:226:Infinity:undefined:undefined:undefined:undefined":6,"s:224:4:226:Infinity":69,"s:225:6:225:Infinity":70,"s:228:20:228:Infinity":71,"f:228:36:228:37":14,"s:228:52:228:87":72,"b:229:4:231:Infinity:undefined:undefined:undefined:undefined":7,"s:229:4:231:Infinity":73,"s:230:6:230:Infinity":74,"s:233:21:233:Infinity":75,"b:234:4:236:Infinity:undefined:undefined:undefined:undefined":8,"s:234:4:236:Infinity":76,"s:235:6:235:Infinity":77,"s:238:4:238:Infinity":78,"s:239:4:239:Infinity":79,"s:242:26:260:Infinity":80,"f:242:26:242:32":15,"b:243:4:245:Infinity:undefined:undefined:undefined:undefined":9,"s:243:4:245:Infinity":81,"s:244:6:244:Infinity":82,"s:247:20:247:Infinity":83,"f:247:36:247:37":16,"s:247:52:247:87":84,"b:248:4:250:Infinity:undefined:undefined:undefined:undefined":10,"s:248:4:250:Infinity":85,"s:249:6:249:Infinity":86,"s:252:22:252:Infinity":87,"b:253:4:255:Infinity:undefined:undefined:undefined:undefined":11,"s:253:4:255:Infinity":88,"s:254:6:254:Infinity":89,"s:257:4:257:Infinity":90,"s:258:4:258:Infinity":91,"s:259:4:259:Infinity":92,"s:262:29:265:Infinity":93,"f:262:29:262:30":17,"s:263:4:263:Infinity":94,"f:263:12:263:13":18,"s:263:25:263:69":95,"s:264:4:264:Infinity":96,"s:267:27:270:Infinity":97,"f:267:27:267:28":19,"s:268:4:268:Infinity":98,"f:268:12:268:13":20,"s:268:25:268:73":99,"s:269:4:269:Infinity":100,"s:272:35:274:Infinity":101,"f:272:35:272:36":21,"s:273:4:273:Infinity":102,"f:273:12:273:13":22,"s:273:25:273:79":103,"s:276:35:279:Infinity":104,"f:276:35:276:36":23,"s:277:4:277:Infinity":105,"f:277:12:277:13":24,"s:277:25:277:88":106,"s:278:4:278:Infinity":107,"s:282:8:306:Infinity":108,"s:308:2:368:Infinity":109,"f:344:33:344:34":25,"s:344:45:344:80":110,"f:372:9:372:15":26,"s:373:2:376:Infinity":111}}}
,"/Users/john/work/job-tracker/src/domain.ts": {"path":"/Users/john/work/job-tracker/src/domain.ts","statementMap":{"0":{"start":{"line":1,"column":28},"end":{"line":8,"column":null}},"1":{"start":{"line":12,"column":30},"end":{"line":12,"column":null}},"2":{"start":{"line":50,"column":41},"end":{"line":74,"column":null}},"3":{"start":{"line":77,"column":8},"end":{"line":77,"column":null}},"4":{"start":{"line":79,"column":2},"end":{"line":85,"column":null}}},"fnMap":{"0":{"name":"createJobFromDraft","decl":{"start":{"line":76,"column":16},"end":{"line":76,"column":35}},"loc":{"start":{"line":76,"column":57},"end":{"line":86,"column":null}},"line":76}},"branchMap":{"0":{"loc":{"start":{"line":82,"column":14},"end":{"line":82,"column":null}},"type":"binary-expr","locations":[{"start":{"line":82,"column":14},"end":{"line":82,"column":32}},{"start":{"line":82,"column":32},"end":{"line":82,"column":null}}],"line":82}},"s":{"0":22,"1":22,"2":22,"3":6,"4":6},"f":{"0":6},"b":{"0":[6,0]},"meta":{"lastBranch":1,"lastFunction":1,"lastStatement":5,"seen":{"s:1:28:8:Infinity":0,"s:12:30:12:Infinity":1,"s:50:41:74:Infinity":2,"f:76:16:76:35":0,"s:77:8:77:Infinity":3,"s:79:2:85:Infinity":4,"b:82:14:82:32:82:32:82:Infinity":0}}}
,"/Users/john/work/job-tracker/src/exportImport.ts": {"path":"/Users/john/work/job-tracker/src/exportImport.ts","statementMap":{"0":{"start":{"line":10,"column":16},"end":{"line":10,"column":null}},"1":{"start":{"line":12,"column":2},"end":{"line":14,"column":null}},"2":{"start":{"line":13,"column":4},"end":{"line":13,"column":null}},"3":{"start":{"line":16,"column":2},"end":{"line":16,"column":null}}},"fnMap":{"0":{"name":"importJobsFromFile","decl":{"start":{"line":9,"column":16},"end":{"line":9,"column":35}},"loc":{"start":{"line":9,"column":77},"end":{"line":17,"column":null}},"line":9}},"branchMap":{"0":{"loc":{"start":{"line":12,"column":2},"end":{"line":14,"column":null}},"type":"if","locations":[{"start":{"line":12,"column":2},"end":{"line":14,"column":null}},{"start":{},"end":{}}],"line":12}},"s":{"0":2,"1":2,"2":1,"3":1},"f":{"0":2},"b":{"0":[1,1]},"meta":{"lastBranch":1,"lastFunction":1,"lastStatement":4,"seen":{"f:9:16:9:35":0,"s:10:16:10:Infinity":0,"b:12:2:14:Infinity:undefined:undefined:undefined:undefined":0,"s:12:2:14:Infinity":1,"s:13:4:13:Infinity":2,"s:16:2:16:Infinity":3}}}
,"/Users/john/work/job-tracker/src/main.tsx": {"path":"/Users/john/work/job-tracker/src/main.tsx","statementMap":{"0":{"start":{"line":6,"column":20},"end":{"line":6,"column":null}},"1":{"start":{"line":8,"column":0},"end":{"line":10,"column":null}},"2":{"start":{"line":9,"column":2},"end":{"line":9,"column":null}},"3":{"start":{"line":12,"column":0},"end":{"line":16,"column":null}}},"fnMap":{},"branchMap":{"0":{"loc":{"start":{"line":8,"column":0},"end":{"line":10,"column":null}},"type":"if","locations":[{"start":{"line":8,"column":0},"end":{"line":10,"column":null}},{"start":{},"end":{}}],"line":8}},"s":{"0":0,"1":0,"2":0,"3":0},"f":{},"b":{"0":[0,0]},"meta":{"lastBranch":1,"lastFunction":0,"lastStatement":4,"seen":{"s:6:20:6:Infinity":0,"b:8:0:10:Infinity:undefined:undefined:undefined:undefined":0,"s:8:0:10:Infinity":1,"s:9:2:9:Infinity":2,"s:12:0:16:Infinity":3}}}
,"/Users/john/work/job-tracker/src/notifications.ts": {"path":"/Users/john/work/job-tracker/src/notifications.ts","statementMap":{"0":{"start":{"line":11,"column":2},"end":{"line":11,"column":null}},"1":{"start":{"line":19,"column":2},"end":{"line":24,"column":null}}},"fnMap":{"0":{"name":"generateId","decl":{"start":{"line":10,"column":9},"end":{"line":10,"column":30}},"loc":{"start":{"line":10,"column":30},"end":{"line":12,"column":null}},"line":10},"1":{"name":"createNotification","decl":{"start":{"line":14,"column":16},"end":{"line":14,"column":null}},"loc":{"start":{"line":18,"column":16},"end":{"line":25,"column":null}},"line":18}},"branchMap":{"0":{"loc":{"start":{"line":16,"column":2},"end":{"line":16,"column":null}},"type":"default-arg","locations":[{"start":{"line":16,"column":27},"end":{"line":16,"column":null}}],"line":16},"1":{"loc":{"start":{"line":17,"column":2},"end":{"line":17,"column":null}},"type":"default-arg","locations":[{"start":{"line":17,"column":21},"end":{"line":17,"column":null}}],"line":17}},"s":{"0":26,"1":26},"f":{"0":26,"1":26},"b":{"0":[26],"1":[26]},"meta":{"lastBranch":2,"lastFunction":2,"lastStatement":2,"seen":{"f:10:9:10:30":0,"s:11:2:11:Infinity":0,"f:14:16:14:Infinity":1,"b:16:27:16:Infinity":0,"b:17:21:17:Infinity":1,"s:19:2:24:Infinity":1}}}
,"/Users/john/work/job-tracker/src/scoring.ts": {"path":"/Users/john/work/job-tracker/src/scoring.ts","statementMap":{"0":{"start":{"line":18,"column":51},"end":{"line":24,"column":null}},"1":{"start":{"line":31,"column":27},"end":{"line":31,"column":null}},"2":{"start":{"line":32,"column":34},"end":{"line":32,"column":null}},"3":{"start":{"line":34,"column":2},"end":{"line":37,"column":null}},"4":{"start":{"line":35,"column":4},"end":{"line":35,"column":null}},"5":{"start":{"line":36,"column":4},"end":{"line":36,"column":null}},"6":{"start":{"line":38,"column":2},"end":{"line":41,"column":null}},"7":{"start":{"line":39,"column":4},"end":{"line":39,"column":null}},"8":{"start":{"line":40,"column":4},"end":{"line":40,"column":null}},"9":{"start":{"line":42,"column":2},"end":{"line":45,"column":null}},"10":{"start":{"line":43,"column":4},"end":{"line":43,"column":null}},"11":{"start":{"line":44,"column":4},"end":{"line":44,"column":null}},"12":{"start":{"line":46,"column":2},"end":{"line":49,"column":null}},"13":{"start":{"line":47,"column":4},"end":{"line":47,"column":null}},"14":{"start":{"line":48,"column":4},"end":{"line":48,"column":null}},"15":{"start":{"line":50,"column":2},"end":{"line":53,"column":null}},"16":{"start":{"line":51,"column":4},"end":{"line":51,"column":null}},"17":{"start":{"line":52,"column":4},"end":{"line":52,"column":null}},"18":{"start":{"line":56,"column":2},"end":{"line":58,"column":null}},"19":{"start":{"line":57,"column":4},"end":{"line":57,"column":null}},"20":{"start":{"line":61,"column":20},"end":{"line":61,"column":null}},"21":{"start":{"line":61,"column":53},"end":{"line":61,"column":62}},"22":{"start":{"line":62,"column":22},"end":{"line":62,"column":null}},"23":{"start":{"line":62,"column":55},"end":{"line":62,"column":87}},"24":{"start":{"line":64,"column":2},"end":{"line":64,"column":null}},"25":{"start":{"line":71,"column":2},"end":{"line":76,"column":null}},"26":{"start":{"line":84,"column":14},"end":{"line":84,"column":null}},"27":{"start":{"line":86,"column":2},"end":{"line":88,"column":null}},"28":{"start":{"line":87,"column":4},"end":{"line":87,"column":null}},"29":{"start":{"line":90,"column":2},"end":{"line":96,"column":null}},"30":{"start":{"line":103,"column":2},"end":{"line":105,"column":null}},"31":{"start":{"line":104,"column":4},"end":{"line":104,"column":null}},"32":{"start":{"line":106,"column":2},"end":{"line":106,"column":null}},"33":{"start":{"line":116,"column":4},"end":{"line":116,"column":null}},"34":{"start":{"line":120,"column":4},"end":{"line":120,"column":null}},"35":{"start":{"line":124,"column":4},"end":{"line":124,"column":null}},"36":{"start":{"line":128,"column":4},"end":{"line":128,"column":null}},"37":{"start":{"line":135,"column":4},"end":{"line":146,"column":null}},"38":{"start":{"line":136,"column":21},"end":{"line":136,"column":null}},"39":{"start":{"line":137,"column":21},"end":{"line":137,"column":null}},"40":{"start":{"line":140,"column":6},"end":{"line":140,"column":null}},"41":{"start":{"line":140,"column":46},"end":{"line":140,"column":null}},"42":{"start":{"line":141,"column":6},"end":{"line":141,"column":null}},"43":{"start":{"line":141,"column":27},"end":{"line":141,"column":null}},"44":{"start":{"line":142,"column":6},"end":{"line":142,"column":null}},"45":{"start":{"line":142,"column":27},"end":{"line":142,"column":null}},"46":{"start":{"line":145,"column":6},"end":{"line":145,"column":null}},"47":{"start":{"line":154,"column":2},"end":{"line":154,"column":null}}},"fnMap":{"0":{"name":"calculateJobScore","decl":{"start":{"line":30,"column":16},"end":{"line":30,"column":34}},"loc":{"start":{"line":30,"column":106},"end":{"line":65,"column":null}},"line":30},"1":{"name":"(anonymous_1)","decl":{"start":{"line":61,"column":41},"end":{"line":61,"column":42}},"loc":{"start":{"line":61,"column":53},"end":{"line":61,"column":62}},"line":61},"2":{"name":"(anonymous_2)","decl":{"start":{"line":62,"column":36},"end":{"line":62,"column":37}},"loc":{"start":{"line":62,"column":55},"end":{"line":62,"column":87}},"line":62},"3":{"name":"hasScoring","decl":{"start":{"line":70,"column":16},"end":{"line":70,"column":27}},"loc":{"start":{"line":70,"column":46},"end":{"line":78,"column":null}},"line":70},"4":{"name":"normalizeWeights","decl":{"start":{"line":83,"column":16},"end":{"line":83,"column":33}},"loc":{"start":{"line":83,"column":70},"end":{"line":97,"column":null}},"line":83},"5":{"name":"isValidScore","decl":{"start":{"line":102,"column":16},"end":{"line":102,"column":29}},"loc":{"start":{"line":102,"column":72},"end":{"line":107,"column":null}},"line":102},"6":{"name":"(anonymous_6)","decl":{"start":{"line":115,"column":2},"end":{"line":115,"column":14}},"loc":{"start":{"line":115,"column":61},"end":{"line":117,"column":null}},"line":115},"7":{"name":"(anonymous_7)","decl":{"start":{"line":119,"column":2},"end":{"line":119,"column":29}},"loc":{"start":{"line":119,"column":29},"end":{"line":121,"column":null}},"line":119},"8":{"name":"(anonymous_8)","decl":{"start":{"line":123,"column":2},"end":{"line":123,"column":13}},"loc":{"start":{"line":123,"column":42},"end":{"line":125,"column":null}},"line":123},"9":{"name":"(anonymous_9)","decl":{"start":{"line":127,"column":2},"end":{"line":127,"column":17}},"loc":{"start":{"line":127,"column":42},"end":{"line":129,"column":null}},"line":127},"10":{"name":"(anonymous_10)","decl":{"start":{"line":134,"column":2},"end":{"line":134,"column":14}},"loc":{"start":{"line":134,"column":34},"end":{"line":147,"column":null}},"line":134},"11":{"name":"(anonymous_11)","decl":{"start":{"line":135,"column":26},"end":{"line":135,"column":27}},"loc":{"start":{"line":135,"column":36},"end":{"line":146,"column":5}},"line":135},"12":{"name":"createScoringService","decl":{"start":{"line":153,"column":16},"end":{"line":153,"column":37}},"loc":{"start":{"line":153,"column":77},"end":{"line":155,"column":null}},"line":153}},"branchMap":{"0":{"loc":{"start":{"line":30,"column":44},"end":{"line":30,"column":106}},"type":"default-arg","locations":[{"start":{"line":30,"column":68},"end":{"line":30,"column":106}}],"line":30},"1":{"loc":{"start":{"line":34,"column":2},"end":{"line":37,"column":null}},"type":"if","locations":[{"start":{"line":34,"column":2},"end":{"line":37,"column":null}},{"start":{},"end":{}}],"line":34},"2":{"loc":{"start":{"line":34,"column":6},"end":{"line":34,"column":49}},"type":"binary-expr","locations":[{"start":{"line":34,"column":6},"end":{"line":34,"column":30}},{"start":{"line":34,"column":30},"end":{"line":34,"column":49}}],"line":34},"3":{"loc":{"start":{"line":38,"column":2},"end":{"line":41,"column":null}},"type":"if","locations":[{"start":{"line":38,"column":2},"end":{"line":41,"column":null}},{"start":{},"end":{}}],"line":38},"4":{"loc":{"start":{"line":38,"column":6},"end":{"line":38,"column":67}},"type":"binary-expr","locations":[{"start":{"line":38,"column":6},"end":{"line":38,"column":39}},{"start":{"line":38,"column":39},"end":{"line":38,"column":67}}],"line":38},"5":{"loc":{"start":{"line":42,"column":2},"end":{"line":45,"column":null}},"type":"if","locations":[{"start":{"line":42,"column":2},"end":{"line":45,"column":null}},{"start":{},"end":{}}],"line":42},"6":{"loc":{"start":{"line":42,"column":6},"end":{"line":42,"column":59}},"type":"binary-expr","locations":[{"start":{"line":42,"column":6},"end":{"line":42,"column":35}},{"start":{"line":42,"column":35},"end":{"line":42,"column":59}}],"line":42},"7":{"loc":{"start":{"line":46,"column":2},"end":{"line":49,"column":null}},"type":"if","locations":[{"start":{"line":46,"column":2},"end":{"line":49,"column":null}},{"start":{},"end":{}}],"line":46},"8":{"loc":{"start":{"line":46,"column":6},"end":{"line":46,"column":55}},"type":"binary-expr","locations":[{"start":{"line":46,"column":6},"end":{"line":46,"column":33}},{"start":{"line":46,"column":33},"end":{"line":46,"column":55}}],"line":46},"9":{"loc":{"start":{"line":50,"column":2},"end":{"line":53,"column":null}},"type":"if","locations":[{"start":{"line":50,"column":2},"end":{"line":53,"column":null}},{"start":{},"end":{}}],"line":50},"10":{"loc":{"start":{"line":50,"column":6},"end":{"line":50,"column":63}},"type":"binary-expr","locations":[{"start":{"line":50,"column":6},"end":{"line":50,"column":37}},{"start":{"line":50,"column":37},"end":{"line":50,"column":63}}],"line":50},"11":{"loc":{"start":{"line":56,"column":2},"end":{"line":58,"column":null}},"type":"if","locations":[{"start":{"line":56,"column":2},"end":{"line":58,"column":null}},{"start":{},"end":{}}],"line":56},"12":{"loc":{"start":{"line":64,"column":9},"end":{"line":64,"column":null}},"type":"cond-expr","locations":[{"start":{"line":64,"column":25},"end":{"line":64,"column":51}},{"start":{"line":64,"column":51},"end":{"line":64,"column":null}}],"line":64},"13":{"loc":{"start":{"line":72,"column":4},"end":{"line":76,"column":null}},"type":"binary-expr","locations":[{"start":{"line":72,"column":4},"end":{"line":72,"column":null}},{"start":{"line":73,"column":4},"end":{"line":73,"column":null}},{"start":{"line":74,"column":4},"end":{"line":74,"column":null}},{"start":{"line":75,"column":4},"end":{"line":75,"column":null}},{"start":{"line":76,"column":4},"end":{"line":76,"column":null}}],"line":72},"14":{"loc":{"start":{"line":86,"column":2},"end":{"line":88,"column":null}},"type":"if","locations":[{"start":{"line":86,"column":2},"end":{"line":88,"column":null}},{"start":{},"end":{}}],"line":86},"15":{"loc":{"start":{"line":103,"column":2},"end":{"line":105,"column":null}},"type":"if","locations":[{"start":{"line":103,"column":2},"end":{"line":105,"column":null}},{"start":{},"end":{}}],"line":103},"16":{"loc":{"start":{"line":106,"column":9},"end":{"line":106,"column":null}},"type":"binary-expr","locations":[{"start":{"line":106,"column":9},"end":{"line":106,"column":35}},{"start":{"line":106,"column":35},"end":{"line":106,"column":49}},{"start":{"line":106,"column":49},"end":{"line":106,"column":null}}],"line":106},"17":{"loc":{"start":{"line":115,"column":14},"end":{"line":115,"column":61}},"type":"default-arg","locations":[{"start":{"line":115,"column":38},"end":{"line":115,"column":61}}],"line":115},"18":{"loc":{"start":{"line":140,"column":6},"end":{"line":140,"column":null}},"type":"if","locations":[{"start":{"line":140,"column":6},"end":{"line":140,"column":null}},{"start":{},"end":{}}],"line":140},"19":{"loc":{"start":{"line":140,"column":10},"end":{"line":140,"column":46}},"type":"binary-expr","locations":[{"start":{"line":140,"column":10},"end":{"line":140,"column":29}},{"start":{"line":140,"column":29},"end":{"line":140,"column":46}}],"line":140},"20":{"loc":{"start":{"line":141,"column":6},"end":{"line":141,"column":null}},"type":"if","locations":[{"start":{"line":141,"column":6},"end":{"line":141,"column":null}},{"start":{},"end":{}}],"line":141},"21":{"loc":{"start":{"line":142,"column":6},"end":{"line":142,"column":null}},"type":"if","locations":[{"start":{"line":142,"column":6},"end":{"line":142,"column":null}},{"start":{},"end":{}}],"line":142}},"s":{"0":5,"1":104,"2":104,"3":104,"4":38,"5":38,"6":104,"7":22,"8":22,"9":104,"10":15,"11":15,"12":104,"13":15,"14":15,"15":104,"16":16,"17":16,"18":104,"19":66,"20":38,"21":106,"22":38,"23":106,"24":38,"25":9,"26":16,"27":16,"28":1,"29":15,"30":11,"31":2,"32":9,"33":9,"34":3,"35":1,"36":23,"37":5,"38":11,"39":11,"40":11,"41":1,"42":10,"43":2,"44":8,"45":2,"46":6,"47":9},"f":{"0":104,"1":106,"2":106,"3":9,"4":16,"5":11,"6":9,"7":3,"8":1,"9":23,"10":5,"11":11,"12":9},"b":{"0":[104],"1":[38,66],"2":[104,38],"3":[22,82],"4":[104,22],"5":[15,89],"6":[104,15],"7":[15,89],"8":[104,15],"9":[16,88],"10":[104,16],"11":[66,38],"12":[38,0],"13":[9,5,5,5,5],"14":[1,15],"15":[2,9],"16":[9,6,5],"17":[9],"18":[1,10],"19":[11,3],"20":[2,8],"21":[2,6]},"meta":{"lastBranch":22,"lastFunction":13,"lastStatement":48,"seen":{"s:18:51:24:Infinity":0,"f:30:16:30:34":0,"b:30:68:30:106":0,"s:31:27:31:Infinity":1,"s:32:34:32:Infinity":2,"b:34:2:37:Infinity:undefined:undefined:undefined:undefined":1,"s:34:2:37:Infinity":3,"b:34:6:34:30:34:30:34:49":2,"s:35:4:35:Infinity":4,"s:36:4:36:Infinity":5,"b:38:2:41:Infinity:undefined:undefined:undefined:undefined":3,"s:38:2:41:Infinity":6,"b:38:6:38:39:38:39:38:67":4,"s:39:4:39:Infinity":7,"s:40:4:40:Infinity":8,"b:42:2:45:Infinity:undefined:undefined:undefined:undefined":5,"s:42:2:45:Infinity":9,"b:42:6:42:35:42:35:42:59":6,"s:43:4:43:Infinity":10,"s:44:4:44:Infinity":11,"b:46:2:49:Infinity:undefined:undefined:undefined:undefined":7,"s:46:2:49:Infinity":12,"b:46:6:46:33:46:33:46:55":8,"s:47:4:47:Infinity":13,"s:48:4:48:Infinity":14,"b:50:2:53:Infinity:undefined:undefined:undefined:undefined":9,"s:50:2:53:Infinity":15,"b:50:6:50:37:50:37:50:63":10,"s:51:4:51:Infinity":16,"s:52:4:52:Infinity":17,"b:56:2:58:Infinity:undefined:undefined:undefined:undefined":11,"s:56:2:58:Infinity":18,"s:57:4:57:Infinity":19,"s:61:20:61:Infinity":20,"f:61:41:61:42":1,"s:61:53:61:62":21,"s:62:22:62:Infinity":22,"f:62:36:62:37":2,"s:62:55:62:87":23,"s:64:2:64:Infinity":24,"b:64:25:64:51:64:51:64:Infinity":12,"f:70:16:70:27":3,"s:71:2:76:Infinity":25,"b:72:4:72:Infinity:73:4:73:Infinity:74:4:74:Infinity:75:4:75:Infinity:76:4:76:Infinity":13,"f:83:16:83:33":4,"s:84:14:84:Infinity":26,"b:86:2:88:Infinity:undefined:undefined:undefined:undefined":14,"s:86:2:88:Infinity":27,"s:87:4:87:Infinity":28,"s:90:2:96:Infinity":29,"f:102:16:102:29":5,"b:103:2:105:Infinity:undefined:undefined:undefined:undefined":15,"s:103:2:105:Infinity":30,"s:104:4:104:Infinity":31,"s:106:2:106:Infinity":32,"b:106:9:106:35:106:35:106:49:106:49:106:Infinity":16,"f:115:2:115:14":6,"b:115:38:115:61":17,"s:116:4:116:Infinity":33,"f:119:2:119:29":7,"s:120:4:120:Infinity":34,"f:123:2:123:13":8,"s:124:4:124:Infinity":35,"f:127:2:127:17":9,"s:128:4:128:Infinity":36,"f:134:2:134:14":10,"s:135:4:146:Infinity":37,"f:135:26:135:27":11,"s:136:21:136:Infinity":38,"s:137:21:137:Infinity":39,"b:140:6:140:Infinity:undefined:undefined:undefined:undefined":18,"s:140:6:140:Infinity":40,"b:140:10:140:29:140:29:140:46":19,"s:140:46:140:Infinity":41,"b:141:6:141:Infinity:undefined:undefined:undefined:undefined":20,"s:141:6:141:Infinity":42,"s:141:27:141:Infinity":43,"b:142:6:142:Infinity:undefined:undefined:undefined:undefined":21,"s:142:6:142:Infinity":44,"s:142:27:142:Infinity":45,"s:145:6:145:Infinity":46,"f:153:16:153:37":12,"s:154:2:154:Infinity":47}}}
,"/Users/john/work/job-tracker/src/storage.ts": {"path":"/Users/john/work/job-tracker/src/storage.ts","statementMap":{"0":{"start":{"line":21,"column":20},"end":{"line":21,"column":null}},"1":{"start":{"line":22,"column":2},"end":{"line":51,"column":null}},"2":{"start":{"line":23,"column":17},"end":{"line":23,"column":null}},"3":{"start":{"line":25,"column":4},"end":{"line":28,"column":null}},"4":{"start":{"line":29,"column":4},"end":{"line":32,"column":null}},"5":{"start":{"line":34,"column":4},"end":{"line":44,"column":null}},"6":{"start":{"line":35,"column":12},"end":{"line":35,"column":null}},"7":{"start":{"line":36,"column":6},"end":{"line":39,"column":null}},"8":{"start":{"line":40,"column":6},"end":{"line":43,"column":null}},"9":{"start":{"line":46,"column":4},"end":{"line":46,"column":null}},"10":{"start":{"line":47,"column":4},"end":{"line":50,"column":null}},"11":{"start":{"line":55,"column":20},"end":{"line":55,"column":null}},"12":{"start":{"line":56,"column":2},"end":{"line":56,"column":null}},"13":{"start":{"line":58,"column":2},"end":{"line":77,"column":null}},"14":{"start":{"line":59,"column":4},"end":{"line":59,"column":null}},"15":{"start":{"line":61,"column":4},"end":{"line":64,"column":null}},"16":{"start":{"line":66,"column":4},"end":{"line":73,"column":null}},"17":{"start":{"line":67,"column":6},"end":{"line":67,"column":null}},"18":{"start":{"line":68,"column":6},"end":{"line":71,"column":null}},"19":{"start":{"line":72,"column":6},"end":{"line":72,"column":null}},"20":{"start":{"line":75,"column":4},"end":{"line":75,"column":null}},"21":{"start":{"line":76,"column":4},"end":{"line":76,"column":null}}},"fnMap":{"0":{"name":"loadJobs","decl":{"start":{"line":20,"column":22},"end":{"line":20,"column":58}},"loc":{"start":{"line":20,"column":58},"end":{"line":52,"column":null}},"line":20},"1":{"name":"saveJobs","decl":{"start":{"line":54,"column":22},"end":{"line":54,"column":31}},"loc":{"start":{"line":54,"column":59},"end":{"line":78,"column":null}},"line":54}},"branchMap":{"0":{"loc":{"start":{"line":34,"column":4},"end":{"line":44,"column":null}},"type":"if","locations":[{"start":{"line":34,"column":4},"end":{"line":44,"column":null}},{"start":{},"end":{}}],"line":34},"1":{"loc":{"start":{"line":66,"column":4},"end":{"line":73,"column":null}},"type":"if","locations":[{"start":{"line":66,"column":4},"end":{"line":73,"column":null}},{"start":{},"end":{}}],"line":66}},"s":{"0":4,"1":4,"2":4,"3":2,"4":2,"5":2,"6":1,"7":1,"8":1,"9":1,"10":1,"11":2,"12":2,"13":2,"14":2,"15":1,"16":1,"17":1,"18":1,"19":1,"20":0,"21":0},"f":{"0":4,"1":2},"b":{"0":[1,1],"1":[1,0]},"meta":{"lastBranch":2,"lastFunction":2,"lastStatement":22,"seen":{"f:20:22:20:58":0,"s:21:20:21:Infinity":0,"s:22:2:51:Infinity":1,"s:23:17:23:Infinity":2,"s:25:4:28:Infinity":3,"s:29:4:32:Infinity":4,"b:34:4:44:Infinity:undefined:undefined:undefined:undefined":0,"s:34:4:44:Infinity":5,"s:35:12:35:Infinity":6,"s:36:6:39:Infinity":7,"s:40:6:43:Infinity":8,"s:46:4:46:Infinity":9,"s:47:4:50:Infinity":10,"f:54:22:54:31":1,"s:55:20:55:Infinity":11,"s:56:2:56:Infinity":12,"s:58:2:77:Infinity":13,"s:59:4:59:Infinity":14,"s:61:4:64:Infinity":15,"b:66:4:73:Infinity:undefined:undefined:undefined:undefined":1,"s:66:4:73:Infinity":16,"s:67:6:67:Infinity":17,"s:68:6:71:Infinity":18,"s:72:6:72:Infinity":19,"s:75:4:75:Infinity":20,"s:76:4:76:Infinity":21}}}
,"/Users/john/work/job-tracker/src/components/AISettingsPanel.tsx": {"path":"/Users/john/work/job-tracker/src/components/AISettingsPanel.tsx","statementMap":{"0":{"start":{"line":11,"column":26},"end":{"line":11,"column":null}},"1":{"start":{"line":11,"column":49},"end":{"line":11,"column":69}},"2":{"start":{"line":12,"column":34},"end":{"line":12,"column":null}},"3":{"start":{"line":13,"column":24},"end":{"line":13,"column":null}},"4":{"start":{"line":14,"column":24},"end":{"line":14,"column":null}},"5":{"start":{"line":16,"column":31},"end":{"line":20,"column":null}},"6":{"start":{"line":17,"column":4},"end":{"line":17,"column":null}},"7":{"start":{"line":17,"column":25},"end":{"line":17,"column":47}},"8":{"start":{"line":18,"column":4},"end":{"line":18,"column":null}},"9":{"start":{"line":19,"column":4},"end":{"line":19,"column":null}},"10":{"start":{"line":22,"column":29},"end":{"line":26,"column":null}},"11":{"start":{"line":23,"column":4},"end":{"line":23,"column":null}},"12":{"start":{"line":23,"column":25},"end":{"line":23,"column":45}},"13":{"start":{"line":24,"column":4},"end":{"line":24,"column":null}},"14":{"start":{"line":25,"column":4},"end":{"line":25,"column":null}},"15":{"start":{"line":28,"column":30},"end":{"line":32,"column":null}},"16":{"start":{"line":29,"column":4},"end":{"line":29,"column":null}},"17":{"start":{"line":29,"column":25},"end":{"line":29,"column":46}},"18":{"start":{"line":30,"column":4},"end":{"line":30,"column":null}},"19":{"start":{"line":31,"column":4},"end":{"line":31,"column":null}},"20":{"start":{"line":34,"column":28},"end":{"line":38,"column":null}},"21":{"start":{"line":35,"column":4},"end":{"line":35,"column":null}},"22":{"start":{"line":35,"column":25},"end":{"line":35,"column":44}},"23":{"start":{"line":36,"column":4},"end":{"line":36,"column":null}},"24":{"start":{"line":37,"column":4},"end":{"line":37,"column":null}},"25":{"start":{"line":40,"column":21},"end":{"line":57,"column":null}},"26":{"start":{"line":41,"column":4},"end":{"line":56,"column":null}},"27":{"start":{"line":42,"column":6},"end":{"line":45,"column":null}},"28":{"start":{"line":43,"column":8},"end":{"line":43,"column":null}},"29":{"start":{"line":44,"column":8},"end":{"line":44,"column":null}},"30":{"start":{"line":46,"column":6},"end":{"line":49,"column":null}},"31":{"start":{"line":47,"column":8},"end":{"line":47,"column":null}},"32":{"start":{"line":48,"column":8},"end":{"line":48,"column":null}},"33":{"start":{"line":50,"column":6},"end":{"line":50,"column":null}},"34":{"start":{"line":51,"column":6},"end":{"line":51,"column":null}},"35":{"start":{"line":52,"column":6},"end":{"line":52,"column":null}},"36":{"start":{"line":53,"column":6},"end":{"line":53,"column":null}},"37":{"start":{"line":53,"column":23},"end":{"line":53,"column":40}},"38":{"start":{"line":55,"column":6},"end":{"line":55,"column":null}},"39":{"start":{"line":59,"column":24},"end":{"line":71,"column":null}},"40":{"start":{"line":60,"column":37},"end":{"line":65,"column":null}},"41":{"start":{"line":66,"column":4},"end":{"line":66,"column":null}},"42":{"start":{"line":67,"column":4},"end":{"line":67,"column":null}},"43":{"start":{"line":68,"column":4},"end":{"line":68,"column":null}},"44":{"start":{"line":69,"column":4},"end":{"line":69,"column":null}},"45":{"start":{"line":70,"column":4},"end":{"line":70,"column":null}},"46":{"start":{"line":70,"column":21},"end":{"line":70,"column":38}},"47":{"start":{"line":73,"column":2},"end":{"line":73,"column":null}},"48":{"start":{"line":73,"column":15},"end":{"line":73,"column":null}},"49":{"start":{"line":75,"column":2},"end":{"line":222,"column":null}},"50":{"start":{"line":77,"column":45},"end":{"line":77,"column":null}},"51":{"start":{"line":96,"column":34},"end":{"line":96,"column":null}},"52":{"start":{"line":110,"column":34},"end":{"line":110,"column":null}},"53":{"start":{"line":124,"column":34},"end":{"line":124,"column":null}},"54":{"start":{"line":144,"column":37},"end":{"line":144,"column":null}},"55":{"start":{"line":151,"column":35},"end":{"line":151,"column":null}},"56":{"start":{"line":164,"column":35},"end":{"line":164,"column":null}},"57":{"start":{"line":182,"column":35},"end":{"line":182,"column":null}},"58":{"start":{"line":194,"column":35},"end":{"line":194,"column":null}}},"fnMap":{"0":{"name":"AISettingsPanel","decl":{"start":{"line":10,"column":16},"end":{"line":10,"column":32}},"loc":{"start":{"line":10,"column":75},"end":{"line":224,"column":null}},"line":10},"1":{"name":"(anonymous_1)","decl":{"start":{"line":11,"column":49},"end":{"line":11,"column":55}},"loc":{"start":{"line":11,"column":49},"end":{"line":11,"column":69}},"line":11},"2":{"name":"(anonymous_2)","decl":{"start":{"line":16,"column":31},"end":{"line":16,"column":32}},"loc":{"start":{"line":16,"column":57},"end":{"line":20,"column":null}},"line":16},"3":{"name":"(anonymous_3)","decl":{"start":{"line":17,"column":14},"end":{"line":17,"column":15}},"loc":{"start":{"line":17,"column":25},"end":{"line":17,"column":47}},"line":17},"4":{"name":"(anonymous_4)","decl":{"start":{"line":22,"column":29},"end":{"line":22,"column":30}},"loc":{"start":{"line":22,"column":49},"end":{"line":26,"column":null}},"line":22},"5":{"name":"(anonymous_5)","decl":{"start":{"line":23,"column":14},"end":{"line":23,"column":15}},"loc":{"start":{"line":23,"column":25},"end":{"line":23,"column":45}},"line":23},"6":{"name":"(anonymous_6)","decl":{"start":{"line":28,"column":30},"end":{"line":28,"column":31}},"loc":{"start":{"line":28,"column":51},"end":{"line":32,"column":null}},"line":28},"7":{"name":"(anonymous_7)","decl":{"start":{"line":29,"column":14},"end":{"line":29,"column":15}},"loc":{"start":{"line":29,"column":25},"end":{"line":29,"column":46}},"line":29},"8":{"name":"(anonymous_8)","decl":{"start":{"line":34,"column":28},"end":{"line":34,"column":29}},"loc":{"start":{"line":34,"column":47},"end":{"line":38,"column":null}},"line":34},"9":{"name":"(anonymous_9)","decl":{"start":{"line":35,"column":14},"end":{"line":35,"column":15}},"loc":{"start":{"line":35,"column":25},"end":{"line":35,"column":44}},"line":35},"10":{"name":"(anonymous_10)","decl":{"start":{"line":40,"column":21},"end":{"line":40,"column":27}},"loc":{"start":{"line":40,"column":27},"end":{"line":57,"column":null}},"line":40},"11":{"name":"(anonymous_11)","decl":{"start":{"line":53,"column":17},"end":{"line":53,"column":23}},"loc":{"start":{"line":53,"column":23},"end":{"line":53,"column":40}},"line":53},"12":{"name":"(anonymous_12)","decl":{"start":{"line":59,"column":24},"end":{"line":59,"column":30}},"loc":{"start":{"line":59,"column":30},"end":{"line":71,"column":null}},"line":59},"13":{"name":"(anonymous_13)","decl":{"start":{"line":70,"column":15},"end":{"line":70,"column":21}},"loc":{"start":{"line":70,"column":21},"end":{"line":70,"column":38}},"line":70},"14":{"name":"(anonymous_14)","decl":{"start":{"line":77,"column":38},"end":{"line":77,"column":39}},"loc":{"start":{"line":77,"column":45},"end":{"line":77,"column":null}},"line":77},"15":{"name":"(anonymous_15)","decl":{"start":{"line":96,"column":28},"end":{"line":96,"column":34}},"loc":{"start":{"line":96,"column":34},"end":{"line":96,"column":null}},"line":96},"16":{"name":"(anonymous_16)","decl":{"start":{"line":110,"column":28},"end":{"line":110,"column":34}},"loc":{"start":{"line":110,"column":34},"end":{"line":110,"column":null}},"line":110},"17":{"name":"(anonymous_17)","decl":{"start":{"line":124,"column":28},"end":{"line":124,"column":34}},"loc":{"start":{"line":124,"column":34},"end":{"line":124,"column":null}},"line":124},"18":{"name":"(anonymous_18)","decl":{"start":{"line":144,"column":30},"end":{"line":144,"column":31}},"loc":{"start":{"line":144,"column":37},"end":{"line":144,"column":null}},"line":144},"19":{"name":"(anonymous_19)","decl":{"start":{"line":151,"column":29},"end":{"line":151,"column":35}},"loc":{"start":{"line":151,"column":35},"end":{"line":151,"column":null}},"line":151},"20":{"name":"(anonymous_20)","decl":{"start":{"line":164,"column":28},"end":{"line":164,"column":29}},"loc":{"start":{"line":164,"column":35},"end":{"line":164,"column":null}},"line":164},"21":{"name":"(anonymous_21)","decl":{"start":{"line":182,"column":28},"end":{"line":182,"column":29}},"loc":{"start":{"line":182,"column":35},"end":{"line":182,"column":null}},"line":182},"22":{"name":"(anonymous_22)","decl":{"start":{"line":194,"column":28},"end":{"line":194,"column":29}},"loc":{"start":{"line":194,"column":35},"end":{"line":194,"column":null}},"line":194}},"branchMap":{"0":{"loc":{"start":{"line":42,"column":6},"end":{"line":45,"column":null}},"type":"if","locations":[{"start":{"line":42,"column":6},"end":{"line":45,"column":null}},{"start":{},"end":{}}],"line":42},"1":{"loc":{"start":{"line":42,"column":10},"end":{"line":42,"column":65}},"type":"binary-expr","locations":[{"start":{"line":42,"column":10},"end":{"line":42,"column":42}},{"start":{"line":42,"column":42},"end":{"line":42,"column":65}}],"line":42},"2":{"loc":{"start":{"line":46,"column":6},"end":{"line":49,"column":null}},"type":"if","locations":[{"start":{"line":46,"column":6},"end":{"line":49,"column":null}},{"start":{},"end":{}}],"line":46},"3":{"loc":{"start":{"line":46,"column":10},"end":{"line":46,"column":69}},"type":"binary-expr","locations":[{"start":{"line":46,"column":10},"end":{"line":46,"column":44}},{"start":{"line":46,"column":44},"end":{"line":46,"column":69}}],"line":46},"4":{"loc":{"start":{"line":55,"column":15},"end":{"line":55,"column":82}},"type":"cond-expr","locations":[{"start":{"line":55,"column":38},"end":{"line":55,"column":52}},{"start":{"line":55,"column":52},"end":{"line":55,"column":82}}],"line":55},"5":{"loc":{"start":{"line":73,"column":2},"end":{"line":73,"column":null}},"type":"if","locations":[{"start":{"line":73,"column":2},"end":{"line":73,"column":null}},{"start":{},"end":{}}],"line":73},"6":{"loc":{"start":{"line":134,"column":11},"end":{"line":170,"column":null}},"type":"binary-expr","locations":[{"start":{"line":134,"column":11},"end":{"line":134,"column":null}},{"start":{"line":135,"column":12},"end":{"line":170,"column":null}}],"line":134},"7":{"loc":{"start":{"line":142,"column":26},"end":{"line":142,"column":null}},"type":"cond-expr","locations":[{"start":{"line":142,"column":39},"end":{"line":142,"column":48}},{"start":{"line":142,"column":48},"end":{"line":142,"column":null}}],"line":142},"8":{"loc":{"start":{"line":153,"column":21},"end":{"line":153,"column":null}},"type":"cond-expr","locations":[{"start":{"line":153,"column":34},"end":{"line":153,"column":41}},{"start":{"line":153,"column":41},"end":{"line":153,"column":null}}],"line":153},"9":{"loc":{"start":{"line":163,"column":25},"end":{"line":163,"column":null}},"type":"binary-expr","locations":[{"start":{"line":163,"column":25},"end":{"line":163,"column":41}},{"start":{"line":163,"column":41},"end":{"line":163,"column":null}}],"line":163},"10":{"loc":{"start":{"line":173,"column":11},"end":{"line":199,"column":null}},"type":"binary-expr","locations":[{"start":{"line":173,"column":11},"end":{"line":173,"column":null}},{"start":{"line":174,"column":12},"end":{"line":199,"column":null}}],"line":173},"11":{"loc":{"start":{"line":181,"column":25},"end":{"line":181,"column":null}},"type":"binary-expr","locations":[{"start":{"line":181,"column":25},"end":{"line":181,"column":43}},{"start":{"line":181,"column":43},"end":{"line":181,"column":null}}],"line":181},"12":{"loc":{"start":{"line":193,"column":25},"end":{"line":193,"column":null}},"type":"binary-expr","locations":[{"start":{"line":193,"column":25},"end":{"line":193,"column":41}},{"start":{"line":193,"column":41},"end":{"line":193,"column":null}}],"line":193},"13":{"loc":{"start":{"line":202,"column":11},"end":{"line":202,"column":null}},"type":"binary-expr","locations":[{"start":{"line":202,"column":11},"end":{"line":202,"column":20}},{"start":{"line":202,"column":20},"end":{"line":202,"column":null}}],"line":202},"14":{"loc":{"start":{"line":203,"column":11},"end":{"line":203,"column":null}},"type":"binary-expr","locations":[{"start":{"line":203,"column":11},"end":{"line":203,"column":20}},{"start":{"line":203,"column":20},"end":{"line":203,"column":null}}],"line":203},"15":{"loc":{"start":{"line":209,"column":13},"end":{"line":212,"column":null}},"type":"binary-expr","locations":[{"start":{"line":209,"column":13},"end":{"line":209,"column":null}},{"start":{"line":210,"column":14},"end":{"line":212,"column":null}}],"line":209},"16":{"loc":{"start":{"line":214,"column":13},"end":{"line":217,"column":null}},"type":"binary-expr","locations":[{"start":{"line":214,"column":13},"end":{"line":214,"column":null}},{"start":{"line":215,"column":14},"end":{"line":217,"column":null}}],"line":214}},"s":{"0":0,"1":0,"2":0,"3":0,"4":0,"5":0,"6":0,"7":0,"8":0,"9":0,"10":0,"11":0,"12":0,"13":0,"14":0,"15":0,"16":0,"17":0,"18":0,"19":0,"20":0,"21":0,"22":0,"23":0,"24":0,"25":0,"26":0,"27":0,"28":0,"29":0,"30":0,"31":0,"32":0,"33":0,"34":0,"35":0,"36":0,"37":0,"38":0,"39":0,"40":0,"41":0,"42":0,"43":0,"44":0,"45":0,"46":0,"47":0,"48":0,"49":0,"50":0,"51":0,"52":0,"53":0,"54":0,"55":0,"56":0,"57":0,"58":0},"f":{"0":0,"1":0,"2":0,"3":0,"4":0,"5":0,"6":0,"7":0,"8":0,"9":0,"10":0,"11":0,"12":0,"13":0,"14":0,"15":0,"16":0,"17":0,"18":0,"19":0,"20":0,"21":0,"22":0},"b":{"0":[0,0],"1":[0,0],"2":[0,0],"3":[0,0],"4":[0,0],"5":[0,0],"6":[0,0],"7":[0,0],"8":[0,0],"9":[0,0],"10":[0,0],"11":[0,0],"12":[0,0],"13":[0,0],"14":[0,0],"15":[0,0],"16":[0,0]},"meta":{"lastBranch":17,"lastFunction":23,"lastStatement":59,"seen":{"f:10:16:10:32":0,"s:11:26:11:Infinity":0,"f:11:49:11:55":1,"s:11:49:11:69":1,"s:12:34:12:Infinity":2,"s:13:24:13:Infinity":3,"s:14:24:14:Infinity":4,"s:16:31:20:Infinity":5,"f:16:31:16:32":2,"s:17:4:17:Infinity":6,"f:17:14:17:15":3,"s:17:25:17:47":7,"s:18:4:18:Infinity":8,"s:19:4:19:Infinity":9,"s:22:29:26:Infinity":10,"f:22:29:22:30":4,"s:23:4:23:Infinity":11,"f:23:14:23:15":5,"s:23:25:23:45":12,"s:24:4:24:Infinity":13,"s:25:4:25:Infinity":14,"s:28:30:32:Infinity":15,"f:28:30:28:31":6,"s:29:4:29:Infinity":16,"f:29:14:29:15":7,"s:29:25:29:46":17,"s:30:4:30:Infinity":18,"s:31:4:31:Infinity":19,"s:34:28:38:Infinity":20,"f:34:28:34:29":8,"s:35:4:35:Infinity":21,"f:35:14:35:15":9,"s:35:25:35:44":22,"s:36:4:36:Infinity":23,"s:37:4:37:Infinity":24,"s:40:21:57:Infinity":25,"f:40:21:40:27":10,"s:41:4:56:Infinity":26,"b:42:6:45:Infinity:undefined:undefined:undefined:undefined":0,"s:42:6:45:Infinity":27,"b:42:10:42:42:42:42:42:65":1,"s:43:8:43:Infinity":28,"s:44:8:44:Infinity":29,"b:46:6:49:Infinity:undefined:undefined:undefined:undefined":2,"s:46:6:49:Infinity":30,"b:46:10:46:44:46:44:46:69":3,"s:47:8:47:Infinity":31,"s:48:8:48:Infinity":32,"s:50:6:50:Infinity":33,"s:51:6:51:Infinity":34,"s:52:6:52:Infinity":35,"s:53:6:53:Infinity":36,"f:53:17:53:23":11,"s:53:23:53:40":37,"s:55:6:55:Infinity":38,"b:55:38:55:52:55:52:55:82":4,"s:59:24:71:Infinity":39,"f:59:24:59:30":12,"s:60:37:65:Infinity":40,"s:66:4:66:Infinity":41,"s:67:4:67:Infinity":42,"s:68:4:68:Infinity":43,"s:69:4:69:Infinity":44,"s:70:4:70:Infinity":45,"f:70:15:70:21":13,"s:70:21:70:38":46,"b:73:2:73:Infinity:undefined:undefined:undefined:undefined":5,"s:73:2:73:Infinity":47,"s:73:15:73:Infinity":48,"s:75:2:222:Infinity":49,"f:77:38:77:39":14,"s:77:45:77:Infinity":50,"f:96:28:96:34":15,"s:96:34:96:Infinity":51,"f:110:28:110:34":16,"s:110:34:110:Infinity":52,"f:124:28:124:34":17,"s:124:34:124:Infinity":53,"b:134:11:134:Infinity:135:12:170:Infinity":6,"b:142:39:142:48:142:48:142:Infinity":7,"f:144:30:144:31":18,"s:144:37:144:Infinity":54,"f:151:29:151:35":19,"s:151:35:151:Infinity":55,"b:153:34:153:41:153:41:153:Infinity":8,"b:163:25:163:41:163:41:163:Infinity":9,"f:164:28:164:29":20,"s:164:35:164:Infinity":56,"b:173:11:173:Infinity:174:12:199:Infinity":10,"b:181:25:181:43:181:43:181:Infinity":11,"f:182:28:182:29":21,"s:182:35:182:Infinity":57,"b:193:25:193:41:193:41:193:Infinity":12,"f:194:28:194:29":22,"s:194:35:194:Infinity":58,"b:202:11:202:20:202:20:202:Infinity":13,"b:203:11:203:20:203:20:203:Infinity":14,"b:209:13:209:Infinity:210:14:212:Infinity":15,"b:214:13:214:Infinity:215:14:217:Infinity":16}}}
,"/Users/john/work/job-tracker/src/components/ErrorBoundary.tsx": {"path":"/Users/john/work/job-tracker/src/components/ErrorBoundary.tsx","statementMap":{"0":{"start":{"line":32,"column":24},"end":{"line":34,"column":null}},"1":{"start":{"line":36,"column":25},"end":{"line":38,"column":null}},"2":{"start":{"line":13,"column":4},"end":{"line":13,"column":null}},"3":{"start":{"line":14,"column":4},"end":{"line":17,"column":null}},"4":{"start":{"line":21,"column":4},"end":{"line":24,"column":null}},"5":{"start":{"line":29,"column":4},"end":{"line":29,"column":null}},"6":{"start":{"line":33,"column":4},"end":{"line":33,"column":null}},"7":{"start":{"line":37,"column":4},"end":{"line":37,"column":null}},"8":{"start":{"line":41,"column":4},"end":{"line":64,"column":null}},"9":{"start":{"line":42,"column":6},"end":{"line":62,"column":null}},"10":{"start":{"line":66,"column":4},"end":{"line":66,"column":null}}},"fnMap":{"0":{"name":"(anonymous_0)","decl":{"start":{"line":12,"column":2},"end":{"line":12,"column":14}},"loc":{"start":{"line":12,"column":46},"end":{"line":18,"column":null}},"line":12},"1":{"name":"(anonymous_1)","decl":{"start":{"line":20,"column":9},"end":{"line":20,"column":34}},"loc":{"start":{"line":20,"column":68},"end":{"line":25,"column":null}},"line":20},"2":{"name":"(anonymous_2)","decl":{"start":{"line":27,"column":2},"end":{"line":27,"column":20}},"loc":{"start":{"line":27,"column":68},"end":{"line":30,"column":null}},"line":27},"3":{"name":"(anonymous_3)","decl":{"start":{"line":32,"column":24},"end":{"line":32,"column":36}},"loc":{"start":{"line":32,"column":36},"end":{"line":34,"column":null}},"line":32},"4":{"name":"(anonymous_4)","decl":{"start":{"line":36,"column":25},"end":{"line":36,"column":37}},"loc":{"start":{"line":36,"column":37},"end":{"line":38,"column":null}},"line":36},"5":{"name":"(anonymous_5)","decl":{"start":{"line":40,"column":2},"end":{"line":40,"column":11}},"loc":{"start":{"line":40,"column":11},"end":{"line":67,"column":null}},"line":40}},"branchMap":{"0":{"loc":{"start":{"line":23,"column":20},"end":{"line":23,"column":null}},"type":"binary-expr","locations":[{"start":{"line":23,"column":20},"end":{"line":23,"column":37}},{"start":{"line":23,"column":37},"end":{"line":23,"column":null}}],"line":23},"1":{"loc":{"start":{"line":41,"column":4},"end":{"line":64,"column":null}},"type":"if","locations":[{"start":{"line":41,"column":4},"end":{"line":64,"column":null}},{"start":{},"end":{}}],"line":41},"2":{"loc":{"start":{"line":51,"column":15},"end":{"line":51,"column":null}},"type":"binary-expr","locations":[{"start":{"line":51,"column":15},"end":{"line":51,"column":42}},{"start":{"line":51,"column":42},"end":{"line":51,"column":null}}],"line":51}},"s":{"0":1,"1":0,"2":11,"3":11,"4":4,"5":2,"6":1,"7":0,"8":15,"9":4,"10":11},"f":{"0":11,"1":10,"2":2,"3":1,"4":0,"5":15},"b":{"0":[4,0],"1":[4,11],"2":[4,4]},"meta":{"lastBranch":3,"lastFunction":6,"lastStatement":11,"seen":{"s:32:24:34:Infinity":0,"s:36:25:38:Infinity":1,"f:12:2:12:14":0,"s:13:4:13:Infinity":2,"s:14:4:17:Infinity":3,"f:20:9:20:34":1,"s:21:4:24:Infinity":4,"b:23:20:23:37:23:37:23:Infinity":0,"f:27:2:27:20":2,"s:29:4:29:Infinity":5,"f:32:24:32:36":3,"s:33:4:33:Infinity":6,"f:36:25:36:37":4,"s:37:4:37:Infinity":7,"f:40:2:40:11":5,"b:41:4:64:Infinity:undefined:undefined:undefined:undefined":1,"s:41:4:64:Infinity":8,"s:42:6:62:Infinity":9,"b:51:15:51:42:51:42:51:Infinity":2,"s:66:4:66:Infinity":10}}}
,"/Users/john/work/job-tracker/src/components/FilterToolbar.tsx": {"path":"/Users/john/work/job-tracker/src/components/FilterToolbar.tsx","statementMap":{"0":{"start":{"line":57,"column":2},"end":{"line":170,"column":null}},"1":{"start":{"line":64,"column":31},"end":{"line":64,"column":null}},"2":{"start":{"line":71,"column":27},"end":{"line":71,"column":null}},"3":{"start":{"line":78,"column":31},"end":{"line":78,"column":null}},"4":{"start":{"line":94,"column":27},"end":{"line":94,"column":null}},"5":{"start":{"line":101,"column":31},"end":{"line":101,"column":null}},"6":{"start":{"line":106,"column":12},"end":{"line":108,"column":null}},"7":{"start":{"line":138,"column":33},"end":{"line":138,"column":null}},"8":{"start":{"line":145,"column":33},"end":{"line":145,"column":null}},"9":{"start":{"line":152,"column":33},"end":{"line":152,"column":null}},"10":{"start":{"line":158,"column":33},"end":{"line":158,"column":null}},"11":{"start":{"line":163,"column":33},"end":{"line":163,"column":null}}},"fnMap":{"0":{"name":"FilterToolbar","decl":{"start":{"line":43,"column":16},"end":{"line":43,"column":30}},"loc":{"start":{"line":56,"column":23},"end":{"line":172,"column":null}},"line":56},"1":{"name":"(anonymous_1)","decl":{"start":{"line":64,"column":20},"end":{"line":64,"column":21}},"loc":{"start":{"line":64,"column":31},"end":{"line":64,"column":null}},"line":64},"2":{"name":"(anonymous_2)","decl":{"start":{"line":71,"column":21},"end":{"line":71,"column":27}},"loc":{"start":{"line":71,"column":27},"end":{"line":71,"column":null}},"line":71},"3":{"name":"(anonymous_3)","decl":{"start":{"line":78,"column":20},"end":{"line":78,"column":21}},"loc":{"start":{"line":78,"column":31},"end":{"line":78,"column":null}},"line":78},"4":{"name":"(anonymous_4)","decl":{"start":{"line":94,"column":21},"end":{"line":94,"column":27}},"loc":{"start":{"line":94,"column":27},"end":{"line":94,"column":null}},"line":94},"5":{"name":"(anonymous_5)","decl":{"start":{"line":101,"column":20},"end":{"line":101,"column":21}},"loc":{"start":{"line":101,"column":31},"end":{"line":101,"column":null}},"line":101},"6":{"name":"(anonymous_6)","decl":{"start":{"line":105,"column":26},"end":{"line":105,"column":27}},"loc":{"start":{"line":106,"column":12},"end":{"line":108,"column":null}},"line":106},"7":{"name":"(anonymous_7)","decl":{"start":{"line":138,"column":22},"end":{"line":138,"column":23}},"loc":{"start":{"line":138,"column":33},"end":{"line":138,"column":null}},"line":138},"8":{"name":"(anonymous_8)","decl":{"start":{"line":145,"column":22},"end":{"line":145,"column":23}},"loc":{"start":{"line":145,"column":33},"end":{"line":145,"column":null}},"line":145},"9":{"name":"(anonymous_9)","decl":{"start":{"line":152,"column":22},"end":{"line":152,"column":23}},"loc":{"start":{"line":152,"column":33},"end":{"line":152,"column":null}},"line":152},"10":{"name":"(anonymous_10)","decl":{"start":{"line":158,"column":22},"end":{"line":158,"column":23}},"loc":{"start":{"line":158,"column":33},"end":{"line":158,"column":null}},"line":158},"11":{"name":"(anonymous_11)","decl":{"start":{"line":163,"column":22},"end":{"line":163,"column":23}},"loc":{"start":{"line":163,"column":33},"end":{"line":163,"column":null}},"line":163}},"branchMap":{"0":{"loc":{"start":{"line":67,"column":9},"end":{"line":74,"column":null}},"type":"binary-expr","locations":[{"start":{"line":67,"column":9},"end":{"line":67,"column":null}},{"start":{"line":68,"column":10},"end":{"line":74,"column":null}}],"line":67},"1":{"loc":{"start":{"line":88,"column":11},"end":{"line":88,"column":null}},"type":"cond-expr","locations":[{"start":{"line":88,"column":39},"end":{"line":88,"column":56}},{"start":{"line":88,"column":56},"end":{"line":88,"column":null}}],"line":88},"2":{"loc":{"start":{"line":90,"column":9},"end":{"line":97,"column":null}},"type":"binary-expr","locations":[{"start":{"line":90,"column":9},"end":{"line":90,"column":null}},{"start":{"line":91,"column":10},"end":{"line":97,"column":null}}],"line":90},"3":{"loc":{"start":{"line":132,"column":7},"end":{"line":168,"column":null}},"type":"binary-expr","locations":[{"start":{"line":132,"column":7},"end":{"line":132,"column":null}},{"start":{"line":133,"column":8},"end":{"line":168,"column":null}}],"line":132}},"s":{"0":178,"1":1,"2":1,"3":4,"4":1,"5":1,"6":1,"7":1,"8":1,"9":1,"10":1,"11":1},"f":{"0":178,"1":1,"2":1,"3":4,"4":1,"5":1,"6":1,"7":1,"8":1,"9":1,"10":1,"11":1},"b":{"0":[178,1],"1":[1,177],"2":[178,1],"3":[178,1]},"meta":{"lastBranch":4,"lastFunction":12,"lastStatement":12,"seen":{"f:43:16:43:30":0,"s:57:2:170:Infinity":0,"f:64:20:64:21":1,"s:64:31:64:Infinity":1,"b:67:9:67:Infinity:68:10:74:Infinity":0,"f:71:21:71:27":2,"s:71:27:71:Infinity":2,"f:78:20:78:21":3,"s:78:31:78:Infinity":3,"b:88:39:88:56:88:56:88:Infinity":1,"b:90:9:90:Infinity:91:10:97:Infinity":2,"f:94:21:94:27":4,"s:94:27:94:Infinity":4,"f:101:20:101:21":5,"s:101:31:101:Infinity":5,"f:105:26:105:27":6,"s:106:12:108:Infinity":6,"b:132:7:132:Infinity:133:8:168:Infinity":3,"f:138:22:138:23":7,"s:138:33:138:Infinity":7,"f:145:22:145:23":8,"s:145:33:145:Infinity":8,"f:152:22:152:23":9,"s:152:33:152:Infinity":9,"f:158:22:158:23":10,"s:158:33:158:Infinity":10,"f:163:22:163:23":11,"s:163:33:163:Infinity":11}}}
,"/Users/john/work/job-tracker/src/components/HighlightedText.tsx": {"path":"/Users/john/work/job-tracker/src/components/HighlightedText.tsx","statementMap":{"0":{"start":{"line":7,"column":2},"end":{"line":7,"column":null}},"1":{"start":{"line":11,"column":26},"end":{"line":11,"column":null}},"2":{"start":{"line":12,"column":2},"end":{"line":14,"column":null}},"3":{"start":{"line":13,"column":4},"end":{"line":13,"column":null}},"4":{"start":{"line":16,"column":17},"end":{"line":16,"column":null}},"5":{"start":{"line":17,"column":2},"end":{"line":19,"column":null}},"6":{"start":{"line":18,"column":4},"end":{"line":18,"column":null}},"7":{"start":{"line":21,"column":18},"end":{"line":21,"column":null}},"8":{"start":{"line":22,"column":16},"end":{"line":22,"column":null}},"9":{"start":{"line":23,"column":16},"end":{"line":23,"column":null}},"10":{"start":{"line":24,"column":22},"end":{"line":24,"column":null}},"11":{"start":{"line":24,"column":44},"end":{"line":24,"column":63}},"12":{"start":{"line":26,"column":2},"end":{"line":37,"column":null}},"13":{"start":{"line":29,"column":8},"end":{"line":34,"column":null}},"14":{"start":{"line":29,"column":36},"end":{"line":29,"column":64}}},"fnMap":{"0":{"name":"escapeRegExp","decl":{"start":{"line":6,"column":9},"end":{"line":6,"column":22}},"loc":{"start":{"line":6,"column":45},"end":{"line":8,"column":null}},"line":6},"1":{"name":"HighlightedText","decl":{"start":{"line":10,"column":16},"end":{"line":10,"column":32}},"loc":{"start":{"line":10,"column":71},"end":{"line":39,"column":null}},"line":10},"2":{"name":"(anonymous_2)","decl":{"start":{"line":24,"column":33},"end":{"line":24,"column":34}},"loc":{"start":{"line":24,"column":44},"end":{"line":24,"column":63}},"line":24},"3":{"name":"(anonymous_3)","decl":{"start":{"line":28,"column":17},"end":{"line":28,"column":18}},"loc":{"start":{"line":29,"column":8},"end":{"line":34,"column":null}},"line":29},"4":{"name":"(anonymous_4)","decl":{"start":{"line":29,"column":25},"end":{"line":29,"column":26}},"loc":{"start":{"line":29,"column":36},"end":{"line":29,"column":64}},"line":29}},"branchMap":{"0":{"loc":{"start":{"line":12,"column":2},"end":{"line":14,"column":null}},"type":"if","locations":[{"start":{"line":12,"column":2},"end":{"line":14,"column":null}},{"start":{},"end":{}}],"line":12},"1":{"loc":{"start":{"line":17,"column":2},"end":{"line":19,"column":null}},"type":"if","locations":[{"start":{"line":17,"column":2},"end":{"line":19,"column":null}},{"start":{},"end":{}}],"line":17},"2":{"loc":{"start":{"line":29,"column":8},"end":{"line":34,"column":null}},"type":"cond-expr","locations":[{"start":{"line":30,"column":10},"end":{"line":32,"column":null}},{"start":{"line":34,"column":10},"end":{"line":34,"column":null}}],"line":29}},"s":{"0":22,"1":176,"2":176,"3":161,"4":15,"5":15,"6":0,"7":15,"8":15,"9":15,"10":15,"11":22,"12":15,"13":71,"14":100},"f":{"0":22,"1":176,"2":22,"3":71,"4":100},"b":{"0":[161,15],"1":[0,15],"2":[28,43]},"meta":{"lastBranch":3,"lastFunction":5,"lastStatement":15,"seen":{"f:6:9:6:22":0,"s:7:2:7:Infinity":0,"f:10:16:10:32":1,"s:11:26:11:Infinity":1,"b:12:2:14:Infinity:undefined:undefined:undefined:undefined":0,"s:12:2:14:Infinity":2,"s:13:4:13:Infinity":3,"s:16:17:16:Infinity":4,"b:17:2:19:Infinity:undefined:undefined:undefined:undefined":1,"s:17:2:19:Infinity":5,"s:18:4:18:Infinity":6,"s:21:18:21:Infinity":7,"s:22:16:22:Infinity":8,"s:23:16:23:Infinity":9,"s:24:22:24:Infinity":10,"f:24:33:24:34":2,"s:24:44:24:63":11,"s:26:2:37:Infinity":12,"f:28:17:28:18":3,"s:29:8:34:Infinity":13,"b:30:10:32:Infinity:34:10:34:Infinity":2,"f:29:25:29:26":4,"s:29:36:29:64":14}}}
,"/Users/john/work/job-tracker/src/components/JobForm.tsx": {"path":"/Users/john/work/job-tracker/src/components/JobForm.tsx","statementMap":{"0":{"start":{"line":16,"column":44},"end":{"line":16,"column":null}},"1":{"start":{"line":17,"column":40},"end":{"line":17,"column":null}},"2":{"start":{"line":18,"column":8},"end":{"line":18,"column":null}},"3":{"start":{"line":20,"column":34},"end":{"line":42,"column":null}},"4":{"start":{"line":21,"column":4},"end":{"line":24,"column":null}},"5":{"start":{"line":22,"column":6},"end":{"line":22,"column":null}},"6":{"start":{"line":23,"column":6},"end":{"line":23,"column":null}},"7":{"start":{"line":26,"column":4},"end":{"line":26,"column":null}},"8":{"start":{"line":27,"column":4},"end":{"line":27,"column":null}},"9":{"start":{"line":29,"column":4},"end":{"line":41,"column":null}},"10":{"start":{"line":30,"column":21},"end":{"line":30,"column":null}},"11":{"start":{"line":31,"column":6},"end":{"line":36,"column":null}},"12":{"start":{"line":32,"column":8},"end":{"line":32,"column":null}},"13":{"start":{"line":33,"column":8},"end":{"line":33,"column":null}},"14":{"start":{"line":35,"column":8},"end":{"line":35,"column":null}},"15":{"start":{"line":38,"column":6},"end":{"line":38,"column":null}},"16":{"start":{"line":40,"column":6},"end":{"line":40,"column":null}},"17":{"start":{"line":44,"column":38},"end":{"line":64,"column":null}},"18":{"start":{"line":45,"column":17},"end":{"line":45,"column":null}},"19":{"start":{"line":46,"column":4},"end":{"line":46,"column":null}},"20":{"start":{"line":46,"column":15},"end":{"line":46,"column":null}},"21":{"start":{"line":48,"column":4},"end":{"line":48,"column":null}},"22":{"start":{"line":49,"column":19},"end":{"line":49,"column":null}},"23":{"start":{"line":50,"column":4},"end":{"line":58,"column":null}},"24":{"start":{"line":51,"column":6},"end":{"line":57,"column":null}},"25":{"start":{"line":52,"column":21},"end":{"line":52,"column":null}},"26":{"start":{"line":53,"column":8},"end":{"line":53,"column":null}},"27":{"start":{"line":54,"column":8},"end":{"line":54,"column":null}},"28":{"start":{"line":56,"column":8},"end":{"line":56,"column":null}},"29":{"start":{"line":59,"column":4},"end":{"line":59,"column":null}},"30":{"start":{"line":61,"column":4},"end":{"line":63,"column":null}},"31":{"start":{"line":62,"column":6},"end":{"line":62,"column":null}},"32":{"start":{"line":65,"column":2},"end":{"line":304,"column":null}},"33":{"start":{"line":71,"column":31},"end":{"line":71,"column":null}},"34":{"start":{"line":80,"column":31},"end":{"line":80,"column":null}},"35":{"start":{"line":90,"column":31},"end":{"line":90,"column":null}},"36":{"start":{"line":98,"column":31},"end":{"line":98,"column":null}},"37":{"start":{"line":106,"column":31},"end":{"line":106,"column":null}},"38":{"start":{"line":141,"column":14},"end":{"line":141,"column":null}},"39":{"start":{"line":142,"column":14},"end":{"line":144,"column":null}},"40":{"start":{"line":143,"column":16},"end":{"line":143,"column":null}},"41":{"start":{"line":161,"column":31},"end":{"line":161,"column":null}},"42":{"start":{"line":169,"column":31},"end":{"line":169,"column":null}},"43":{"start":{"line":177,"column":31},"end":{"line":177,"column":null}},"44":{"start":{"line":185,"column":31},"end":{"line":185,"column":null}},"45":{"start":{"line":194,"column":31},"end":{"line":194,"column":null}},"46":{"start":{"line":201,"column":31},"end":{"line":201,"column":null}},"47":{"start":{"line":204,"column":12},"end":{"line":206,"column":null}},"48":{"start":{"line":214,"column":31},"end":{"line":214,"column":null}},"49":{"start":{"line":232,"column":16},"end":{"line":232,"column":null}},"50":{"start":{"line":246,"column":16},"end":{"line":246,"column":null}},"51":{"start":{"line":260,"column":16},"end":{"line":260,"column":null}},"52":{"start":{"line":274,"column":16},"end":{"line":274,"column":null}},"53":{"start":{"line":288,"column":16},"end":{"line":288,"column":null}}},"fnMap":{"0":{"name":"JobForm","decl":{"start":{"line":15,"column":16},"end":{"line":15,"column":24}},"loc":{"start":{"line":15,"column":95},"end":{"line":306,"column":null}},"line":15},"1":{"name":"(anonymous_1)","decl":{"start":{"line":20,"column":34},"end":{"line":20,"column":46}},"loc":{"start":{"line":20,"column":46},"end":{"line":42,"column":null}},"line":20},"2":{"name":"(anonymous_2)","decl":{"start":{"line":44,"column":38},"end":{"line":44,"column":39}},"loc":{"start":{"line":44,"column":82},"end":{"line":64,"column":null}},"line":44},"3":{"name":"(anonymous_3)","decl":{"start":{"line":50,"column":20},"end":{"line":50,"column":21}},"loc":{"start":{"line":50,"column":31},"end":{"line":58,"column":null}},"line":50},"4":{"name":"(anonymous_4)","decl":{"start":{"line":71,"column":20},"end":{"line":71,"column":21}},"loc":{"start":{"line":71,"column":31},"end":{"line":71,"column":null}},"line":71},"5":{"name":"(anonymous_5)","decl":{"start":{"line":80,"column":20},"end":{"line":80,"column":21}},"loc":{"start":{"line":80,"column":31},"end":{"line":80,"column":null}},"line":80},"6":{"name":"(anonymous_6)","decl":{"start":{"line":90,"column":20},"end":{"line":90,"column":21}},"loc":{"start":{"line":90,"column":31},"end":{"line":90,"column":null}},"line":90},"7":{"name":"(anonymous_7)","decl":{"start":{"line":98,"column":20},"end":{"line":98,"column":21}},"loc":{"start":{"line":98,"column":31},"end":{"line":98,"column":null}},"line":98},"8":{"name":"(anonymous_8)","decl":{"start":{"line":106,"column":20},"end":{"line":106,"column":21}},"loc":{"start":{"line":106,"column":31},"end":{"line":106,"column":null}},"line":106},"9":{"name":"(anonymous_9)","decl":{"start":{"line":140,"column":22},"end":{"line":140,"column":23}},"loc":{"start":{"line":140,"column":33},"end":{"line":145,"column":null}},"line":140},"10":{"name":"(anonymous_10)","decl":{"start":{"line":161,"column":20},"end":{"line":161,"column":21}},"loc":{"start":{"line":161,"column":31},"end":{"line":161,"column":null}},"line":161},"11":{"name":"(anonymous_11)","decl":{"start":{"line":169,"column":20},"end":{"line":169,"column":21}},"loc":{"start":{"line":169,"column":31},"end":{"line":169,"column":null}},"line":169},"12":{"name":"(anonymous_12)","decl":{"start":{"line":177,"column":20},"end":{"line":177,"column":21}},"loc":{"start":{"line":177,"column":31},"end":{"line":177,"column":null}},"line":177},"13":{"name":"(anonymous_13)","decl":{"start":{"line":185,"column":20},"end":{"line":185,"column":21}},"loc":{"start":{"line":185,"column":31},"end":{"line":185,"column":null}},"line":185},"14":{"name":"(anonymous_14)","decl":{"start":{"line":194,"column":20},"end":{"line":194,"column":21}},"loc":{"start":{"line":194,"column":31},"end":{"line":194,"column":null}},"line":194},"15":{"name":"(anonymous_15)","decl":{"start":{"line":201,"column":20},"end":{"line":201,"column":21}},"loc":{"start":{"line":201,"column":31},"end":{"line":201,"column":null}},"line":201},"16":{"name":"(anonymous_16)","decl":{"start":{"line":203,"column":30},"end":{"line":203,"column":31}},"loc":{"start":{"line":204,"column":12},"end":{"line":206,"column":null}},"line":204},"17":{"name":"(anonymous_17)","decl":{"start":{"line":214,"column":20},"end":{"line":214,"column":21}},"loc":{"start":{"line":214,"column":31},"end":{"line":214,"column":null}},"line":214},"18":{"name":"(anonymous_18)","decl":{"start":{"line":231,"column":24},"end":{"line":231,"column":25}},"loc":{"start":{"line":232,"column":16},"end":{"line":232,"column":null}},"line":232},"19":{"name":"(anonymous_19)","decl":{"start":{"line":245,"column":24},"end":{"line":245,"column":25}},"loc":{"start":{"line":246,"column":16},"end":{"line":246,"column":null}},"line":246},"20":{"name":"(anonymous_20)","decl":{"start":{"line":259,"column":24},"end":{"line":259,"column":25}},"loc":{"start":{"line":260,"column":16},"end":{"line":260,"co
[...]
ions":[{"start":{"line":471,"column":23},"end":{"line":471,"column":37}},{"start":{"line":471,"column":37},"end":{"line":471,"column":null}}],"line":471},"32":{"loc":{"start":{"line":510,"column":13},"end":{"line":514,"column":null}},"type":"binary-expr","locations":[{"start":{"line":510,"column":13},"end":{"line":510,"column":null}},{"start":{"line":511,"column":14},"end":{"line":514,"column":null}}],"line":510},"33":{"loc":{"start":{"line":517,"column":13},"end":{"line":520,"column":null}},"type":"binary-expr","locations":[{"start":{"line":517,"column":13},"end":{"line":517,"column":42}},{"start":{"line":517,"column":42},"end":{"line":517,"column":59}},{"start":{"line":517,"column":59},"end":{"line":517,"column":null}},{"start":{"line":518,"column":14},"end":{"line":520,"column":null}}],"line":517},"34":{"loc":{"start":{"line":534,"column":13},"end":{"line":534,"column":null}},"type":"binary-expr","locations":[{"start":{"line":534,"column":13},"end":{"line":534,"column":31}},{"start":{"line":534,"column":31},"end":{"line":534,"column":null}}],"line":534},"35":{"loc":{"start":{"line":538,"column":9},"end":{"line":538,"column":null}},"type":"binary-expr","locations":[{"start":{"line":538,"column":9},"end":{"line":538,"column":18}},{"start":{"line":538,"column":18},"end":{"line":538,"column":null}}],"line":538},"36":{"loc":{"start":{"line":539,"column":9},"end":{"line":539,"column":null}},"type":"binary-expr","locations":[{"start":{"line":539,"column":9},"end":{"line":539,"column":18}},{"start":{"line":539,"column":18},"end":{"line":539,"column":null}}],"line":539},"37":{"loc":{"start":{"line":551,"column":7},"end":{"line":560,"column":null}},"type":"binary-expr","locations":[{"start":{"line":551,"column":7},"end":{"line":551,"column":26}},{"start":{"line":551,"column":26},"end":{"line":551,"column":null}},{"start":{"line":552,"column":8},"end":{"line":560,"column":null}}],"line":551}},"s":{"0":2,"1":2,"2":58,"3":50,"4":8,"5":8,"6":29,"7":7,"8":29,"9":7,"10":29,"11":29,"12":29,"13":29,"14":29,"15":29,"16":29,"17":29,"18":29,"19":29,"20":29,"21":29,"22":29,"23":29,"24":29,"25":29,"26":29,"27":7,"28":29,"29":7,"30":29,"31":7,"32":7,"33":7,"34":0,"35":7,"36":29,"37":0,"38":0,"39":0,"40":0,"41":29,"42":0,"43":0,"44":0,"45":0,"46":0,"47":0,"48":0,"49":0,"50":0,"51":29,"52":1,"53":1,"54":1,"55":1,"56":1,"57":1,"58":1,"59":0,"60":1,"61":29,"62":1,"63":1,"64":1,"65":1,"66":1,"67":1,"68":1,"69":1,"70":1,"71":0,"72":0,"73":1,"74":29,"75":1,"76":1,"77":1,"78":1,"79":1,"80":1,"81":1,"82":1,"83":1,"84":0,"85":0,"86":1,"87":29,"88":1,"89":1,"90":1,"91":29,"92":0,"93":29,"94":1,"95":1,"96":0,"97":1,"98":1,"99":1,"100":1,"101":1,"102":0,"103":0,"104":0,"105":0,"106":0,"107":0,"108":1,"109":1,"110":1,"111":1,"112":1,"113":1,"114":1,"115":1,"116":1,"117":29,"118":1,"119":0,"120":1,"121":1,"122":1,"123":1,"124":1,"125":1,"126":1,"127":1,"128":29,"129":0,"130":0,"131":0,"132":0,"133":29,"134":0,"135":29,"136":0,"137":29,"138":0,"139":0,"140":0,"141":0,"142":0,"143":0,"144":0,"145":0,"146":0,"147":29,"148":29,"149":29,"150":0,"151":0},"f":{"0":58,"1":29,"2":7,"3":7,"4":7,"5":7,"6":7,"7":7,"8":0,"9":7,"10":0,"11":0,"12":0,"13":0,"14":1,"15":1,"16":1,"17":1,"18":1,"19":0,"20":1,"21":1,"22":1,"23":1,"24":0,"25":0,"26":0,"27":0,"28":0,"29":0,"30":0,"31":0,"32":0,"33":0,"34":0,"35":0,"36":29,"37":0,"38":0},"b":{"0":[50,8],"1":[0,8],"2":[0,0],"3":[0,0],"4":[1,0],"5":[1,0],"6":[0,0],"7":[1,0],"8":[0,0],"9":[1,0],"10":[0,0],"11":[0,1],"12":[1,0],"13":[0,1],"14":[0,1],"15":[0,0],"16":[29,15],"17":[8,7],"18":[1,28],"19":[1,28],"20":[29,2],"21":[29,5],"22":[5,0],"23":[29,0],"24":[0,0],"25":[0,0],"26":[1,28],"27":[29,1],"28":[0,0],"29":[29,29],"30":[0,29],"31":[0,0],"32":[29,2],"33":[29,0,0,0],"34":[29,3],"35":[29,0],"36":[29,0],"37":[29,2,2]},"meta":{"lastBranch":38,"lastFunction":39,"lastStatement":152,"seen":{"s:41:22:41:Infinity":0,"s:42:22:42:Infinity":1,"f:44:9:44:31":0,"b:45:2:47:Infinity:undefined:undefined:undefined:undefined":0,"s:45:2:47:Infinity":2,"s:46:4:46:Infinity":3,"s:49:17:49:Infinity":4,"s:50:2:50:Infinity":5,"b:50:42:50:61:50:61:50:Infinity":1,"f:53:16:53:29":1,"s:54:30:54:Infinity":6,"f:54:53:54:59":2,"s:54:53:54:73":7,"s:55:38:55:Infinity":8,"f:55:65:55:71":3,"s:55:65:55:89":9,"s:56:38:56:Infinity":10,"s:57:24:57:Infinity":11,"s:58:24:58:Infinity":12,"s:59:44:59:Infinity":13,"s:60:40:60:Infinity":14,"s:61:36:61:Infinity":15,"s:62:44:62:Infinity":16,"s:63:32:63:Infinity":17,"s:64:46:64:Infinity":18,"s:65:36:65:Infinity":19,"s:66:42:66:Infinity":20,"s:67:40:67:Infinity":21,"s:68:50:68:Infinity":22,"s:69:44:69:Infinity":23,"s:70:36:70:Infinity":24,"s:71:8:71:Infinity":25,"s:72:40:72:Infinity":26,"f:72:68:72:74":4,"s:72:74:72:109":27,"s:73:40:73:Infinity":28,"f:73:68:73:74":5,"s:73:74:73:109":29,"s:75:2:87:Infinity":30,"f:75:12:75:18":6,"s:76:4:76:Infinity":31,"s:77:4:86:Infinity":32,"f:78:12:78:13":7,"s:79:8:79:Infinity":33,"f:81:13:81:14":8,"s:82:8:82:Infinity":34,"b:82:50:82:64:82:64:82:94":2,"f:84:15:84:21":9,"s:85:8:85:Infinity":35,"s:89:30:93:Infinity":36,"f:89:30:89:57":10,"s:90:4:90:Infinity":37,"f:90:16:90:17":11,"s:90:27:90:53":38,"s:91:4:91:Infinity":39,"s:92:4:92:Infinity":40,"s:95:29:106:Infinity":41,"f:95:29:95:35":12,"s:96:4:105:Infinity":42,"s:97:6:97:Infinity":43,"s:98:6:98:Infinity":44,"s:99:6:99:Infinity":45,"s:100:6:100:Infinity":46,"s:101:6:101:Infinity":47,"s:102:6:102:Infinity":48,"f:102:17:102:23":13,"s:102:23:102:40":49,"s:104:6:104:Infinity":50,"b:104:38:104:52:104:52:104:77":3,"s:108:31:125:Infinity":51,"f:108:31:108:43":14,"s:109:4:109:Infinity":52,"s:110:4:110:Infinity":53,"s:112:4:124:Infinity":54,"s:113:21:113:Infinity":55,"s:114:6:118:Infinity":56,"f:114:22:114:23":15,"s:114:36:118:8":57,"b:115:18:115:39:115:39:115:Infinity":4,"s:119:6:119:Infinity":58,"b:119:42:119:82:119:82:119:121":5,"s:121:6:121:Infinity":59,"b:121:48:121:62:121:62:121:89":6,"s:123:6:123:Infinity":60,"s:127:39:146:Infinity":61,"f:127:39:127:51":16,"s:128:4:128:Infinity":62,"s:129:4:129:Infinity":63,"s:131:4:145:Infinity":64,"s:132:21:132:Infinity":65,"b:133:6:140:Infinity:138:13:140:Infinity":7,"s:133:6:140:Infinity":66,"s:134:8:134:Infinity":67,"s:135:14:135:Infinity":68,"s:136:8:136:Infinity":69,"s:137:8:137:Infinity":70,"s:139:8:139:Infinity":71,"s:142:6:142:Infinity":72,"b:142:48:142:62:142:62:142:98":8,"s:144:6:144:Infinity":73,"s:148:33:167:Infinity":74,"f:148:33:148:45":17,"s:149:4:149:Infinity":75,"s:150:4:150:Infinity":76,"s:152:4:166:Infinity":77,"s:153:21:153:Infinity":78,"b:154:6:161:Infinity:159:13:161:Infinity":9,"s:154:6:161:Infinity":79,"s:155:8:155:Infinity":80,"s:156:14:156:Infinity":81,"s:157:8:157:Infinity":82,"s:158:8:158:Infinity":83,"s:160:8:160:Infinity":84,"s:163:6:163:Infinity":85,"b:163:46:163:60:163:60:163:88":10,"s:165:6:165:Infinity":86,"s:169:31:173:Infinity":87,"f:169:31:169:37":18,"s:170:10:170:Infinity":88,"s:171:4:171:Infinity":89,"s:172:4:172:Infinity":90,"s:175:32:177:Infinity":91,"f:175:32:175:38":19,"s:176:4:176:Infinity":92,"s:179:34:207:Infinity":93,"f:179:34:179:35":20,"s:180:17:180:Infinity":94,"b:181:4:181:Infinity:undefined:undefined:undefined:undefined":11,"s:181:4:181:Infinity":95,"s:181:15:181:Infinity":96,"s:183:19:183:Infinity":97,"s:184:4:203:Infinity":98,"f:184:20:184:21":21,"s:185:23:185:Infinity":99,"b:185:23:185:54:185:54:185:Infinity":12,"s:186:12:186:Infinity":100,"b:187:6:194:Infinity:undefined:undefined:undefined:undefined":13,"s:187:6:194:Infinity":101,"s:188:8:188:Infinity":102,"s:189:8:189:Infinity":103,"s:190:8:190:Infinity":104,"s:191:8:191:Infinity":105,"s:192:8:192:Infinity":106,"s:193:8:193:Infinity":107,"s:196:12:196:Infinity":108,"s:197:12:197:Infinity":109,"s:198:6:198:Infinity":110,"s:199:6:199:Infinity":111,"s:200:6:200:Infinity":112,"s:201:6:201:Infinity":113,"s:202:6:202:Infinity":114,"s:205:4:205:Infinity":115,"s:206:4:206:Infinity":116,"s:209:29:221:Infinity":117,"f:209:29:209:35":22,"b:210:4:212:Infinity:undefined:undefined:undefined:undefined":14,"s:210:4:212:Infinity":118,"s:211:6:211:Infinity":119,"s:214:4:214:Infinity":120,"f:214:12:214:13":23,"s:214:13:214:79":121,"s:215:4:215:Infinity":122,"s:216:4:216:Infinity":123,"s:217:4:217:Infinity":124,"s:218:4:218:Infinity":125,"s:219:4:219:Infinity":126,"s:220:4:220:Infinity":127,"s:223:34:229:Infinity":128,"f:223:34:223:35":24,"s:224:4:224:Infinity":129,"b:225:4:228:Infinity:undefined:undefined:undefined:undefined":15,"s:225:4:228:Infinity":130,"s:226:6:226:Infinity":131,"s:227:6:227:Infinity":132,"s:231:35:233:Infinity":133,"f:231:35:231:41":25,"s:232:4:232:Infinity":134,"s:235:34:237:Infinity":135,"f:235:34:235:40":26,"s:236:4:236:Infinity":136,"s:239:2:562:Infinity":137,"b:267:23:267:48:267:48:267:Infinity":16,"b:267:62:267:77:267:77:267:Infinity":17,"b:279:36:279:52:279:52:279:Infinity":18,"b:287:35:287:50:287:50:287:Infinity":19,"b:297:13:297:32:297:32:297:Infinity":20,"f:310:28:310:34":27,"s:310:34:310:Infinity":138,"f:324:28:324:34":28,"s:324:34:324:Infinity":139,"f:338:28:338:34":29,"s:338:34:338:Infinity":140,"b:348:11:348:Infinity:349:12:376:Infinity":21,"f:358:30:358:31":30,"s:358:37:358:Infinity":141,"b:370:25:370:43:370:43:370:Infinity":22,"f:371:28:371:29":31,"s:371:35:371:Infinity":142,"b:379:11:379:Infinity:380:12:405:Infinity":23,"b:387:25:387:45:387:45:387:Infinity":24,"f:388:28:388:29":32,"s:388:35:388:Infinity":143,"b:399:25:399:43:399:43:399:Infinity":25,"f:400:28:400:29":33,"s:400:35:400:Infinity":144,"b:417:29:417:44:417:44:417:Infinity":26,"b:425:13:425:30:425:30:425:Infinity":27,"f:435:26:435:27":34,"s:435:33:435:Infinity":145,"f:454:26:454:27":35,"s:455:18:455:Infinity":146,"b:455:76:455:104:455:104:455:105":28,"b:461:13:461:Infinity:462:14:477:Infinity":29,"f:464:18:464:24":36,"s:465:24:465:Infinity":147,"s:466:24:466:Infinity":148,"s:467:18:474:Infinity":149,"b:468:20:472:Infinity:474:20:474:Infinity":30,"b:471:23:471:37:471:37:471:Infinity":31,"f:503:52:503:53":37,"s:503:59:503:Infinity":150,"b:510:13:510:Infinity:511:14:514:Infinity":32,"b:517:13:517:42:517:42:517:59:517:59:517:Infinity:518:14:520:Infinity":33,"b:534:13:534:31:534:31:534:Infinity":34,"b:538:9:538:18:538:18:538:Infinity":35,"b:539:9:539:18:539:18:539:Infinity":36,"b:551:7:551:26:551:26:551:Infinity:552:8:560:Infinity":37,"f:553:50:553:51":38,"s:553:57:553:Infinity":151}}}
,"/Users/john/work/job-tracker/src/views/TableView.tsx": {"path":"/Users/john/work/job-tracker/src/views/TableView.tsx","statementMap":{"0":{"start":{"line":17,"column":2},"end":{"line":17,"column":null}},"1":{"start":{"line":18,"column":8},"end":{"line":18,"column":null}},"2":{"start":{"line":20,"column":2},"end":{"line":39,"column":null}}},"fnMap":{"0":{"name":"TableView","decl":{"start":{"line":8,"column":16},"end":{"line":8,"column":28}},"loc":{"start":{"line":8,"column":28},"end":{"line":41,"column":null}},"line":8}},"branchMap":{"0":{"loc":{"start":{"line":36,"column":7},"end":{"line":37,"column":null}},"type":"binary-expr","locations":[{"start":{"line":36,"column":7},"end":{"line":36,"column":32}},{"start":{"line":36,"column":32},"end":{"line":36,"column":null}},{"start":{"line":37,"column":8},"end":{"line":37,"column":null}}],"line":36}},"s":{"0":38,"1":38,"2":38},"f":{"0":38},"b":{"0":[38,6,6]},"meta":{"lastBranch":1,"lastFunction":1,"lastStatement":3,"seen":{"f:8:16:8:28":0,"s:17:2:17:Infinity":0,"s:18:8:18:Infinity":1,"s:20:2:39:Infinity":2,"b:36:7:36:32:36:32:36:Infinity:37:8:37:Infinity":0}}}
,"/Users/john/work/job-tracker/src/views/table/TableBody.tsx": {"path":"/Users/john/work/job-tracker/src/views/table/TableBody.tsx","statementMap":{"0":{"start":{"line":9,"column":24},"end":{"line":9,"column":null}},"1":{"start":{"line":11,"column":2},"end":{"line":16,"column":null}},"2":{"start":{"line":14,"column":8},"end":{"line":14,"column":null}}},"fnMap":{"0":{"name":"TableBody","decl":{"start":{"line":8,"column":16},"end":{"line":8,"column":26}},"loc":{"start":{"line":8,"column":53},"end":{"line":18,"column":null}},"line":8},"1":{"name":"(anonymous_1)","decl":{"start":{"line":13,"column":25},"end":{"line":13,"column":26}},"loc":{"start":{"line":14,"column":8},"end":{"line":14,"column":null}},"line":14}},"branchMap":{},"s":{"0":38,"1":38,"2":53},"f":{"0":38,"1":53},"b":{},"meta":{"lastBranch":0,"lastFunction":2,"lastStatement":3,"seen":{"f:8:16:8:26":0,"s:9:24:9:Infinity":0,"s:11:2:16:Infinity":1,"f:13:25:13:26":1,"s:14:8:14:Infinity":2}}}
,"/Users/john/work/job-tracker/src/views/table/TableBulkActions.tsx": {"path":"/Users/john/work/job-tracker/src/views/table/TableBulkActions.tsx","statementMap":{"0":{"start":{"line":4,"column":69},"end":{"line":4,"column":null}},"1":{"start":{"line":6,"column":2},"end":{"line":8,"column":null}},"2":{"start":{"line":7,"column":4},"end":{"line":7,"column":null}},"3":{"start":{"line":10,"column":2},"end":{"line":24,"column":null}}},"fnMap":{"0":{"name":"TableBulkActions","decl":{"start":{"line":3,"column":16},"end":{"line":3,"column":35}},"loc":{"start":{"line":3,"column":35},"end":{"line":26,"column":null}},"line":3}},"branchMap":{"0":{"loc":{"start":{"line":6,"column":2},"end":{"line":8,"column":null}},"type":"if","locations":[{"start":{"line":6,"column":2},"end":{"line":8,"column":null}},{"start":{},"end":{}}],"line":6},"1":{"loc":{"start":{"line":14,"column":9},"end":{"line":16,"column":null}},"type":"cond-expr","locations":[{"start":{"line":15,"column":12},"end":{"line":15,"column":null}},{"start":{"line":16,"column":12},"end":{"line":16,"column":null}}],"line":14}},"s":{"0":38,"1":38,"2":31,"3":7},"f":{"0":38},"b":{"0":[31,7],"1":[4,3]},"meta":{"lastBranch":2,"lastFunction":1,"lastStatement":4,"seen":{"f:3:16:3:35":0,"s:4:69:4:Infinity":0,"b:6:2:8:Infinity:undefined:undefined:undefined:undefined":0,"s:6:2:8:Infinity":1,"s:7:4:7:Infinity":2,"s:10:2:24:Infinity":3,"b:15:12:15:Infinity:16:12:16:Infinity":1}}}
,"/Users/john/work/job-tracker/src/views/table/TableHeader.tsx": {"path":"/Users/john/work/job-tracker/src/views/table/TableHeader.tsx","statementMap":{"0":{"start":{"line":5,"column":105},"end":{"line":6,"column":null}},"1":{"start":{"line":8,"column":2},"end":{"line":64,"column":null}}},"fnMap":{"0":{"name":"TableHeader","decl":{"start":{"line":4,"column":16},"end":{"line":4,"column":30}},"loc":{"start":{"line":4,"column":30},"end":{"line":66,"column":null}},"line":4}},"branchMap":{},"s":{"0":38,"1":38},"f":{"0":38},"b":{},"meta":{"lastBranch":0,"lastFunction":1,"lastStatement":2,"seen":{"f:4:16:4:30":0,"s:5:105:6:Infinity":0,"s:8:2:64:Infinity":1}}}
,"/Users/john/work/job-tracker/src/views/table/TableRow.tsx": {"path":"/Users/john/work/job-tracker/src/views/table/TableRow.tsx","statementMap":{"0":{"start":{"line":14,"column":93},"end":{"line":14,"column":null}},"1":{"start":{"line":16,"column":2},"end":{"line":75,"column":null}},"2":{"start":{"line":17,"column":99},"end":{"line":17,"column":null}},"3":{"start":{"line":22,"column":30},"end":{"line":22,"column":null}},"4":{"start":{"line":23,"column":26},"end":{"line":23,"column":null}},"5":{"start":{"line":48,"column":14},"end":{"line":48,"column":null}},"6":{"start":{"line":49,"column":14},"end":{"line":49,"column":null}},"7":{"start":{"line":57,"column":14},"end":{"line":57,"column":null}},"8":{"start":{"line":58,"column":14},"end":{"line":58,"column":null}},"9":{"start":{"line":67,"column":14},"end":{"line":67,"column":null}},"10":{"start":{"line":68,"column":14},"end":{"line":68,"column":null}}},"fnMap":{"0":{"name":"TableRow","decl":{"start":{"line":13,"column":16},"end":{"line":13,"column":25}},"loc":{"start":{"line":13,"column":56},"end":{"line":77,"column":null}},"line":13},"1":{"name":"(anonymous_1)","decl":{"start":{"line":17,"column":93},"end":{"line":17,"column":99}},"loc":{"start":{"line":17,"column":99},"end":{"line":17,"column":null}},"line":17},"2":{"name":"(anonymous_2)","decl":{"start":{"line":22,"column":19},"end":{"line":22,"column":20}},"loc":{"start":{"line":22,"column":30},"end":{"line":22,"column":null}},"line":22},"3":{"name":"(anonymous_3)","decl":{"start":{"line":23,"column":20},"end":{"line":23,"column":26}},"loc":{"start":{"line":23,"column":26},"end":{"line":23,"column":null}},"line":23},"4":{"name":"(anonymous_4)","decl":{"start":{"line":47,"column":21},"end":{"line":47,"column":22}},"loc":{"start":{"line":47,"column":32},"end":{"line":50,"column":null}},"line":47},"5":{"name":"(anonymous_5)","decl":{"start":{"line":56,"column":21},"end":{"line":56,"column":22}},"loc":{"start":{"line":56,"column":32},"end":{"line":59,"column":null}},"line":56},"6":{"name":"(anonymous_6)","decl":{"start":{"line":66,"column":21},"end":{"line":66,"column":22}},"loc":{"start":{"line":66,"column":32},"end":{"line":69,"column":null}},"line":66}},"branchMap":{"0":{"loc":{"start":{"line":17,"column":21},"end":{"line":17,"column":84}},"type":"cond-expr","locations":[{"start":{"line":17,"column":64},"end":{"line":17,"column":80}},{"start":{"line":17,"column":80},"end":{"line":17,"column":84}}],"line":17},"1":{"loc":{"start":{"line":38,"column":31},"end":{"line":38,"column":54}},"type":"binary-expr","locations":[{"start":{"line":38,"column":31},"end":{"line":38,"column":49}},{"start":{"line":38,"column":49},"end":{"line":38,"column":54}}],"line":38},"2":{"loc":{"start":{"line":39,"column":9},"end":{"line":39,"column":null}},"type":"cond-expr","locations":[{"start":{"line":39,"column":33},"end":{"line":39,"column":77}},{"start":{"line":39,"column":77},"end":{"line":39,"column":null}}],"line":39},"3":{"loc":{"start":{"line":39,"column":77},"end":{"line":40,"column":null}},"type":"binary-expr","locations":[{"start":{"line":39,"column":77},"end":{"line":40,"column":42}},{"start":{"line":40,"column":42},"end":{"line":40,"column":null}}],"line":39}},"s":{"0":53,"1":53,"2":0,"3":2,"4":2,"5":0,"6":0,"7":1,"8":1,"9":1,"10":1},"f":{"0":53,"1":0,"2":2,"3":2,"4":0,"5":1,"6":1},"b":{"0":[0,53],"1":[53,52],"2":[0,53],"3":[53,0]},"meta":{"lastBranch":4,"lastFunction":7,"lastStatement":11,"seen":{"f:13:16:13:25":0,"s:14:93:14:Infinity":0,"s:16:2:75:Infinity":1,"b:17:64:17:80:17:80:17:84":0,"f:17:93:17:99":1,"s:17:99:17:Infinity":2,"f:22:19:22:20":2,"s:22:30:22:Infinity":3,"f:23:20:23:26":3,"s:23:26:23:Infinity":4,"b:38:31:38:49:38:49:38:54":1,"b:39:33:39:77:39:77:39:Infinity":2,"b:39:77:40:42:40:42:40:Infinity":3,"f:47:21:47:22":4,"s:48:14:48:Infinity":5,"s:49:14:49:Infinity":6,"f:56:21:56:22":5,"s:57:14:57:Infinity":7,"s:58:14:58:Infinity":8,"f:66:21:66:22":6,"s:67:14:67:Infinity":9,"s:68:14:68:Infinity":10}}}
,"/Users/john/work/job-tracker/src/views/table/TableViewContext.tsx": {"path":"/Users/john/work/job-tracker/src/views/table/TableViewContext.tsx","statementMap":{"0":{"start":{"line":31,"column":6},"end":{"line":31,"column":null}},"1":{"start":{"line":40,"column":2},"end":{"line":40,"column":null}},"2":{"start":{"line":44,"column":8},"end":{"line":44,"column":null}},"3":{"start":{"line":45,"column":2},"end":{"line":47,"column":null}},"4":{"start":{"line":46,"column":4},"end":{"line":46,"column":null}},"5":{"start":{"line":49,"column":2},"end":{"line":49,"column":null}}},"fnMap":{"0":{"name":"TableViewProvider","decl":{"start":{"line":33,"column":16},"end":{"line":33,"column":34}},"loc":{"start":{"line":39,"column":3},"end":{"line":41,"column":null}},"line":39},"1":{"name":"useTableViewContext","decl":{"start":{"line":43,"column":16},"end":{"line":43,"column":61}},"loc":{"start":{"line":43,"column":61},"end":{"line":50,"column":null}},"line":43}},"branchMap":{"0":{"loc":{"start":{"line":45,"column":2},"end":{"line":47,"column":null}},"type":"if","locations":[{"start":{"line":45,"column":2},"end":{"line":47,"column":null}},{"start":{},"end":{}}],"line":45}},"s":{"0":2,"1":39,"2":209,"3":209,"4":2,"5":206},"f":{"0":39,"1":209},"b":{"0":[2,207]},"meta":{"lastBranch":1,"lastFunction":2,"lastStatement":6,"seen":{"s:31:6:31:Infinity":0,"f:33:16:33:34":0,"s:40:2:40:Infinity":1,"f:43:16:43:61":1,"s:44:8:44:Infinity":2,"b:45:2:47:Infinity:undefined:undefined:undefined:undefined":0,"s:45:2:47:Infinity":3,"s:46:4:46:Infinity":4,"s:49:2:49:Infinity":5}}}
}
