TN:
SF:src/App.tsx
FN:34,AppContent
FN:106,(anonymous_1)
FN:107,(anonymous_2)
FN:108,(anonymous_3)
FN:109,(anonymous_4)
FN:116,(anonymous_5)
FN:163,(anonymous_6)
FN:172,(anonymous_7)
FN:178,(anonymous_8)
FN:182,(anonymous_9)
FN:189,(anonymous_10)
FN:203,(anonymous_11)
FN:205,(anonymous_12)
FN:223,(anonymous_13)
FN:228,(anonymous_14)
FN:242,(anonymous_15)
FN:247,(anonymous_16)
FN:262,(anonymous_17)
FN:263,(anonymous_18)
FN:267,(anonymous_19)
FN:268,(anonymous_20)
FN:272,(anonymous_21)
FN:273,(anonymous_22)
FN:276,(anonymous_23)
FN:277,(anonymous_24)
FN:344,(anonymous_25)
FN:372,App
FNF:27
FNH:7
FNDA:174,AppContent
FNDA:16,(anonymous_1)
FNDA:16,(anonymous_2)
FNDA:16,(anonymous_3)
FNDA:16,(anonymous_4)
FNDA:8,(anonymous_5)
FNDA:0,(anonymous_6)
FNDA:0,(anonymous_7)
FNDA:0,(anonymous_8)
FNDA:0,(anonymous_9)
FNDA:0,(anonymous_10)
FNDA:0,(anonymous_11)
FNDA:0,(anonymous_12)
FNDA:0,(anonymous_13)
FNDA:0,(anonymous_14)
FNDA:0,(anonymous_15)
FNDA:0,(anonymous_16)
FNDA:0,(anonymous_17)
FNDA:0,(anonymous_18)
FNDA:0,(anonymous_19)
FNDA:0,(anonymous_20)
FNDA:0,(anonymous_21)
FNDA:0,(anonymous_22)
FNDA:0,(anonymous_23)
FNDA:0,(anonymous_24)
FNDA:0,(anonymous_25)
FNDA:5,App
DA:35,174
DA:36,174
DA:37,174
DA:40,174
DA:41,174
DA:42,174
DA:43,174
DA:44,174
DA:45,174
DA:46,174
DA:47,174
DA:48,174
DA:51,174
DA:55,174
DA:56,174
DA:62,174
DA:66,174
DA:71,174
DA:77,174
DA:93,174
DA:103,174
DA:104,174
DA:106,174
DA:107,174
DA:108,174
DA:109,174
DA:112,174
DA:116,174
DA:117,8
DA:129,174
DA:148,174
DA:163,0
DA:166,174
DA:172,174
DA:173,0
DA:174,0
DA:175,0
DA:178,174
DA:179,0
DA:182,174
DA:183,0
DA:184,0
DA:185,0
DA:186,0
DA:189,0
DA:190,0
DA:191,0
DA:194,0
DA:195,0
DA:196,0
DA:197,0
DA:198,0
DA:199,0
DA:200,0
DA:203,174
DA:204,0
DA:205,0
DA:207,0
DA:208,0
DA:209,0
DA:212,0
DA:219,0
DA:220,0
DA:223,174
DA:224,0
DA:225,0
DA:228,0
DA:229,0
DA:230,0
DA:233,0
DA:234,0
DA:235,0
DA:238,0
DA:239,0
DA:242,174
DA:243,0
DA:244,0
DA:247,0
DA:248,0
DA:249,0
DA:252,0
DA:253,0
DA:254,0
DA:257,0
DA:258,0
DA:259,0
DA:262,174
DA:263,0
DA:264,0
DA:267,174
DA:268,0
DA:269,0
DA:272,174
DA:273,0
DA:276,174
DA:277,0
DA:278,0
DA:282,174
DA:308,174
DA:344,0
DA:373,5
LF:101
LH:45
BRDA:183,0,0,0
BRDA:183,0,1,0
BRDA:190,1,0,0
BRDA:190,1,1,0
BRDA:204,2,0,0
BRDA:204,2,1,0
BRDA:205,3,0,0
BRDA:205,3,1,0
BRDA:208,4,0,0
BRDA:208,4,1,0
BRDA:213,5,0,0
BRDA:213,5,1,0
BRDA:224,6,0,0
BRDA:224,6,1,0
BRDA:229,7,0,0
BRDA:229,7,1,0
BRDA:234,8,0,0
BRDA:234,8,1,0
BRDA:243,9,0,0
BRDA:243,9,1,0
BRDA:248,10,0,0
BRDA:248,10,1,0
BRDA:253,11,0,0
BRDA:253,11,1,0
BRF:24
BRH:0
end_of_record
TN:
SF:src/domain.ts
FN:76,createJobFromDraft
FNF:1
FNH:1
FNDA:6,createJobFromDraft
DA:1,22
DA:12,22
DA:50,22
DA:77,6
DA:79,6
LF:5
LH:5
BRDA:82,0,0,6
BRDA:82,0,1,0
BRF:2
BRH:1
end_of_record
TN:
SF:src/exportImport.ts
FN:9,importJobsFromFile
FNF:1
FNH:1
FNDA:2,importJobsFromFile
DA:10,2
DA:12,2
DA:13,1
DA:16,1
LF:4
LH:4
BRDA:12,0,0,1
BRDA:12,0,1,1
BRF:2
BRH:2
end_of_record
TN:
SF:src/main.tsx
FNF:0
FNH:0
DA:6,0
DA:8,0
DA:9,0
DA:12,0
LF:4
LH:0
BRDA:8,0,0,0
BRDA:8,0,1,0
BRF:2
BRH:0
end_of_record
TN:
SF:src/notifications.ts
FN:10,generateId
FN:14,createNotification
FNF:2
FNH:2
FNDA:26,generateId
FNDA:26,createNotification
DA:11,26
DA:19,26
LF:2
LH:2
BRDA:16,0,0,26
BRDA:17,1,0,26
BRF:2
BRH:2
end_of_record
TN:
SF:src/scoring.ts
FN:30,calculateJobScore
FN:61,(anonymous_1)
FN:62,(anonymous_2)
FN:70,hasScoring
FN:83,normalizeWeights
FN:102,isValidScore
FN:115,(anonymous_6)
FN:119,(anonymous_7)
FN:123,(anonymous_8)
FN:127,(anonymous_9)
FN:134,(anonymous_10)
FN:135,(anonymous_11)
FN:153,createScoringService
FNF:13
FNH:13
FNDA:104,calculateJobScore
FNDA:106,(anonymous_1)
FNDA:106,(anonymous_2)
FNDA:9,hasScoring
FNDA:16,normalizeWeights
FNDA:11,isValidScore
FNDA:9,(anonymous_6)
FNDA:3,(anonymous_7)
FNDA:1,(anonymous_8)
FNDA:23,(anonymous_9)
FNDA:5,(anonymous_10)
FNDA:11,(anonymous_11)
FNDA:9,createScoringService
DA:18,5
DA:31,104
DA:32,104
DA:34,104
DA:35,38
DA:36,38
DA:38,104
DA:39,22
DA:40,22
DA:42,104
DA:43,15
DA:44,15
DA:46,104
DA:47,15
DA:48,15
DA:50,104
DA:51,16
DA:52,16
DA:56,104
DA:57,66
DA:61,106
DA:62,106
DA:64,38
DA:71,9
DA:84,16
DA:86,16
DA:87,1
DA:90,15
DA:103,11
DA:104,2
DA:106,9
DA:116,9
DA:120,3
DA:124,1
DA:128,23
DA:135,5
DA:136,11
DA:137,11
DA:140,11
DA:141,10
DA:142,8
DA:145,6
DA:154,9
LF:43
LH:43
BRDA:30,0,0,104
BRDA:34,1,0,38
BRDA:34,1,1,66
BRDA:34,2,0,104
BRDA:34,2,1,38
BRDA:38,3,0,22
BRDA:38,3,1,82
BRDA:38,4,0,104
BRDA:38,4,1,22
BRDA:42,5,0,15
BRDA:42,5,1,89
BRDA:42,6,0,104
BRDA:42,6,1,15
BRDA:46,7,0,15
BRDA:46,7,1,89
BRDA:46,8,0,104
BRDA:46,8,1,15
BRDA:50,9,0,16
BRDA:50,9,1,88
BRDA:50,10,0,104
BRDA:50,10,1,16
BRDA:56,11,0,66
BRDA:56,11,1,38
BRDA:64,12,0,38
BRDA:64,12,1,0
BRDA:72,13,0,9
BRDA:72,13,1,5
BRDA:72,13,2,5
BRDA:72,13,3,5
BRDA:72,13,4,5
BRDA:86,14,0,1
BRDA:86,14,1,15
BRDA:103,15,0,2
BRDA:103,15,1,9
BRDA:106,16,0,9
BRDA:106,16,1,6
BRDA:106,16,2,5
BRDA:115,17,0,9
BRDA:140,18,0,1
BRDA:140,18,1,10
BRDA:140,19,0,11
BRDA:140,19,1,3
BRDA:141,20,0,2
BRDA:141,20,1,8
BRDA:142,21,0,2
BRDA:142,21,1,6
BRF:46
BRH:45
end_of_record
TN:
SF:src/storage.ts
FN:20,loadJobs
FN:54,saveJobs
FNF:2
FNH:2
FNDA:4,loadJobs
FNDA:2,saveJobs
DA:21,4
DA:22,4
DA:23,4
DA:25,2
DA:29,2
DA:34,2
DA:35,1
DA:36,1
DA:40,1
DA:46,1
DA:47,1
DA:55,2
DA:56,2
DA:58,2
DA:59,2
DA:61,1
DA:66,1
DA:67,1
DA:68,1
DA:72,1
DA:75,0
DA:76,0
LF:22
LH:20
BRDA:34,0,0,1
BRDA:34,0,1,1
BRDA:66,1,0,1
BRDA:66,1,1,0
BRF:4
BRH:3
end_of_record
TN:
SF:src/components/AISettingsPanel.tsx
FN:10,AISettingsPanel
FN:11,(anonymous_1)
FN:16,(anonymous_2)
FN:17,(anonymous_3)
FN:22,(anonymous_4)
FN:23,(anonymous_5)
FN:28,(anonymous_6)
FN:29,(anonymous_7)
FN:34,(anonymous_8)
FN:35,(anonymous_9)
FN:40,(anonymous_10)
FN:53,(anonymous_11)
FN:59,(anonymous_12)
FN:70,(anonymous_13)
FN:77,(anonymous_14)
FN:96,(anonymous_15)
FN:110,(anonymous_16)
FN:124,(anonymous_17)
FN:144,(anonymous_18)
FN:151,(anonymous_19)
FN:164,(anonymous_20)
FN:182,(anonymous_21)
FN:194,(anonymous_22)
FNF:23
FNH:0
FNDA:0,AISettingsPanel
FNDA:0,(anonymous_1)
FNDA:0,(anonymous_2)
FNDA:0,(anonymous_3)
FNDA:0,(anonymous_4)
FNDA:0,(anonymous_5)
FNDA:0,(anonymous_6)
FNDA:0,(anonymous_7)
FNDA:0,(anonymous_8)
FNDA:0,(anonymous_9)
FNDA:0,(anonymous_10)
FNDA:0,(anonymous_11)
FNDA:0,(anonymous_12)
FNDA:0,(anonymous_13)
FNDA:0,(anonymous_14)
FNDA:0,(anonymous_15)
FNDA:0,(anonymous_16)
FNDA:0,(anonymous_17)
FNDA:0,(anonymous_18)
FNDA:0,(anonymous_19)
FNDA:0,(anonymous_20)
FNDA:0,(anonymous_21)
FNDA:0,(anonymous_22)
DA:11,0
DA:12,0
DA:13,0
DA:14,0
DA:16,0
DA:17,0
DA:18,0
DA:19,0
DA:22,0
DA:23,0
DA:24,0
DA:25,0
DA:28,0
DA:29,0
DA:30,0
DA:31,0
DA:34,0
DA:35,0
DA:36,0
DA:37,0
DA:40,0
DA:41,0
DA:42,0
DA:43,0
DA:44,0
DA:46,0
DA:47,0
DA:48,0
DA:50,0
DA:51,0
DA:52,0
DA:53,0
DA:55,0
DA:59,0
DA:60,0
DA:66,0
DA:67,0
DA:68,0
DA:69,0
DA:70,0
DA:73,0
DA:75,0
DA:77,0
DA:96,0
DA:110,0
DA:124,0
DA:144,0
DA:151,0
DA:164,0
DA:182,0
DA:194,0
LF:51
LH:0
BRDA:42,0,0,0
BRDA:42,0,1,0
BRDA:42,1,0,0
BRDA:42,1,1,0
BRDA:46,2,0,0
BRDA:46,2,1,0
BRDA:46,3,0,0
BRDA:46,3,1,0
BRDA:55,4,0,0
BRDA:55,4,1,0
BRDA:73,5,0,0
BRDA:73,5,1,0
BRDA:134,6,0,0
BRDA:134,6,1,0
BRDA:142,7,0,0
BRDA:142,7,1,0
BRDA:153,8,0,0
BRDA:153,8,1,0
BRDA:163,9,0,0
BRDA:163,9,1,0
BRDA:173,10,0,0
BRDA:173,10,1,0
BRDA:181,11,0,0
BRDA:181,11,1,0
BRDA:193,12,0,0
BRDA:193,12,1,0
BRDA:202,13,0,0
BRDA:202,13,1,0
BRDA:203,14,0,0
BRDA:203,14,1,0
BRDA:209,15,0,0
BRDA:209,15,1,0
BRDA:214,16,0,0
BRDA:214,16,1,0
BRF:34
BRH:0
end_of_record
TN:
SF:src/components/ErrorBoundary.tsx
FN:12,(anonymous_0)
FN:20,(anonymous_1)
FN:27,(anonymous_2)
FN:32,(anonymous_3)
FN:36,(anonymous_4)
FN:40,(anonymous_5)
FNF:6
FNH:5
FNDA:11,(anonymous_0)
FNDA:10,(anonymous_1)
FNDA:2,(anonymous_2)
FNDA:1,(anonymous_3)
FNDA:0,(anonymous_4)
FNDA:15,(anonymous_5)
DA:13,11
DA:14,11
DA:21,4
DA:29,2
DA:32,1
DA:33,1
DA:36,0
DA:37,0
DA:41,15
DA:42,4
DA:66,11
LF:11
LH:9
BRDA:23,0,0,4
BRDA:23,0,1,0
BRDA:41,1,0,4
BRDA:41,1,1,11
BRDA:51,2,0,4
BRDA:51,2,1,4
BRF:6
BRH:5
end_of_record
TN:
SF:src/components/FilterToolbar.tsx
FN:43,FilterToolbar
FN:64,(anonymous_1)
FN:71,(anonymous_2)
FN:78,(anonymous_3)
FN:94,(anonymous_4)
FN:101,(anonymous_5)
FN:105,(anonymous_6)
FN:138,(anonymous_7)
FN:145,(anonymous_8)
FN:152,(anonymous_9)
FN:158,(anonymous_10)
FN:163,(anonymous_11)
FNF:12
FNH:12
FNDA:178,FilterToolbar
FNDA:1,(anonymous_1)
FNDA:1,(anonymous_2)
FNDA:4,(anonymous_3)
FNDA:1,(anonymous_4)
FNDA:1,(anonymous_5)
FNDA:1,(anonymous_6)
FNDA:1,(anonymous_7)
FNDA:1,(anonymous_8)
FNDA:1,(anonymous_9)
FNDA:1,(anonymous_10)
FNDA:1,(anonymous_11)
DA:57,178
DA:64,1
DA:71,1
DA:78,4
DA:94,1
DA:101,1
DA:106,1
DA:138,1
DA:145,1
DA:152,1
DA:158,1
DA:163,1
LF:12
LH:12
BRDA:67,0,0,178
BRDA:67,0,1,1
BRDA:88,1,0,1
BRDA:88,1,1,177
BRDA:90,2,0,178
BRDA:90,2,1,1
BRDA:132,3,0,178
BRDA:132,3,1,1
BRF:8
BRH:8
end_of_record
TN:
SF:src/components/HighlightedText.tsx
FN:6,escapeRegExp
FN:10,HighlightedText
FN:24,(anonymous_2)
FN:28,(anonymous_3)
FN:29,(anonymous_4)
FNF:5
FNH:5
FNDA:22,escapeRegExp
FNDA:176,HighlightedText
FNDA:22,(anonymous_2)
FNDA:71,(anonymous_3)
FNDA:100,(anonymous_4)
DA:7,22
DA:11,176
DA:12,176
DA:13,161
DA:16,15
DA:17,15
DA:18,0
DA:21,15
DA:22,15
DA:23,15
DA:24,22
DA:26,15
DA:29,100
LF:13
LH:12
BRDA:12,0,0,161
BRDA:12,0,1,15
BRDA:17,1,0,0
BRDA:17,1,1,15
BRDA:29,2,0,28
BRDA:29,2,1,43
BRF:6
BRH:5
end_of_record
TN:
SF:src/components/JobForm.tsx
FN:15,JobForm
FN:20,(anonymous_1)
FN:44,(anonymous_2)
FN:50,(anonymous_3)
FN:71,(anonymous_4)
FN:80,(anonymous_5)
FN:90,(anonymous_6)
FN:98,(anonymous_7)
FN:106,(anonymous_8)
FN:140,(anonymous_9)
FN:161,(anonymous_10)
FN:169,(anonymous_11)
FN:177,(anonymous_12)
FN:185,(anonymous_13)
FN:194,(anonymous_14)
FN:201,(anonymous_15)
FN:203,(anonymous_16)
FN:214,(anonymous_17)
FN:231,(anonymous_18)
FN:245,(anonymous_19)
FN:259,(anonymous_20)
FN:273,(anonymous_21)
FN:287,(anonymous_22)
FNF:23
FNH:7
FNDA:123,JobForm
FNDA:0,(anonymous_1)
FNDA:0,(anonymous_2)
FNDA:0,(anonymous_3)
FNDA:44,(anonymous_4)
FNDA:46,(anonymous_5)
FNDA:3,(anonymous_6)
FNDA:2,(anonymous_7)
FNDA:0,(anonymous_8)
FNDA:0,(anonymous_9)
FNDA:0,(anonymous_10)
FNDA:0,(anonymous_11)
FNDA:0,(anonymous_12)
FNDA:24,(anonymous_13)
FNDA:0,(anonymous_14)
FNDA:0,(anonymous_15)
FNDA:369,(anonymous_16)
FNDA:0,(anonymous_17)
FNDA:0,(anonymous_18)
FNDA:0,(anonymous_19)
FNDA:0,(anonymous_20)
FNDA:0,(anonymous_21)
FNDA:0,(anonymous_22)
DA:16,123
DA:17,123
DA:18,123
DA:20,123
DA:21,0
DA:22,0
DA:23,0
DA:26,0
DA:27,0
DA:29,0
DA:30,0
DA:31,0
DA:32,0
DA:33,0
DA:35,0
DA:38,0
DA:40,0
DA:44,123
DA:45,0
DA:46,0
DA:48,0
DA:49,0
DA:50,0
DA:51,0
DA:52,0
DA:53,0
DA:54,0
DA:56,0
DA:59,0
DA:61,0
DA:62,0
DA:65,123
DA:71,44
DA:80,46
DA:90,3
DA:98,2
DA:106,0
DA:141,0
DA:142,0
DA:143,0
DA:161,0
DA:169,0
DA:177,0
DA:185,24
DA:194,0
DA:201,0
DA:204,369
DA:214,0
DA:232,0
DA:246,0
DA:260,0
DA:274,0
DA:288,0
LF:53
LH:12
BRDA:21,0,0,0
BRDA:21,0,1,0
BRDA:31,1,0,0
BRDA:31,1,1,0
BRDA:31,2,0,0
BRDA:31,2,1,0
BRDA:35,3,0,0
BRDA:35,3,1,0
BRDA:38,4,0,0
BRDA:38,4,1,0
BRDA:46,5,0,0
BRDA:46,5,1,0
BRDA:61,6,0,0
BRDA:61,6,1,0
BRDA:118,7,0,123
BRDA:118,7,1,123
BRDA:120,8,0,0
BRDA:120,8,1,123
BRDA:134,9,0,123
BRDA:134,9,1,0
BRDA:139,10,0,123
BRDA:139,10,1,123
BRDA:142,11,0,0
BRDA:142,11,1,0
BRDA:150,12,0,123
BRDA:150,12,1,0
BRDA:152,13,0,0
BRDA:152,13,1,0
BRDA:200,14,0,123
BRDA:200,14,1,17
BRDA:230,15,0,123
BRDA:230,15,1,123
BRDA:232,16,0,0
BRDA:232,16,1,0
BRDA:244,17,0,123
BRDA:244,17,1,123
BRDA:246,18,0,0
BRDA:246,18,1,0
BRDA:258,19,0,123
BRDA:258,19,1,123
BRDA:260,20,0,0
BRDA:260,20,1,0
BRDA:272,21,0,123
BRDA:272,21,1,123
BRDA:274,22,0,0
BRDA:274,22,1,0
BRDA:286,23,0,123
BRDA:286,23,1,123
BRDA:288,24,0,0
BRDA:288,24,1,0
BRDA:297,25,0,17
BRDA:297,25,1,106
BRDA:298,26,0,123
BRDA:298,26,1,17
BRF:54
BRH:23
end_of_record
TN:
SF:src/components/JobModal.tsx
FN:19,JobModal
FN:31,(anonymous_1)
FN:49,(anonymous_2)
FNF:3
FNH:3
FNDA:13,JobModal
FNDA:2,(anonymous_1)
FNDA:1,(anonymous_2)
DA:20,13
DA:21,1
DA:25,12
DA:26,12
DA:27,12
DA:29,13
DA:31,2
DA:49,1
LF:8
LH:8
BRDA:20,0,0,1
BRDA:20,0,1,12
BRDA:27,1,0,12
BRDA:27,1,1,11
BRDA:36,2,0,13
BRDA:36,2,1,2
BRDA:45,3,0,13
BRDA:45,3,1,2
BRDA:49,4,0,1
BRDA:49,4,1,0
BRDA:62,5,0,13
BRDA:62,5,1,2
BRDA:79,6,0,13
BRDA:79,6,1,10
BRDA:83,7,0,13
BRDA:83,7,1,12
BRDA:87,8,0,13
BRDA:87,8,1,12
BRDA:94,9,0,13
BRDA:94,9,1,0
BRDA:102,10,0,0
BRDA:102,10,1,0
BRDA:106,11,0,0
BRDA:106,11,1,0
BRDA:110,12,0,0
BRDA:110,12,1,0
BRDA:114,13,0,0
BRDA:114,13,1,0
BRDA:119,14,0,13
BRDA:119,14,1,1
BRDA:124,15,0,1
BRDA:124,15,1,0
BRDA:129,16,0,13
BRDA:129,16,1,2
BRDA:141,17,0,13
BRDA:141,17,1,0
BRDA:146,18,0,13
BRDA:146,18,1,0
BRDA:155,19,0,13
BRDA:155,19,1,12
BRDA:158,20,0,13
BRDA:158,20,1,0
BRF:42
BRH:28
end_of_record
TN:
SF:src/components/KanbanBoard.tsx
FN:12,KanbanBoard
FN:15,(anonymous_1)
FNF:2
FNH:2
FNDA:6,KanbanBoard
FNDA:36,(anonymous_1)
DA:13,6
DA:16,36
LF:2
LH:2
BRDA:19,0,0,36
BRDA:19,0,1,34
BRF:2
BRH:2
end_of_record
TN:
SF:src/components/KanbanCard.tsx
FN:14,KanbanCard
FN:15,(anonymous_1)
FN:19,(anonymous_2)
FN:29,(anonymous_3)
FN:35,(anonymous_4)
FN:40,(anonymous_5)
FN:43,(anonymous_6)
FNF:7
FNH:5
FNDA:18,KanbanCard
FNDA:0,(anonymous_1)
FNDA:0,(anonymous_2)
FNDA:2,(anonymous_3)
FNDA:1,(anonymous_4)
FNDA:1,(anonymous_5)
FNDA:1,(anonymous_6)
DA:15,18
DA:16,0
DA:19,18
DA:20,0
DA:23,18
DA:29,2
DA:35,1
DA:40,1
DA:43,1
LF:9
LH:7
BRF:0
BRH:0
end_of_record
TN:
SF:src/components/KanbanColumn.tsx
FN:14,KanbanColumn
FN:38,(anonymous_1)
FNF:2
FNH:2
FNDA:50,KanbanColumn
FNDA:10,(anonymous_1)
DA:22,50
DA:27,50
DA:39,10
LF:3
LH:3
BRDA:29,0,0,0
BRDA:29,0,1,50
BRDA:48,1,0,50
BRDA:48,1,1,43
BRF:4
BRH:3
end_of_record
TN:
SF:src/components/Pagination.tsx
FN:17,Pagination
FN:41,(anonymous_1)
FN:49,(anonymous_2)
FN:58,(anonymous_3)
FN:63,(anonymous_4)
FNF:5
FNH:5
FNDA:52,Pagination
FNDA:1,(anonymous_1)
FNDA:2,(anonymous_2)
FNDA:2,(anonymous_3)
FNDA:153,(anonymous_4)
DA:28,52
DA:29,1
DA:32,51
DA:41,1
DA:49,2
DA:59,2
DA:60,2
DA:64,153
LF:8
LH:8
BRDA:24,0,0,52
BRDA:25,1,0,52
BRDA:28,2,0,1
BRDA:28,2,1,51
BRDA:28,3,0,52
BRDA:28,3,1,13
BRF:6
BRH:6
end_of_record
TN:
SF:src/components/ScoreCell.tsx
FN:9,ScoreCell
FNF:1
FNH:1
FNDA:67,ScoreCell
DA:10,67
DA:11,1
DA:18,66
DA:20,66
DA:21,56
DA:26,10
DA:28,67
LF:7
LH:7
BRDA:9,0,0,67
BRDA:10,1,0,1
BRDA:10,1,1,66
BRDA:20,2,0,56
BRDA:20,2,1,10
BRDA:26,3,0,3
BRDA:26,3,1,7
BRDA:26,4,0,6
BRDA:26,4,1,1
BRF:9
BRH:9
end_of_record
TN:
SF:src/components/SortableHeader.tsx
FN:15,SortableHeader
FN:26,(anonymous_1)
FNF:2
FNH:2
FNDA:240,SortableHeader
FNDA:6,(anonymous_1)
DA:22,240
DA:24,240
DA:26,6
LF:3
LH:3
BRDA:22,0,0,49
BRDA:22,0,1,191
BRDA:22,1,0,9
BRDA:22,1,1,40
BRF:4
BRH:4
end_of_record
TN:
SF:src/components/Sparkline.tsx
FN:13,Sparkline
FN:27,(anonymous_1)
FN:32,(anonymous_2)
FNF:3
FNH:3
FNDA:609,Sparkline
FNDA:1220,(anonymous_1)
FNDA:1220,(anonymous_2)
DA:14,609
DA:15,1
DA:19,608
DA:20,608
DA:21,608
DA:22,609
DA:25,609
DA:26,609
DA:28,1220
DA:29,1220
DA:30,1220
DA:32,1220
DA:35,609
LF:13
LH:13
BRDA:13,0,0,609
BRDA:13,1,0,609
BRDA:13,2,0,609
BRDA:14,3,0,1
BRDA:14,3,1,608
BRDA:21,4,0,608
BRDA:21,4,1,545
BRDA:25,5,0,609
BRDA:25,5,1,1
BRF:9
BRH:9
end_of_record
TN:
SF:src/components/StatusCell.tsx
FN:16,StatusCell
FN:22,(anonymous_1)
FNF:2
FNH:2
FNDA:64,StatusCell
FNDA:8,(anonymous_1)
DA:17,64
DA:22,8
LF:2
LH:2
BRF:0
BRH:0
end_of_record
TN:
SF:src/components/StatusSelect.tsx
FN:19,StatusSelect
FN:32,(anonymous_1)
FN:44,(anonymous_2)
FNF:3
FNH:3
FNDA:397,StatusSelect
FNDA:18,(anonymous_1)
FNDA:2382,(anonymous_2)
DA:29,397
DA:32,18
DA:45,2382
LF:3
LH:3
BRDA:22,0,0,397
BRDA:24,1,0,397
BRDA:25,2,0,397
BRDA:37,3,0,397
BRDA:37,3,1,20
BRDA:39,4,0,20
BRDA:39,4,1,1
BRDA:42,5,0,397
BRDA:42,5,1,181
BRDA:43,6,0,397
BRDA:43,6,1,181
BRF:11
BRH:11
end_of_record
TN:
SF:src/components/Toast.tsx
FN:10,Toast
FN:11,(anonymous_1)
FN:12,(anonymous_2)
FN:16,(anonymous_3)
FN:31,ToastContainer
FN:34,(anonymous_5)
FNF:6
FNH:5
FNDA:5,Toast
FNDA:5,(anonymous_1)
FNDA:0,(anonymous_2)
FNDA:5,(anonymous_3)
FNDA:172,ToastContainer
FNDA:5,(anonymous_5)
DA:11,5
DA:12,5
DA:13,0
DA:16,5
DA:19,5
DA:32,172
DA:35,5
LF:7
LH:6
BRF:0
BRH:0
end_of_record
TN:
SF:src/components/UserProfileEditor.tsx
FN:44,UserProfileEditor
FN:45,(anonymous_1)
FN:51,(anonymous_2)
FN:52,(anonymous_3)
FN:57,(anonymous_4)
FN:58,(anonymous_5)
FN:61,(anonymous_6)
FN:68,(anonymous_7)
FN:78,(anonymous_8)
FN:90,(anonymous_9)
FN:99,(anonymous_10)
FN:109,(anonymous_11)
FN:126,(anonymous_12)
FN:136,(anonymous_13)
FN:148,(anonymous_14)
FN:159,(anonymous_15)
FN:178,(anonymous_16)
FN:188,(anonymous_17)
FN:198,(anonymous_18)
FN:201,(anonymous_19)
FN:213,(anonymous_20)
FN:216,(anonymous_21)
FN:227,(anonymous_22)
FN:238,(anonymous_23)
FN:241,(anonymous_24)
FN:252,(anonymous_25)
FN:257,(anonymous_26)
FN:279,(anonymous_27)
FN:293,(anonymous_28)
FNF:29
FNH:0
FNDA:0,UserProfileEditor
FNDA:0,(anonymous_1)
FNDA:0,(anonymous_2)
FNDA:0,(anonymous_3)
FNDA:0,(anonymous_4)
FNDA:0,(anonymous_5)
FNDA:0,(anonymous_6)
FNDA:0,(anonymous_7)
FNDA:0,(anonymous_8)
FNDA:0,(anonymous_9)
FNDA:0,(anonymous_10)
FNDA:0,(anonymous_11)
FNDA:0,(anonymous_12)
FNDA:0,(anonymous_13)
FNDA:0,(anonymous_14)
FNDA:0,(anonymous_15)
FNDA:0,(anonymous_16)
FNDA:0,(anonymous_17)
FNDA:0,(anonymous_18)
FNDA:0,(anonymous_19)
FNDA:0,(anonymous_20)
FNDA:0,(anonymous_21)
FNDA:0,(anonymous_22)
FNDA:0,(anonymous_23)
FNDA:0,(anonymous_24)
FNDA:0,(anonymous_25)
FNDA:0,(anonymous_26)
FNDA:0,(anonymous_27)
FNDA:0,(anonymous_28)
DA:11,0
DA:45,0
DA:46,0
DA:47,0
DA:48,0
DA:49,0
DA:51,0
DA:52,0
DA:53,0
DA:54,0
DA:57,0
DA:58,0
DA:59,0
DA:60,0
DA:61,0
DA:63,0
DA:65,0
DA:68,0
DA:69,0
DA:70,0
DA:72,0
DA:73,0
DA:75,0
DA:76,0
DA:77,0
DA:78,0
DA:79,0
DA:81,0
DA:83,0
DA:84,0
DA:85,0
DA:90,0
DA:91,0
DA:92,0
DA:96,0
DA:97,0
DA:98,0
DA:99,0
DA:101,0
DA:105,0
DA:107,0
DA:109,0
DA:126,0
DA:136,0
DA:149,0
DA:159,0
DA:178,0
DA:188,0
DA:199,0
DA:201,0
DA:214,0
DA:216,0
DA:227,0
DA:239,0
DA:241,0
DA:253,0
DA:257,0
DA:279,0
DA:293,0
LF:59
LH:0
BRDA:59,0,0,0
BRDA:59,0,1,0
BRDA:60,1,0,0
BRDA:60,1,1,0
BRDA:70,2,0,0
BRDA:70,2,1,0
BRDA:81,3,0,0
BRDA:81,3,1,0
BRDA:84,4,0,0
BRDA:84,4,1,0
BRDA:101,5,0,0
BRDA:101,5,1,0
BRDA:105,6,0,0
BRDA:105,6,1,0
BRDA:125,7,0,0
BRDA:125,7,1,0
BRDA:135,8,0,0
BRDA:135,8,1,0
BRDA:147,9,0,0
BRDA:147,9,1,0
BRDA:149,10,0,0
BRDA:149,10,1,0
BRDA:158,11,0,0
BRDA:158,11,1,0
BRDA:159,12,0,0
BRDA:159,12,1,0
BRDA:177,13,0,0
BRDA:177,13,1,0
BRDA:187,14,0,0
BRDA:187,14,1,0
BRDA:197,15,0,0
BRDA:197,15,1,0
BRDA:201,16,0,0
BRDA:201,16,1,0
BRDA:212,17,0,0
BRDA:212,17,1,0
BRDA:216,18,0,0
BRDA:216,18,1,0
BRDA:226,19,0,0
BRDA:226,19,1,0
BRDA:237,20,0,0
BRDA:237,20,1,0
BRDA:241,21,0,0
BRDA:241,21,1,0
BRDA:256,22,0,0
BRDA:256,22,1,0
BRDA:282,23,0,0
BRDA:282,23,1,0
BRDA:287,24,0,0
BRDA:287,24,1,0
BRDA:302,25,0,0
BRDA:302,25,1,0
BRDA:303,26,0,0
BRDA:303,26,1,0
BRF:54
BRH:0
end_of_record
TN:
SF:src/features/analytics/analyticsExport.ts
FN:12,exportAnalyticsToCSV
FN:31,(anonymous_1)
FN:53,(anonymous_2)
FN:75,downloadAnalyticsCSV
FNF:4
FNH:3
FNDA:6,exportAnalyticsToCSV
FNDA:42,(anonymous_1)
FNDA:42,(anonymous_2)
FNDA:0,downloadAnalyticsCSV
DA:13,6
DA:15,6
DA:16,6
DA:17,6
DA:18,6
DA:20,6
DA:23,6
DA:24,6
DA:25,6
DA:26,6
DA:29,6
DA:30,6
DA:31,6
DA:32,42
DA:34,6
DA:37,6
DA:38,6
DA:39,6
DA:42,6
DA:45,6
DA:48,6
DA:51,6
DA:52,6
DA:53,6
DA:54,42
DA:56,6
DA:59,6
DA:60,6
DA:61,6
DA:64,6
DA:65,6
DA:66,6
DA:67,6
DA:69,6
DA:76,0
DA:77,0
DA:78,0
DA:79,0
DA:81,0
DA:82,0
DA:83,0
DA:84,0
DA:86,0
DA:87,0
DA:88,0
LF:45
LH:34
BRF:0
BRH:0
end_of_record
TN:
SF:src/features/analytics/index.ts
FNF:0
FNH:0
LF:0
LH:0
BRF:0
BRH:0
end_of_record
TN:
SF:src/features/analytics/pipelineMetrics.ts
FN:68,calculateConversionMetrics
FN:70,(anonymous_1)
FN:72,(anonymous_2)
FN:83,(anonymous_3)
FN:109,calculateWeeklyTrends
FN:115,(anonymous_5)
FN:119,(anonymous_6)
FN:123,(anonymous_7)
FN:127,(anonymous_8)
FN:134,(anonymous_9)
FN:138,(anonymous_10)
FN:142,(anonymous_11)
FN:146,(anonymous_12)
FN:167,calculateStatusDistribution
FN:178,(anonymous_14)
FNF:15
FNH:15
FNDA:161,calculateConversionMetrics
FNDA:644,(anonymous_1)
FNDA:480,(anonymous_2)
FNDA:483,(anonymous_3)
FNDA:163,calculateWeeklyTrends
FNDA:124,(anonymous_5)
FNDA:124,(anonymous_6)
FNDA:124,(anonymous_7)
FNDA:124,(anonymous_8)
FNDA:124,(anonymous_9)
FNDA:124,(anonymous_10)
FNDA:124,(anonymous_11)
FNDA:124,(anonymous_12)
FNDA:159,calculateStatusDistribution
FNDA:117,(anonymous_14)
DA:70,161
DA:71,644
DA:72,644
DA:73,480
DA:74,480
DA:78,161
DA:79,161
DA:80,161
DA:81,161
DA:83,161
DA:84,483
DA:87,161
DA:110,163
DA:111,163
DA:112,163
DA:114,163
DA:116,124
DA:117,124
DA:120,124
DA:121,124
DA:124,124
DA:125,124
DA:128,124
DA:129,124
DA:133,163
DA:135,124
DA:136,124
DA:139,124
DA:140,124
DA:143,124
DA:144,124
DA:147,124
DA:148,124
DA:152,163
DA:168,159
DA:178,159
DA:179,117
DA:182,159
LF:38
LH:38
BRDA:74,0,0,480
BRDA:74,0,1,173
BRDA:74,0,2,145
BRDA:84,1,0,77
BRDA:84,1,1,406
BRDA:117,2,0,124
BRDA:117,2,1,72
BRDA:121,3,0,124
BRDA:121,3,1,75
BRDA:125,4,0,124
BRDA:125,4,1,75
BRDA:129,5,0,124
BRDA:129,5,1,75
BRDA:136,6,0,124
BRDA:136,6,1,124
BRDA:136,6,2,52
BRDA:140,7,0,124
BRDA:140,7,1,103
BRDA:140,7,2,28
BRDA:144,8,0,124
BRDA:144,8,1,103
BRDA:144,8,2,28
BRDA:148,9,0,124
BRDA:148,9,1,103
BRDA:148,9,2,28
BRF:25
BRH:25
end_of_record
TN:
SF:src/features/analytics/timeInStage.ts
FN:51,daysBetween
FN:61,median
FN:64,(anonymous_2)
FN:76,calculateDaysInCurrentStatus
FN:87,calculateTimeInStage
FN:99,(anonymous_5)
FN:121,findStuckJobs
FN:127,(anonymous_7)
FN:145,(anonymous_8)
FN:151,countStuckJobsByStatus
FN:158,(anonymous_10)
FNF:11
FNH:11
FNDA:251,daysBetween
FNDA:1127,median
FNDA:42,(anonymous_2)
FNDA:251,calculateDaysInCurrentStatus
FNDA:161,calculateTimeInStage
FNDA:122,(anonymous_5)
FNDA:161,findStuckJobs
FNDA:120,(anonymous_7)
FNDA:26,(anonymous_8)
FNDA:3,countStuckJobsByStatus
FNDA:6,(anonymous_10)
DA:38,5
DA:52,251
DA:53,251
DA:54,251
DA:55,251
DA:62,1127
DA:64,80
DA:65,80
DA:67,80
DA:68,4
DA:70,76
DA:78,251
DA:88,161
DA:99,161
DA:100,122
DA:101,122
DA:105,161
DA:107,161
DA:108,1127
DA:109,1127
DA:115,161
DA:125,161
DA:127,161
DA:128,120
DA:131,120
DA:133,113
DA:135,113
DA:136,36
DA:145,161
DA:155,3
DA:156,3
DA:158,3
DA:159,6
DA:160,6
DA:163,3
LF:35
LH:35
BRDA:51,0,0,251
BRDA:52,1,0,251
BRDA:52,1,1,0
BRDA:53,2,0,0
BRDA:53,2,1,251
BRDA:62,3,0,1047
BRDA:62,3,1,80
BRDA:67,4,0,4
BRDA:67,4,1,76
BRDA:123,5,0,161
BRDA:131,6,0,7
BRDA:131,6,1,113
BRDA:135,7,0,36
BRDA:135,7,1,77
BRDA:160,8,0,6
BRDA:160,8,1,3
BRF:16
BRH:14
end_of_record
TN:
SF:src/features/backup/RestoreDiffPreview.tsx
FN:12,RestoreDiffPreview
FN:17,(anonymous_1)
FN:41,(anonymous_2)
FN:63,JobDiffCard
FN:78,(anonymous_4)
FNF:5
FNH:4
FNDA:2,RestoreDiffPreview
FNDA:2,(anonymous_1)
FNDA:2,(anonymous_2)
FNDA:2,JobDiffCard
FNDA:0,(anonymous_4)
DA:13,2
DA:14,2
DA:17,2
DA:19,2
DA:42,2
DA:64,2
DA:66,2
DA:79,0
LF:8
LH:7
BRDA:12,0,0,2
BRDA:24,1,0,2
BRDA:24,1,1,2
BRDA:25,2,0,2
BRDA:25,2,1,0
BRDA:26,3,0,2
BRDA:26,3,1,0
BRDA:27,4,0,2
BRDA:27,4,1,0
BRDA:31,5,0,2
BRDA:31,5,1,0
BRDA:37,6,0,2
BRDA:37,6,1,2
BRDA:39,7,0,2
BRDA:39,7,1,0
BRDA:56,8,0,0
BRDA:56,8,1,2
BRDA:56,9,0,2
BRDA:56,9,1,0
BRDA:76,10,0,2
BRDA:76,10,1,0
BRF:21
BRH:13
end_of_record
TN:
SF:src/features/backup/backupScheduler.ts
FN:35,loadBackupConfig
FN:52,saveBackupConfig
FN:60,loadBackupState
FN:81,saveBackupState
FN:89,shouldCreateBackup
FN:115,createAutoBackup
FN:147,(anonymous_6)
FN:164,checkAndCreateAutoBackup
FN:176,getStoredBackup
FN:185,deleteStoredBackup
FN:194,downloadBackup
FN:209,formatBackupInterval
FN:224,getNextBackupTime
FNF:13
FNH:8
FNDA:39,loadBackupConfig
FNDA:1,saveBackupConfig
FNDA:29,loadBackupState
FNDA:0,saveBackupState
FNDA:11,shouldCreateBackup
FNDA:4,createAutoBackup
FNDA:3,(anonymous_6)
FNDA:0,checkAndCreateAutoBackup
FNDA:0,getStoredBackup
FNDA:0,deleteStoredBackup
FNDA:0,downloadBackup
FNDA:33,formatBackupInterval
FNDA:34,getNextBackupTime
DA:25,3
DA:31,3
DA:32,3
DA:33,3
DA:36,39
DA:37,39
DA:38,39
DA:39,2
DA:40,2
DA:49,38
DA:53,1
DA:54,1
DA:56,0
DA:61,29
DA:62,29
DA:63,29
DA:64,0
DA:65,0
DA:74,29
DA:82,0
DA:83,0
DA:85,0
DA:90,11
DA:91,2
DA:94,9
DA:95,3
DA:98,6
DA:99,6
DA:100,6
DA:101,6
DA:103,6
DA:105,2
DA:107,2
DA:109,2
DA:111,0
DA:116,4
DA:117,4
DA:118,4
DA:121,4
DA:122,3
DA:123,3
DA:124,3
DA:126,0
DA:131,4
DA:139,4
DA:142,4
DA:143,4
DA:146,4
DA:147,3
DA:148,3
DA:149,3
DA:150,3
DA:152,0
DA:157,4
DA:165,0
DA:167,0
DA:168,0
DA:169,0
DA:170,0
DA:173,0
DA:177,0
DA:178,0
DA:179,0
DA:181,0
DA:186,0
DA:187,0
DA:188,0
DA:190,0
DA:195,0
DA:196,0
DA:197,0
DA:200,0
DA:201,0
DA:202,0
DA:203,0
DA:204,0
DA:205,0
DA:206,0
DA:210,33
DA:212,1
DA:214,1
DA:216,30
DA:218,1
DA:220,0
DA:225,34
DA:226,31
DA:229,3
DA:230,3
DA:232,3
DA:234,1
DA:235,1
DA:237,1
DA:238,1
DA:240,1
DA:241,1
DA:244,3
LF:96
LH:62
BRDA:38,0,0,2
BRDA:38,0,1,37
BRDA:41,1,0,2
BRDA:41,1,1,0
BRDA:42,2,0,2
BRDA:42,2,1,0
BRDA:43,3,0,2
BRDA:43,3,1,0
BRDA:63,4,0,0
BRDA:63,4,1,29
BRDA:66,5,0,0
BRDA:66,5,1,0
BRDA:67,6,0,0
BRDA:67,6,1,0
BRDA:68,7,0,0
BRDA:68,7,1,0
BRDA:90,8,0,2
BRDA:90,8,1,9
BRDA:94,9,0,3
BRDA:94,9,1,6
BRDA:103,10,0,2
BRDA:103,10,1,2
BRDA:103,10,2,2
BRDA:103,10,3,0
BRDA:121,11,0,3
BRDA:121,11,1,1
BRDA:146,12,0,3
BRDA:146,12,1,1
BRDA:167,13,0,0
BRDA:167,13,1,0
BRDA:196,14,0,0
BRDA:196,14,1,0
BRDA:210,15,0,1
BRDA:210,15,1,1
BRDA:210,15,2,30
BRDA:210,15,3,1
BRDA:210,15,4,0
BRDA:225,16,0,31
BRDA:225,16,1,3
BRDA:225,17,0,34
BRDA:225,17,1,33
BRDA:232,18,0,1
BRDA:232,18,1,1
BRDA:232,18,2,1
BRF:44
BRH:28
end_of_record
TN:
SF:src/features/backup/backupService.ts
FN:20,createBackupSnapshot
FN:29,serializeBackup
FN:33,parseBackup
FN:39,(anonymous_3)
FN:74,calculateRestoreImpact
FN:76,(anonymous_5)
FN:77,(anonymous_6)
FN:79,(anonymous_7)
FN:102,applyRestore
FN:110,backupFilename
FNF:10
FNH:10
FNDA:6,createBackupSnapshot
FNDA:5,serializeBackup
FNDA:5,parseBackup
FNDA:2,(anonymous_3)
FNDA:3,calculateRestoreImpact
FNDA:2,(anonymous_5)
FNDA:2,(anonymous_6)
FNDA:2,(anonymous_7)
FNDA:2,applyRestore
FNDA:6,backupFilename
DA:21,6
DA:30,5
DA:34,5
DA:35,5
DA:37,5
DA:38,2
DA:40,2
DA:49,2
DA:58,2
DA:59,2
DA:60,1
DA:68,1
DA:70,1
DA:75,3
DA:76,2
DA:77,2
DA:78,1
DA:79,1
DA:80,2
DA:81,1
DA:85,1
DA:93,2
DA:94,2
DA:103,2
DA:104,1
DA:107,1
DA:111,6
DA:112,6
LF:28
LH:28
BRDA:37,0,0,2
BRDA:37,0,1,3
BRDA:37,1,0,5
BRDA:37,1,1,2
BRDA:37,1,2,2
BRDA:40,2,0,2
BRDA:40,2,1,2
BRDA:40,2,2,2
BRDA:40,2,3,2
BRDA:40,2,4,2
BRDA:40,2,5,2
BRDA:40,2,6,2
BRDA:52,3,0,2
BRDA:52,3,1,0
BRDA:59,4,0,1
BRDA:59,4,1,1
BRDA:75,5,0,1
BRDA:75,5,1,2
BRDA:80,6,0,1
BRDA:80,6,1,1
BRDA:103,7,0,1
BRDA:103,7,1,1
BRDA:110,8,0,6
BRF:23
BRH:22
end_of_record
TN:
SF:src/features/backup/index.ts
FNF:0
FNH:0
LF:0
LH:0
BRF:0
BRH:0
end_of_record
TN:
SF:src/features/backup/restoreDiff.ts
FN:54,compareJobFields
FN:74,calculateRestoreDiff
FN:75,(anonymous_2)
FN:76,(anonymous_3)
FN:184,(anonymous_4)
FN:197,formatFieldName
FN:201,(anonymous_6)
FN:205,formatFieldValue
FNF:8
FNH:8
FNDA:8,compareJobFields
FNDA:10,calculateRestoreDiff
FNDA:14,(anonymous_2)
FNDA:14,(anonymous_3)
FNDA:11,(anonymous_4)
FNDA:6,formatFieldName
FNDA:6,(anonymous_6)
FNDA:10,formatFieldValue
DA:30,3
DA:55,8
DA:57,8
DA:58,168
DA:59,168
DA:62,168
DA:63,6
DA:71,8
DA:75,14
DA:76,14
DA:77,10
DA:79,10
DA:80,10
DA:81,10
DA:82,10
DA:84,10
DA:86,3
DA:87,8
DA:88,5
DA:95,5
DA:100,3
DA:101,4
DA:102,4
DA:103,1
DA:110,1
DA:112,3
DA:113,3
DA:114,1
DA:121,1
DA:123,2
DA:130,2
DA:136,7
DA:137,10
DA:138,10
DA:139,5
DA:146,5
DA:148,5
DA:149,5
DA:150,2
DA:157,2
DA:159,3
DA:166,3
DA:172,7
DA:173,1
DA:174,1
DA:175,0
DA:176,0
DA:183,10
DA:184,11
DA:186,10
DA:199,6
DA:201,6
DA:206,10
DA:207,3
DA:209,7
DA:210,2
DA:212,5
DA:213,2
DA:215,3
DA:216,2
DA:218,1
LF:61
LH:59
BRDA:62,0,0,6
BRDA:62,0,1,162
BRDA:84,1,0,3
BRDA:84,1,1,7
BRDA:87,2,0,5
BRDA:87,2,1,3
BRDA:102,3,0,1
BRDA:102,3,1,3
BRDA:113,4,0,1
BRDA:113,4,1,2
BRDA:138,5,0,5
BRDA:138,5,1,5
BRDA:149,6,0,2
BRDA:149,6,1,3
BRDA:149,7,0,5
BRDA:149,7,1,4
BRDA:172,8,0,1
BRDA:172,8,1,6
BRDA:174,9,0,0
BRDA:174,9,1,1
BRDA:206,10,0,3
BRDA:206,10,1,7
BRDA:206,11,0,10
BRDA:206,11,1,9
BRDA:206,11,2,8
BRDA:209,12,0,2
BRDA:209,12,1,5
BRDA:210,13,0,1
BRDA:210,13,1,1
BRDA:212,14,0,2
BRDA:212,14,1,3
BRDA:215,15,0,2
BRDA:215,15,1,1
BRDA:216,16,0,1
BRDA:216,16,1,1
BRF:35
BRH:34
end_of_record
TN:
SF:src/features/savedViews/useSavedViews.ts
FN:25,loadSavedViewsFromStorage
FN:38,(anonymous_1)
FN:55,persistSavedViews
FN:59,useSavedViews
FN:62,(anonymous_4)
FN:66,(anonymous_5)
FN:70,(anonymous_6)
FN:74,(anonymous_7)
FN:76,(anonymous_8)
FN:104,(anonymous_9)
FN:105,(anonymous_10)
FN:105,(anonymous_11)
FN:108,(anonymous_12)
FN:110,(anonymous_13)
FN:111,(anonymous_14)
FNF:15
FNH:14
FNDA:9,loadSavedViewsFromStorage
FNDA:0,(anonymous_1)
FNDA:24,persistSavedViews
FNDA:188,useSavedViews
FNDA:9,(anonymous_4)
FNDA:24,(anonymous_5)
FNDA:4,(anonymous_6)
FNDA:4,(anonymous_7)
FNDA:1,(anonymous_8)
FNDA:1,(anonymous_9)
FNDA:1,(anonymous_10)
FNDA:1,(anonymous_11)
FNDA:1,(anonymous_12)
FNDA:1,(anonymous_13)
FNDA:1,(anonymous_14)
DA:5,2
DA:26,9
DA:27,9
DA:28,9
DA:29,9
DA:32,0
DA:33,0
DA:34,0
DA:37,0
DA:39,0
DA:51,0
DA:56,24
DA:60,188
DA:62,188
DA:63,9
DA:66,188
DA:67,24
DA:70,188
DA:71,4
DA:72,4
DA:74,4
DA:75,4
DA:76,1
DA:77,1
DA:90,3
DA:99,3
DA:101,4
DA:104,188
DA:105,1
DA:108,188
DA:109,1
DA:110,1
DA:111,1
DA:112,1
DA:123,188
LF:35
LH:29
BRDA:28,0,0,9
BRDA:28,0,1,0
BRDA:33,1,0,0
BRDA:33,1,1,0
BRDA:39,2,0,0
BRDA:39,2,1,0
BRDA:39,2,2,0
BRDA:39,2,3,0
BRDA:39,2,4,0
BRDA:39,2,5,0
BRDA:39,2,6,0
BRDA:39,2,7,0
BRDA:39,2,8,0
BRDA:39,2,9,0
BRDA:72,3,0,4
BRDA:72,3,1,3
BRDA:75,4,0,1
BRDA:75,4,1,3
BRDA:77,5,0,1
BRDA:77,5,1,0
BRDA:112,6,0,1
BRDA:112,6,1,0
BRF:22
BRH:7
end_of_record
TN:
SF:src/features/search/searchJobs.ts
FN:3,normalize
FN:7,getSearchText
FN:21,searchJobs
FN:32,(anonymous_3)
FN:34,(anonymous_4)
FNF:5
FNH:5
FNDA:31,normalize
FNDA:16,getSearchText
FNDA:31,searchJobs
FNDA:16,(anonymous_3)
FNDA:20,(anonymous_4)
DA:4,31
DA:8,16
DA:22,31
DA:23,31
DA:24,24
DA:27,7
DA:28,7
DA:29,0
DA:32,7
DA:33,16
DA:34,20
LF:11
LH:10
BRDA:23,0,0,24
BRDA:23,0,1,7
BRDA:28,1,0,0
BRDA:28,1,1,7
BRF:4
BRH:3
end_of_record
TN:
SF:src/features/tasks/TaskCard.tsx
FN:14,TaskCard
FN:31,(anonymous_1)
FN:47,(anonymous_2)
FN:57,(anonymous_3)
FN:60,(anonymous_4)
FN:63,(anonymous_5)
FN:66,(anonymous_6)
FN:74,(anonymous_7)
FN:80,(anonymous_8)
FN:86,(anonymous_9)
FNF:10
FNH:8
FNDA:42,TaskCard
FNDA:1,(anonymous_1)
FNDA:1,(anonymous_2)
FNDA:1,(anonymous_3)
FNDA:0,(anonymous_4)
FNDA:1,(anonymous_5)
FNDA:0,(anonymous_6)
FNDA:21,(anonymous_7)
FNDA:2,(anonymous_8)
FNDA:1,(anonymous_9)
DA:23,42
DA:24,42
DA:25,42
DA:26,42
DA:28,42
DA:31,1
DA:47,1
DA:57,1
DA:60,0
DA:63,1
DA:66,0
DA:74,21
DA:80,2
DA:86,1
LF:14
LH:12
BRDA:25,0,0,42
BRDA:25,0,1,0
BRDA:26,1,0,42
BRDA:26,1,1,42
BRDA:29,2,0,0
BRDA:29,2,1,42
BRDA:38,3,0,42
BRDA:38,3,1,0
BRDA:38,4,0,0
BRDA:38,4,1,42
BRDA:40,5,0,42
BRDA:40,5,1,0
BRDA:87,6,0,42
BRDA:87,6,1,41
BRF:14
BRH:9
end_of_record
TN:
SF:src/features/tasks/ThisWeekView.tsx
FN:14,ThisWeekView
FN:31,(anonymous_1)
FN:35,(anonymous_2)
FNF:3
FNH:3
FNDA:8,ThisWeekView
FNDA:11,(anonymous_1)
FNDA:13,(anonymous_2)
DA:23,8
DA:32,11
DA:36,13
LF:3
LH:3
BRDA:29,0,0,8
BRDA:29,0,1,2
BRF:2
BRH:2
end_of_record
TN:
SF:src/features/tasks/TodayView.tsx
FN:15,TodayView
FN:35,(anonymous_1)
FNF:2
FNH:2
FNDA:7,TodayView
FNDA:5,(anonymous_1)
DA:25,7
DA:36,5
LF:2
LH:2
BRDA:32,0,0,7
BRDA:32,0,1,5
BRF:2
BRH:2
end_of_record
TN:
SF:src/features/tasks/taskFilters.ts
FN:9,normalizePriority
FN:13,sortByPriorityThenDueDate
FN:34,getTodayTasks
FN:36,(anonymous_3)
FN:45,getThisWeekTasks
FN:51,(anonymous_5)
FN:60,groupTasksByDueDate
FN:76,(anonymous_7)
FN:77,(anonymous_8)
FN:80,countOverdueTasks
FN:81,(anonymous_10)
FNF:11
FNH:11
FNDA:14,normalizePriority
FNDA:7,sortByPriorityThenDueDate
FNDA:18,getTodayTasks
FNDA:28,(anonymous_3)
FNDA:17,getThisWeekTasks
FNDA:26,(anonymous_5)
FNDA:17,groupTasksByDueDate
FNDA:1,(anonymous_7)
FNDA:2,(anonymous_8)
FNDA:17,countOverdueTasks
FNDA:25,(anonymous_10)
DA:3,2
DA:10,14
DA:14,7
DA:15,7
DA:16,5
DA:19,2
DA:20,2
DA:23,0
DA:24,0
DA:27,0
DA:28,0
DA:31,0
DA:35,18
DA:37,28
DA:38,22
DA:40,6
DA:46,17
DA:47,17
DA:48,17
DA:50,17
DA:52,26
DA:53,22
DA:55,4
DA:61,17
DA:63,17
DA:64,3
DA:65,0
DA:68,3
DA:69,2
DA:72,3
DA:75,17
DA:76,1
DA:77,2
DA:81,25
LF:34
LH:28
BRDA:10,0,0,14
BRDA:10,0,1,0
BRDA:15,1,0,5
BRDA:15,1,1,2
BRDA:19,2,0,2
BRDA:19,2,1,0
BRDA:19,3,0,2
BRDA:19,3,1,2
BRDA:23,4,0,0
BRDA:23,4,1,0
BRDA:27,5,0,0
BRDA:27,5,1,0
BRDA:37,6,0,22
BRDA:37,6,1,6
BRDA:37,7,0,28
BRDA:37,7,1,6
BRDA:52,8,0,22
BRDA:52,8,1,4
BRDA:52,9,0,26
BRDA:52,9,1,4
BRDA:55,10,0,4
BRDA:55,10,1,3
BRDA:64,11,0,0
BRDA:64,11,1,3
BRDA:68,12,0,2
BRDA:68,12,1,1
BRDA:81,13,0,25
BRDA:81,13,1,3
BRDA:81,13,2,2
BRF:29
BRH:22
end_of_record
TN:
SF:src/hooks/useAppActions.ts
FN:40,useAppActions
FN:58,(anonymous_1)
FN:65,(anonymous_2)
FN:72,(anonymous_3)
FN:79,(anonymous_4)
FN:85,(anonymous_5)
FN:92,(anonymous_6)
FN:97,(anonymous_7)
FN:105,(anonymous_8)
FN:108,(anonymous_9)
FN:113,(anonymous_10)
FNF:11
FNH:7
FNDA:176,useAppActions
FNDA:1,(anonymous_1)
FNDA:1,(anonymous_2)
FNDA:0,(anonymous_3)
FNDA:2,(anonymous_4)
FNDA:0,(anonymous_5)
FNDA:2,(anonymous_6)
FNDA:2,(anonymous_7)
FNDA:0,(anonymous_8)
FNDA:0,(anonymous_9)
FNDA:1,(anonymous_10)
DA:57,176
DA:59,1
DA:64,176
DA:66,1
DA:71,176
DA:73,0
DA:78,176
DA:80,2
DA:85,176
DA:86,0
DA:87,0
DA:89,0
DA:92,176
DA:93,2
DA:95,2
DA:96,2
DA:97,2
DA:98,2
DA:99,2
DA:105,176
DA:106,0
DA:107,0
DA:108,0
DA:109,0
DA:113,176
DA:114,1
DA:115,1
DA:118,176
LF:28
LH:20
BRDA:86,0,0,0
BRDA:86,0,1,0
BRDA:93,1,0,0
BRDA:93,1,1,2
BRDA:100,2,0,2
BRDA:100,2,1,0
BRDA:107,3,0,0
BRDA:107,3,1,0
BRF:8
BRH:2
end_of_record
TN:
SF:src/hooks/useAutoBackup.ts
FN:9,useAutoBackup
FN:12,(anonymous_1)
FNF:2
FNH:2
FNDA:9,useAutoBackup
FNDA:8,(anonymous_1)
DA:10,9
DA:12,9
DA:13,8
DA:14,2
DA:18,6
DA:21,6
DA:22,1
DA:27,5
DA:28,0
DA:31,5
DA:34,5
DA:36,5
DA:37,0
LF:13
LH:11
BRDA:9,0,0,9
BRDA:13,1,0,2
BRDA:13,1,1,6
BRDA:13,2,0,8
BRDA:13,2,1,7
BRDA:21,3,0,1
BRDA:21,3,1,5
BRDA:27,4,0,0
BRDA:27,4,1,5
BRDA:36,5,0,0
BRDA:36,5,1,5
BRF:11
BRH:9
end_of_record
TN:
SF:src/hooks/useCompareJobs.ts
FN:10,useCompareJobs
FN:13,(anonymous_1)
FN:13,(anonymous_2)
FN:15,(anonymous_3)
FN:23,(anonymous_4)
FNF:5
FNH:4
FNDA:178,useCompareJobs
FNDA:21,(anonymous_1)
FNDA:32,(anonymous_2)
FNDA:2,(anonymous_3)
FNDA:0,(anonymous_4)
DA:11,178
DA:13,178
DA:15,178
DA:16,2
DA:17,1
DA:18,1
DA:20,1
DA:23,178
DA:24,0
DA:27,178
LF:10
LH:9
BRDA:16,0,0,1
BRDA:16,0,1,1
BRF:2
BRH:2
end_of_record
TN:
SF:src/hooks/useDebouncedValue.ts
FN:3,useDebouncedValue
FN:6,(anonymous_1)
FN:7,(anonymous_2)
FN:11,(anonymous_3)
FNF:4
FNH:4
FNDA:183,useDebouncedValue
FNDA:14,(anonymous_1)
FNDA:4,(anonymous_2)
FNDA:6,(anonymous_3)
DA:4,183
DA:6,183
DA:7,14
DA:8,4
DA:11,14
DA:12,6
DA:16,183
LF:7
LH:7
BRF:0
BRH:0
end_of_record
TN:
SF:src/hooks/useDragDropZone.ts
FN:19,useDragDropZone
FN:25,(anonymous_1)
FN:31,(anonymous_2)
FN:39,(anonymous_3)
FNF:4
FNH:4
FNDA:63,useDragDropZone
FNDA:4,(anonymous_1)
FNDA:2,(anonymous_2)
FNDA:3,(anonymous_3)
DA:23,63
DA:25,63
DA:26,4
DA:27,4
DA:28,4
DA:31,63
DA:33,2
DA:34,1
DA:38,63
DA:40,3
DA:41,3
DA:43,3
DA:44,3
DA:45,1
DA:51,63
LF:15
LH:15
BRDA:33,0,0,1
BRDA:33,0,1,1
BRDA:44,1,0,1
BRDA:44,1,1,2
BRDA:44,2,0,3
BRDA:44,2,1,2
BRF:6
BRH:6
end_of_record
TN:
SF:src/hooks/useFilterState.ts
FN:22,useFilterState
FN:35,(anonymous_1)
FN:36,(anonymous_2)
FN:58,(anonymous_3)
FN:59,(anonymous_4)
FN:62,(anonymous_5)
FN:63,(anonymous_6)
FN:66,(anonymous_7)
FN:67,(anonymous_8)
FN:70,(anonymous_9)
FN:71,(anonymous_10)
FN:78,(anonymous_11)
FN:79,(anonymous_12)
FN:86,(anonymous_13)
FN:87,(anonymous_14)
FN:90,(anonymous_15)
FN:91,(anonymous_16)
FN:94,(anonymous_17)
FN:95,(anonymous_18)
FNF:19
FNH:19
FNDA:221,useFilterState
FNDA:13,(anonymous_1)
FNDA:13,(anonymous_2)
FNDA:4,(anonymous_3)
FNDA:4,(anonymous_4)
FNDA:5,(anonymous_5)
FNDA:5,(anonymous_6)
FNDA:3,(anonymous_7)
FNDA:3,(anonymous_8)
FNDA:3,(anonymous_9)
FNDA:3,(anonymous_10)
FNDA:4,(anonymous_11)
FNDA:4,(anonymous_12)
FNDA:2,(anonymous_13)
FNDA:2,(anonymous_14)
FNDA:2,(anonymous_15)
FNDA:2,(anonymous_16)
FNDA:2,(anonymous_17)
FNDA:2,(anonymous_18)
DA:23,221
DA:35,221
DA:36,13
DA:37,13
DA:39,2
DA:41,5
DA:43,1
DA:45,1
DA:47,2
DA:49,1
DA:51,1
DA:53,0
DA:58,221
DA:59,4
DA:62,221
DA:63,5
DA:66,221
DA:67,3
DA:70,221
DA:71,3
DA:78,221
DA:79,4
DA:86,221
DA:87,2
DA:90,221
DA:91,2
DA:94,221
DA:95,2
DA:105,221
LF:29
LH:28
BRDA:37,0,0,2
BRDA:37,0,1,5
BRDA:37,0,2,1
BRDA:37,0,3,1
BRDA:37,0,4,2
BRDA:37,0,5,1
BRDA:37,0,6,1
BRDA:37,0,7,0
BRF:8
BRH:7
end_of_record
TN:
SF:src/hooks/useImportExport.ts
FN:30,useImportExport
FN:42,(anonymous_1)
FN:55,(anonymous_2)
FN:60,(anonymous_3)
FN:66,(anonymous_4)
FN:80,(anonymous_5)
FNF:6
FNH:5
FNDA:183,useImportExport
FNDA:3,(anonymous_1)
FNDA:1,(anonymous_2)
FNDA:4,(anonymous_3)
FNDA:3,(anonymous_4)
FNDA:0,(anonymous_5)
DA:38,183
DA:39,183
DA:41,183
DA:43,3
DA:44,3
DA:45,3
DA:46,3
DA:47,3
DA:49,1
DA:55,183
DA:56,1
DA:59,183
DA:61,4
DA:62,4
DA:63,4
DA:65,3
DA:66,3
DA:67,3
DA:68,3
DA:69,3
DA:70,3
DA:71,1
DA:75,1
DA:78,1
DA:79,1
DA:80,1
DA:81,1
DA:82,1
DA:83,1
DA:88,1
DA:91,3
DA:94,3
DA:99,183
LF:33
LH:33
BRDA:44,0,0,2
BRDA:44,0,1,1
BRDA:63,1,0,1
BRDA:63,1,1,3
BRDA:70,2,0,1
BRDA:70,2,1,2
BRDA:84,3,0,0
BRDA:84,3,1,1
BRF:8
BRH:7
end_of_record
TN:
SF:src/hooks/useImportExportState.ts
FN:16,useImportExportState
FN:20,(anonymous_1)
FN:26,(anonymous_2)
FNF:3
FNH:3
FNDA:11,useImportExportState
FNDA:1,(anonymous_1)
FNDA:5,(anonymous_2)
DA:17,11
DA:18,11
DA:20,11
DA:23,1
DA:26,11
DA:27,5
DA:30,11
LF:7
LH:7
BRF:0
BRH:0
end_of_record
TN:
SF:src/hooks/useJobFiltering.ts
FN:13,useJobFiltering
FN:14,(anonymous_1)
FN:19,(anonymous_2)
FN:44,(anonymous_3)
FN:46,(anonymous_4)
FN:52,useJobSorting
FN:53,(anonymous_6)
FN:56,(anonymous_7)
FN:89,useJobPagination
FN:90,(anonymous_9)
FN:97,(anonymous_10)
FNF:11
FNH:11
FNDA:181,useJobFiltering
FNDA:26,(anonymous_1)
FNDA:44,(anonymous_2)
FNDA:23,(anonymous_3)
FNDA:42,(anonymous_4)
FNDA:351,useJobSorting
FNDA:41,(anonymous_6)
FNDA:38,(anonymous_7)
FNDA:351,useJobPagination
FNDA:34,(anonymous_9)
FNDA:43,(anonymous_10)
DA:14,181
DA:15,26
DA:17,26
DA:19,26
DA:21,44
DA:27,44
DA:32,44
DA:37,44
DA:40,44
DA:44,181
DA:45,23
DA:46,42
DA:49,181
DA:53,351
DA:54,41
DA:56,41
DA:57,38
DA:58,30
DA:60,8
DA:61,0
DA:63,8
DA:64,4
DA:66,4
DA:67,0
DA:69,4
DA:70,4
DA:71,4
DA:74,4
DA:75,4
DA:76,3
DA:79,1
DA:80,1
DA:82,0
DA:85,41
DA:90,351
DA:91,34
DA:92,15
DA:94,19
DA:97,351
DA:98,43
DA:99,43
DA:102,351
LF:42
LH:39
BRDA:21,0,0,31
BRDA:21,0,1,13
BRDA:23,1,0,0
BRDA:23,1,1,13
BRDA:27,2,0,44
BRDA:27,2,1,3
BRDA:27,2,2,43
BRDA:27,2,3,2
BRDA:32,3,0,44
BRDA:32,3,1,0
BRDA:32,4,0,44
BRDA:32,4,1,44
BRDA:37,5,0,44
BRDA:37,5,1,5
BRDA:40,6,0,44
BRDA:40,6,1,37
BRDA:40,6,2,35
BRDA:40,6,3,35
BRDA:46,7,0,42
BRDA:46,7,1,19
BRDA:57,8,0,30
BRDA:57,8,1,8
BRDA:60,9,0,0
BRDA:60,9,1,8
BRDA:63,10,0,4
BRDA:63,10,1,4
BRDA:66,11,0,0
BRDA:66,11,1,4
BRDA:69,12,0,4
BRDA:69,12,1,0
BRDA:74,13,0,0
BRDA:74,13,1,4
BRDA:74,14,0,4
BRDA:74,14,1,1
BRDA:75,15,0,1
BRDA:75,15,1,3
BRDA:75,16,0,1
BRDA:75,16,1,0
BRDA:76,17,0,2
BRDA:76,17,1,1
BRDA:76,18,0,2
BRDA:76,18,1,0
BRDA:80,19,0,1
BRDA:80,19,1,0
BRDA:91,20,0,15
BRDA:91,20,1,19
BRF:46
BRH:37
end_of_record
TN:
SF:src/hooks/useJobForm.ts
FN:19,useJobForm
FN:27,updateDraft
FN:28,(anonymous_2)
FN:34,resetForm
FN:39,startEdit
FN:67,submitForm
FNF:6
FNH:6
FNDA:176,useJobForm
FNDA:119,updateDraft
FNDA:119,(anonymous_2)
FNDA:7,resetForm
FNDA:2,startEdit
FNDA:4,submitForm
DA:20,176
DA:21,176
DA:23,176
DA:28,119
DA:35,7
DA:36,7
DA:40,2
DA:64,2
DA:68,4
DA:70,4
DA:71,0
DA:74,4
DA:86,4
DA:89,176
LF:14
LH:13
BRDA:24,0,0,176
BRDA:24,0,1,120
BRDA:24,0,2,92
BRDA:70,1,0,0
BRDA:70,1,1,4
BRF:5
BRH:4
end_of_record
TN:
SF:src/hooks/useJobGrouping.ts
FN:4,useJobGrouping
FN:5,(anonymous_1)
FN:18,(anonymous_2)
FN:33,(anonymous_3)
FNF:4
FNH:4
FNDA:180,useJobGrouping
FNDA:22,(anonymous_1)
FNDA:22,(anonymous_2)
FNDA:5,(anonymous_3)
DA:5,180
DA:6,22
DA:7,22
DA:8,132
DA:11,22
DA:12,37
DA:15,22
DA:18,180
DA:19,22
DA:21,22
DA:22,37
DA:23,30
DA:26,7
DA:27,6
DA:30,7
DA:33,22
DA:36,180
LF:17
LH:17
BRDA:22,0,0,30
BRDA:22,0,1,7
BRDA:26,1,0,6
BRDA:26,1,1,1
BRF:4
BRH:4
end_of_record
TN:
SF:src/hooks/useJobOperations.ts
FN:19,useJobOperations
FN:26,(anonymous_1)
FN:53,(anonymous_2)
FN:60,(anonymous_3)
FN:61,(anonymous_4)
FN:73,(anonymous_5)
FN:74,(anonymous_6)
FN:84,(anonymous_7)
FN:105,(anonymous_8)
FN:118,(anonymous_9)
FN:130,(anonymous_10)
FN:132,(anonymous_11)
FN:154,(anonymous_12)
FN:155,(anonymous_13)
FN:184,apiKeyConfigured
FNF:15
FNH:12
FNDA:190,useJobOperations
FNDA:2,(anonymous_1)
FNDA:1,(anonymous_2)
FNDA:7,(anonymous_3)
FNDA:1,(anonymous_4)
FNDA:8,(anonymous_5)
FNDA:0,(anonymous_6)
FNDA:9,(anonymous_7)
FNDA:1,(anonymous_8)
FNDA:1,(anonymous_9)
FNDA:1,(anonymous_10)
FNDA:1,(anonymous_11)
FNDA:0,(anonymous_12)
FNDA:0,(anonymous_13)
FNDA:1,apiKeyConfigured
DA:26,190
DA:52,190
DA:54,1
DA:59,190
DA:61,7
DA:62,7
DA:63,2
DA:65,7
DA:66,1
DA:72,190
DA:74,8
DA:83,190
DA:92,9
DA:94,9
DA:95,7
DA:98,2
DA:99,2
DA:101,2
DA:102,1
DA:105,1
DA:106,1
DA:107,1
DA:108,0
DA:111,1
DA:116,1
DA:118,1
DA:119,1
DA:120,1
DA:131,1
DA:132,1
DA:133,1
DA:134,1
DA:135,0
DA:138,1
DA:151,1
DA:155,0
DA:156,0
DA:157,0
DA:158,0
DA:161,0
DA:166,0
DA:176,190
DA:185,1
DA:186,1
DA:188,0
DA:189,0
DA:191,0
LF:47
LH:36
BRDA:38,0,0,2
BRDA:38,0,1,1
BRDA:62,1,0,2
BRDA:62,1,1,5
BRDA:65,2,0,1
BRDA:65,2,1,6
BRDA:92,3,0,9
BRDA:92,3,1,4
BRDA:92,3,2,3
BRDA:94,4,0,7
BRDA:94,4,1,2
BRDA:101,5,0,1
BRDA:101,5,1,1
BRDA:101,6,0,2
BRDA:101,6,1,1
BRDA:107,7,0,0
BRDA:107,7,1,1
BRDA:131,8,0,1
BRDA:131,8,1,0
BRDA:134,9,0,0
BRDA:134,9,1,1
BRDA:157,10,0,0
BRDA:157,10,1,0
BRDA:185,11,0,1
BRDA:185,11,1,0
BRDA:188,12,0,0
BRDA:188,12,1,0
BRF:27
BRH:19
end_of_record
TN:
SF:src/hooks/useJobPersistence.ts
FN:9,useJobPersistence
FN:19,(anonymous_1)
FN:23,(anonymous_2)
FN:26,hydrateFromStorage
FN:34,(anonymous_4)
FN:49,(anonymous_5)
FN:54,(anonymous_6)
FN:65,persistJobs
FN:81,(anonymous_8)
FNF:9
FNH:9
FNDA:254,useJobPersistence
FNDA:220,(anonymous_1)
FNDA:54,(anonymous_2)
FNDA:54,hydrateFromStorage
FNDA:1027,(anonymous_4)
FNDA:39,(anonymous_5)
FNDA:65,(anonymous_6)
FNDA:42,persistJobs
FNDA:29,(anonymous_8)
DA:14,254
DA:15,254
DA:16,254
DA:17,254
DA:19,254
DA:20,220
DA:23,254
DA:24,54
DA:27,54
DA:28,54
DA:29,9
DA:32,45
DA:34,1027
DA:40,45
DA:42,45
DA:43,4
DA:47,54
DA:49,54
DA:50,39
DA:54,254
DA:55,65
DA:56,23
DA:59,42
DA:60,42
DA:61,42
DA:63,42
DA:66,42
DA:67,42
DA:69,2
DA:70,2
DA:73,42
DA:74,32
DA:79,42
DA:81,42
DA:82,29
DA:86,254
LF:36
LH:36
BRDA:28,0,0,9
BRDA:28,0,1,45
BRDA:36,1,0,1027
BRDA:36,1,1,1027
BRDA:42,2,0,4
BRDA:42,2,1,41
BRDA:55,3,0,23
BRDA:55,3,1,42
BRDA:69,4,0,2
BRDA:69,4,1,0
BRDA:73,5,0,32
BRDA:73,5,1,10
BRDA:73,6,0,42
BRDA:73,6,1,32
BRF:14
BRH:13
end_of_record
TN:
SF:src/hooks/useJobSelection.ts
FN:16,useJobSelection
FN:19,(anonymous_1)
FN:20,(anonymous_2)
FN:31,(anonymous_3)
FN:32,(anonymous_4)
FN:51,(anonymous_5)
FN:55,(anonymous_6)
FN:56,(anonymous_7)
FN:65,(anonymous_8)
FN:66,(anonymous_9)
FNF:10
FNH:10
FNDA:202,useJobSelection
FNDA:10,(anonymous_1)
FNDA:10,(anonymous_2)
FNDA:3,(anonymous_3)
FNDA:3,(anonymous_4)
FNDA:1,(anonymous_5)
FNDA:6,(anonymous_6)
FNDA:6,(anonymous_7)
FNDA:3,(anonymous_8)
FNDA:3,(anonymous_9)
DA:17,202
DA:19,202
DA:20,10
DA:21,10
DA:22,10
DA:23,2
DA:25,8
DA:27,10
DA:31,202
DA:32,3
DA:33,3
DA:35,3
DA:37,2
DA:38,6
DA:42,1
DA:43,3
DA:47,3
DA:51,202
DA:52,1
DA:55,202
DA:56,6
DA:57,6
DA:58,6
DA:59,19
DA:61,6
DA:65,202
DA:66,3
DA:67,3
DA:68,3
DA:69,5
DA:71,3
DA:75,202
LF:32
LH:32
BRDA:22,0,0,2
BRDA:22,0,1,8
BRDA:35,1,0,2
BRDA:35,1,1,1
BRF:4
BRH:4
end_of_record
TN:
SF:src/hooks/useJobSubmission.ts
FN:21,useJobSubmission
FN:23,(anonymous_1)
FN:40,(anonymous_2)
FN:42,(anonymous_3)
FNF:4
FNH:4
FNDA:177,useJobSubmission
FNDA:7,(anonymous_1)
FNDA:1,(anonymous_2)
FNDA:4,(anonymous_3)
DA:22,177
DA:24,7
DA:25,7
DA:26,0
DA:30,7
DA:37,7
DA:39,7
DA:40,3
DA:42,4
DA:43,4
DA:44,4
DA:45,4
DA:49,7
DA:51,7
DA:52,1
DA:55,6
DA:67,177
LF:17
LH:16
BRDA:25,0,0,0
BRDA:25,0,1,7
BRDA:30,1,0,7
BRDA:30,1,1,6
BRDA:30,1,2,6
BRDA:30,1,3,6
BRDA:30,1,4,6
BRDA:30,1,5,6
BRDA:37,2,0,7
BRDA:37,2,1,4
BRDA:39,3,0,3
BRDA:39,3,1,4
BRDA:51,4,0,1
BRDA:51,4,1,6
BRDA:56,5,0,6
BRDA:56,5,1,0
BRDA:60,6,0,7
BRDA:60,6,1,3
BRF:18
BRH:16
end_of_record
TN:
SF:src/hooks/useNotifications.ts
FN:13,useNotifications
FN:16,addNotification
FN:22,(anonymous_2)
FN:25,removeNotification
FN:26,(anonymous_4)
FN:26,(anonymous_5)
FNF:6
FNH:6
FNDA:200,useNotifications
FNDA:26,addNotification
FNDA:26,(anonymous_2)
FNDA:5,removeNotification
FNDA:5,(anonymous_4)
FNDA:9,(anonymous_5)
DA:14,200
DA:21,26
DA:22,26
DA:26,9
DA:29,200
LF:5
LH:5
BRDA:18,0,0,26
BRF:1
BRH:1
end_of_record
TN:
SF:src/hooks/useSortAndPagination.ts
FN:13,useSortAndPagination
FN:20,(anonymous_1)
FN:21,(anonymous_2)
FN:24,(anonymous_3)
FN:25,(anonymous_4)
FN:26,(anonymous_5)
FNF:6
FNH:6
FNDA:194,useSortAndPagination
FNDA:15,(anonymous_1)
FNDA:15,(anonymous_2)
FNDA:5,(anonymous_3)
FNDA:5,(anonymous_4)
FNDA:5,(anonymous_5)
DA:14,194
DA:15,194
DA:16,194
DA:17,194
DA:20,194
DA:21,15
DA:24,194
DA:25,5
DA:26,5
DA:28,5
DA:29,2
DA:32,3
DA:34,5
DA:38,194
LF:14
LH:14
BRDA:28,0,0,2
BRDA:28,0,1,3
BRDA:29,1,0,1
BRDA:29,1,1,1
BRDA:32,2,0,1
BRDA:32,2,1,2
BRDA:32,3,0,3
BRDA:32,3,1,3
BRF:8
BRH:8
end_of_record
TN:
SF:src/hooks/useTableData.ts
FN:30,useTableData
FN:40,(anonymous_1)
FNF:2
FNH:2
FNDA:7,useTableData
FNDA:7,(anonymous_1)
DA:36,7
DA:37,7
DA:38,7
DA:40,7
DA:41,7
DA:51,7
LF:6
LH:6
BRF:0
BRH:0
end_of_record
TN:
SF:src/hooks/useTableSelectionState.ts
FN:7,useTableSelectionState
FN:12,(anonymous_1)
FN:12,(anonymous_2)
FN:14,(anonymous_3)
FN:14,(anonymous_4)
FN:21,(anonymous_5)
FNF:6
FNH:6
FNDA:177,useTableSelectionState
FNDA:24,(anonymous_1)
FNDA:35,(anonymous_2)
FNDA:26,(anonymous_3)
FNDA:39,(anonymous_4)
FNDA:10,(anonymous_5)
DA:12,177
DA:13,177
DA:14,39
DA:17,177
DA:18,177
DA:19,177
DA:21,177
DA:22,10
DA:23,5
DA:27,177
LF:10
LH:10
BRDA:18,0,0,177
BRDA:18,0,1,75
BRDA:19,1,0,177
BRDA:19,1,1,8
BRDA:22,2,0,5
BRDA:22,2,1,5
BRF:6
BRH:6
end_of_record
TN:
SF:src/hooks/useTableViewContext.ts
FN:36,useTableViewContext
FN:65,(anonymous_1)
FNF:2
FNH:2
FNDA:179,useTableViewContext
FNDA:27,(anonymous_1)
DA:61,179
DA:64,179
DA:65,27
DA:106,179
LF:4
LH:4
BRF:0
BRH:0
end_of_record
TN:
SF:src/hooks/useUndoStack.ts
FN:15,useUndoStack
FN:18,(anonymous_1)
FN:19,(anonymous_2)
FN:22,(anonymous_3)
FN:25,(anonymous_4)
FNF:5
FNH:5
FNDA:197,useUndoStack
FNDA:14,(anonymous_1)
FNDA:14,(anonymous_2)
FNDA:9,(anonymous_3)
FNDA:9,(anonymous_4)
DA:16,197
DA:18,197
DA:19,14
DA:22,197
DA:25,9
DA:26,9
DA:27,9
DA:28,9
DA:31,9
DA:34,197
DA:36,197
LF:11
LH:11
BRF:0
BRH:0
end_of_record
TN:
SF:src/hooks/useViewState.ts
FN:26,useViewState
FN:30,(anonymous_1)
FN:34,(anonymous_2)
FN:38,(anonymous_3)
FNF:4
FNH:4
FNDA:194,useViewState
FNDA:4,(anonymous_1)
FNDA:1,(anonymous_2)
FNDA:13,(anonymous_3)
DA:27,194
DA:28,194
DA:30,194
DA:31,4
DA:34,194
DA:35,1
DA:38,194
DA:39,13
DA:42,194
LF:9
LH:9
BRDA:26,0,0,194
BRF:1
BRH:1
end_of_record
TN:
SF:src/services/aiScoringService.ts
FN:32,buildScoringMessages
FN:54,formatUserProfile
FN:72,normalizeApiBaseUrl
FN:80,normalizeLmStudioBaseUrl
FN:92,callOpenAI
FN:119,callLMStudio
FN:146,parseScoreResponse
FN:158,(anonymous_7)
FN:170,scoreJobWithAI
FN:210,validateAIConfig
FNF:10
FNH:7
FNDA:3,buildScoringMessages
FNDA:3,formatUserProfile
FNDA:0,normalizeApiBaseUrl
FNDA:3,normalizeLmStudioBaseUrl
FNDA:0,callOpenAI
FNDA:3,callLMStudio
FNDA:3,parseScoreResponse
FNDA:15,(anonymous_7)
FNDA:3,scoreJobWithAI
FNDA:0,validateAIConfig
DA:8,2
DA:33,3
DA:35,3
DA:48,3
DA:55,3
DA:57,3
DA:58,3
DA:59,3
DA:60,3
DA:61,3
DA:62,3
DA:63,3
DA:64,3
DA:65,3
DA:66,3
DA:67,3
DA:69,3
DA:73,0
DA:74,0
DA:75,0
DA:81,3
DA:82,3
DA:83,1
DA:86,2
DA:93,0
DA:94,0
DA:96,0
DA:110,0
DA:111,0
DA:112,0
DA:115,0
DA:116,0
DA:120,3
DA:121,3
DA:122,3
DA:124,3
DA:137,3
DA:138,0
DA:139,0
DA:142,3
DA:143,3
DA:148,3
DA:149,3
DA:150,0
DA:151,3
DA:152,0
DA:155,3
DA:158,15
DA:160,3
DA:174,3
DA:175,0
DA:178,3
DA:179,0
DA:182,3
DA:188,3
DA:189,0
DA:190,0
DA:191,0
DA:192,3
DA:193,3
DA:194,3
DA:195,3
DA:197,0
DA:200,3
DA:202,3
DA:211,0
DA:212,0
DA:215,0
DA:216,0
DA:219,0
DA:220,0
DA:223,0
LF:72
LH:44
BRDA:41,0,0,3
BRDA:41,0,1,0
BRDA:57,1,0,0
BRDA:57,1,1,3
BRDA:58,2,0,0
BRDA:58,2,1,3
BRDA:59,3,0,0
BRDA:59,3,1,3
BRDA:60,4,0,3
BRDA:60,4,1,0
BRDA:61,5,0,0
BRDA:61,5,1,3
BRDA:62,6,0,0
BRDA:62,6,1,3
BRDA:63,7,0,0
BRDA:63,7,1,3
BRDA:64,8,0,0
BRDA:64,8,1,3
BRDA:65,9,0,0
BRDA:65,9,1,3
BRDA:66,10,0,0
BRDA:66,10,1,3
BRDA:67,11,0,0
BRDA:67,11,1,3
BRDA:73,12,0,0
BRDA:73,12,1,0
BRDA:75,13,0,0
BRDA:75,13,1,0
BRDA:81,14,0,3
BRDA:81,14,1,0
BRDA:82,15,0,1
BRDA:82,15,1,2
BRDA:87,16,0,1
BRDA:87,16,1,1
BRDA:93,17,0,0
BRDA:93,17,1,0
BRDA:94,18,0,0
BRDA:94,18,1,0
BRDA:110,19,0,0
BRDA:110,19,1,0
BRDA:116,20,0,0
BRDA:116,20,1,0
BRDA:120,21,0,3
BRDA:120,21,1,0
BRDA:121,22,0,3
BRDA:121,22,1,0
BRDA:122,23,0,1
BRDA:122,23,1,2
BRDA:137,24,0,0
BRDA:137,24,1,3
BRDA:143,25,0,3
BRDA:143,25,1,0
BRDA:149,26,0,0
BRDA:149,26,1,3
BRDA:151,27,0,0
BRDA:151,27,1,3
BRDA:161,28,0,3
BRDA:161,28,1,0
BRDA:162,29,0,3
BRDA:162,29,1,0
BRDA:163,30,0,3
BRDA:163,30,1,0
BRDA:164,31,0,3
BRDA:164,31,1,0
BRDA:165,32,0,3
BRDA:165,32,1,0
BRDA:166,33,0,3
BRDA:166,33,1,0
BRDA:174,34,0,0
BRDA:174,34,1,3
BRDA:178,35,0,0
BRDA:178,35,1,3
BRDA:178,36,0,3
BRDA:178,36,1,3
BRDA:188,37,0,0
BRDA:188,37,1,3
BRDA:191,38,0,0
BRDA:191,38,1,0
BRDA:192,39,0,3
BRDA:192,39,1,0
BRDA:195,40,0,3
BRDA:195,40,1,0
BRDA:211,41,0,0
BRDA:211,41,1,0
BRDA:215,42,0,0
BRDA:215,42,1,0
BRDA:215,43,0,0
BRDA:215,43,1,0
BRDA:219,44,0,0
BRDA:219,44,1,0
BRDA:219,45,0,0
BRDA:219,45,1,0
BRF:92
BRH:38
end_of_record
TN:
SF:src/services/csvParser.ts
FN:6,exportToCsv
FN:29,(anonymous_1)
FN:47,(anonymous_2)
FN:50,parseCsv
FN:81,(anonymous_4)
FN:93,(anonymous_5)
FN:100,normalizeHeader
FN:104,toRowObject
FN:105,(anonymous_8)
FN:111,pickValue
FN:121,coerceToJobStatus
FN:129,coerceToJobPriority
FN:137,importFromCsv
FNF:13
FNH:10
FNDA:0,exportToCsv
FNDA:0,(anonymous_1)
FNDA:0,(anonymous_2)
FNDA:3,parseCsv
FNDA:6,(anonymous_4)
FNDA:3,(anonymous_5)
FNDA:17,normalizeHeader
FNDA:5,toRowObject
FNDA:25,(anonymous_8)
FNDA:55,pickValue
FNDA:5,coerceToJobStatus
FNDA:5,coerceToJobPriority
FNDA:3,importFromCsv
DA:7,0
DA:8,0
DA:11,0
DA:29,0
DA:47,0
DA:51,3
DA:52,3
DA:53,3
DA:54,3
DA:56,3
DA:57,472
DA:58,472
DA:60,472
DA:61,50
DA:62,0
DA:63,0
DA:65,50
DA:67,50
DA:70,422
DA:71,34
DA:72,34
DA:73,34
DA:76,388
DA:77,5
DA:78,0
DA:80,5
DA:81,6
DA:82,5
DA:84,5
DA:85,5
DA:86,5
DA:89,383
DA:92,472
DA:93,472
DA:94,3
DA:97,3
DA:101,17
DA:105,5
DA:106,25
DA:107,25
DA:112,55
DA:113,60
DA:114,60
DA:115,23
DA:118,32
DA:122,5
DA:123,5
DA:124,5
DA:126,0
DA:130,5
DA:131,5
DA:132,5
DA:134,0
DA:138,3
DA:139,3
DA:140,0
DA:143,3
DA:144,3
DA:145,3
DA:147,3
DA:148,5
DA:149,5
DA:150,5
DA:151,5
DA:152,5
DA:153,5
DA:154,5
DA:155,5
DA:157,5
DA:158,2
DA:161,3
DA:180,3
LF:72
LH:61
BRDA:7,0,0,0
BRDA:7,0,1,0
BRDA:36,1,0,0
BRDA:36,1,1,0
BRDA:39,2,0,0
BRDA:39,2,1,0
BRDA:40,3,0,0
BRDA:40,3,1,0
BRDA:41,4,0,0
BRDA:41,4,1,0
BRDA:42,5,0,0
BRDA:42,5,1,0
BRDA:43,6,0,0
BRDA:43,6,1,0
BRDA:60,7,0,50
BRDA:60,7,1,422
BRDA:61,8,0,0
BRDA:61,8,1,50
BRDA:61,9,0,50
BRDA:61,9,1,25
BRDA:70,10,0,34
BRDA:70,10,1,388
BRDA:70,11,0,422
BRDA:70,11,1,213
BRDA:76,12,0,5
BRDA:76,12,1,383
BRDA:76,13,0,388
BRDA:76,13,1,179
BRDA:76,13,2,174
BRDA:77,14,0,0
BRDA:77,14,1,5
BRDA:77,15,0,5
BRDA:77,15,1,0
BRDA:81,16,0,5
BRDA:81,16,1,0
BRDA:93,17,0,3
BRDA:93,17,1,469
BRDA:106,18,0,25
BRDA:106,18,1,0
BRDA:114,19,0,23
BRDA:114,19,1,37
BRDA:114,20,0,60
BRDA:114,20,1,25
BRDA:123,21,0,5
BRDA:123,21,1,0
BRDA:131,22,0,5
BRDA:131,22,1,0
BRDA:139,23,0,0
BRDA:139,23,1,3
BRDA:152,24,0,5
BRDA:152,24,1,0
BRDA:154,25,0,5
BRDA:154,25,1,5
BRDA:157,26,0,2
BRDA:157,26,1,3
BRDA:157,27,0,5
BRDA:157,27,1,4
BRDA:157,27,2,3
BRDA:162,28,0,3
BRDA:162,28,1,3
BRDA:175,29,0,5
BRDA:175,29,1,3
BRDA:176,30,0,5
BRDA:176,30,1,3
BRF:64
BRH:41
end_of_record
TN:
SF:src/services/jobMerger.ts
FN:11,mergeImportedJobs
FN:28,(anonymous_1)
FNF:2
FNH:2
FNDA:6,mergeImportedJobs
FNDA:6,(anonymous_1)
DA:12,6
DA:13,1
DA:20,5
DA:21,1
DA:28,6
DA:29,4
DA:30,4
DA:32,4
DA:33,5
DA:34,2
DA:36,3
DA:38,5
DA:41,4
LF:13
LH:13
BRDA:12,0,0,1
BRDA:12,0,1,5
BRDA:20,1,0,1
BRDA:20,1,1,4
BRDA:33,2,0,2
BRDA:33,2,1,3
BRF:6
BRH:6
end_of_record
TN:
SF:src/services/jobScrapingService.ts
FN:19,scrapeJobDescription
FN:67,extractJobDetails
FN:126,cleanHtml
FN:148,isJobUrl
FN:156,(anonymous_4)
FNF:5
FNH:5
FNDA:6,scrapeJobDescription
FNDA:3,extractJobDetails
FNDA:5,cleanHtml
FNDA:7,isJobUrl
FNDA:23,(anonymous_4)
DA:20,6
DA:22,6
DA:25,6
DA:31,4
DA:32,1
DA:41,3
DA:44,3
DA:46,3
DA:47,1
DA:54,2
DA:59,2
DA:69,3
DA:70,3
DA:73,3
DA:80,3
DA:81,3
DA:82,9
DA:83,9
DA:84,1
DA:85,1
DA:90,3
DA:91,2
DA:92,2
DA:93,1
DA:98,3
DA:99,3
DA:102,3
DA:103,3
DA:104,0
DA:105,0
DA:106,0
DA:107,0
DA:120,3
DA:128,5
DA:131,5
DA:140,5
DA:142,5
DA:149,7
DA:150,7
DA:151,7
DA:152,7
DA:155,7
DA:156,23
DA:157,2
DA:161,4
DA:162,3
DA:165,1
DA:167,1
LF:48
LH:44
BRDA:31,0,0,1
BRDA:31,0,1,3
BRDA:46,1,0,1
BRDA:46,1,1,2
BRDA:62,2,0,2
BRDA:62,2,1,0
BRDA:83,3,0,1
BRDA:83,3,1,8
BRDA:83,4,0,9
BRDA:83,4,1,1
BRDA:85,5,0,1
BRDA:85,5,1,0
BRDA:90,6,0,2
BRDA:90,6,1,1
BRDA:90,7,0,3
BRDA:90,7,1,1
BRDA:92,8,0,1
BRDA:92,8,1,1
BRDA:99,9,0,3
BRDA:99,9,1,0
BRDA:103,10,0,0
BRDA:103,10,1,3
BRDA:106,11,0,0
BRDA:106,11,1,0
BRDA:108,12,0,0
BRDA:108,12,1,0
BRDA:109,13,0,0
BRDA:109,13,1,0
BRDA:112,14,0,0
BRDA:112,14,1,0
BRDA:156,15,0,2
BRDA:156,15,1,5
BRDA:161,16,0,3
BRDA:161,16,1,1
BRDA:161,17,0,4
BRDA:161,17,1,3
BRDA:161,17,2,2
BRF:37
BRH:25
end_of_record
TN:
SF:src/services/jobService.ts
FN:6,sortByApplicationDateDesc
FN:13,createJob
FN:21,updateJob
FN:23,(anonymous_3)
FN:38,deleteJob
FN:39,(anonymous_5)
FN:45,deleteJobs
FN:47,(anonymous_7)
FN:53,updateJobStatus
FN:54,(anonymous_9)
FN:68,findJobById
FN:69,(anonymous_11)
FN:75,completeJobAction
FN:76,(anonymous_13)
FN:91,snoozeJobAction
FN:92,(anonymous_15)
FN:112,updateJobTaskAction
FN:113,(anonymous_17)
FN:128,updateJobPriority
FN:129,(anonymous_19)
FNF:20
FNH:18
FNDA:1032,sortByApplicationDateDesc
FNDA:5,createJob
FNDA:4,updateJob
FNDA:5,(anonymous_3)
FNDA:3,deleteJob
FNDA:5,(anonymous_5)
FNDA:5,deleteJobs
FNDA:10,(anonymous_7)
FNDA:2,updateJobStatus
FNDA:2,(anonymous_9)
FNDA:0,findJobById
FNDA:0,(anonymous_11)
FNDA:1,completeJobAction
FNDA:1,(anonymous_13)
FNDA:1,snoozeJobAction
FNDA:1,(anonymous_15)
FNDA:1,updateJobTaskAction
FNDA:1,(anonymous_17)
FNDA:1,updateJobPriority
FNDA:1,(anonymous_19)
DA:7,1032
DA:14,5
DA:15,5
DA:22,4
DA:24,5
DA:39,5
DA:46,5
DA:47,10
DA:54,2
DA:55,2
DA:69,0
DA:76,1
DA:77,1
DA:92,1
DA:93,1
DA:94,0
DA:97,1
DA:98,1
DA:99,1
DA:101,1
DA:113,1
DA:114,1
DA:129,1
DA:130,1
LF:24
LH:22
BRDA:24,0,0,3
BRDA:24,0,1,2
BRDA:55,1,0,1
BRDA:55,1,1,1
BRDA:77,2,0,1
BRDA:77,2,1,0
BRDA:91,3,0,1
BRDA:93,4,0,0
BRDA:93,4,1,1
BRDA:97,5,0,1
BRDA:97,5,1,0
BRDA:114,6,0,1
BRDA:114,6,1,0
BRDA:130,7,0,1
BRDA:130,7,1,0
BRF:15
BRH:10
end_of_record
TN:
SF:src/services/jsonTransfer.ts
FN:3,exportToJson
FN:7,importFromJson
FN:16,(anonymous_2)
FN:25,(anonymous_3)
FNF:4
FNH:3
FNDA:0,exportToJson
FNDA:3,importFromJson
FNDA:2,(anonymous_2)
FNDA:2,(anonymous_3)
DA:4,0
DA:8,3
DA:9,3
DA:10,3
DA:11,1
DA:14,2
DA:17,2
DA:25,2
DA:30,0
LF:9
LH:7
BRDA:10,0,0,1
BRDA:10,0,1,2
BRDA:17,1,0,2
BRDA:17,1,1,2
BRDA:17,1,2,2
BRDA:17,1,3,2
BRDA:17,1,4,2
BRDA:17,1,5,2
BRDA:17,1,6,2
BRDA:27,2,0,2
BRDA:27,2,1,2
BRF:11
BRH:11
end_of_record
TN:
SF:src/services/resumeParsingService.ts
FN:46,parseResumeText
FN:67,(anonymous_1)
FN:67,(anonymous_2)
FN:98,(anonymous_3)
FN:111,parseResumeFile
FN:134,extractTextFromPDF
FN:154,extractTextWithModernPdfJs
FN:172,extractTextWithLegacyPdfJs
FN:195,extractTextFromDocument
FN:203,(anonymous_9)
FN:212,isPdfRuntimeCompatibilityError
FN:226,resolvePdfJsModule
FN:245,withTimeout
FN:246,(anonymous_13)
FN:247,(anonymous_14)
FN:252,(anonymous_15)
FN:256,(anonymous_16)
FN:266,resumeToProfile
FNF:18
FNH:0
FNDA:0,parseResumeText
FNDA:0,(anonymous_1)
FNDA:0,(anonymous_2)
FNDA:0,(anonymous_3)
FNDA:0,parseResumeFile
FNDA:0,extractTextFromPDF
FNDA:0,extractTextWithModernPdfJs
FNDA:0,extractTextWithLegacyPdfJs
FNDA:0,extractTextFromDocument
FNDA:0,(anonymous_9)
FNDA:0,isPdfRuntimeCompatibilityError
FNDA:0,resolvePdfJsModule
FNDA:0,withTimeout
FNDA:0,(anonymous_13)
FNDA:0,(anonymous_14)
FNDA:0,(anonymous_15)
FNDA:0,(anonymous_16)
FNDA:0,resumeToProfile
DA:47,0
DA:55,0
DA:56,0
DA:57,0
DA:61,0
DA:62,0
DA:63,0
DA:67,0
DA:68,0
DA:69,0
DA:70,0
DA:71,0
DA:76,0
DA:84,0
DA:85,0
DA:87,0
DA:88,0
DA:89,0
DA:93,0
DA:96,0
DA:97,0
DA:98,0
DA:99,0
DA:100,0
DA:101,0
DA:105,0
DA:114,0
DA:115,0
DA:117,0
DA:119,0
DA:125,0
DA:128,0
DA:135,0
DA:136,0
DA:138,0
DA:139,0
DA:140,0
DA:142,0
DA:148,0
DA:155,0
DA:160,0
DA:161,0
DA:165,0
DA:167,0
DA:168,0
DA:169,0
DA:173,0
DA:178,0
DA:179,0
DA:183,0
DA:184,0
DA:187,0
DA:192,0
DA:196,0
DA:198,0
DA:199,0
DA:200,0
DA:202,0
DA:203,0
DA:206,0
DA:209,0
DA:213,0
DA:214,0
DA:217,0
DA:218,0
DA:227,0
DA:228,0
DA:231,0
DA:239,0
DA:242,0
DA:246,0
DA:247,0
DA:248,0
DA:251,0
DA:253,0
DA:254,0
DA:257,0
DA:258,0
DA:267,0
LF:79
LH:0
BRDA:56,0,0,0
BRDA:56,0,1,0
BRDA:62,1,0,0
BRDA:62,1,1,0
BRDA:68,2,0,0
BRDA:68,2,1,0
BRDA:70,3,0,0
BRDA:70,3,1,0
BRDA:70,4,0,0
BRDA:70,4,1,0
BRDA:88,5,0,0
BRDA:88,5,1,0
BRDA:97,6,0,0
BRDA:97,6,1,0
BRDA:97,7,0,0
BRDA:97,7,1,0
BRDA:100,8,0,0
BRDA:100,8,1,0
BRDA:100,9,0,0
BRDA:100,9,1,0
BRDA:114,10,0,0
BRDA:114,10,1,0
BRDA:114,11,0,0
BRDA:114,11,1,0
BRDA:120,12,0,0
BRDA:120,12,1,0
BRDA:138,13,0,0
BRDA:138,13,1,0
BRDA:143,14,0,0
BRDA:143,14,1,0
BRDA:149,15,0,0
BRDA:149,15,1,0
BRDA:161,16,0,0
BRDA:161,16,1,0
BRDA:179,17,0,0
BRDA:179,17,1,0
BRDA:203,18,0,0
BRDA:203,18,1,0
BRDA:213,19,0,0
BRDA:213,19,1,0
BRDA:219,20,0,0
BRDA:219,20,1,0
BRDA:219,20,2,0
BRDA:219,20,3,0
BRDA:227,21,0,0
BRDA:227,21,1,0
BRDA:227,22,0,0
BRDA:227,22,1,0
BRDA:227,22,2,0
BRDA:231,23,0,0
BRDA:231,23,1,0
BRDA:232,24,0,0
BRDA:232,24,1,0
BRDA:232,24,2,0
BRDA:232,24,3,0
BRDA:232,24,4,0
BRDA:232,24,5,0
BRDA:269,25,0,0
BRDA:269,25,1,0
BRF:59
BRH:0
end_of_record
TN:
SF:src/services/settingsService.ts
FN:26,normalizeBaseUrl
FN:30,toErrorMessage
FN:34,fetchDatabaseInfo
FN:43,createDatabase
FN:56,testDatabaseConnection
FN:66,testAIEndpoint
FNF:6
FNH:6
FNDA:2,normalizeBaseUrl
FNDA:1,toErrorMessage
FNDA:1,fetchDatabaseInfo
FNDA:1,createDatabase
FNDA:1,testDatabaseConnection
FNDA:3,testAIEndpoint
DA:27,2
DA:31,1
DA:35,1
DA:36,1
DA:37,0
DA:40,1
DA:44,1
DA:48,1
DA:49,0
DA:50,0
DA:53,1
DA:57,1
DA:58,1
DA:59,0
DA:60,0
DA:63,1
DA:67,3
DA:68,0
DA:75,3
DA:77,3
DA:78,3
DA:79,2
DA:80,1
DA:83,1
DA:84,2
DA:90,1
DA:91,0
DA:92,0
DA:95,1
DA:102,1
DA:103,3
DA:104,3
DA:106,3
DA:107,1
DA:108,0
DA:109,0
DA:112,1
DA:118,1
LF:38
LH:28
BRDA:27,0,0,0
BRDA:27,0,1,2
BRDA:31,1,0,1
BRDA:31,1,1,0
BRDA:36,2,0,0
BRDA:36,2,1,1
BRDA:48,3,0,0
BRDA:48,3,1,1
BRDA:58,4,0,0
BRDA:58,4,1,1
BRDA:67,5,0,0
BRDA:67,5,1,3
BRDA:78,6,0,2
BRDA:78,6,1,1
BRDA:79,7,0,1
BRDA:79,7,1,1
BRDA:83,8,0,1
BRDA:83,8,1,0
BRDA:90,9,0,0
BRDA:90,9,1,1
BRDA:102,10,0,1
BRDA:102,10,1,0
BRDA:104,11,0,0
BRDA:104,11,1,1
BRDA:107,12,0,0
BRDA:107,12,1,1
BRF:26
BRH:15
end_of_record
TN:
SF:src/storage/aiStorage.ts
FN:10,loadAIConfig
FN:26,saveAIConfig
FN:38,loadUserProfile
FN:63,saveUserProfile
FN:79,clearAIData
FNF:5
FNH:1
FNDA:7,loadAIConfig
FNDA:0,saveAIConfig
FNDA:0,loadUserProfile
FNDA:0,saveUserProfile
FNDA:0,clearAIData
DA:4,2
DA:5,2
DA:11,7
DA:12,7
DA:13,7
DA:14,6
DA:16,1
DA:18,0
DA:19,0
DA:27,0
DA:28,0
DA:30,0
DA:31,0
DA:39,0
DA:40,0
DA:41,0
DA:42,0
DA:44,0
DA:45,0
DA:55,0
DA:56,0
DA:64,0
DA:65,0
DA:69,0
DA:71,0
DA:72,0
DA:80,0
DA:81,0
LF:28
LH:7
BRDA:13,0,0,6
BRDA:13,0,1,1
BRDA:41,1,0,0
BRDA:41,1,1,0
BRDA:49,2,0,0
BRDA:49,2,1,0
BRDA:50,3,0,0
BRDA:50,3,1,0
BRDA:51,4,0,0
BRDA:51,4,1,0
BRDA:52,5,0,0
BRDA:52,5,1,0
BRF:12
BRH:2
end_of_record
TN:
SF:src/storage/fallbackStorage.ts
FN:5,readFallbackJobs
FN:19,writeFallbackJobs
FNF:2
FNH:2
FNDA:5,readFallbackJobs
FNDA:2,writeFallbackJobs
DA:3,2
DA:6,5
DA:7,5
DA:8,5
DA:9,1
DA:12,4
DA:13,4
DA:15,1
DA:20,2
LF:9
LH:9
BRDA:8,0,0,1
BRDA:8,0,1,4
BRDA:13,1,0,2
BRDA:13,1,1,1
BRF:4
BRH:4
end_of_record
TN:
SF:src/storage/jobsApi.ts
FN:5,isApiUrlPatternError
FN:14,fetchJobs
FN:24,persistJobs
FNF:3
FNH:3
FNDA:7,isApiUrlPatternError
FNDA:6,fetchJobs
FNDA:4,persistJobs
DA:3,2
DA:6,7
DA:7,1
DA:10,6
DA:11,6
DA:15,6
DA:16,5
DA:17,2
DA:20,3
DA:21,3
DA:25,4
DA:33,3
DA:34,1
LF:13
LH:13
BRDA:6,0,0,1
BRDA:6,0,1,6
BRDA:11,1,0,6
BRDA:11,1,1,3
BRDA:16,2,0,2
BRDA:16,2,1,3
BRDA:21,3,0,3
BRDA:21,3,1,0
BRDA:33,4,0,1
BRDA:33,4,1,2
BRF:10
BRH:9
end_of_record
TN:
SF:src/storage/storageLogger.ts
FN:9,isStorageDebugEnabled
FN:17,appendStorageLog
FN:34,logStorageInfo
FN:49,logStorageError
FN:61,setStorageDebugLogging
FN:66,getStorageLogText
FN:70,clearStorageLogs
FN:74,downloadStorageLogs
FNF:8
FNH:4
FNDA:8,isStorageDebugEnabled
FNDA:8,appendStorageLog
FNDA:7,logStorageInfo
FNDA:1,logStorageError
FNDA:0,setStorageDebugLogging
FNDA:0,getStorageLogText
FNDA:0,clearStorageLogs
FNDA:0,downloadStorageLogs
DA:3,1
DA:4,1
DA:5,1
DA:10,8
DA:11,8
DA:13,0
DA:18,8
DA:19,8
DA:20,8
DA:24,8
DA:25,8
DA:26,8
DA:27,8
DA:28,8
DA:35,7
DA:37,7
DA:38,7
DA:41,0
DA:42,0
DA:43,0
DA:46,0
DA:50,1
DA:54,1
DA:55,1
DA:58,0
DA:62,0
DA:63,0
DA:67,0
DA:71,0
DA:75,0
DA:76,0
DA:77,0
DA:80,0
LF:33
LH:19
BRDA:20,0,0,8
BRDA:20,0,1,0
BRDA:25,1,0,3
BRDA:25,1,1,5
BRDA:37,2,0,7
BRDA:37,2,1,0
BRDA:41,3,0,0
BRDA:41,3,1,0
BRDA:51,4,0,1
BRDA:51,4,1,0
BRDA:54,5,0,1
BRDA:54,5,1,0
BRDA:67,6,0,0
BRDA:67,6,1,0
BRDA:74,7,0,0
BRDA:76,8,0,0
BRDA:76,8,1,0
BRDA:76,9,0,0
BRDA:76,9,1,0
BRF:19
BRH:6
end_of_record
TN:
SF:src/types/ai.ts
FNF:0
FNH:0
DA:57,2
DA:64,2
LF:2
LH:2
BRF:0
BRH:0
end_of_record
TN:
SF:src/types/componentProps.ts
FNF:0
FNH:0
LF:0
LH:0
BRF:0
BRH:0
end_of_record
TN:
SF:src/types/errors.ts
FNF:0
FNH:0
LF:0
LH:0
BRF:0
BRH:0
end_of_record
TN:
SF:src/types/filters.ts
FNF:0
FNH:0
LF:0
LH:0
BRF:0
BRH:0
end_of_record
TN:
SF:src/utils/a11yUtils.ts
FN:12,isEnterOrSpace
FN:22,createKeyboardActivationHandler
FN:25,(anonymous_2)
FN:40,createButtonKbdProps
FN:64,stopPropagation
FN:74,composeEventHandlers
FN:77,(anonymous_6)
FN:78,(anonymous_7)
FNF:8
FNH:8
FNDA:11,isEnterOrSpace
FNDA:30,createKeyboardActivationHandler
FNDA:5,(anonymous_2)
FNDA:27,createButtonKbdProps
FNDA:19,stopPropagation
FNDA:4,composeEventHandlers
FNDA:4,(anonymous_6)
FNDA:7,(anonymous_7)
DA:13,11
DA:25,30
DA:26,5
DA:27,4
DA:28,4
DA:50,27
DA:65,19
DA:77,4
DA:78,7
LF:9
LH:9
BRDA:13,0,0,11
BRDA:13,0,1,8
BRDA:26,1,0,4
BRDA:26,1,1,1
BRDA:55,2,0,27
BRDA:55,2,1,6
BRF:6
BRH:6
end_of_record
TN:
SF:src/utils/dateCalendarUtils.ts
FN:11,parseDate
FN:23,getDateString
FN:36,getDaysInMonth
FN:45,getFirstDayOfMonth
FN:54,isDateOverdue
FN:64,getTodayString
FN:73,generateCalendarGrid
FN:96,getMonthName
FN:105,formatDateToString
FNF:9
FNH:9
FNDA:10,parseDate
FNDA:376,getDateString
FNDA:19,getDaysInMonth
FNDA:13,getFirstDayOfMonth
FNDA:191,isDateOverdue
FNDA:3,getTodayString
FNDA:10,generateCalendarGrid
FNDA:10,getMonthName
FNDA:6,formatDateToString
DA:12,10
DA:13,10
DA:24,376
DA:25,376
DA:26,376
DA:27,376
DA:28,376
DA:37,19
DA:46,13
DA:55,191
DA:56,191
DA:57,191
DA:65,3
DA:74,10
DA:75,10
DA:76,10
DA:79,10
DA:80,16
DA:84,10
DA:85,303
DA:88,10
DA:97,10
DA:106,6
DA:107,6
DA:108,6
DA:109,6
LF:26
LH:26
BRF:0
BRH:0
end_of_record
TN:
SF:src/utils/dateUtils.ts
FN:7,formatDate
FN:23,isOverdueFollowUp
FN:29,compareDates
FN:37,getTodayString
FNF:4
FNH:4
FNDA:94,formatDate
FNDA:112,isOverdueFollowUp
FNDA:35,compareDates
FNDA:262,getTodayString
DA:8,94
DA:9,13
DA:13,81
DA:14,81
DA:16,81
DA:24,112
DA:30,35
DA:31,35
DA:32,35
DA:33,35
DA:34,35
DA:38,262
LF:12
LH:12
BRDA:8,0,0,13
BRDA:8,0,1,81
BRDA:24,1,0,112
BRDA:24,1,1,5
BRDA:32,2,0,35
BRDA:32,2,1,0
BRDA:32,3,0,0
BRDA:32,3,1,0
BRDA:33,4,0,35
BRDA:33,4,1,0
BRDA:33,5,0,0
BRDA:33,5,1,0
BRDA:34,6,0,3
BRDA:34,6,1,32
BRF:14
BRH:8
end_of_record
TN:
SF:src/utils/downloadUtils.ts
FN:12,downloadFile
FN:29,downloadTextFile
FN:38,downloadJsonFile
FN:48,downloadCsvFile
FNF:4
FNH:4
FNDA:8,downloadFile
FNDA:2,downloadTextFile
FNDA:3,downloadJsonFile
FNDA:2,downloadCsvFile
DA:13,8
DA:14,8
DA:15,8
DA:16,8
DA:17,8
DA:18,8
DA:19,8
DA:20,8
DA:21,8
DA:30,2
DA:39,3
DA:40,3
DA:49,2
LF:13
LH:13
BRDA:29,0,0,2
BRDA:38,1,0,3
BRDA:39,2,0,1
BRDA:39,2,1,2
BRDA:48,3,0,2
BRF:5
BRH:5
end_of_record
TN:
SF:src/utils/dragDataUtils.ts
FN:14,serializeJobData
FN:23,deserializeJobData
FN:38,setJobDragData
FN:52,getJobDragData
FNF:4
FNH:4
FNDA:6,serializeJobData
FNDA:8,deserializeJobData
FNDA:3,setJobDragData
FNDA:4,getJobDragData
DA:7,5
DA:15,6
DA:24,8
DA:25,8
DA:27,4
DA:28,4
DA:43,3
DA:44,3
DA:53,4
DA:54,4
LF:10
LH:10
BRDA:41,0,0,3
BRF:1
BRH:1
end_of_record
TN:
SF:src/utils/salaryUtils.ts
FN:1,parseSalaryRange
FNF:1
FNH:1
FNDA:15,parseSalaryRange
DA:2,15
DA:3,13
DA:5,12
DA:6,15
DA:8,11
DA:9,11
DA:11,11
DA:12,11
DA:13,15
DA:15,15
LF:10
LH:10
BRDA:2,0,0,2
BRDA:2,0,1,13
BRDA:2,1,0,15
BRDA:2,1,1,4
BRDA:3,2,0,1
BRDA:3,2,1,12
BRDA:5,3,0,12
BRDA:5,3,1,1
BRDA:6,4,0,1
BRDA:6,4,1,14
BRDA:9,5,0,0
BRDA:9,5,1,11
BRDA:12,6,0,9
BRDA:12,6,1,2
BRDA:13,7,0,9
BRDA:13,7,1,2
BRDA:15,8,0,15
BRDA:15,8,1,8
BRF:18
BRH:17
end_of_record
TN:
SF:src/utils/stringUtils.ts
FN:3,normalizeUrl
FN:15,compareStrings
FNF:2
FNH:2
FNDA:14,normalizeUrl
FNDA:13,compareStrings
DA:4,14
DA:5,9
DA:8,5
DA:9,2
DA:12,3
DA:16,13
DA:17,13
DA:18,13
LF:8
LH:8
BRDA:4,0,0,9
BRDA:4,0,1,5
BRDA:8,1,0,2
BRDA:8,1,1,3
BRDA:8,2,0,5
BRDA:8,2,1,4
BRDA:18,3,0,11
BRDA:18,3,1,2
BRF:8
BRH:8
end_of_record
TN:
SF:src/views/AnalyticsView.tsx
FN:21,AnalyticsView
FN:28,(anonymous_1)
FN:33,(anonymous_2)
FN:39,(anonymous_3)
FN:49,(anonymous_4)
FN:61,(anonymous_5)
FN:65,(anonymous_6)
FN:69,(anonymous_7)
FN:73,(anonymous_8)
FN:77,(anonymous_9)
FN:88,(anonymous_10)
FN:95,(anonymous_11)
FN:103,(anonymous_12)
FN:184,(anonymous_13)
FN:189,(anonymous_14)
FN:194,(anonymous_15)
FN:210,(anonymous_16)
FN:214,(anonymous_17)
FNF:18
FNH:8
FNDA:150,AnalyticsView
FNDA:600,(anonymous_1)
FNDA:600,(anonymous_2)
FNDA:2,(anonymous_3)
FNDA:0,(anonymous_4)
FNDA:0,(anonymous_5)
FNDA:1,(anonymous_6)
FNDA:0,(anonymous_7)
FNDA:0,(anonymous_8)
FNDA:0,(anonymous_9)
FNDA:0,(anonymous_10)
FNDA:0,(anonymous_11)
FNDA:1,(anonymous_12)
FNDA:0,(anonymous_13)
FNDA:0,(anonymous_14)
FNDA:0,(anonymous_15)
FNDA:16,(anonymous_16)
FNDA:2,(anonymous_17)
DA:22,150
DA:23,150
DA:24,150
DA:25,150
DA:26,150
DA:28,150
DA:29,600
DA:30,578
DA:33,150
DA:34,600
DA:35,578
DA:36,544
DA:39,150
DA:40,2
DA:43,150
DA:49,0
DA:61,0
DA:65,1
DA:69,0
DA:73,0
DA:77,0
DA:88,0
DA:95,0
DA:103,1
DA:184,0
DA:189,0
DA:194,0
DA:211,16
DA:214,2
LF:29
LH:19
BRDA:29,0,0,22
BRDA:29,0,1,578
BRDA:34,1,0,22
BRDA:34,1,1,578
BRDA:35,2,0,34
BRDA:35,2,1,544
BRDA:55,3,0,150
BRDA:55,3,1,136
BRDA:124,4,0,17
BRDA:124,4,1,133
BRDA:139,5,0,1
BRDA:139,5,1,149
BRDA:154,6,0,3
BRDA:154,6,1,147
BRDA:169,7,0,1
BRDA:169,7,1,149
BRDA:203,8,0,150
BRDA:203,8,1,6
BRDA:213,9,0,4
BRDA:213,9,1,12
BRDA:215,10,0,4
BRDA:215,10,1,12
BRDA:216,11,0,4
BRDA:216,11,1,12
BRDA:230,12,0,6
BRDA:230,12,1,1
BRF:26
BRH:26
end_of_record
TN:
SF:src/views/AppShellView.tsx
FN:107,AppShellView
FN:169,(anonymous_1)
FN:175,(anonymous_2)
FN:180,(anonymous_3)
FN:187,(anonymous_4)
FN:203,(anonymous_5)
FN:206,(anonymous_6)
FN:219,(anonymous_7)
FN:225,(anonymous_8)
FN:247,(anonymous_9)
FN:267,(anonymous_10)
FN:268,(anonymous_11)
FN:272,(anonymous_12)
FN:281,(anonymous_13)
FN:284,(anonymous_14)
FN:293,(anonymous_15)
FN:300,(anonymous_16)
FN:374,(anonymous_17)
FNF:18
FNH:9
FNDA:172,AppShellView
FNDA:7,(anonymous_1)
FNDA:3,(anonymous_2)
FNDA:0,(anonymous_3)
FNDA:4,(anonymous_4)
FNDA:0,(anonymous_5)
FNDA:0,(anonymous_6)
FNDA:0,(anonymous_7)
FNDA:0,(anonymous_8)
FNDA:164,(anonymous_9)
FNDA:1376,(anonymous_10)
FNDA:1032,(anonymous_11)
FNDA:4,(anonymous_12)
FNDA:0,(anonymous_13)
FNDA:0,(anonymous_14)
FNDA:0,(anonymous_15)
FNDA:0,(anonymous_16)
FNDA:19,(anonymous_17)
DA:28,1
DA:167,172
DA:169,172
DA:170,7
DA:171,1
DA:175,172
DA:176,3
DA:177,3
DA:180,172
DA:181,0
DA:182,0
DA:185,172
DA:187,172
DA:188,4
DA:189,4
DA:190,4
DA:194,172
DA:203,0
DA:206,0
DA:219,0
DA:225,0
DA:247,164
DA:267,1376
DA:269,1032
DA:272,4
DA:281,0
DA:284,0
DA:293,0
DA:300,0
DA:374,19
LF:30
LH:20
BRDA:170,0,0,1
BRDA:170,0,1,6
BRDA:185,1,0,172
BRDA:185,1,1,120
BRDA:185,1,2,92
BRDA:189,2,0,4
BRDA:189,2,1,0
BRDA:202,3,0,0
BRDA:202,3,1,172
BRDA:204,4,0,0
BRDA:204,4,1,172
BRDA:267,5,0,1376
BRDA:267,5,1,1204
BRDA:271,6,0,172
BRDA:271,6,1,860
BRDA:276,7,0,0
BRDA:276,7,1,1032
BRDA:276,8,0,1032
BRDA:276,8,1,172
BRDA:303,9,0,172
BRDA:303,9,1,4
BRDA:325,10,0,172
BRDA:325,10,1,38
BRDA:330,11,0,38
BRDA:330,11,1,0
BRDA:334,12,0,172
BRDA:334,12,1,0
BRDA:344,13,0,172
BRDA:344,13,1,0
BRDA:345,14,0,172
BRDA:345,14,1,134
BRDA:346,15,0,172
BRDA:346,15,1,0
BRDA:358,16,0,172
BRDA:358,16,1,0
BRDA:372,17,0,172
BRDA:372,17,1,123
BRDA:377,18,0,17
BRDA:377,18,1,106
BRDA:378,19,0,123
BRDA:378,19,1,0
BRDA:395,20,0,172
BRDA:395,20,1,0
BRF:43
BRH:32
end_of_record
TN:
SF:src/views/CalendarView.tsx
FN:17,CalendarView
FN:19,(anonymous_1)
FN:28,(anonymous_2)
FN:45,(anonymous_3)
FN:49,(anonymous_4)
FN:57,(anonymous_5)
FN:63,(anonymous_6)
FN:85,(anonymous_7)
FN:91,(anonymous_8)
FN:109,(anonymous_9)
FN:114,(anonymous_10)
FNF:11
FNH:11
FNDA:6,CalendarView
FNDA:4,(anonymous_1)
FNDA:4,(anonymous_2)
FNDA:1,(anonymous_3)
FNDA:1,(anonymous_4)
FNDA:185,(anonymous_5)
FNDA:185,(anonymous_6)
FNDA:42,(anonymous_7)
FNDA:188,(anonymous_8)
FNDA:4,(anonymous_9)
FNDA:1,(anonymous_10)
DA:19,6
DA:20,4
DA:21,4
DA:22,3
DA:24,4
DA:28,6
DA:29,4
DA:30,1
DA:31,1
DA:32,1
DA:34,3
DA:37,6
DA:38,6
DA:40,6
DA:41,6
DA:42,6
DA:45,6
DA:46,1
DA:49,6
DA:50,1
DA:54,6
DA:57,6
DA:58,185
DA:59,185
DA:63,6
DA:64,185
DA:65,185
DA:68,6
DA:70,6
DA:86,42
DA:92,188
DA:93,188
DA:94,188
DA:95,188
DA:97,188
DA:110,4
DA:114,1
LF:37
LH:37
BRDA:29,0,0,1
BRDA:29,0,1,3
BRDA:59,1,0,185
BRDA:59,1,1,182
BRDA:92,2,0,185
BRDA:92,2,1,3
BRDA:94,3,0,185
BRDA:94,3,1,3
BRDA:95,4,0,188
BRDA:95,4,1,3
BRDA:100,5,0,3
BRDA:100,5,1,185
BRDA:100,6,0,3
BRDA:100,6,1,185
BRDA:100,7,0,0
BRDA:100,7,1,188
BRDA:102,8,0,188
BRDA:102,8,1,185
BRDA:106,9,0,185
BRDA:106,9,1,0
BRDA:121,10,0,185
BRDA:121,10,1,1
BRDA:132,11,0,6
BRDA:132,11,1,3
BRF:24
BRH:22
end_of_record
TN:
SF:src/views/CompareView.tsx
FN:12,CompareView
FN:43,(anonymous_1)
FN:63,(anonymous_2)
FN:71,(anonymous_3)
FN:79,(anonymous_4)
FN:87,(anonymous_5)
FN:95,(anonymous_6)
FN:103,(anonymous_7)
FN:119,(anonymous_8)
FN:127,(anonymous_9)
FN:135,(anonymous_10)
FN:143,(anonymous_11)
FN:151,(anonymous_12)
FN:165,(anonymous_13)
FN:173,(anonymous_14)
FNF:15
FNH:15
FNDA:5,CompareView
FNDA:6,(anonymous_1)
FNDA:2,(anonymous_2)
FNDA:2,(anonymous_3)
FNDA:2,(anonymous_4)
FNDA:2,(anonymous_5)
FNDA:2,(anonymous_6)
FNDA:2,(anonymous_7)
FNDA:6,(anonymous_8)
FNDA:6,(anonymous_9)
FNDA:6,(anonymous_10)
FNDA:6,(anonymous_11)
FNDA:6,(anonymous_12)
FNDA:6,(anonymous_13)
FNDA:6,(anonymous_14)
DA:13,5
DA:14,1
DA:27,4
DA:29,4
DA:44,6
DA:64,2
DA:72,2
DA:80,2
DA:88,2
DA:96,2
DA:104,2
DA:120,6
DA:128,6
DA:136,6
DA:144,6
DA:152,6
DA:166,6
DA:174,6
LF:18
LH:18
BRDA:12,0,0,5
BRDA:13,1,0,1
BRDA:13,1,1,4
BRDA:54,2,0,4
BRDA:54,2,1,1
BRDA:73,3,0,1
BRDA:73,3,1,1
BRDA:81,4,0,1
BRDA:81,4,1,1
BRDA:89,5,0,1
BRDA:89,5,1,1
BRDA:97,6,0,1
BRDA:97,6,1,1
BRDA:105,7,0,1
BRDA:105,7,1,1
BRDA:137,8,0,6
BRDA:137,8,1,0
BRDA:145,9,0,6
BRDA:145,9,1,0
BRDA:153,10,0,6
BRDA:153,10,1,0
BRDA:154,11,0,6
BRDA:154,11,1,6
BRDA:167,12,0,6
BRDA:167,12,1,0
BRDA:175,13,0,6
BRDA:175,13,1,1
BRDA:183,14,0,6
BRDA:183,14,1,1
BRDA:188,15,0,6
BRDA:188,15,1,5
BRDA:188,15,2,5
BRF:32
BRH:28
end_of_record
TN:
SF:src/views/DashboardView.tsx
FN:7,DashboardView
FN:10,(anonymous_1)
FNF:2
FNH:2
FNDA:3,DashboardView
FNDA:18,(anonymous_1)
DA:8,3
DA:11,18
LF:2
LH:2
BRDA:13,0,0,18
BRDA:13,0,1,5
BRF:2
BRH:2
end_of_record
TN:
SF:src/views/ProfileView.tsx
FN:43,ProfileView
FN:44,(anonymous_1)
FN:50,(anonymous_2)
FN:51,(anonymous_3)
FN:56,(anonymous_4)
FN:57,(anonymous_5)
FN:60,(anonymous_6)
FN:67,(anonymous_7)
FN:77,(anonymous_8)
FN:89,(anonymous_9)
FN:98,(anonymous_10)
FN:123,(anonymous_11)
FN:133,(anonymous_12)
FN:145,(anonymous_13)
FN:159,(anonymous_14)
FN:180,(anonymous_15)
FN:190,(anonymous_16)
FN:200,(anonymous_17)
FN:203,(anonymous_18)
FN:215,(anonymous_19)
FN:218,(anonymous_20)
FN:229,(anonymous_21)
FN:240,(anonymous_22)
FN:243,(anonymous_23)
FN:254,(anonymous_24)
FN:259,(anonymous_25)
FN:281,(anonymous_26)
FN:296,(anonymous_27)
FNF:28
FNH:12
FNDA:25,ProfileView
FNDA:7,(anonymous_1)
FNDA:10,(anonymous_2)
FNDA:10,(anonymous_3)
FNDA:1,(anonymous_4)
FNDA:1,(anonymous_5)
FNDA:0,(anonymous_6)
FNDA:2,(anonymous_7)
FNDA:1,(anonymous_8)
FNDA:3,(anonymous_9)
FNDA:0,(anonymous_10)
FNDA:10,(anonymous_11)
FNDA:0,(anonymous_12)
FNDA:0,(anonymous_13)
FNDA:0,(anonymous_14)
FNDA:0,(anonymous_15)
FNDA:0,(anonymous_16)
FNDA:0,(anonymous_17)
FNDA:0,(anonymous_18)
FNDA:0,(anonymous_19)
FNDA:0,(anonymous_20)
FNDA:0,(anonymous_21)
FNDA:0,(anonymous_22)
FNDA:0,(anonymous_23)
FNDA:750,(anonymous_24)
FNDA:1,(anonymous_25)
FNDA:0,(anonymous_26)
FNDA:0,(anonymous_27)
DA:10,2
DA:44,25
DA:45,25
DA:46,25
DA:47,25
DA:48,25
DA:50,25
DA:51,10
DA:52,10
DA:53,10
DA:56,25
DA:57,1
DA:58,1
DA:59,1
DA:60,0
DA:62,1
DA:64,1
DA:67,25
DA:68,2
DA:69,2
DA:71,2
DA:72,2
DA:74,2
DA:75,2
DA:76,1
DA:77,1
DA:78,1
DA:80,1
DA:82,2
DA:83,2
DA:84,2
DA:89,25
DA:90,3
DA:91,3
DA:95,3
DA:96,3
DA:97,3
DA:98,3
DA:100,1
DA:104,25
DA:123,10
DA:133,0
DA:146,0
DA:160,0
DA:180,0
DA:190,0
DA:201,0
DA:203,0
DA:216,0
DA:218,0
DA:229,0
DA:241,0
DA:243,0
DA:255,750
DA:259,1
DA:281,0
DA:296,0
LF:57
LH:42
BRDA:58,0,0,1
BRDA:58,0,1,0
BRDA:59,1,0,0
BRDA:59,1,1,1
BRDA:69,2,0,0
BRDA:69,2,1,2
BRDA:80,3,0,1
BRDA:80,3,1,0
BRDA:83,4,0,2
BRDA:83,4,1,0
BRDA:100,5,0,1
BRDA:100,5,1,0
BRDA:122,6,0,25
BRDA:122,6,1,1
BRDA:132,7,0,25
BRDA:132,7,1,0
BRDA:144,8,0,25
BRDA:144,8,1,24
BRDA:148,9,0,0
BRDA:148,9,1,0
BRDA:158,10,0,25
BRDA:158,10,1,25
BRDA:160,11,0,0
BRDA:160,11,1,0
BRDA:179,12,0,25
BRDA:179,12,1,25
BRDA:189,13,0,25
BRDA:189,13,1,25
BRDA:199,14,0,25
BRDA:199,14,1,0
BRDA:203,15,0,0
BRDA:203,15,1,0
BRDA:214,16,0,25
BRDA:214,16,1,0
BRDA:218,17,0,0
BRDA:218,17,1,0
BRDA:228,18,0,25
BRDA:228,18,1,25
BRDA:239,19,0,25
BRDA:239,19,1,25
BRDA:243,20,0,0
BRDA:243,20,1,0
BRDA:258,21,0,750
BRDA:258,21,1,722
BRDA:284,22,0,2
BRDA:284,22,1,23
BRDA:290,23,0,25
BRDA:290,23,1,1
BRDA:306,24,0,25
BRDA:306,24,1,3
BRDA:307,25,0,25
BRDA:307,25,1,3
BRF:52
BRH:33
end_of_record
TN:
SF:src/views/SettingsView.tsx
FN:44,formatHealthTimestamp
FN:53,SettingsView
FN:54,(anonymous_2)
FN:55,(anonymous_3)
FN:72,(anonymous_4)
FN:73,(anonymous_5)
FN:75,(anonymous_6)
FN:78,(anonymous_7)
FN:81,(anonymous_8)
FN:84,(anonymous_9)
FN:89,(anonymous_10)
FN:90,(anonymous_11)
FN:95,(anonymous_12)
FN:102,(anonymous_13)
FN:108,(anonymous_14)
FN:114,(anonymous_15)
FN:127,(anonymous_16)
FN:148,(anonymous_17)
FN:169,(anonymous_18)
FN:175,(anonymous_19)
FN:179,(anonymous_20)
FN:184,(anonymous_21)
FN:209,(anonymous_22)
FN:214,(anonymous_23)
FN:223,(anonymous_24)
FN:231,(anonymous_25)
FN:235,(anonymous_26)
FN:310,(anonymous_27)
FN:324,(anonymous_28)
FN:338,(anonymous_29)
FN:358,(anonymous_30)
FN:371,(anonymous_31)
FN:388,(anonymous_32)
FN:400,(anonymous_33)
FN:435,(anonymous_34)
FN:454,(anonymous_35)
FN:464,(anonymous_36)
FN:503,(anonymous_37)
FN:553,(anonymous_38)
FNF:39
FNH:19
FNDA:58,formatHealthTimestamp
FNDA:29,SettingsView
FNDA:7,(anonymous_2)
FNDA:7,(anonymous_3)
FNDA:7,(anonymous_4)
FNDA:7,(anonymous_5)
FNDA:7,(anonymous_6)
FNDA:7,(anonymous_7)
FNDA:0,(anonymous_8)
FNDA:7,(anonymous_9)
FNDA:0,(anonymous_10)
FNDA:0,(anonymous_11)
FNDA:0,(anonymous_12)
FNDA:0,(anonymous_13)
FNDA:1,(anonymous_14)
FNDA:1,(anonymous_15)
FNDA:1,(anonymous_16)
FNDA:1,(anonymous_17)
FNDA:1,(anonymous_18)
FNDA:0,(anonymous_19)
FNDA:1,(anonymous_20)
FNDA:1,(anonymous_21)
FNDA:1,(anonymous_22)
FNDA:1,(anonymous_23)
FNDA:0,(anonymous_24)
FNDA:0,(anonymous_25)
FNDA:0,(anonymous_26)
FNDA:0,(anonymous_27)
FNDA:0,(anonymous_28)
FNDA:0,(anonymous_29)
FNDA:0,(anonymous_30)
FNDA:0,(anonymous_31)
FNDA:0,(anonymous_32)
FNDA:0,(anonymous_33)
FNDA:0,(anonymous_34)
FNDA:0,(anonymous_35)
FNDA:29,(anonymous_36)
FNDA:0,(anonymous_37)
FNDA:0,(anonymous_38)
DA:41,2
DA:42,2
DA:45,58
DA:46,50
DA:49,8
DA:50,8
DA:54,29
DA:55,29
DA:56,29
DA:57,29
DA:58,29
DA:59,29
DA:60,29
DA:61,29
DA:62,29
DA:63,29
DA:64,29
DA:65,29
DA:66,29
DA:67,29
DA:68,29
DA:69,29
DA:70,29
DA:71,29
DA:72,29
DA:73,29
DA:75,29
DA:76,7
DA:77,7
DA:79,7
DA:82,0
DA:85,7
DA:89,29
DA:90,0
DA:91,0
DA:92,0
DA:95,29
DA:96,0
DA:97,0
DA:98,0
DA:99,0
DA:100,0
DA:101,0
DA:102,0
DA:104,0
DA:108,29
DA:109,1
DA:110,1
DA:112,1
DA:113,1
DA:114,1
DA:119,1
DA:121,0
DA:123,1
DA:127,29
DA:128,1
DA:129,1
DA:131,1
DA:132,1
DA:133,1
DA:134,1
DA:135,1
DA:136,1
DA:137,1
DA:139,0
DA:142,0
DA:144,1
DA:148,29
DA:149,1
DA:150,1
DA:152,1
DA:153,1
DA:154,1
DA:155,1
DA:156,1
DA:157,1
DA:158,1
DA:160,0
DA:163,0
DA:165,1
DA:169,29
DA:170,1
DA:171,1
DA:172,1
DA:175,29
DA:176,0
DA:179,29
DA:180,1
DA:181,1
DA:183,1
DA:184,1
DA:185,1
DA:186,1
DA:187,1
DA:188,0
DA:189,0
DA:190,0
DA:191,0
DA:192,0
DA:193,0
DA:196,1
DA:197,1
DA:198,1
DA:199,1
DA:200,1
DA:201,1
DA:202,1
DA:205,1
DA:206,1
DA:209,29
DA:210,1
DA:211,0
DA:214,1
DA:215,1
DA:216,1
DA:217,1
DA:218,1
DA:219,1
DA:220,1
DA:223,29
DA:224,0
DA:225,0
DA:226,0
DA:227,0
DA:231,29
DA:232,0
DA:235,29
DA:236,0
DA:239,29
DA:310,0
DA:324,0
DA:338,0
DA:358,0
DA:371,0
DA:388,0
DA:400,0
DA:435,0
DA:455,0
DA:465,29
DA:466,29
DA:467,29
DA:503,0
DA:553,0
LF:143
LH:101
BRDA:45,0,0,50
BRDA:45,0,1,8
BRDA:50,1,0,0
BRDA:50,1,1,8
BRDA:82,2,0,0
BRDA:82,2,1,0
BRDA:104,3,0,0
BRDA:104,3,1,0
BRDA:115,4,0,1
BRDA:115,4,1,0
BRDA:119,5,0,1
BRDA:119,5,1,0
BRDA:121,6,0,0
BRDA:121,6,1,0
BRDA:133,7,0,1
BRDA:133,7,1,0
BRDA:142,8,0,0
BRDA:142,8,1,0
BRDA:154,9,0,1
BRDA:154,9,1,0
BRDA:163,10,0,0
BRDA:163,10,1,0
BRDA:181,11,0,0
BRDA:181,11,1,1
BRDA:185,12,0,1
BRDA:185,12,1,0
BRDA:187,13,0,0
BRDA:187,13,1,1
BRDA:210,14,0,0
BRDA:210,14,1,1
BRDA:225,15,0,0
BRDA:225,15,1,0
BRDA:267,16,0,29
BRDA:267,16,1,15
BRDA:267,17,0,8
BRDA:267,17,1,7
BRDA:279,18,0,1
BRDA:279,18,1,28
BRDA:287,19,0,1
BRDA:287,19,1,28
BRDA:297,20,0,29
BRDA:297,20,1,2
BRDA:348,21,0,29
BRDA:348,21,1,5
BRDA:370,22,0,5
BRDA:370,22,1,0
BRDA:379,23,0,29
BRDA:379,23,1,0
BRDA:387,24,0,0
BRDA:387,24,1,0
BRDA:399,25,0,0
BRDA:399,25,1,0
BRDA:417,26,0,1
BRDA:417,26,1,28
BRDA:425,27,0,29
BRDA:425,27,1,1
BRDA:455,28,0,0
BRDA:455,28,1,0
BRDA:461,29,0,29
BRDA:461,29,1,29
BRDA:467,30,0,0
BRDA:467,30,1,29
BRDA:471,31,0,0
BRDA:471,31,1,0
BRDA:510,32,0,29
BRDA:510,32,1,2
BRDA:517,33,0,29
BRDA:517,33,1,0
BRDA:517,33,2,0
BRDA:517,33,3,0
BRDA:534,34,0,29
BRDA:534,34,1,3
BRDA:538,35,0,29
BRDA:538,35,1,0
BRDA:539,36,0,29
BRDA:539,36,1,0
BRDA:551,37,0,29
BRDA:551,37,1,2
BRDA:551,37,2,2
BRF:79
BRH:42
end_of_record
TN:
SF:src/views/TableView.tsx
FN:8,TableView
FNF:1
FNH:1
FNDA:38,TableView
DA:17,38
DA:18,38
DA:20,38
LF:3
LH:3
BRDA:36,0,0,38
BRDA:36,0,1,6
BRDA:36,0,2,6
BRF:3
BRH:3
end_of_record
TN:
SF:src/views/table/TableBody.tsx
FN:8,TableBody
FN:13,(anonymous_1)
FNF:2
FNH:2
FNDA:38,TableBody
FNDA:53,(anonymous_1)
DA:9,38
DA:11,38
DA:14,53
LF:3
LH:3
BRF:0
BRH:0
end_of_record
TN:
SF:src/views/table/TableBulkActions.tsx
FN:3,TableBulkActions
FNF:1
FNH:1
FNDA:38,TableBulkActions
DA:4,38
DA:6,38
DA:7,31
DA:10,7
LF:4
LH:4
BRDA:6,0,0,31
BRDA:6,0,1,7
BRDA:14,1,0,4
BRDA:14,1,1,3
BRF:4
BRH:4
end_of_record
TN:
SF:src/views/table/TableHeader.tsx
FN:4,TableHeader
FNF:1
FNH:1
FNDA:38,TableHeader
DA:5,38
DA:8,38
LF:2
LH:2
BRF:0
BRH:0
end_of_record
TN:
SF:src/views/table/TableRow.tsx
FN:13,TableRow
FN:17,(anonymous_1)
FN:22,(anonymous_2)
FN:23,(anonymous_3)
FN:47,(anonymous_4)
FN:56,(anonymous_5)
FN:66,(anonymous_6)
FNF:7
FNH:5
FNDA:53,TableRow
FNDA:0,(anonymous_1)
FNDA:2,(anonymous_2)
FNDA:2,(anonymous_3)
FNDA:0,(anonymous_4)
FNDA:1,(anonymous_5)
FNDA:1,(anonymous_6)
DA:14,53
DA:16,53
DA:17,0
DA:22,2
DA:23,2
DA:48,0
DA:49,0
DA:57,1
DA:58,1
DA:67,1
DA:68,1
LF:11
LH:8
BRDA:17,0,0,0
BRDA:17,0,1,53
BRDA:38,1,0,53
BRDA:38,1,1,52
BRDA:39,2,0,0
BRDA:39,2,1,53
BRDA:39,3,0,53
BRDA:39,3,1,0
BRF:8
BRH:5
end_of_record
TN:
SF:src/views/table/TableViewContext.tsx
FN:33,TableViewProvider
FN:43,useTableViewContext
FNF:2
FNH:2
FNDA:39,TableViewProvider
FNDA:209,useTableViewContext
DA:31,2
DA:40,39
DA:44,209
DA:45,209
DA:46,2
DA:49,206
LF:6
LH:6
BRDA:45,0,0,2
BRDA:45,0,1,207
BRF:2
BRH:2
end_of_record
