TN:
SF:src/App.tsx
FN:47,App
FN:80,(anonymous_1)
FN:83,hydrateFromStorage
FN:99,(anonymous_3)
FN:104,(anonymous_4)
FN:115,persistJobs
FN:131,(anonymous_6)
FN:162,(anonymous_7)
FN:163,(anonymous_8)
FN:166,(anonymous_9)
FN:166,(anonymous_10)
FN:168,(anonymous_11)
FN:168,(anonymous_12)
FN:172,(anonymous_13)
FN:178,(anonymous_14)
FN:184,(anonymous_15)
FN:188,handleSubmitJob
FN:195,(anonymous_17)
FN:197,(anonymous_18)
FN:202,handleEditJob
FN:206,handleRemoveJob
FN:207,(anonymous_21)
FN:216,handleQuickMove
FN:217,(anonymous_23)
FN:220,toggleJobSelection
FN:221,(anonymous_25)
FN:232,toggleSelectAllVisible
FN:237,(anonymous_27)
FN:254,bulkDeleteSelected
FN:258,(anonymous_29)
FN:259,(anonymous_30)
FN:260,(anonymous_31)
FN:273,undo
FN:276,(anonymous_33)
FN:287,handleExport
FN:298,handleImportClick
FN:302,handleImportFile
FN:308,(anonymous_37)
FN:318,(anonymous_38)
FN:336,showOverdueOnly
FN:341,openViewOnly
FN:345,closeViewOnly
FN:349,clearAdvancedFilters
FN:358,handleSort
FN:360,(anonymous_44)
FN:396,(anonymous_45)
FN:416,(anonymous_46)
FN:419,(anonymous_47)
FN:428,(anonymous_48)
FN:435,(anonymous_49)
FN:459,(anonymous_50)
FN:463,(anonymous_51)
FN:474,(anonymous_52)
FN:474,(anonymous_53)
FNF:54
FNH:20
FNDA:128,App
FNDA:5,(anonymous_1)
FNDA:5,hydrateFromStorage
FNDA:5,(anonymous_3)
FNDA:13,(anonymous_4)
FNDA:7,persistJobs
FNDA:7,(anonymous_6)
FNDA:6,(anonymous_7)
FNDA:6,(anonymous_8)
FNDA:14,(anonymous_9)
FNDA:17,(anonymous_10)
FNDA:14,(anonymous_11)
FNDA:17,(anonymous_12)
FNDA:14,(anonymous_13)
FNDA:5,(anonymous_14)
FNDA:6,(anonymous_15)
FNDA:3,handleSubmitJob
FNDA:0,(anonymous_17)
FNDA:3,(anonymous_18)
FNDA:0,handleEditJob
FNDA:0,handleRemoveJob
FNDA:0,(anonymous_21)
FNDA:0,handleQuickMove
FNDA:0,(anonymous_23)
FNDA:0,toggleJobSelection
FNDA:0,(anonymous_25)
FNDA:0,toggleSelectAllVisible
FNDA:0,(anonymous_27)
FNDA:0,bulkDeleteSelected
FNDA:0,(anonymous_29)
FNDA:0,(anonymous_30)
FNDA:0,(anonymous_31)
FNDA:0,undo
FNDA:0,(anonymous_33)
FNDA:0,handleExport
FNDA:0,handleImportClick
FNDA:0,handleImportFile
FNDA:0,(anonymous_37)
FNDA:0,(anonymous_38)
FNDA:0,showOverdueOnly
FNDA:0,openViewOnly
FNDA:0,closeViewOnly
FNDA:0,clearAdvancedFilters
FNDA:0,handleSort
FNDA:0,(anonymous_44)
FNDA:69,(anonymous_45)
FNDA:0,(anonymous_46)
FNDA:0,(anonymous_47)
FNDA:0,(anonymous_48)
FNDA:0,(anonymous_49)
FNDA:512,(anonymous_50)
FNDA:0,(anonymous_51)
FNDA:0,(anonymous_52)
FNDA:0,(anonymous_53)
DA:40,1
DA:48,128
DA:49,128
DA:50,128
DA:51,128
DA:52,128
DA:53,128
DA:55,128
DA:56,128
DA:57,128
DA:58,128
DA:59,128
DA:60,128
DA:61,128
DA:62,128
DA:63,128
DA:64,128
DA:65,128
DA:66,128
DA:67,128
DA:68,128
DA:69,128
DA:70,128
DA:71,128
DA:74,128
DA:77,128
DA:80,128
DA:81,5
DA:84,5
DA:85,5
DA:86,0
DA:89,5
DA:90,5
DA:92,5
DA:93,1
DA:97,5
DA:99,5
DA:100,5
DA:104,128
DA:105,13
DA:106,6
DA:109,7
DA:110,7
DA:111,7
DA:113,7
DA:116,7
DA:117,7
DA:119,0
DA:120,0
DA:123,7
DA:124,7
DA:129,7
DA:131,7
DA:132,7
DA:137,128
DA:148,128
DA:154,128
DA:160,128
DA:162,128
DA:163,6
DA:166,128
DA:167,128
DA:168,17
DA:171,128
DA:172,14
DA:175,128
DA:176,128
DA:178,128
DA:179,5
DA:180,0
DA:184,128
DA:185,6
DA:189,3
DA:190,3
DA:191,0
DA:194,3
DA:195,0
DA:197,3
DA:199,3
DA:203,0
DA:207,0
DA:208,0
DA:209,0
DA:211,0
DA:212,0
DA:217,0
DA:221,0
DA:222,0
DA:223,0
DA:224,0
DA:226,0
DA:228,0
DA:233,0
DA:234,0
DA:237,0
DA:238,0
DA:240,0
DA:241,0
DA:242,0
DA:245,0
DA:246,0
DA:250,0
DA:255,0
DA:257,0
DA:258,0
DA:259,0
DA:260,0
DA:261,0
DA:262,0
DA:263,0
DA:265,0
DA:267,0
DA:274,0
DA:276,0
DA:277,0
DA:278,0
DA:279,0
DA:280,0
DA:282,0
DA:284,0
DA:288,0
DA:289,0
DA:290,0
DA:291,0
DA:292,0
DA:294,0
DA:299,0
DA:303,0
DA:304,0
DA:305,0
DA:307,0
DA:308,0
DA:309,0
DA:310,0
DA:311,0
DA:312,0
DA:313,0
DA:314,0
DA:317,0
DA:318,0
DA:319,0
DA:320,0
DA:321,0
DA:322,0
DA:327,0
DA:330,0
DA:333,0
DA:337,0
DA:338,0
DA:342,0
DA:346,0
DA:350,0
DA:351,0
DA:352,0
DA:353,0
DA:354,0
DA:355,0
DA:359,0
DA:360,0
DA:361,0
DA:364,0
DA:365,0
DA:368,128
DA:396,69
DA:416,0
DA:419,0
DA:428,0
DA:435,0
DA:460,512
DA:463,0
DA:474,0
LF:171
LH:76
BRDA:85,0,0,0
BRDA:85,0,1,5
BRDA:92,1,0,1
BRDA:92,1,1,4
BRDA:105,2,0,6
BRDA:105,2,1,7
BRDA:119,3,0,0
BRDA:119,3,1,0
BRDA:123,4,0,7
BRDA:123,4,1,0
BRDA:123,5,0,7
BRDA:123,5,1,7
BRDA:175,6,0,128
BRDA:175,6,1,40
BRDA:176,7,0,128
BRDA:176,7,1,0
BRDA:179,8,0,0
BRDA:179,8,1,5
BRDA:190,9,0,0
BRDA:190,9,1,3
BRDA:194,10,0,0
BRDA:194,10,1,3
BRDA:208,11,0,0
BRDA:208,11,1,0
BRDA:211,12,0,0
BRDA:211,12,1,0
BRDA:223,13,0,0
BRDA:223,13,1,0
BRDA:233,14,0,0
BRDA:233,14,1,0
BRDA:240,15,0,0
BRDA:240,15,1,0
BRDA:255,16,0,0
BRDA:255,16,1,0
BRDA:268,17,0,0
BRDA:268,17,1,0
BRDA:274,18,0,0
BRDA:274,18,1,0
BRDA:279,19,0,0
BRDA:279,19,1,0
BRDA:289,20,0,0
BRDA:289,20,1,0
BRDA:305,21,0,0
BRDA:305,21,1,0
BRDA:312,22,0,0
BRDA:312,22,1,0
BRDA:323,23,0,0
BRDA:323,23,1,0
BRDA:359,24,0,0
BRDA:359,24,1,0
BRDA:360,25,0,0
BRDA:360,25,1,0
BRDA:365,26,0,0
BRDA:365,26,1,0
BRDA:365,27,0,0
BRDA:365,27,1,0
BRDA:412,28,0,0
BRDA:412,28,1,128
BRDA:413,29,0,128
BRDA:413,29,1,3
BRDA:438,30,0,128
BRDA:438,30,1,0
BRDA:462,31,0,128
BRDA:462,31,1,384
BRDA:491,32,0,128
BRDA:491,32,1,0
BRDA:518,33,0,128
BRDA:518,33,1,0
BRDA:528,34,0,128
BRDA:528,34,1,0
BRDA:530,35,0,128
BRDA:530,35,1,128
BRDA:534,36,0,128
BRDA:534,36,1,0
BRF:74
BRH:26
end_of_record
TN:
SF:src/KanbanBoard.tsx
FN:12,KanbanBoard
FN:15,(anonymous_1)
FNF:2
FNH:0
FNDA:0,KanbanBoard
FNDA:0,(anonymous_1)
DA:13,0
DA:16,0
LF:2
LH:0
BRDA:19,0,0,0
BRDA:19,0,1,0
BRF:2
BRH:0
end_of_record
TN:
SF:src/KanbanCard.tsx
FN:11,KanbanCard
FN:12,(anonymous_1)
FN:17,(anonymous_2)
FN:27,(anonymous_3)
FN:30,(anonymous_4)
FN:42,(anonymous_5)
FN:43,(anonymous_6)
FN:55,(anonymous_7)
FN:58,(anonymous_8)
FNF:9
FNH:0
FNDA:0,KanbanCard
FNDA:0,(anonymous_1)
FNDA:0,(anonymous_2)
FNDA:0,(anonymous_3)
FNDA:0,(anonymous_4)
FNDA:0,(anonymous_5)
FNDA:0,(anonymous_6)
FNDA:0,(anonymous_7)
FNDA:0,(anonymous_8)
DA:12,0
DA:13,0
DA:14,0
DA:17,0
DA:18,0
DA:21,0
DA:27,0
DA:31,0
DA:32,0
DA:33,0
DA:42,0
DA:43,0
DA:55,0
DA:58,0
LF:14
LH:0
BRDA:31,0,0,0
BRDA:31,0,1,0
BRDA:31,1,0,0
BRDA:31,1,1,0
BRF:4
BRH:0
end_of_record
TN:
SF:src/KanbanColumn.tsx
FN:14,KanbanColumn
FN:24,(anonymous_1)
FN:30,(anonymous_2)
FN:37,(anonymous_3)
FN:64,(anonymous_4)
FNF:5
FNH:0
FNDA:0,KanbanColumn
FNDA:0,(anonymous_1)
FNDA:0,(anonymous_2)
FNDA:0,(anonymous_3)
FNDA:0,(anonymous_4)
DA:22,0
DA:24,0
DA:25,0
DA:26,0
DA:27,0
DA:30,0
DA:32,0
DA:33,0
DA:37,0
DA:38,0
DA:39,0
DA:41,0
DA:42,0
DA:43,0
DA:45,0
DA:46,0
DA:49,0
DA:53,0
DA:65,0
LF:19
LH:0
BRDA:32,0,0,0
BRDA:32,0,1,0
BRDA:45,1,0,0
BRDA:45,1,1,0
BRDA:55,2,0,0
BRDA:55,2,1,0
BRDA:74,3,0,0
BRDA:74,3,1,0
BRF:8
BRH:0
end_of_record
TN:
SF:src/Toast.tsx
FN:10,Toast
FN:11,(anonymous_1)
FN:12,(anonymous_2)
FN:16,(anonymous_3)
FN:31,ToastContainer
FN:34,(anonymous_5)
FNF:6
FNH:5
FNDA:1,Toast
FNDA:1,(anonymous_1)
FNDA:0,(anonymous_2)
FNDA:1,(anonymous_3)
FNDA:123,ToastContainer
FNDA:1,(anonymous_5)
DA:11,1
DA:12,1
DA:13,0
DA:16,1
DA:19,1
DA:32,123
DA:35,1
LF:7
LH:6
BRF:0
BRH:0
end_of_record
TN:
SF:src/domain.ts
FN:46,createJobFromDraft
FNF:1
FNH:1
FNDA:6,createJobFromDraft
DA:1,4
DA:32,4
DA:47,6
DA:49,6
LF:4
LH:4
BRF:0
BRH:0
end_of_record
TN:
SF:src/exportImport.ts
FN:14,exportToJson
FN:18,exportToCsv
FN:35,(anonymous_2)
FN:47,(anonymous_3)
FN:50,downloadFile
FN:62,importFromJson
FN:70,(anonymous_6)
FN:84,parseCsv
FN:115,(anonymous_8)
FN:127,(anonymous_9)
FN:134,normalizeHeader
FN:138,toRowObject
FN:139,(anonymous_12)
FN:145,pickValue
FN:155,coerceToJobStatus
FN:163,importFromCsv
FN:206,importJobsFromFile
FN:216,mergeImportedJobs
FN:233,(anonymous_18)
FNF:19
FNH:14
FNDA:0,exportToJson
FNDA:0,exportToCsv
FNDA:0,(anonymous_2)
FNDA:0,(anonymous_3)
FNDA:0,downloadFile
FNDA:1,importFromJson
FNDA:1,(anonymous_6)
FNDA:3,parseCsv
FNDA:6,(anonymous_8)
FNDA:3,(anonymous_9)
FNDA:17,normalizeHeader
FNDA:5,toRowObject
FNDA:25,(anonymous_12)
FNDA:50,pickValue
FNDA:5,coerceToJobStatus
FNDA:3,importFromCsv
FNDA:2,importJobsFromFile
FNDA:3,mergeImportedJobs
FNDA:2,(anonymous_18)
DA:15,0
DA:19,0
DA:20,0
DA:23,0
DA:35,0
DA:47,0
DA:51,0
DA:52,0
DA:53,0
DA:54,0
DA:55,0
DA:56,0
DA:57,0
DA:58,0
DA:59,0
DA:63,1
DA:64,1
DA:65,1
DA:66,0
DA:69,1
DA:71,1
DA:80,0
DA:85,3
DA:86,3
DA:87,3
DA:88,3
DA:90,3
DA:91,472
DA:92,472
DA:94,472
DA:95,50
DA:96,0
DA:97,0
DA:99,50
DA:101,50
DA:104,422
DA:105,34
DA:106,34
DA:107,34
DA:110,388
DA:111,5
DA:112,0
DA:114,5
DA:115,6
DA:116,5
DA:118,5
DA:119,5
DA:120,5
DA:123,383
DA:126,472
DA:127,472
DA:128,3
DA:131,3
DA:135,17
DA:139,5
DA:140,25
DA:141,25
DA:146,50
DA:147,55
DA:148,55
DA:149,23
DA:152,27
DA:156,5
DA:157,5
DA:158,5
DA:160,0
DA:164,3
DA:165,3
DA:166,0
DA:169,3
DA:170,3
DA:171,3
DA:173,3
DA:174,5
DA:175,5
DA:176,5
DA:177,5
DA:178,5
DA:179,5
DA:181,5
DA:182,2
DA:185,3
DA:203,3
DA:207,2
DA:209,2
DA:210,1
DA:213,1
DA:217,3
DA:218,1
DA:225,2
DA:226,1
DA:233,2
DA:234,1
DA:235,1
DA:237,1
DA:238,2
DA:239,1
DA:241,1
DA:243,2
DA:246,1
LF:100
LH:78
BRDA:19,0,0,0
BRDA:19,0,1,0
BRDA:65,1,0,0
BRDA:65,1,1,1
BRDA:71,2,0,1
BRDA:71,2,1,1
BRDA:71,2,2,1
BRDA:71,2,3,1
BRDA:71,2,4,1
BRDA:71,2,5,1
BRDA:71,2,6,1
BRDA:94,3,0,50
BRDA:94,3,1,422
BRDA:95,4,0,0
BRDA:95,4,1,50
BRDA:95,5,0,50
BRDA:95,5,1,25
BRDA:104,6,0,34
BRDA:104,6,1,388
BRDA:104,7,0,422
BRDA:104,7,1,213
BRDA:110,8,0,5
BRDA:110,8,1,383
BRDA:110,9,0,388
BRDA:110,9,1,179
BRDA:110,9,2,174
BRDA:111,10,0,0
BRDA:111,10,1,5
BRDA:111,11,0,5
BRDA:111,11,1,0
BRDA:115,12,0,5
BRDA:115,12,1,0
BRDA:127,13,0,3
BRDA:127,13,1,469
BRDA:140,14,0,25
BRDA:140,14,1,0
BRDA:148,15,0,23
BRDA:148,15,1,32
BRDA:148,16,0,55
BRDA:148,16,1,25
BRDA:157,17,0,5
BRDA:157,17,1,0
BRDA:165,18,0,0
BRDA:165,18,1,3
BRDA:178,19,0,5
BRDA:178,19,1,0
BRDA:181,20,0,2
BRDA:181,20,1,3
BRDA:181,21,0,5
BRDA:181,21,1,4
BRDA:181,21,2,3
BRDA:186,22,0,3
BRDA:186,22,1,3
BRDA:198,23,0,5
BRDA:198,23,1,3
BRDA:199,24,0,5
BRDA:199,24,1,3
BRDA:209,25,0,1
BRDA:209,25,1,1
BRDA:217,26,0,1
BRDA:217,26,1,2
BRDA:225,27,0,1
BRDA:225,27,1,1
BRDA:238,28,0,1
BRDA:238,28,1,1
BRF:65
BRH:54
end_of_record
TN:
SF:src/main.tsx
FNF:0
FNH:0
DA:6,0
LF:1
LH:0
BRF:0
BRH:0
end_of_record
TN:
SF:src/notifications.ts
FN:10,generateId
FN:14,createNotification
FNF:2
FNH:2
FNDA:1,generateId
FNDA:1,createNotification
DA:11,1
DA:19,1
LF:2
LH:2
BRDA:16,0,0,1
BRDA:17,1,0,1
BRF:2
BRH:2
end_of_record
TN:
SF:src/storage.ts
FN:10,isStorageDebugEnabled
FN:18,logStorageInfo
FN:33,logStorageError
FN:45,setStorageDebugLogging
FN:50,appendStorageLog
FN:71,getStorageLogText
FN:75,clearStorageLogs
FN:79,downloadStorageLogs
FN:101,readFallbackJobs
FN:115,writeFallbackJobs
FN:119,isApiUrlPatternError
FN:128,loadJobs
FN:168,saveJobs
FNF:13
FNH:9
FNDA:8,isStorageDebugEnabled
FNDA:7,logStorageInfo
FNDA:1,logStorageError
FNDA:0,setStorageDebugLogging
FNDA:8,appendStorageLog
FNDA:0,getStorageLogText
FNDA:0,clearStorageLogs
FNDA:0,downloadStorageLogs
FNDA:1,readFallbackJobs
FNDA:1,writeFallbackJobs
FNDA:3,isApiUrlPatternError
FNDA:4,loadJobs
FNDA:2,saveJobs
DA:3,1
DA:4,1
DA:5,1
DA:7,1
DA:8,1
DA:11,8
DA:12,8
DA:14,0
DA:19,7
DA:21,7
DA:22,7
DA:25,0
DA:26,0
DA:27,0
DA:30,0
DA:34,1
DA:38,1
DA:39,1
DA:42,0
DA:46,0
DA:47,0
DA:55,8
DA:56,8
DA:57,8
DA:61,8
DA:62,8
DA:63,8
DA:64,8
DA:65,8
DA:72,0
DA:76,0
DA:80,0
DA:81,0
DA:82,0
DA:85,0
DA:86,0
DA:87,0
DA:88,0
DA:89,0
DA:90,0
DA:91,0
DA:92,0
DA:93,0
DA:102,1
DA:103,1
DA:104,1
DA:105,0
DA:108,1
DA:109,1
DA:111,0
DA:116,1
DA:120,3
DA:121,0
DA:124,3
DA:125,3
DA:129,4
DA:130,4
DA:131,4
DA:132,3
DA:133,1
DA:136,2
DA:137,2
DA:139,4
DA:143,4
DA:148,2
DA:149,1
DA:150,1
DA:154,1
DA:160,1
DA:161,1
DA:169,2
DA:170,2
DA:172,2
DA:173,2
DA:181,1
DA:182,0
DA:185,1
DA:190,1
DA:191,1
DA:192,1
DA:196,1
DA:199,0
DA:200,0
LF:83
LH:55
BRDA:21,0,0,7
BRDA:21,0,1,0
BRDA:25,1,0,0
BRDA:25,1,1,0
BRDA:35,2,0,1
BRDA:35,2,1,0
BRDA:38,3,0,1
BRDA:38,3,1,0
BRDA:57,4,0,8
BRDA:57,4,1,0
BRDA:62,5,0,3
BRDA:62,5,1,5
BRDA:72,6,0,0
BRDA:72,6,1,0
BRDA:79,7,0,0
BRDA:81,8,0,0
BRDA:81,8,1,0
BRDA:81,9,0,0
BRDA:81,9,1,0
BRDA:104,10,0,0
BRDA:104,10,1,1
BRDA:109,11,0,1
BRDA:109,11,1,0
BRDA:120,12,0,0
BRDA:120,12,1,3
BRDA:125,13,0,3
BRDA:125,13,1,1
BRDA:132,14,0,1
BRDA:132,14,1,2
BRDA:137,15,0,2
BRDA:137,15,1,0
BRDA:148,16,0,1
BRDA:148,16,1,1
BRDA:181,17,0,0
BRDA:181,17,1,1
BRDA:190,18,0,1
BRDA:190,18,1,0
BRF:37
BRH:18
end_of_record
TN:
SF:src/components/FilterToolbar.tsx
FN:24,FilterToolbar
FN:48,(anonymous_1)
FN:52,(anonymous_2)
FN:69,(anonymous_3)
FN:81,(anonymous_4)
FN:87,(anonymous_5)
FN:94,(anonymous_6)
FN:101,(anonymous_7)
FN:107,(anonymous_8)
FN:112,(anonymous_9)
FNF:10
FNH:3
FNDA:123,FilterToolbar
FNDA:1,(anonymous_1)
FNDA:861,(anonymous_2)
FNDA:0,(anonymous_3)
FNDA:0,(anonymous_4)
FNDA:0,(anonymous_5)
FNDA:0,(anonymous_6)
FNDA:0,(anonymous_7)
FNDA:0,(anonymous_8)
FNDA:0,(anonymous_9)
DA:43,123
DA:48,1
DA:53,861
DA:69,0
DA:81,0
DA:87,0
DA:94,0
DA:101,0
DA:107,0
DA:112,0
LF:10
LH:3
BRDA:63,0,0,0
BRDA:63,0,1,123
BRDA:65,1,0,123
BRDA:65,1,1,0
BRDA:76,2,0,123
BRDA:76,2,1,0
BRF:6
BRH:3
end_of_record
TN:
SF:src/components/JobForm.tsx
FN:11,JobForm
FN:18,(anonymous_1)
FN:27,(anonymous_2)
FN:37,(anonymous_3)
FN:45,(anonymous_4)
FN:47,(anonymous_5)
FN:58,(anonymous_6)
FN:66,(anonymous_7)
FN:74,(anonymous_8)
FN:82,(anonymous_9)
FN:90,(anonymous_10)
FN:99,(anonymous_11)
FN:106,(anonymous_12)
FNF:13
FNH:7
FNDA:123,JobForm
FNDA:28,(anonymous_1)
FNDA:46,(anonymous_2)
FNDA:3,(anonymous_3)
FNDA:2,(anonymous_4)
FNDA:861,(anonymous_5)
FNDA:0,(anonymous_6)
FNDA:0,(anonymous_7)
FNDA:0,(anonymous_8)
FNDA:0,(anonymous_9)
FNDA:24,(anonymous_10)
FNDA:0,(anonymous_11)
FNDA:0,(anonymous_12)
DA:12,123
DA:18,28
DA:27,46
DA:37,3
DA:45,2
DA:48,861
DA:58,0
DA:66,0
DA:74,0
DA:82,0
DA:90,24
DA:99,0
DA:106,0
LF:13
LH:7
BRDA:112,0,0,0
BRDA:112,0,1,123
BRDA:113,1,0,123
BRDA:113,1,1,0
BRF:4
BRH:2
end_of_record
TN:
SF:src/components/JobModal.tsx
FN:9,JobModal
FN:16,(anonymous_1)
FNF:2
FNH:0
FNDA:0,JobModal
FNDA:0,(anonymous_1)
DA:10,0
DA:11,0
DA:14,0
DA:16,0
LF:4
LH:0
BRDA:10,0,0,0
BRDA:10,0,1,0
BRDA:38,1,0,0
BRDA:38,1,1,0
BRDA:42,2,0,0
BRDA:42,2,1,0
BRDA:46,3,0,0
BRDA:46,3,1,0
BRDA:55,4,0,0
BRDA:55,4,1,0
BRDA:60,5,0,0
BRDA:60,5,1,0
BRDA:69,6,0,0
BRDA:69,6,1,0
BRF:14
BRH:0
end_of_record
TN:
SF:src/hooks/useJobFiltering.ts
FN:31,useJobFiltering
FN:32,(anonymous_1)
FN:36,(anonymous_2)
FN:67,(anonymous_3)
FN:69,(anonymous_4)
FN:75,useJobSorting
FN:76,(anonymous_6)
FN:79,(anonymous_7)
FN:99,useJobPagination
FN:100,(anonymous_9)
FN:107,(anonymous_10)
FNF:11
FNH:11
FNDA:128,useJobFiltering
FNDA:14,(anonymous_1)
FNDA:20,(anonymous_2)
FNDA:13,(anonymous_3)
FNDA:18,(anonymous_4)
FNDA:128,useJobSorting
FNDA:14,(anonymous_6)
FNDA:13,(anonymous_7)
FNDA:128,useJobPagination
FNDA:11,(anonymous_9)
FNDA:14,(anonymous_10)
DA:32,128
DA:33,14
DA:34,14
DA:36,14
DA:38,20
DA:45,20
DA:50,20
DA:55,20
DA:60,20
DA:63,20
DA:67,128
DA:68,13
DA:69,18
DA:72,128
DA:76,128
DA:77,14
DA:79,14
DA:80,13
DA:81,13
DA:83,0
DA:84,0
DA:86,0
DA:87,0
DA:89,0
DA:90,0
DA:92,0
DA:95,14
DA:100,128
DA:101,11
DA:102,5
DA:104,6
DA:107,128
DA:108,14
DA:109,14
DA:112,128
LF:35
LH:28
BRDA:38,0,0,18
BRDA:38,0,1,2
BRDA:40,1,0,0
BRDA:40,1,1,2
BRDA:45,2,0,20
BRDA:45,2,1,0
BRDA:45,2,2,0
BRDA:45,2,3,0
BRDA:50,3,0,20
BRDA:50,3,1,0
BRDA:50,3,2,20
BRDA:50,3,3,0
BRDA:55,4,0,20
BRDA:55,4,1,0
BRDA:55,5,0,20
BRDA:55,5,1,20
BRDA:60,6,0,20
BRDA:60,6,1,0
BRDA:63,7,0,20
BRDA:63,7,1,19
BRDA:63,7,2,19
BRDA:63,7,3,19
BRDA:63,7,4,19
BRDA:69,8,0,18
BRDA:69,8,1,0
BRDA:80,9,0,13
BRDA:80,9,1,0
BRDA:83,10,0,0
BRDA:83,10,1,0
BRDA:86,11,0,0
BRDA:86,11,1,0
BRDA:89,12,0,0
BRDA:89,12,1,0
BRDA:101,13,0,5
BRDA:101,13,1,6
BRF:35
BRH:19
end_of_record
TN:
SF:src/hooks/useJobForm.ts
FN:19,useJobForm
FN:27,updateDraft
FN:28,(anonymous_2)
FN:34,resetForm
FN:39,startEdit
FN:56,submitForm
FNF:6
FNH:5
FNDA:128,useJobForm
FNDA:103,updateDraft
FNDA:103,(anonymous_2)
FNDA:3,resetForm
FNDA:0,startEdit
FNDA:3,submitForm
DA:20,128
DA:21,128
DA:23,128
DA:28,103
DA:35,3
DA:36,3
DA:40,0
DA:53,0
DA:57,3
DA:59,3
DA:60,0
DA:63,3
DA:75,3
DA:78,128
LF:14
LH:11
BRDA:24,0,0,128
BRDA:24,0,1,103
BRDA:24,0,2,75
BRDA:59,1,0,0
BRDA:59,1,1,3
BRF:5
BRH:4
end_of_record
TN:
SF:src/hooks/useJobGrouping.ts
FN:4,useJobGrouping
FN:5,(anonymous_1)
FN:18,(anonymous_2)
FN:33,(anonymous_3)
FNF:4
FNH:3
FNDA:128,useJobGrouping
FNDA:13,(anonymous_1)
FNDA:13,(anonymous_2)
FNDA:0,(anonymous_3)
DA:5,128
DA:6,13
DA:7,13
DA:8,91
DA:11,13
DA:12,18
DA:15,13
DA:18,128
DA:19,13
DA:21,13
DA:22,18
DA:23,18
DA:26,0
DA:27,0
DA:30,0
DA:33,13
DA:36,128
LF:17
LH:14
BRDA:22,0,0,18
BRDA:22,0,1,0
BRDA:26,1,0,0
BRDA:26,1,1,0
BRF:4
BRH:1
end_of_record
TN:
SF:src/hooks/useNotifications.ts
FN:13,useNotifications
FN:16,addNotification
FN:22,(anonymous_2)
FN:25,removeNotification
FN:26,(anonymous_4)
FN:26,(anonymous_5)
FNF:6
FNH:3
FNDA:128,useNotifications
FNDA:1,addNotification
FNDA:1,(anonymous_2)
FNDA:0,removeNotification
FNDA:0,(anonymous_4)
FNDA:0,(anonymous_5)
DA:14,128
DA:21,1
DA:22,1
DA:26,0
DA:29,128
LF:5
LH:4
BRDA:18,0,0,1
BRF:1
BRH:1
end_of_record
TN:
SF:src/services/jobService.ts
FN:6,sortByApplicationDateDesc
FN:13,createJob
FN:21,updateJob
FN:23,(anonymous_3)
FN:38,deleteJob
FN:39,(anonymous_5)
FN:45,deleteJobs
FN:47,(anonymous_7)
FN:53,updateJobStatus
FN:54,(anonymous_9)
FN:68,findJobById
FN:69,(anonymous_11)
FNF:12
FNH:10
FNDA:18,sortByApplicationDateDesc
FNDA:5,createJob
FNDA:3,updateJob
FNDA:3,(anonymous_3)
FNDA:2,deleteJob
FNDA:3,(anonymous_5)
FNDA:3,deleteJobs
FNDA:5,(anonymous_7)
FNDA:2,updateJobStatus
FNDA:2,(anonymous_9)
FNDA:0,findJobById
FNDA:0,(anonymous_11)
DA:7,18
DA:14,5
DA:15,5
DA:22,3
DA:24,3
DA:39,3
DA:46,3
DA:47,5
DA:54,2
DA:55,2
DA:69,0
LF:11
LH:10
BRDA:24,0,0,2
BRDA:24,0,1,1
BRDA:55,1,0,1
BRDA:55,1,1,1
BRF:4
BRH:4
end_of_record
TN:
SF:src/utils/dateUtils.ts
FN:3,formatDate
FN:15,isOverdueFollowUp
FN:21,compareDates
FN:29,getTodayString
FNF:4
FNH:4
FNDA:3,formatDate
FNDA:6,isOverdueFollowUp
FNDA:18,compareDates
FNDA:28,getTodayString
DA:4,3
DA:5,1
DA:8,2
DA:16,6
DA:22,18
DA:23,18
DA:24,18
DA:25,18
DA:26,18
DA:30,28
LF:10
LH:10
BRDA:4,0,0,1
BRDA:4,0,1,2
BRDA:16,1,0,6
BRDA:16,1,1,5
BRDA:24,2,0,18
BRDA:24,2,1,0
BRDA:24,3,0,0
BRDA:24,3,1,0
BRDA:25,4,0,18
BRDA:25,4,1,0
BRDA:25,5,0,0
BRDA:25,5,1,0
BRDA:26,6,0,3
BRDA:26,6,1,15
BRF:14
BRH:8
end_of_record
TN:
SF:src/utils/salaryUtils.ts
FN:1,parseSalaryRange
FNF:1
FNH:1
FNDA:15,parseSalaryRange
DA:2,15
DA:3,13
DA:5,12
DA:6,15
DA:8,11
DA:9,11
DA:10,15
DA:12,15
LF:8
LH:8
BRDA:2,0,0,2
BRDA:2,0,1,13
BRDA:2,1,0,15
BRDA:2,1,1,4
BRDA:3,2,0,1
BRDA:3,2,1,12
BRDA:5,3,0,12
BRDA:5,3,1,1
BRDA:6,4,0,1
BRDA:6,4,1,14
BRDA:9,5,0,9
BRDA:9,5,1,2
BRDA:10,6,0,9
BRDA:10,6,1,2
BRDA:12,7,0,15
BRDA:12,7,1,8
BRF:16
BRH:16
end_of_record
TN:
SF:src/utils/stringUtils.ts
FN:3,normalizeUrl
FN:15,compareStrings
FNF:2
FNH:2
FNDA:12,normalizeUrl
FNDA:9,compareStrings
DA:4,12
DA:5,7
DA:8,5
DA:9,2
DA:12,3
DA:16,9
DA:17,9
DA:18,9
LF:8
LH:8
BRDA:4,0,0,7
BRDA:4,0,1,5
BRDA:8,1,0,2
BRDA:8,1,1,3
BRDA:8,2,0,5
BRDA:8,2,1,4
BRDA:18,3,0,7
BRDA:18,3,1,2
BRF:8
BRH:8
end_of_record
TN:
SF:src/views/CalendarView.tsx
FN:9,CalendarView
FN:11,(anonymous_1)
FN:20,(anonymous_2)
FN:30,(anonymous_3)
FN:39,(anonymous_4)
FN:44,(anonymous_5)
FN:55,(anonymous_6)
FN:59,(anonymous_7)
FN:73,(anonymous_8)
FN:82,(anonymous_9)
FN:88,(anonymous_10)
FN:112,(anonymous_11)
FN:118,(anonymous_12)
FN:136,(anonymous_13)
FN:140,(anonymous_14)
FN:143,(anonymous_15)
FNF:16
FNH:0
FNDA:0,CalendarView
FNDA:0,(anonymous_1)
FNDA:0,(anonymous_2)
FNDA:0,(anonymous_3)
FNDA:0,(anonymous_4)
FNDA:0,(anonymous_5)
FNDA:0,(anonymous_6)
FNDA:0,(anonymous_7)
FNDA:0,(anonymous_8)
FNDA:0,(anonymous_9)
FNDA:0,(anonymous_10)
FNDA:0,(anonymous_11)
FNDA:0,(anonymous_12)
FNDA:0,(anonymous_13)
FNDA:0,(anonymous_14)
FNDA:0,(anonymous_15)
DA:11,0
DA:12,0
DA:13,0
DA:14,0
DA:16,0
DA:20,0
DA:21,0
DA:22,0
DA:23,0
DA:24,0
DA:26,0
DA:30,0
DA:31,0
DA:32,0
DA:35,0
DA:36,0
DA:39,0
DA:40,0
DA:44,0
DA:45,0
DA:48,0
DA:49,0
DA:50,0
DA:51,0
DA:52,0
DA:55,0
DA:56,0
DA:59,0
DA:60,0
DA:64,0
DA:65,0
DA:66,0
DA:68,0
DA:69,0
DA:73,0
DA:74,0
DA:75,0
DA:76,0
DA:77,0
DA:78,0
DA:82,0
DA:83,0
DA:84,0
DA:88,0
DA:89,0
DA:90,0
DA:91,0
DA:92,0
DA:95,0
DA:97,0
DA:113,0
DA:119,0
DA:120,0
DA:121,0
DA:122,0
DA:124,0
DA:137,0
DA:140,0
DA:144,0
DA:145,0
DA:146,0
LF:61
LH:0
BRDA:21,0,0,0
BRDA:21,0,1,0
BRDA:84,1,0,0
BRDA:84,1,1,0
BRDA:119,2,0,0
BRDA:119,2,1,0
BRDA:121,3,0,0
BRDA:121,3,1,0
BRDA:122,4,0,0
BRDA:122,4,1,0
BRDA:127,5,0,0
BRDA:127,5,1,0
BRDA:127,6,0,0
BRDA:127,6,1,0
BRDA:127,7,0,0
BRDA:127,7,1,0
BRDA:129,8,0,0
BRDA:129,8,1,0
BRDA:133,9,0,0
BRDA:133,9,1,0
BRDA:144,10,0,0
BRDA:144,10,1,0
BRDA:144,11,0,0
BRDA:144,11,1,0
BRDA:154,12,0,0
BRDA:154,12,1,0
BRDA:165,13,0,0
BRDA:165,13,1,0
BRF:28
BRH:0
end_of_record
TN:
SF:src/views/DashboardView.tsx
FN:7,DashboardView
FN:10,(anonymous_1)
FNF:2
FNH:2
FNDA:123,DashboardView
FNDA:861,(anonymous_1)
DA:8,123
DA:11,861
LF:2
LH:2
BRDA:13,0,0,861
BRDA:13,0,1,0
BRF:2
BRH:1
end_of_record
TN:
SF:src/views/TableView.tsx
FN:30,TableView
FN:53,sortMarker
FN:95,(anonymous_2)
FN:100,(anonymous_3)
FN:105,(anonymous_4)
FN:110,(anonymous_5)
FN:115,(anonymous_6)
FN:123,(anonymous_7)
FN:127,(anonymous_8)
FN:133,(anonymous_9)
FN:134,(anonymous_10)
FN:143,(anonymous_11)
FN:144,(anonymous_12)
FN:146,(anonymous_13)
FN:165,(anonymous_14)
FN:174,(anonymous_15)
FN:184,(anonymous_16)
FN:205,(anonymous_17)
FN:213,(anonymous_18)
FN:222,(anonymous_19)
FNF:20
FNH:0
FNDA:0,TableView
FNDA:0,sortMarker
FNDA:0,(anonymous_2)
FNDA:0,(anonymous_3)
FNDA:0,(anonymous_4)
FNDA:0,(anonymous_5)
FNDA:0,(anonymous_6)
FNDA:0,(anonymous_7)
FNDA:0,(anonymous_8)
FNDA:0,(anonymous_9)
FNDA:0,(anonymous_10)
FNDA:0,(anonymous_11)
FNDA:0,(anonymous_12)
FNDA:0,(anonymous_13)
FNDA:0,(anonymous_14)
FNDA:0,(anonymous_15)
FNDA:0,(anonymous_16)
FNDA:0,(anonymous_17)
FNDA:0,(anonymous_18)
FNDA:0,(anonymous_19)
DA:54,0
DA:55,0
DA:57,0
DA:60,0
DA:62,0
DA:95,0
DA:100,0
DA:105,0
DA:110,0
DA:115,0
DA:124,0
DA:127,0
DA:133,0
DA:134,0
DA:143,0
DA:144,0
DA:147,0
DA:166,0
DA:167,0
DA:175,0
DA:176,0
DA:185,0
DA:186,0
DA:205,0
DA:213,0
DA:223,0
DA:224,0
LF:27
LH:0
BRDA:54,0,0,0
BRDA:54,0,1,0
BRDA:57,1,0,0
BRDA:57,1,1,0
BRDA:64,2,0,0
BRDA:64,2,1,0
BRDA:68,3,0,0
BRDA:68,3,1,0
BRDA:126,4,0,0
BRDA:126,4,1,0
BRDA:155,5,0,0
BRDA:155,5,1,0
BRDA:156,6,0,0
BRDA:156,6,1,0
BRDA:156,7,0,0
BRDA:156,7,1,0
BRDA:196,8,0,0
BRDA:196,8,1,0
BRDA:235,9,0,0
BRDA:235,9,1,0
BRDA:235,9,2,0
BRF:21
BRH:0
end_of_record
